Log file opened on Thu Oct  8 09:14:08 2020
Host: Server-BioTD-01  pid: 46313  rank ID: 0  number of ranks:  1
                   :-) GROMACS - gmx mdrun, VERSION 5.1.4 (-:

                            GROMACS is written by:
     Emile Apol      Rossen Apostolov  Herman J.C. Berendsen    Par Bjelkmar   
 Aldert van Buuren   Rudi van Drunen     Anton Feenstra   Sebastian Fritsch 
  Gerrit Groenhof   Christoph Junghans   Anca Hamuraru    Vincent Hindriksen
 Dimitrios Karkoulis    Peter Kasson        Jiri Kraus      Carsten Kutzner  
    Per Larsson      Justin A. Lemkul   Magnus Lundborg   Pieter Meulenhoff 
   Erik Marklund      Teemu Murtola       Szilard Pall       Sander Pronk   
   Roland Schulz     Alexey Shvetsov     Michael Shirts     Alfons Sijbers  
   Peter Tieleman    Teemu Virolainen  Christian Wennberg    Maarten Wolf   
                           and the project leaders:
        Mark Abraham, Berk Hess, Erik Lindahl, and David van der Spoel

Copyright (c) 1991-2000, University of Groningen, The Netherlands.
Copyright (c) 2001-2015, The GROMACS development team at
Uppsala University, Stockholm University and
the Royal Institute of Technology, Sweden.
check out http://www.gromacs.org for more information.

GROMACS is free software; you can redistribute it and/or modify it
under the terms of the GNU Lesser General Public License
as published by the Free Software Foundation; either version 2.1
of the License, or (at your option) any later version.

GROMACS:      gmx mdrun, VERSION 5.1.4
Executable:   /usr/local/gromacs/bin/gmx
Data prefix:  /usr/local/gromacs
Command line:
  gmx mdrun -deffnm design_output/drug_design/md-npt

GROMACS version:    VERSION 5.1.4
Precision:          single
Memory model:       64 bit
MPI library:        thread_mpi
OpenMP support:     enabled (GMX_OPENMP_MAX_THREADS = 32)
GPU support:        enabled
OpenCL support:     disabled
invsqrt routine:    gmx_software_invsqrt(x)
SIMD instructions:  AVX2_256
FFT library:        fftw-3.3.4-sse2-avx
RDTSCP usage:       enabled
C++11 compilation:  disabled
TNG support:        enabled
Tracing support:    disabled
Built on:           dom ago 26 22:32:30 -05 2018
Built by:           kpalacio@Server-BioTD-01 [CMAKE]
Build OS/arch:      Linux 4.4.0-134-generic x86_64
Build CPU vendor:   GenuineIntel
Build CPU brand:    Intel(R) Xeon(R) CPU E5-2687W v4 @ 3.00GHz
Build CPU family:   6   Model: 79   Stepping: 1
Build CPU features: aes apic avx avx2 clfsh cmov cx8 cx16 f16c fma htt lahf_lm mmx msr nonstop_tsc pcid pclmuldq pdcm pdpe1gb popcnt pse rdrnd rdtscp sse2 sse3 sse4.1 sse4.2 ssse3 tdt x2apic
C compiler:         /usr/local/bin/mpicc GNU 5.5.0
C compiler flags:    -march=core-avx2    -Wextra -Wno-missing-field-initializers -Wno-sign-compare -Wpointer-arith -Wall -Wno-unused -Wunused-value -Wunused-parameter  -O3 -DNDEBUG -funroll-all-loops -fexcess-precision=fast  -Wno-array-bounds 
C++ compiler:       /usr/local/bin/mpicxx GNU 5.5.0
C++ compiler flags:  -march=core-avx2    -Wextra -Wno-missing-field-initializers -Wpointer-arith -Wall -Wno-unused-function  -O3 -DNDEBUG -funroll-all-loops -fexcess-precision=fast  -Wno-array-bounds 
Boost version:      1.58.0 (external)
CUDA compiler:      /usr/local/cuda-8.0/bin/nvcc nvcc: NVIDIA (R) Cuda compiler driver;Copyright (c) 2005-2016 NVIDIA Corporation;Built on Tue_Jan_10_13:22:03_CST_2017;Cuda compilation tools, release 8.0, V8.0.61
CUDA compiler flags:-gencode;arch=compute_20,code=sm_20;-gencode;arch=compute_30,code=sm_30;-gencode;arch=compute_35,code=sm_35;-gencode;arch=compute_37,code=sm_37;-gencode;arch=compute_50,code=sm_50;-gencode;arch=compute_52,code=sm_52;-gencode;arch=compute_60,code=sm_60;-gencode;arch=compute_61,code=sm_61;-gencode;arch=compute_60,code=compute_60;-gencode;arch=compute_61,code=compute_61;-use_fast_math;-D_FORCE_INLINES; ;-march=core-avx2;-Wextra;-Wno-missing-field-initializers;-Wpointer-arith;-Wall;-Wno-unused-function;-O3;-DNDEBUG;-funroll-all-loops;-fexcess-precision=fast;-Wno-array-bounds;
CUDA driver:        9.20
CUDA runtime:       0.0


NOTE: Error occurred during GPU detection:
      unknown error
      Can not use GPU acceleration, will fall back to CPU kernels.


Running on 1 node with total 24 cores, 48 logical cores, 0 compatible GPUs
Hardware detected:
  CPU info:
    Vendor: GenuineIntel
    Brand:  Intel(R) Xeon(R) CPU E5-2687W v4 @ 3.00GHz
    Family:  6  model: 79  stepping:  1
    CPU features: aes apic avx avx2 clfsh cmov cx8 cx16 f16c fma htt lahf_lm mmx msr nonstop_tsc pcid pclmuldq pdcm pdpe1gb popcnt pse rdrnd rdtscp sse2 sse3 sse4.1 sse4.2 ssse3 tdt x2apic
    SIMD instructions most likely to fit this hardware: AVX2_256
    SIMD instructions selected at GROMACS compile time: AVX2_256


++++ PLEASE READ AND CITE THE FOLLOWING REFERENCE ++++
M. J. Abraham, T. Murtola, R. Schulz, S. Páll, J. C. Smith, B. Hess, E.
Lindahl
GROMACS: High performance molecular simulations through multi-level
parallelism from laptops to supercomputers
SoftwareX 1 (2015) pp. 19-25
-------- -------- --- Thank You --- -------- --------


++++ PLEASE READ AND CITE THE FOLLOWING REFERENCE ++++
S. Páll, M. J. Abraham, C. Kutzner, B. Hess, E. Lindahl
Tackling Exascale Software Challenges in Molecular Dynamics Simulations with
GROMACS
In S. Markidis & E. Laure (Eds.), Solving Software Challenges for Exascale 8759 (2015) pp. 3-27
-------- -------- --- Thank You --- -------- --------


++++ PLEASE READ AND CITE THE FOLLOWING REFERENCE ++++
S. Pronk, S. Páll, R. Schulz, P. Larsson, P. Bjelkmar, R. Apostolov, M. R.
Shirts, J. C. Smith, P. M. Kasson, D. van der Spoel, B. Hess, and E. Lindahl
GROMACS 4.5: a high-throughput and highly parallel open source molecular
simulation toolkit
Bioinformatics 29 (2013) pp. 845-54
-------- -------- --- Thank You --- -------- --------


++++ PLEASE READ AND CITE THE FOLLOWING REFERENCE ++++
B. Hess and C. Kutzner and D. van der Spoel and E. Lindahl
GROMACS 4: Algorithms for highly efficient, load-balanced, and scalable
molecular simulation
J. Chem. Theory Comput. 4 (2008) pp. 435-447
-------- -------- --- Thank You --- -------- --------


++++ PLEASE READ AND CITE THE FOLLOWING REFERENCE ++++
D. van der Spoel, E. Lindahl, B. Hess, G. Groenhof, A. E. Mark and H. J. C.
Berendsen
GROMACS: Fast, Flexible and Free
J. Comp. Chem. 26 (2005) pp. 1701-1719
-------- -------- --- Thank You --- -------- --------


++++ PLEASE READ AND CITE THE FOLLOWING REFERENCE ++++
E. Lindahl and B. Hess and D. van der Spoel
GROMACS 3.0: A package for molecular simulation and trajectory analysis
J. Mol. Mod. 7 (2001) pp. 306-317
-------- -------- --- Thank You --- -------- --------


++++ PLEASE READ AND CITE THE FOLLOWING REFERENCE ++++
H. J. C. Berendsen, D. van der Spoel and R. van Drunen
GROMACS: A message-passing parallel molecular dynamics implementation
Comp. Phys. Comm. 91 (1995) pp. 43-56
-------- -------- --- Thank You --- -------- --------

Input Parameters:
   integrator                     = md
   tinit                          = 0
   dt                             = 0.002
   nsteps                         = 2500000
   init-step                      = 0
   simulation-part                = 1
   comm-mode                      = Linear
   nstcomm                        = 100
   bd-fric                        = 0
   ld-seed                        = 847860124
   emtol                          = 10
   emstep                         = 0.01
   niter                          = 20
   fcstep                         = 0
   nstcgsteep                     = 1000
   nbfgscorr                      = 10
   rtpi                           = 0.05
   nstxout                        = 0
   nstvout                        = 0
   nstfout                        = 0
   nstlog                         = 50000
   nstcalcenergy                  = 100
   nstenergy                      = 50000
   nstxout-compressed             = 50000
   compressed-x-precision         = 1000
   cutoff-scheme                  = Verlet
   nstlist                        = 10
   ns-type                        = Grid
   pbc                            = xyz
   periodic-molecules             = FALSE
   verlet-buffer-tolerance        = 0.005
   rlist                          = 0.801
   rlistlong                      = 0.801
   nstcalclr                      = 10
   coulombtype                    = PME
   coulomb-modifier               = Potential-shift
   rcoulomb-switch                = 0
   rcoulomb                       = 0.8
   epsilon-r                      = 1
   epsilon-rf                     = inf
   vdw-type                       = Cut-off
   vdw-modifier                   = Potential-shift
   rvdw-switch                    = 0
   rvdw                           = 0.8
   DispCorr                       = EnerPres
   table-extension                = 1
   fourierspacing                 = 0.16
   fourier-nx                     = 32
   fourier-ny                     = 32
   fourier-nz                     = 32
   pme-order                      = 4
   ewald-rtol                     = 1e-05
   ewald-rtol-lj                  = 0.001
   lj-pme-comb-rule               = Geometric
   ewald-geometry                 = 0
   epsilon-surface                = 0
   implicit-solvent               = No
   gb-algorithm                   = Still
   nstgbradii                     = 1
   rgbradii                       = 1
   gb-epsilon-solvent             = 80
   gb-saltconc                    = 0
   gb-obc-alpha                   = 1
   gb-obc-beta                    = 0.8
   gb-obc-gamma                   = 4.85
   gb-dielectric-offset           = 0.009
   sa-algorithm                   = Ace-approximation
   sa-surface-tension             = 2.05016
   tcoupl                         = V-rescale
   nsttcouple                     = 10
   nh-chain-length                = 0
   print-nose-hoover-chain-variables = FALSE
   pcoupl                         = Parrinello-Rahman
   pcoupltype                     = Isotropic
   nstpcouple                     = 10
   tau-p                          = 2
   compressibility (3x3):
      compressibility[    0]={ 4.50000e-05,  0.00000e+00,  0.00000e+00}
      compressibility[    1]={ 0.00000e+00,  4.50000e-05,  0.00000e+00}
      compressibility[    2]={ 0.00000e+00,  0.00000e+00,  4.50000e-05}
   ref-p (3x3):
      ref-p[    0]={ 1.00000e+00,  0.00000e+00,  0.00000e+00}
      ref-p[    1]={ 0.00000e+00,  1.00000e+00,  0.00000e+00}
      ref-p[    2]={ 0.00000e+00,  0.00000e+00,  1.00000e+00}
   refcoord-scaling               = COM
   posres-com (3):
      posres-com[0]= 0.00000e+00
      posres-com[1]= 0.00000e+00
      posres-com[2]= 0.00000e+00
   posres-comB (3):
      posres-comB[0]= 0.00000e+00
      posres-comB[1]= 0.00000e+00
      posres-comB[2]= 0.00000e+00
   QMMM                           = FALSE
   QMconstraints                  = 0
   QMMMscheme                     = 0
   MMChargeScaleFactor            = 1
qm-opts:
   ngQM                           = 0
   constraint-algorithm           = Lincs
   continuation                   = TRUE
   Shake-SOR                      = FALSE
   shake-tol                      = 0.0001
   lincs-order                    = 4
   lincs-iter                     = 1
   lincs-warnangle                = 30
   nwall                          = 0
   wall-type                      = 9-3
   wall-r-linpot                  = -1
   wall-atomtype[0]               = -1
   wall-atomtype[1]               = -1
   wall-density[0]                = 0
   wall-density[1]                = 0
   wall-ewald-zfac                = 3
   pull                           = FALSE
   rotation                       = FALSE
   interactiveMD                  = FALSE
   disre                          = No
   disre-weighting                = Conservative
   disre-mixed                    = FALSE
   dr-fc                          = 1000
   dr-tau                         = 0
   nstdisreout                    = 100
   orire-fc                       = 0
   orire-tau                      = 0
   nstorireout                    = 100
   free-energy                    = no
   cos-acceleration               = 0
   deform (3x3):
      deform[    0]={ 0.00000e+00,  0.00000e+00,  0.00000e+00}
      deform[    1]={ 0.00000e+00,  0.00000e+00,  0.00000e+00}
      deform[    2]={ 0.00000e+00,  0.00000e+00,  0.00000e+00}
   simulated-tempering            = FALSE
   E-x:
      n = 0
   E-xt:
      n = 0
   E-y:
      n = 0
   E-yt:
      n = 0
   E-z:
      n = 0
   E-zt:
      n = 0
   swapcoords                     = no
   adress                         = FALSE
   userint1                       = 0
   userint2                       = 0
   userint3                       = 0
   userint4                       = 0
   userreal1                      = 0
   userreal2                      = 0
   userreal3                      = 0
   userreal4                      = 0
grpopts:
   nrdf:     460.929     18997.1
   ref-t:         310         310
   tau-t:         0.1         0.1
annealing:          No          No
annealing-npoints:           0           0
   acc:	           0           0           0
   nfreeze:           N           N           N
   energygrp-flags[  0]: 0


Initializing Domain Decomposition on 48 ranks
Dynamic load balancing: auto
Will sort the charge groups at every domain (re)decomposition
Initial maximum inter charge-group distances:
    two-body bonded interactions: 0.444 nm, LJ-14, atoms 59 274
  multi-body bonded interactions: 0.444 nm, Proper Dih., atoms 274 59
Minimum cell size due to bonded interactions: 0.488 nm
Maximum distance for 5 constraints, at 120 deg. angles, all-trans: 0.871 nm
Estimated maximum distance required for P-LINCS: 0.871 nm
This distance will limit the DD cell size, you can override this with -rcon
Guess for relative PME load: 0.33
Will use 32 particle-particle and 16 PME only ranks
This is a guess, check the performance at the end of the log file
Using 16 separate PME ranks, as guessed by mdrun
Scaling the initial minimum size with 1/0.8 (option -dds) = 1.25
Optimizing the DD grid for 32 cells with a minimum initial size of 1.089 nm
The maximum allowed number of cells is: X 4 Y 4 Z 4
Domain decomposition grid 4 x 4 x 2, separate PME ranks 16
PME domain decomposition: 4 x 4 x 1
Interleaving PP and PME ranks
This rank does only particle-particle work.

Domain decomposition rank 0, coordinates 0 0 0

Using 48 MPI threads
Using 1 OpenMP thread per tMPI thread

Will do PME sum in reciprocal space for electrostatic interactions.

++++ PLEASE READ AND CITE THE FOLLOWING REFERENCE ++++
U. Essmann, L. Perera, M. L. Berkowitz, T. Darden, H. Lee and L. G. Pedersen 
A smooth particle mesh Ewald method
J. Chem. Phys. 103 (1995) pp. 8577-8592
-------- -------- --- Thank You --- -------- --------

Will do ordinary reciprocal space Ewald sum.
Using a Gaussian width (1/beta) of 0.25613 nm for Ewald
Cut-off's:   NS: 0.801   Coulomb: 0.8   LJ: 0.8
Long Range LJ corr.: <C6> 2.9154e-04
System total charge: 0.000
Generated table with 900 data points for Ewald.
Tabscale = 500 points/nm
Generated table with 900 data points for LJ6.
Tabscale = 500 points/nm
Generated table with 900 data points for LJ12.
Tabscale = 500 points/nm
Generated table with 900 data points for 1-4 COUL.
Tabscale = 500 points/nm
Generated table with 900 data points for 1-4 LJ6.
Tabscale = 500 points/nm
Generated table with 900 data points for 1-4 LJ12.
Tabscale = 500 points/nm
Potential shift: LJ r^-12: -1.455e+01 r^-6: -3.815e+00, Ewald -1.000e-05
Initialized non-bonded Ewald correction tables, spacing: 8.35e-04 size: 960


Using AVX2_256 4x8 non-bonded kernels

Using Lorentz-Berthelot Lennard-Jones combination rule

Pinning threads with an auto-selected logical core stride of 1

Initializing Parallel LINear Constraint Solver

++++ PLEASE READ AND CITE THE FOLLOWING REFERENCE ++++
B. Hess
P-LINCS: A Parallel Linear Constraint Solver for molecular simulation
J. Chem. Theory Comput. 4 (2008) pp. 116-122
-------- -------- --- Thank You --- -------- --------

The number of constraints is 291
There are inter charge-group constraints,
will communicate selected coordinates each lincs iteration

++++ PLEASE READ AND CITE THE FOLLOWING REFERENCE ++++
S. Miyamoto and P. A. Kollman
SETTLE: An Analytical Version of the SHAKE and RATTLE Algorithms for Rigid
Water Models
J. Comp. Chem. 13 (1992) pp. 952-962
-------- -------- --- Thank You --- -------- --------


Linking all bonded interactions to atoms

The initial number of communication pulses is: X 1 Y 1 Z 1
The initial domain decomposition cell size is: X 1.16 nm Y 1.16 nm Z 2.31 nm

The maximum allowed distance for charge groups involved in interactions is:
                 non-bonded interactions           0.801 nm
(the following are initial values, they could change due to box deformation)
            two-body bonded interactions  (-rdd)   0.801 nm
          multi-body bonded interactions  (-rdd)   0.801 nm
  atoms separated by up to 5 constraints  (-rcon)  1.156 nm

When dynamic load balancing gets turned on, these settings will change to:
The maximum number of communication pulses is: X 1 Y 1 Z 1
The minimum size for domain decomposition cells is 0.871 nm
The requested allowed shrink of DD cells (option -dds) is: 0.80
The allowed shrink of domain decomposition cells is: X 0.75 Y 0.75 Z 0.38
The maximum allowed distance for charge groups involved in interactions is:
                 non-bonded interactions           0.801 nm
            two-body bonded interactions  (-rdd)   0.801 nm
          multi-body bonded interactions  (-rdd)   0.801 nm
  atoms separated by up to 5 constraints  (-rcon)  0.871 nm


Making 3D domain decomposition grid 4 x 4 x 2, home cell index 0 0 0

Center of mass motion removal mode is Linear
We have the following groups for center of mass motion removal:
  0:  rest

++++ PLEASE READ AND CITE THE FOLLOWING REFERENCE ++++
G. Bussi, D. Donadio and M. Parrinello
Canonical sampling through velocity rescaling
J. Chem. Phys. 126 (2007) pp. 014101
-------- -------- --- Thank You --- -------- --------

There are: 9733 Atoms
Atom distribution over 32 domains: av 304 stddev 14 min 283 max 329
Initial temperature: 316.494 K

Started mdrun on rank 0 Thu Oct  8 09:14:09 2020
           Step           Time         Lambda
              0        0.00000        0.00000

   Energies (kJ/mol)
          Angle    Proper Dih. Ryckaert-Bell.  Improper Dih.          LJ-14
    6.13640e+02    4.92164e+02    8.07202e+01    2.35032e+01    3.18817e+02
     Coulomb-14        LJ (SR)  Disper. corr.   Coulomb (SR)   Coul. recip.
    5.46832e+02    1.95766e+04   -2.27824e+03   -1.48632e+05    2.30248e+03
      Potential    Kinetic En.   Total Energy    Temperature Pres. DC (bar)
   -1.26956e+05    2.58686e+04   -1.01087e+05    3.19794e+02   -3.83270e+02
 Pressure (bar)   Constr. rmsd
    3.54325e+02    5.20808e-05

DD  step 9 load imb.: force 17.7%  pme mesh/force 1.039

At step 1000 the performance loss due to force load imbalance is 2.2 %

NOTE: Turning on dynamic load balancing

DD  step 49999  vol min/aver 0.793  load imb.: force  6.0%  pme mesh/force 0.817

           Step           Time         Lambda
          50000      100.00000        0.00000

   Energies (kJ/mol)
          Angle    Proper Dih. Ryckaert-Bell.  Improper Dih.          LJ-14
    6.85920e+02    4.92573e+02    4.01664e+01    2.09275e+01    3.27062e+02
     Coulomb-14        LJ (SR)  Disper. corr.   Coulomb (SR)   Coul. recip.
    6.26540e+02    2.00810e+04   -2.26589e+03   -1.50724e+05    2.22319e+03
      Potential    Kinetic En.   Total Energy    Temperature Pres. DC (bar)
   -1.28492e+05    2.55167e+04   -1.02975e+05    3.15444e+02   -3.79136e+02
 Pressure (bar)   Constr. rmsd
   -7.90426e+01    4.58133e-05

DD  step 99999  vol min/aver 0.610  load imb.: force  4.7%  pme mesh/force 0.858

           Step           Time         Lambda
         100000      200.00000        0.00000

   Energies (kJ/mol)
          Angle    Proper Dih. Ryckaert-Bell.  Improper Dih.          LJ-14
    5.81653e+02    4.48874e+02    4.73196e+01    2.37711e+01    3.49166e+02
     Coulomb-14        LJ (SR)  Disper. corr.   Coulomb (SR)   Coul. recip.
    5.69563e+02    2.04826e+04   -2.26244e+03   -1.51443e+05    2.15041e+03
      Potential    Kinetic En.   Total Energy    Temperature Pres. DC (bar)
   -1.29052e+05    2.54631e+04   -1.03589e+05    3.14781e+02   -3.77984e+02
 Pressure (bar)   Constr. rmsd
    2.28701e+02    3.69739e-05

DD  step 149999  vol min/aver 0.704  load imb.: force  4.2%  pme mesh/force 0.832

           Step           Time         Lambda
         150000      300.00000        0.00000

   Energies (kJ/mol)
          Angle    Proper Dih. Ryckaert-Bell.  Improper Dih.          LJ-14
    6.25049e+02    4.87708e+02    7.76744e+01    3.08083e+01    3.04396e+02
     Coulomb-14        LJ (SR)  Disper. corr.   Coulomb (SR)   Coul. recip.
    5.26321e+02    1.99426e+04   -2.26259e+03   -1.50340e+05    2.24023e+03
      Potential    Kinetic En.   Total Energy    Temperature Pres. DC (bar)
   -1.28367e+05    2.50695e+04   -1.03298e+05    3.09915e+02   -3.78036e+02
 Pressure (bar)   Constr. rmsd
   -1.11579e+02    5.46729e-05

DD  step 199999  vol min/aver 0.742  load imb.: force  3.6%  pme mesh/force 0.841

           Step           Time         Lambda
         200000      400.00000        0.00000

   Energies (kJ/mol)
          Angle    Proper Dih. Ryckaert-Bell.  Improper Dih.          LJ-14
    5.95492e+02    5.09235e+02    4.68728e+01    2.30451e+01    3.08313e+02
     Coulomb-14        LJ (SR)  Disper. corr.   Coulomb (SR)   Coul. recip.
    5.88426e+02    2.01929e+04   -2.26420e+03   -1.50565e+05    2.20891e+03
      Potential    Kinetic En.   Total Energy    Temperature Pres. DC (bar)
   -1.28356e+05    2.51680e+04   -1.03188e+05    3.11134e+02   -3.78572e+02
 Pressure (bar)   Constr. rmsd
    1.30936e+02    3.60354e-05

DD  step 249999  vol min/aver 0.673  load imb.: force  4.5%  pme mesh/force 0.844

           Step           Time         Lambda
         250000      500.00000        0.00000

   Energies (kJ/mol)
          Angle    Proper Dih. Ryckaert-Bell.  Improper Dih.          LJ-14
    6.39164e+02    4.78418e+02    6.62469e+01    2.72528e+01    3.33773e+02
     Coulomb-14        LJ (SR)  Disper. corr.   Coulomb (SR)   Coul. recip.
    5.72905e+02    2.00200e+04   -2.25932e+03   -1.50340e+05    2.22569e+03
      Potential    Kinetic En.   Total Energy    Temperature Pres. DC (bar)
   -1.28235e+05    2.52001e+04   -1.03035e+05    3.11530e+02   -3.76946e+02
 Pressure (bar)   Constr. rmsd
    2.49456e+02    2.99585e-05

DD  step 299999  vol min/aver 0.734  load imb.: force  3.8%  pme mesh/force 0.837

           Step           Time         Lambda
         300000      600.00000        0.00000

   Energies (kJ/mol)
          Angle    Proper Dih. Ryckaert-Bell.  Improper Dih.          LJ-14
    6.30448e+02    4.72899e+02    5.21317e+01    3.83503e+01    3.29476e+02
     Coulomb-14        LJ (SR)  Disper. corr.   Coulomb (SR)   Coul. recip.
    5.77464e+02    2.06505e+04   -2.27212e+03   -1.51445e+05    2.20851e+03
      Potential    Kinetic En.   Total Energy    Temperature Pres. DC (bar)
   -1.28758e+05    2.53590e+04   -1.03398e+05    3.13495e+02   -3.81216e+02
 Pressure (bar)   Constr. rmsd
    3.94264e+02    3.79416e-05

DD  step 349999  vol min/aver 0.733  load imb.: force  5.0%  pme mesh/force 0.828

           Step           Time         Lambda
         350000      700.00000        0.00000

   Energies (kJ/mol)
          Angle    Proper Dih. Ryckaert-Bell.  Improper Dih.          LJ-14
    6.68266e+02    4.80863e+02    5.89570e+01    4.76321e+01    3.34559e+02
     Coulomb-14        LJ (SR)  Disper. corr.   Coulomb (SR)   Coul. recip.
    5.18070e+02    2.07239e+04   -2.28553e+03   -1.51489e+05    2.18707e+03
      Potential    Kinetic En.   Total Energy    Temperature Pres. DC (bar)
   -1.28755e+05    2.51101e+04   -1.03645e+05    3.10418e+02   -3.85721e+02
 Pressure (bar)   Constr. rmsd
    5.37168e+02    3.84292e-05

DD  step 399999  vol min/aver 0.606  load imb.: force  3.8%  pme mesh/force 0.852

           Step           Time         Lambda
         400000      800.00000        0.00000

   Energies (kJ/mol)
          Angle    Proper Dih. Ryckaert-Bell.  Improper Dih.          LJ-14
    6.23331e+02    4.73682e+02    3.60770e+01    2.10097e+01    3.17455e+02
     Coulomb-14        LJ (SR)  Disper. corr.   Coulomb (SR)   Coul. recip.
    5.67004e+02    2.04481e+04   -2.26942e+03   -1.51688e+05    2.21202e+03
      Potential    Kinetic En.   Total Energy    Temperature Pres. DC (bar)
   -1.29258e+05    2.54268e+04   -1.03831e+05    3.14333e+02   -3.80315e+02
 Pressure (bar)   Constr. rmsd
    7.84851e-01    4.62175e-05

DD  step 449999  vol min/aver 0.630  load imb.: force  4.0%  pme mesh/force 0.841

           Step           Time         Lambda
         450000      900.00000        0.00000

   Energies (kJ/mol)
          Angle    Proper Dih. Ryckaert-Bell.  Improper Dih.          LJ-14
    6.18012e+02    5.02374e+02    8.18796e+01    2.70490e+01    3.29626e+02
     Coulomb-14        LJ (SR)  Disper. corr.   Coulomb (SR)   Coul. recip.
    5.09233e+02    2.01013e+04   -2.28948e+03   -1.50872e+05    2.18766e+03
      Potential    Kinetic En.   Total Energy    Temperature Pres. DC (bar)
   -1.28804e+05    2.45921e+04   -1.04212e+05    3.04013e+02   -3.87052e+02
 Pressure (bar)   Constr. rmsd
    6.13177e+01    3.34235e-05

DD  step 499999  vol min/aver 0.745  load imb.: force  5.2%  pme mesh/force 0.839

           Step           Time         Lambda
         500000     1000.00000        0.00000

   Energies (kJ/mol)
          Angle    Proper Dih. Ryckaert-Bell.  Improper Dih.          LJ-14
    6.31737e+02    4.87494e+02    4.56821e+01    2.14281e+01    3.35548e+02
     Coulomb-14        LJ (SR)  Disper. corr.   Coulomb (SR)   Coul. recip.
    5.58116e+02    2.02769e+04   -2.24821e+03   -1.50417e+05    2.23203e+03
      Potential    Kinetic En.   Total Energy    Temperature Pres. DC (bar)
   -1.28076e+05    2.52639e+04   -1.02813e+05    3.12319e+02   -3.73255e+02
 Pressure (bar)   Constr. rmsd
    3.02630e+02    3.14105e-05

DD  step 549999  vol min/aver 0.754  load imb.: force  3.2%  pme mesh/force 0.844

           Step           Time         Lambda
         550000     1100.00000        0.00000

   Energies (kJ/mol)
          Angle    Proper Dih. Ryckaert-Bell.  Improper Dih.          LJ-14
    6.33342e+02    5.06352e+02    4.72351e+01    2.89932e+01    3.38992e+02
     Coulomb-14        LJ (SR)  Disper. corr.   Coulomb (SR)   Coul. recip.
    5.54921e+02    2.04872e+04   -2.27613e+03   -1.50897e+05    2.21448e+03
      Potential    Kinetic En.   Total Energy    Temperature Pres. DC (bar)
   -1.28362e+05    2.52681e+04   -1.03094e+05    3.12371e+02   -3.82562e+02
 Pressure (bar)   Constr. rmsd
    4.15821e+02    3.16955e-05

DD  step 599999  vol min/aver 0.704  load imb.: force  6.4%  pme mesh/force 0.837

           Step           Time         Lambda
         600000     1200.00000        0.00000

   Energies (kJ/mol)
          Angle    Proper Dih. Ryckaert-Bell.  Improper Dih.          LJ-14
    5.85411e+02    4.84823e+02    6.21982e+01    2.06386e+01    3.11984e+02
     Coulomb-14        LJ (SR)  Disper. corr.   Coulomb (SR)   Coul. recip.
    5.39186e+02    2.01634e+04   -2.27659e+03   -1.50675e+05    2.19856e+03
      Potential    Kinetic En.   Total Energy    Temperature Pres. DC (bar)
   -1.28585e+05    2.44885e+04   -1.04097e+05    3.02733e+02   -3.82715e+02
 Pressure (bar)   Constr. rmsd
    3.19526e+01    4.06955e-05

DD  load balancing is limited by minimum cell size in dimension Y
DD  step 649999  vol min/aver 0.811! load imb.: force  4.6%  pme mesh/force 0.833

           Step           Time         Lambda
         650000     1300.00000        0.00000

   Energies (kJ/mol)
          Angle    Proper Dih. Ryckaert-Bell.  Improper Dih.          LJ-14
    5.91060e+02    5.11869e+02    7.38785e+01    3.13610e+01    3.38712e+02
     Coulomb-14        LJ (SR)  Disper. corr.   Coulomb (SR)   Coul. recip.
    6.34638e+02    2.02015e+04   -2.28037e+03   -1.50875e+05    2.20501e+03
      Potential    Kinetic En.   Total Energy    Temperature Pres. DC (bar)
   -1.28567e+05    2.49295e+04   -1.03638e+05    3.08185e+02   -3.83985e+02
 Pressure (bar)   Constr. rmsd
    1.16465e+02    4.61129e-05

DD  step 699999  vol min/aver 0.816  load imb.: force  2.7%  pme mesh/force 0.844

           Step           Time         Lambda
         700000     1400.00000        0.00000

   Energies (kJ/mol)
          Angle    Proper Dih. Ryckaert-Bell.  Improper Dih.          LJ-14
    6.05632e+02    4.94386e+02    6.92239e+01    2.36285e+01    3.16958e+02
     Coulomb-14        LJ (SR)  Disper. corr.   Coulomb (SR)   Coul. recip.
    6.34029e+02    1.98337e+04   -2.27370e+03   -1.50346e+05    2.21756e+03
      Potential    Kinetic En.   Total Energy    Temperature Pres. DC (bar)
   -1.28424e+05    2.45217e+04   -1.03903e+05    3.03143e+02   -3.81747e+02
 Pressure (bar)   Constr. rmsd
   -1.13023e+02    6.26656e-05

DD  step 749999  vol min/aver 0.866  load imb.: force  2.9%  pme mesh/force 0.827

           Step           Time         Lambda
         750000     1500.00000        0.00000

   Energies (kJ/mol)
          Angle    Proper Dih. Ryckaert-Bell.  Improper Dih.          LJ-14
    6.33308e+02    4.92893e+02    6.38977e+01    2.57634e+01    3.29278e+02
     Coulomb-14        LJ (SR)  Disper. corr.   Coulomb (SR)   Coul. recip.
    5.87514e+02    2.02266e+04   -2.26447e+03   -1.50246e+05    2.29076e+03
      Potential    Kinetic En.   Total Energy    Temperature Pres. DC (bar)
   -1.27861e+05    2.49202e+04   -1.02941e+05    3.08070e+02   -3.78662e+02
 Pressure (bar)   Constr. rmsd
    2.09651e+02    3.89983e-05

DD  step 799999  vol min/aver 0.790  load imb.: force  4.0%  pme mesh/force 0.844

           Step           Time         Lambda
         800000     1600.00000        0.00000

   Energies (kJ/mol)
          Angle    Proper Dih. Ryckaert-Bell.  Improper Dih.          LJ-14
    6.09076e+02    4.82461e+02    6.55483e+01    2.27020e+01    3.15558e+02
     Coulomb-14        LJ (SR)  Disper. corr.   Coulomb (SR)   Coul. recip.
    5.33140e+02    2.07524e+04   -2.26920e+03   -1.51264e+05    2.16183e+03
      Potential    Kinetic En.   Total Energy    Temperature Pres. DC (bar)
   -1.28591e+05    2.48980e+04   -1.03693e+05    3.07795e+02   -3.80241e+02
 Pressure (bar)   Constr. rmsd
    5.18500e+02    3.32537e-05

DD  step 849999  vol min/aver 0.728  load imb.: force  4.5%  pme mesh/force 0.834

           Step           Time         Lambda
         850000     1700.00000        0.00000

   Energies (kJ/mol)
          Angle    Proper Dih. Ryckaert-Bell.  Improper Dih.          LJ-14
    5.92298e+02    5.02143e+02    5.23232e+01    3.06758e+01    3.48893e+02
     Coulomb-14        LJ (SR)  Disper. corr.   Coulomb (SR)   Coul. recip.
    5.51634e+02    1.96657e+04   -2.27958e+03   -1.51032e+05    2.25548e+03
      Potential    Kinetic En.   Total Energy    Temperature Pres. DC (bar)
   -1.29312e+05    2.49937e+04   -1.04318e+05    3.08979e+02   -3.83721e+02
 Pressure (bar)   Constr. rmsd
   -1.51391e+02    2.99532e-05

DD  step 899999  vol min/aver 0.726  load imb.: force  3.4%  pme mesh/force 0.836

           Step           Time         Lambda
         900000     1800.00000        0.00000

   Energies (kJ/mol)
          Angle    Proper Dih. Ryckaert-Bell.  Improper Dih.          LJ-14
    6.05566e+02    4.76268e+02    5.06054e+01    2.10679e+01    3.29135e+02
     Coulomb-14        LJ (SR)  Disper. corr.   Coulomb (SR)   Coul. recip.
    5.97280e+02    2.02886e+04   -2.28506e+03   -1.51983e+05    2.18652e+03
      Potential    Kinetic En.   Total Energy    Temperature Pres. DC (bar)
   -1.29713e+05    2.44773e+04   -1.05236e+05    3.02595e+02   -3.85562e+02
 Pressure (bar)   Constr. rmsd
   -7.85917e+01    5.03989e-05

DD  step 949999  vol min/aver 0.838  load imb.: force  5.6%  pme mesh/force 0.825

           Step           Time         Lambda
         950000     1900.00000        0.00000

   Energies (kJ/mol)
          Angle    Proper Dih. Ryckaert-Bell.  Improper Dih.          LJ-14
    7.10216e+02    5.24896e+02    7.13308e+01    3.16263e+01    3.23625e+02
     Coulomb-14        LJ (SR)  Disper. corr.   Coulomb (SR)   Coul. recip.
    5.71739e+02    1.90756e+04   -2.25076e+03   -1.48791e+05    2.28450e+03
      Potential    Kinetic En.   Total Energy    Temperature Pres. DC (bar)
   -1.27448e+05    2.61152e+04   -1.01333e+05    3.22843e+02   -3.74100e+02
 Pressure (bar)   Constr. rmsd
   -3.29364e+02    4.29624e-05

DD  step 999999  vol min/aver 0.855  load imb.: force  2.8%  pme mesh/force 0.836

           Step           Time         Lambda
        1000000     2000.00000        0.00000

   Energies (kJ/mol)
          Angle    Proper Dih. Ryckaert-Bell.  Improper Dih.          LJ-14
    5.92152e+02    4.92932e+02    6.26346e+01    3.70194e+01    3.29361e+02
     Coulomb-14        LJ (SR)  Disper. corr.   Coulomb (SR)   Coul. recip.
    5.56968e+02    2.06344e+04   -2.26924e+03   -1.51530e+05    2.22616e+03
      Potential    Kinetic En.   Total Energy    Temperature Pres. DC (bar)
   -1.28868e+05    2.52072e+04   -1.03661e+05    3.11618e+02   -3.80255e+02
 Pressure (bar)   Constr. rmsd
    3.76704e+02    5.11641e-05

DD  step 1049999  vol min/aver 0.804  load imb.: force  5.5%  pme mesh/force 0.850

           Step           Time         Lambda
        1050000     2100.00000        0.00000

   Energies (kJ/mol)
          Angle    Proper Dih. Ryckaert-Bell.  Improper Dih.          LJ-14
    6.04527e+02    4.81624e+02    3.89168e+01    2.48147e+01    3.11128e+02
     Coulomb-14        LJ (SR)  Disper. corr.   Coulomb (SR)   Coul. recip.
    5.25570e+02    2.01692e+04   -2.28605e+03   -1.51021e+05    2.15334e+03
      Potential    Kinetic En.   Total Energy    Temperature Pres. DC (bar)
   -1.28998e+05    2.52730e+04   -1.03725e+05    3.12432e+02   -3.85894e+02
 Pressure (bar)   Constr. rmsd
    9.86364e+01    4.57642e-05

DD  step 1099999  vol min/aver 0.737  load imb.: force  2.8%  pme mesh/force 0.847

           Step           Time         Lambda
        1100000     2200.00000        0.00000

   Energies (kJ/mol)
          Angle    Proper Dih. Ryckaert-Bell.  Improper Dih.          LJ-14
    5.92631e+02    5.00991e+02    5.27185e+01    2.42685e+01    3.17279e+02
     Coulomb-14        LJ (SR)  Disper. corr.   Coulomb (SR)   Coul. recip.
    5.88244e+02    2.00327e+04   -2.26717e+03   -1.50644e+05    2.26363e+03
      Potential    Kinetic En.   Total Energy    Temperature Pres. DC (bar)
   -1.28539e+05    2.48116e+04   -1.03727e+05    3.06728e+02   -3.79562e+02
 Pressure (bar)   Constr. rmsd
   -3.40473e+01    5.06021e-05

DD  step 1149999  vol min/aver 0.773  load imb.: force  3.8%  pme mesh/force 0.840

           Step           Time         Lambda
        1150000     2300.00000        0.00000

   Energies (kJ/mol)
          Angle    Proper Dih. Ryckaert-Bell.  Improper Dih.          LJ-14
    6.72410e+02    4.75630e+02    6.19663e+01    2.97076e+01    3.29917e+02
     Coulomb-14        LJ (SR)  Disper. corr.   Coulomb (SR)   Coul. recip.
    5.92294e+02    2.06669e+04   -2.28020e+03   -1.52086e+05    2.22029e+03
      Potential    Kinetic En.   Total Energy    Temperature Pres. DC (bar)
   -1.29317e+05    2.52551e+04   -1.04062e+05    3.12210e+02   -3.83929e+02
 Pressure (bar)   Constr. rmsd
    3.82411e+02    4.59020e-05

DD  step 1199999  vol min/aver 0.839  load imb.: force  5.3%  pme mesh/force 0.823

           Step           Time         Lambda
        1200000     2400.00000        0.00000

   Energies (kJ/mol)
          Angle    Proper Dih. Ryckaert-Bell.  Improper Dih.          LJ-14
    6.27533e+02    5.06364e+02    8.06418e+01    2.84055e+01    3.32343e+02
     Coulomb-14        LJ (SR)  Disper. corr.   Coulomb (SR)   Coul. recip.
    4.77451e+02    1.98226e+04   -2.27749e+03   -1.50051e+05    2.24176e+03
      Potential    Kinetic En.   Total Energy    Temperature Pres. DC (bar)
   -1.28211e+05    2.49293e+04   -1.03282e+05    3.08182e+02   -3.83018e+02
 Pressure (bar)   Constr. rmsd
    1.52111e+02    3.25176e-05

DD  step 1249999  vol min/aver 0.842  load imb.: force  4.0%  pme mesh/force 0.830

           Step           Time         Lambda
        1250000     2500.00000        0.00000

   Energies (kJ/mol)
          Angle    Proper Dih. Ryckaert-Bell.  Improper Dih.          LJ-14
    6.60663e+02    5.06147e+02    5.84727e+01    3.35215e+01    3.12412e+02
     Coulomb-14        LJ (SR)  Disper. corr.   Coulomb (SR)   Coul. recip.
    5.33368e+02    2.02323e+04   -2.26546e+03   -1.50499e+05    2.16959e+03
      Potential    Kinetic En.   Total Energy    Temperature Pres. DC (bar)
   -1.28258e+05    2.54179e+04   -1.02840e+05    3.14223e+02   -3.78993e+02
 Pressure (bar)   Constr. rmsd
    1.59870e+02    4.37742e-05

DD  step 1299999  vol min/aver 0.807  load imb.: force  3.5%  pme mesh/force 0.845

           Step           Time         Lambda
        1300000     2600.00000        0.00000

   Energies (kJ/mol)
          Angle    Proper Dih. Ryckaert-Bell.  Improper Dih.          LJ-14
    6.47037e+02    4.85599e+02    4.21082e+01    2.70244e+01    3.30985e+02
     Coulomb-14        LJ (SR)  Disper. corr.   Coulomb (SR)   Coul. recip.
    4.82129e+02    2.02856e+04   -2.26058e+03   -1.50823e+05    2.22438e+03
      Potential    Kinetic En.   Total Energy    Temperature Pres. DC (bar)
   -1.28559e+05    2.52487e+04   -1.03310e+05    3.12131e+02   -3.77366e+02
 Pressure (bar)   Constr. rmsd
    1.90403e+02    5.00481e-05

DD  step 1349999  vol min/aver 0.788  load imb.: force  3.7%  pme mesh/force 0.825

           Step           Time         Lambda
        1350000     2700.00000        0.00000

   Energies (kJ/mol)
          Angle    Proper Dih. Ryckaert-Bell.  Improper Dih.          LJ-14
    5.86723e+02    4.78693e+02    5.45735e+01    1.95220e+01    3.37316e+02
     Coulomb-14        LJ (SR)  Disper. corr.   Coulomb (SR)   Coul. recip.
    6.56347e+02    1.96085e+04   -2.24740e+03   -1.50365e+05    2.20341e+03
      Potential    Kinetic En.   Total Energy    Temperature Pres. DC (bar)
   -1.28668e+05    2.51632e+04   -1.03504e+05    3.11074e+02   -3.72986e+02
 Pressure (bar)   Constr. rmsd
   -2.03928e+02    4.20919e-05

DD  step 1399999  vol min/aver 0.764  load imb.: force  4.5%  pme mesh/force 0.831

           Step           Time         Lambda
        1400000     2800.00000        0.00000

   Energies (kJ/mol)
          Angle    Proper Dih. Ryckaert-Bell.  Improper Dih.          LJ-14
    6.60403e+02    4.89032e+02    6.84050e+01    2.19515e+01    3.45923e+02
     Coulomb-14        LJ (SR)  Disper. corr.   Coulomb (SR)   Coul. recip.
    5.58123e+02    2.02180e+04   -2.27899e+03   -1.50792e+05    2.20483e+03
      Potential    Kinetic En.   Total Energy    Temperature Pres. DC (bar)
   -1.28505e+05    2.52831e+04   -1.03222e+05    3.12556e+02   -3.83520e+02
 Pressure (bar)   Constr. rmsd
    2.88408e+02    2.76103e-05

DD  step 1449999  vol min/aver 0.815  load imb.: force  6.4%  pme mesh/force 0.800

           Step           Time         Lambda
        1450000     2900.00000        0.00000

   Energies (kJ/mol)
          Angle    Proper Dih. Ryckaert-Bell.  Improper Dih.          LJ-14
    6.08847e+02    4.70253e+02    6.75635e+01    2.57816e+01    3.20960e+02
     Coulomb-14        LJ (SR)  Disper. corr.   Coulomb (SR)   Coul. recip.
    5.70633e+02    1.97473e+04   -2.27107e+03   -1.50163e+05    2.18892e+03
      Potential    Kinetic En.   Total Energy    Temperature Pres. DC (bar)
   -1.28434e+05    2.48062e+04   -1.03628e+05    3.06661e+02   -3.80867e+02
 Pressure (bar)   Constr. rmsd
   -4.65951e+01    4.37745e-05

DD  step 1499999  vol min/aver 0.796  load imb.: force  7.0%  pme mesh/force 0.825

           Step           Time         Lambda
        1500000     3000.00000        0.00000

   Energies (kJ/mol)
          Angle    Proper Dih. Ryckaert-Bell.  Improper Dih.          LJ-14
    6.30551e+02    4.95498e+02    5.47301e+01    2.22068e+01    3.38766e+02
     Coulomb-14        LJ (SR)  Disper. corr.   Coulomb (SR)   Coul. recip.
    5.94049e+02    2.00028e+04   -2.27604e+03   -1.50478e+05    2.23774e+03
      Potential    Kinetic En.   Total Energy    Temperature Pres. DC (bar)
   -1.28378e+05    2.54377e+04   -1.02940e+05    3.14467e+02   -3.82533e+02
 Pressure (bar)   Constr. rmsd
    1.44896e+02    3.97696e-05

Writing checkpoint, step 1546760 at Thu Oct  8 09:29:09 2020


DD  step 1549999  vol min/aver 0.768  load imb.: force  3.3%  pme mesh/force 0.841

           Step           Time         Lambda
        1550000     3100.00000        0.00000

   Energies (kJ/mol)
          Angle    Proper Dih. Ryckaert-Bell.  Improper Dih.          LJ-14
    6.20490e+02    5.03428e+02    7.79204e+01    2.84170e+01    3.27296e+02
     Coulomb-14        LJ (SR)  Disper. corr.   Coulomb (SR)   Coul. recip.
    6.06722e+02    1.96597e+04   -2.27225e+03   -1.50096e+05    2.22253e+03
      Potential    Kinetic En.   Total Energy    Temperature Pres. DC (bar)
   -1.28321e+05    2.49811e+04   -1.03340e+05    3.08822e+02   -3.81260e+02
 Pressure (bar)   Constr. rmsd
   -1.20896e+02    3.85460e-05

DD  step 1599999  vol min/aver 0.719  load imb.: force  7.6%  pme mesh/force 0.827

           Step           Time         Lambda
        1600000     3200.00000        0.00000

   Energies (kJ/mol)
          Angle    Proper Dih. Ryckaert-Bell.  Improper Dih.          LJ-14
    6.30843e+02    5.09113e+02    6.26948e+01    3.48333e+01    3.40557e+02
     Coulomb-14        LJ (SR)  Disper. corr.   Coulomb (SR)   Coul. recip.
    5.96224e+02    2.00777e+04   -2.26488e+03   -1.50746e+05    2.16059e+03
      Potential    Kinetic En.   Total Energy    Temperature Pres. DC (bar)
   -1.28598e+05    2.51819e+04   -1.03416e+05    3.11306e+02   -3.78796e+02
 Pressure (bar)   Constr. rmsd
    6.18263e+01    4.22173e-05

DD  step 1649999  vol min/aver 0.737  load imb.: force  2.9%  pme mesh/force 0.847

           Step           Time         Lambda
        1650000     3300.00000        0.00000

   Energies (kJ/mol)
          Angle    Proper Dih. Ryckaert-Bell.  Improper Dih.          LJ-14
    6.48584e+02    4.75384e+02    5.63054e+01    3.23873e+01    3.06447e+02
     Coulomb-14        LJ (SR)  Disper. corr.   Coulomb (SR)   Coul. recip.
    6.18282e+02    1.96664e+04   -2.27951e+03   -1.49788e+05    2.17807e+03
      Potential    Kinetic En.   Total Energy    Temperature Pres. DC (bar)
   -1.28085e+05    2.48305e+04   -1.03255e+05    3.06961e+02   -3.83697e+02
 Pressure (bar)   Constr. rmsd
   -1.68134e+02    4.25832e-05

DD  step 1699999  vol min/aver 0.726  load imb.: force  3.1%  pme mesh/force 0.843

           Step           Time         Lambda
        1700000     3400.00000        0.00000

   Energies (kJ/mol)
          Angle    Proper Dih. Ryckaert-Bell.  Improper Dih.          LJ-14
    5.82794e+02    4.99576e+02    4.74086e+01    4.16632e+01    3.12653e+02
     Coulomb-14        LJ (SR)  Disper. corr.   Coulomb (SR)   Coul. recip.
    6.27135e+02    2.04645e+04   -2.27139e+03   -1.51911e+05    2.17308e+03
      Potential    Kinetic En.   Total Energy    Temperature Pres. DC (bar)
   -1.29433e+05    2.47314e+04   -1.04702e+05    3.05736e+02   -3.80972e+02
 Pressure (bar)   Constr. rmsd
    4.30870e+01    3.01974e-05

DD  step 1749999  vol min/aver 0.717  load imb.: force  3.1%  pme mesh/force 0.855

           Step           Time         Lambda
        1750000     3500.00000        0.00000

   Energies (kJ/mol)
          Angle    Proper Dih. Ryckaert-Bell.  Improper Dih.          LJ-14
    6.14321e+02    5.22930e+02    6.27884e+01    2.78097e+01    3.27768e+02
     Coulomb-14        LJ (SR)  Disper. corr.   Coulomb (SR)   Coul. recip.
    5.80426e+02    1.95565e+04   -2.26651e+03   -1.49931e+05    2.27033e+03
      Potential    Kinetic En.   Total Energy    Temperature Pres. DC (bar)
   -1.28235e+05    2.47758e+04   -1.03459e+05    3.06285e+02   -3.79344e+02
 Pressure (bar)   Constr. rmsd
   -1.66519e+02    4.83189e-05

DD  step 1799999  vol min/aver 0.734  load imb.: force  6.5%  pme mesh/force 0.821

           Step           Time         Lambda
        1800000     3600.00000        0.00000

   Energies (kJ/mol)
          Angle    Proper Dih. Ryckaert-Bell.  Improper Dih.          LJ-14
    6.51894e+02    4.85873e+02    6.78136e+01    2.67267e+01    3.13325e+02
     Coulomb-14        LJ (SR)  Disper. corr.   Coulomb (SR)   Coul. recip.
    5.61103e+02    2.11169e+04   -2.27619e+03   -1.52195e+05    2.20488e+03
      Potential    Kinetic En.   Total Energy    Temperature Pres. DC (bar)
   -1.29042e+05    2.52249e+04   -1.03817e+05    3.11837e+02   -3.82581e+02
 Pressure (bar)   Constr. rmsd
    5.64386e+02    4.22518e-05

DD  step 1849999  vol min/aver 0.608  load imb.: force  3.5%  pme mesh/force 0.856

           Step           Time         Lambda
        1850000     3700.00000        0.00000

   Energies (kJ/mol)
          Angle    Proper Dih. Ryckaert-Bell.  Improper Dih.          LJ-14
    6.01448e+02    4.89537e+02    3.86887e+01    2.35763e+01    3.30224e+02
     Coulomb-14        LJ (SR)  Disper. corr.   Coulomb (SR)   Coul. recip.
    6.25205e+02    1.99577e+04   -2.26143e+03   -1.50958e+05    2.21692e+03
      Potential    Kinetic En.   Total Energy    Temperature Pres. DC (bar)
   -1.28936e+05    2.52298e+04   -1.03706e+05    3.11897e+02   -3.77648e+02
 Pressure (bar)   Constr. rmsd
   -2.45694e+02    5.02070e-05

DD  step 1899999  vol min/aver 0.769  load imb.: force  3.6%  pme mesh/force 0.840

           Step           Time         Lambda
        1900000     3800.00000        0.00000

   Energies (kJ/mol)
          Angle    Proper Dih. Ryckaert-Bell.  Improper Dih.          LJ-14
    5.84978e+02    5.10101e+02    5.07428e+01    2.60943e+01    3.39107e+02
     Coulomb-14        LJ (SR)  Disper. corr.   Coulomb (SR)   Coul. recip.
    6.31336e+02    2.01010e+04   -2.27958e+03   -1.51086e+05    2.19098e+03
      Potential    Kinetic En.   Total Energy    Temperature Pres. DC (bar)
   -1.28931e+05    2.50083e+04   -1.03923e+05    3.09159e+02   -3.83718e+02
 Pressure (bar)   Constr. rmsd
    1.82340e+02    2.73732e-05

DD  step 1949999  vol min/aver 0.818  load imb.: force  4.0%  pme mesh/force 0.820

           Step           Time         Lambda
        1950000     3900.00000        0.00000

   Energies (kJ/mol)
          Angle    Proper Dih. Ryckaert-Bell.  Improper Dih.          LJ-14
    5.87065e+02    4.97865e+02    5.52005e+01    3.78870e+01    3.44578e+02
     Coulomb-14        LJ (SR)  Disper. corr.   Coulomb (SR)   Coul. recip.
    5.63636e+02    1.97136e+04   -2.27249e+03   -1.50615e+05    2.22993e+03
      Potential    Kinetic En.   Total Energy    Temperature Pres. DC (bar)
   -1.28858e+05    2.49483e+04   -1.03909e+05    3.08417e+02   -3.81342e+02
 Pressure (bar)   Constr. rmsd
   -6.01475e+01    3.50746e-05

DD  step 1999999  vol min/aver 0.743  load imb.: force  5.2%  pme mesh/force 0.822

           Step           Time         Lambda
        2000000     4000.00000        0.00000

   Energies (kJ/mol)
          Angle    Proper Dih. Ryckaert-Bell.  Improper Dih.          LJ-14
    5.83998e+02    4.86201e+02    5.51389e+01    2.82404e+01    3.09918e+02
     Coulomb-14        LJ (SR)  Disper. corr.   Coulomb (SR)   Coul. recip.
    5.49515e+02    2.03032e+04   -2.26873e+03   -1.50799e+05    2.25399e+03
      Potential    Kinetic En.   Total Energy    Temperature Pres. DC (bar)
   -1.28498e+05    2.52516e+04   -1.03246e+05    3.12166e+02   -3.80084e+02
 Pressure (bar)   Constr. rmsd
    1.41608e+02    4.91250e-05

DD  step 2049999  vol min/aver 0.752  load imb.: force  4.3%  pme mesh/force 0.844

           Step           Time         Lambda
        2050000     4100.00000        0.00000

   Energies (kJ/mol)
          Angle    Proper Dih. Ryckaert-Bell.  Improper Dih.          LJ-14
    7.26570e+02    4.85189e+02    7.11755e+01    3.26469e+01    3.25287e+02
     Coulomb-14        LJ (SR)  Disper. corr.   Coulomb (SR)   Coul. recip.
    6.04386e+02    2.01210e+04   -2.29262e+03   -1.50680e+05    2.20773e+03
      Potential    Kinetic En.   Total Energy    Temperature Pres. DC (bar)
   -1.28399e+05    2.52216e+04   -1.03177e+05    3.11796e+02   -3.88112e+02
 Pressure (bar)   Constr. rmsd
   -1.93293e+01    5.76226e-05

DD  step 2099999  vol min/aver 0.843  load imb.: force  3.4%  pme mesh/force 0.857

           Step           Time         Lambda
        2100000     4200.00000        0.00000

   Energies (kJ/mol)
          Angle    Proper Dih. Ryckaert-Bell.  Improper Dih.          LJ-14
    5.44218e+02    4.78423e+02    5.64689e+01    2.48527e+01    3.44643e+02
     Coulomb-14        LJ (SR)  Disper. corr.   Coulomb (SR)   Coul. recip.
    6.23928e+02    2.00007e+04   -2.28940e+03   -1.50779e+05    2.20498e+03
      Potential    Kinetic En.   Total Energy    Temperature Pres. DC (bar)
   -1.28790e+05    2.48009e+04   -1.03989e+05    3.06595e+02   -3.87026e+02
 Pressure (bar)   Constr. rmsd
    6.06707e+01    4.01876e-05

DD  step 2149999  vol min/aver 0.827  load imb.: force  5.7%  pme mesh/force 0.845

           Step           Time         Lambda
        2150000     4300.00000        0.00000

   Energies (kJ/mol)
          Angle    Proper Dih. Ryckaert-Bell.  Improper Dih.          LJ-14
    6.15382e+02    4.76017e+02    5.72962e+01    3.43300e+01    3.21577e+02
     Coulomb-14        LJ (SR)  Disper. corr.   Coulomb (SR)   Coul. recip.
    5.78509e+02    1.96471e+04   -2.27896e+03   -1.50472e+05    2.26468e+03
      Potential    Kinetic En.   Total Energy    Temperature Pres. DC (bar)
   -1.28756e+05    2.53465e+04   -1.03410e+05    3.13340e+02   -3.83511e+02
 Pressure (bar)   Constr. rmsd
   -2.45700e+02    5.13094e-05

DD  step 2199999  vol min/aver 0.735  load imb.: force  4.9%  pme mesh/force 0.844

           Step           Time         Lambda
        2200000     4400.00000        0.00000

   Energies (kJ/mol)
          Angle    Proper Dih. Ryckaert-Bell.  Improper Dih.          LJ-14
    6.59967e+02    5.43622e+02    5.45410e+01    4.32494e+01    3.16173e+02
     Coulomb-14        LJ (SR)  Disper. corr.   Coulomb (SR)   Coul. recip.
    5.15669e+02    1.94481e+04   -2.26096e+03   -1.49815e+05    2.17672e+03
      Potential    Kinetic En.   Total Energy    Temperature Pres. DC (bar)
   -1.28317e+05    2.50840e+04   -1.03233e+05    3.10095e+02   -3.77492e+02
 Pressure (bar)   Constr. rmsd
   -3.14794e+02    4.85496e-05

DD  step 2249999  vol min/aver 0.801  load imb.: force  7.4%  pme mesh/force 0.847

           Step           Time         Lambda
        2250000     4500.00000        0.00000

   Energies (kJ/mol)
          Angle    Proper Dih. Ryckaert-Bell.  Improper Dih.          LJ-14
    6.15697e+02    4.93359e+02    5.25954e+01    2.98694e+01    3.17869e+02
     Coulomb-14        LJ (SR)  Disper. corr.   Coulomb (SR)   Coul. recip.
    5.88727e+02    2.01623e+04   -2.26676e+03   -1.50393e+05    2.24995e+03
      Potential    Kinetic En.   Total Energy    Temperature Pres. DC (bar)
   -1.28149e+05    2.45945e+04   -1.03555e+05    3.04043e+02   -3.79427e+02
 Pressure (bar)   Constr. rmsd
    1.66773e+02    3.87835e-05

DD  step 2299999  vol min/aver 0.677  load imb.: force  3.5%  pme mesh/force 0.846

           Step           Time         Lambda
        2300000     4600.00000        0.00000

   Energies (kJ/mol)
          Angle    Proper Dih. Ryckaert-Bell.  Improper Dih.          LJ-14
    6.21246e+02    4.77423e+02    4.23718e+01    2.85313e+01    3.13719e+02
     Coulomb-14        LJ (SR)  Disper. corr.   Coulomb (SR)   Coul. recip.
    5.45171e+02    1.95867e+04   -2.27567e+03   -1.49914e+05    2.23983e+03
      Potential    Kinetic En.   Total Energy    Temperature Pres. DC (bar)
   -1.28335e+05    2.51315e+04   -1.03203e+05    3.10682e+02   -3.82406e+02
 Pressure (bar)   Constr. rmsd
   -1.56664e+02    4.31522e-05

DD  step 2349999  vol min/aver 0.744  load imb.: force  3.7%  pme mesh/force 0.838

           Step           Time         Lambda
        2350000     4700.00000        0.00000

   Energies (kJ/mol)
          Angle    Proper Dih. Ryckaert-Bell.  Improper Dih.          LJ-14
    6.21732e+02    4.55919e+02    5.11552e+01    2.28433e+01    3.23004e+02
     Coulomb-14        LJ (SR)  Disper. corr.   Coulomb (SR)   Coul. recip.
    5.72904e+02    2.02113e+04   -2.27358e+03   -1.51324e+05    2.23403e+03
      Potential    Kinetic En.   Total Energy    Temperature Pres. DC (bar)
   -1.29105e+05    2.50930e+04   -1.04012e+05    3.10207e+02   -3.81708e+02
 Pressure (bar)   Constr. rmsd
    4.39400e+01    3.82489e-05

DD  step 2399999  vol min/aver 0.717  load imb.: force  4.2%  pme mesh/force 0.840

           Step           Time         Lambda
        2400000     4800.00000        0.00000

   Energies (kJ/mol)
          Angle    Proper Dih. Ryckaert-Bell.  Improper Dih.          LJ-14
    6.64995e+02    4.84963e+02    6.10040e+01    4.00229e+01    3.21735e+02
     Coulomb-14        LJ (SR)  Disper. corr.   Coulomb (SR)   Coul. recip.
    5.52381e+02    2.04676e+04   -2.28252e+03   -1.51223e+05    2.17561e+03
      Potential    Kinetic En.   Total Energy    Temperature Pres. DC (bar)
   -1.28737e+05    2.48652e+04   -1.03872e+05    3.07389e+02   -3.84708e+02
 Pressure (bar)   Constr. rmsd
    3.72660e+02    4.25431e-05

DD  step 2449999  vol min/aver 0.697  load imb.: force  5.4%  pme mesh/force 0.844

           Step           Time         Lambda
        2450000     4900.00000        0.00000

   Energies (kJ/mol)
          Angle    Proper Dih. Ryckaert-Bell.  Improper Dih.          LJ-14
    6.86857e+02    4.84095e+02    3.91808e+01    3.12583e+01    3.20042e+02
     Coulomb-14        LJ (SR)  Disper. corr.   Coulomb (SR)   Coul. recip.
    6.28936e+02    1.94117e+04   -2.26230e+03   -1.50174e+05    2.18242e+03
      Potential    Kinetic En.   Total Energy    Temperature Pres. DC (bar)
   -1.28651e+05    2.51069e+04   -1.03545e+05    3.10378e+02   -3.77936e+02
 Pressure (bar)   Constr. rmsd
   -4.53103e+02    4.65178e-05

DD  step 2499999  vol min/aver 0.693  load imb.: force  5.5%  pme mesh/force 0.861

           Step           Time         Lambda
        2500000     5000.00000        0.00000

Writing checkpoint, step 2500000 at Thu Oct  8 09:38:24 2020


   Energies (kJ/mol)
          Angle    Proper Dih. Ryckaert-Bell.  Improper Dih.          LJ-14
    6.33006e+02    4.67486e+02    5.95357e+01    2.78410e+01    3.19454e+02
     Coulomb-14        LJ (SR)  Disper. corr.   Coulomb (SR)   Coul. recip.
    5.57800e+02    2.00449e+04   -2.26241e+03   -1.50203e+05    2.23723e+03
      Potential    Kinetic En.   Total Energy    Temperature Pres. DC (bar)
   -1.28118e+05    2.49989e+04   -1.03120e+05    3.09043e+02   -3.77975e+02
 Pressure (bar)   Constr. rmsd
    2.78599e+01    3.92741e-05

	<======  ###############  ==>
	<====  A V E R A G E S  ====>
	<==  ###############  ======>

	Statistics over 2500001 steps using 25001 frames

   Energies (kJ/mol)
          Angle    Proper Dih. Ryckaert-Bell.  Improper Dih.          LJ-14
    6.19956e+02    4.91484e+02    6.06630e+01    2.77059e+01    3.25834e+02
     Coulomb-14        LJ (SR)  Disper. corr.   Coulomb (SR)   Coul. recip.
    5.72924e+02    1.99287e+04   -2.27052e+03   -1.50535e+05    2.20776e+03
      Potential    Kinetic En.   Total Energy    Temperature Pres. DC (bar)
   -1.28570e+05    2.50760e+04   -1.03494e+05    3.09996e+02   -3.80693e+02
 Pressure (bar)   Constr. rmsd
    1.26059e+00    0.00000e+00

          Box-X          Box-Y          Box-Z
    4.63039e+00    4.63039e+00    4.63039e+00

   Total Virial (kJ/mol)
    8.36440e+03   -1.77360e+00   -2.37346e+00
   -1.78153e+00    8.35096e+03    1.02776e+01
   -2.33945e+00    1.02891e+01    8.35324e+03

   Pressure (bar)
    4.67614e-01    1.44745e-01    4.44442e-01
    1.47385e-01    2.17833e+00   -2.05402e+00
    4.33050e-01   -2.05786e+00    1.13582e+00

      T-Protein  T-non-Protein
    3.09905e+02    3.09998e+02


	M E G A - F L O P S   A C C O U N T I N G

 NB=Group-cutoff nonbonded kernels    NxN=N-by-N cluster Verlet kernels
 RF=Reaction-Field  VdW=Van der Waals  QSTab=quadratic-spline table
 W3=SPC/TIP3p  W4=TIP4p (single or pairs)
 V&F=Potential and force  V=Potential only  F=Force only

 Computing:                               M-Number         M-Flops  % Flops
-----------------------------------------------------------------------------
 Pair Search distance check          587224.328876     5285018.960     1.0
 NxN Ewald Elec. + LJ [F]           3985253.677248   263026742.698    49.5
 NxN Ewald Elec. + LJ [V&F]           40256.014496     4307393.551     0.8
 NxN Ewald Elec. [F]                3536211.126784   215708878.734    40.6
 NxN Ewald Elec. [V&F]                35720.792960     3000546.609     0.6
 1,4 nonbonded interactions            1805.000722      162450.065     0.0
 Calc Weights                         72997.529199     2627911.051     0.5
 Spread Q Bspline                   1557280.622912     3114561.246     0.6
 Gather F Bspline                   1557280.622912     9343683.737     1.8
 3D-FFT                             2457600.983040    19660807.864     3.7
 Solve PME                            10240.004096      655360.262     0.1
 Reset In Box                          2433.250000        7299.750     0.0
 CG-CoM                                2433.259733        7299.779     0.0
 Angles                                1282.500513      215460.086     0.0
 Propers                               1492.500597      341782.637     0.1
 Impropers                              150.000060       31200.012     0.0
 RB-Dihedrals                           302.500121       74717.530     0.0
 Virial                                2793.261173       50278.701     0.0
 Stop-CM                                243.334733        2433.347     0.0
 Calc-Ekin                             4866.519466      131396.026     0.0
 Lincs                                 1996.381809      119782.909     0.0
 Lincs-Mat                            41442.996492      165771.986     0.0
 Constraint-V                         31937.583198      255500.666     0.0
 Constraint-Vir                        2994.130839       71859.140     0.0
 Settle                                9314.939860     3008725.575     0.6
-----------------------------------------------------------------------------
 Total                                               531376862.921   100.0
-----------------------------------------------------------------------------


    D O M A I N   D E C O M P O S I T I O N   S T A T I S T I C S

 av. #atoms communicated per step for force:  2 x 26311.5
 av. #atoms communicated per step for LINCS:  2 x 2369.1

 Average load imbalance: 4.5 %
 Part of the total run time spent waiting due to load imbalance: 1.9 %
 Steps where the load balancing was limited by -rdd, -rcon and/or -dds: X 0 % Y 0 % Z 0 %
 Average PME mesh/force load: 0.831
 Part of the total run time spent waiting due to PP/PME imbalance: 3.1 %


     R E A L   C Y C L E   A N D   T I M E   A C C O U N T I N G

On 32 MPI ranks doing PP, and
on 16 MPI ranks doing PME

 Computing:          Num   Num      Call    Wall time         Giga-Cycles
                     Ranks Threads  Count      (s)         total sum    %
-----------------------------------------------------------------------------
 Domain decomp.        32    1     250000     151.106      14489.250   6.9
 DD comm. load         32    1     249902       1.642        157.434   0.1
 DD comm. bounds       32    1     249901       6.381        611.832   0.3
 Send X to PME         32    1    2500001      11.019       1056.555   0.5
 Neighbor search       32    1     250001     142.222      13637.377   6.5
 Comm. coord.          32    1    2250000      53.898       5168.153   2.5
 Force                 32    1    2500001     658.016      63095.912  30.1
 Wait + Comm. F        32    1    2500001     109.371      10487.410   5.0
 PME mesh *            16    1    2500001     648.959      31113.750  14.9
 PME wait for PP *                            806.427      38663.397  18.5
 Wait + Recv. PME F    32    1    2500001       3.441        329.941   0.2
 NB X/F buffer ops.    32    1    7000001      31.844       3053.440   1.5
 Write traj.           32    1         52       0.013          1.200   0.0
 Update                32    1    2500001      53.777       5156.584   2.5
 Constraints           32    1    2500001     207.390      19886.252   9.5
 Comm. energies        32    1     250001       8.410        806.445   0.4
 Rest                                          16.858       1616.511   0.8
-----------------------------------------------------------------------------
 Total                                       1455.387     209331.444 100.0
-----------------------------------------------------------------------------
(*) Note that with separate PME ranks, the walltime column actually sums to
    twice the total reported, but the cycle count total and % are correct.
-----------------------------------------------------------------------------
 Breakdown of PME mesh computation
-----------------------------------------------------------------------------
 PME redist. X/F       16    1    5000002     165.870       7952.463   3.8
 PME spread/gather     16    1    5000002     307.731      14753.884   7.0
 PME 3D-FFT            16    1    5000002     102.397       4909.320   2.3
 PME 3D-FFT Comm.      16    1   10000004      54.453       2610.680   1.2
 PME solve Elec        16    1    2500001      16.137        773.666   0.4
-----------------------------------------------------------------------------

               Core t (s)   Wall t (s)        (%)
       Time:    69859.751     1455.387     4800.1
                 (ns/day)    (hour/ns)
Performance:      296.828        0.081
Finished mdrun on rank 0 Thu Oct  8 09:38:24 2020
