Log file opened on Thu Oct  8 09:43:04 2020
Host: Server-BioTD-01  pid: 78088  rank ID: 0  number of ranks:  1
                   :-) GROMACS - gmx mdrun, VERSION 5.1.4 (-:

                            GROMACS is written by:
     Emile Apol      Rossen Apostolov  Herman J.C. Berendsen    Par Bjelkmar   
 Aldert van Buuren   Rudi van Drunen     Anton Feenstra   Sebastian Fritsch 
  Gerrit Groenhof   Christoph Junghans   Anca Hamuraru    Vincent Hindriksen
 Dimitrios Karkoulis    Peter Kasson        Jiri Kraus      Carsten Kutzner  
    Per Larsson      Justin A. Lemkul   Magnus Lundborg   Pieter Meulenhoff 
   Erik Marklund      Teemu Murtola       Szilard Pall       Sander Pronk   
   Roland Schulz     Alexey Shvetsov     Michael Shirts     Alfons Sijbers  
   Peter Tieleman    Teemu Virolainen  Christian Wennberg    Maarten Wolf   
                           and the project leaders:
        Mark Abraham, Berk Hess, Erik Lindahl, and David van der Spoel

Copyright (c) 1991-2000, University of Groningen, The Netherlands.
Copyright (c) 2001-2015, The GROMACS development team at
Uppsala University, Stockholm University and
the Royal Institute of Technology, Sweden.
check out http://www.gromacs.org for more information.

GROMACS is free software; you can redistribute it and/or modify it
under the terms of the GNU Lesser General Public License
as published by the Free Software Foundation; either version 2.1
of the License, or (at your option) any later version.

GROMACS:      gmx mdrun, VERSION 5.1.4
Executable:   /usr/local/gromacs/bin/gmx
Data prefix:  /usr/local/gromacs
Command line:
  gmx mdrun -deffnm design_output/drug_design/md-npt

GROMACS version:    VERSION 5.1.4
Precision:          single
Memory model:       64 bit
MPI library:        thread_mpi
OpenMP support:     enabled (GMX_OPENMP_MAX_THREADS = 32)
GPU support:        enabled
OpenCL support:     disabled
invsqrt routine:    gmx_software_invsqrt(x)
SIMD instructions:  AVX2_256
FFT library:        fftw-3.3.4-sse2-avx
RDTSCP usage:       enabled
C++11 compilation:  disabled
TNG support:        enabled
Tracing support:    disabled
Built on:           dom ago 26 22:32:30 -05 2018
Built by:           kpalacio@Server-BioTD-01 [CMAKE]
Build OS/arch:      Linux 4.4.0-134-generic x86_64
Build CPU vendor:   GenuineIntel
Build CPU brand:    Intel(R) Xeon(R) CPU E5-2687W v4 @ 3.00GHz
Build CPU family:   6   Model: 79   Stepping: 1
Build CPU features: aes apic avx avx2 clfsh cmov cx8 cx16 f16c fma htt lahf_lm mmx msr nonstop_tsc pcid pclmuldq pdcm pdpe1gb popcnt pse rdrnd rdtscp sse2 sse3 sse4.1 sse4.2 ssse3 tdt x2apic
C compiler:         /usr/local/bin/mpicc GNU 5.5.0
C compiler flags:    -march=core-avx2    -Wextra -Wno-missing-field-initializers -Wno-sign-compare -Wpointer-arith -Wall -Wno-unused -Wunused-value -Wunused-parameter  -O3 -DNDEBUG -funroll-all-loops -fexcess-precision=fast  -Wno-array-bounds 
C++ compiler:       /usr/local/bin/mpicxx GNU 5.5.0
C++ compiler flags:  -march=core-avx2    -Wextra -Wno-missing-field-initializers -Wpointer-arith -Wall -Wno-unused-function  -O3 -DNDEBUG -funroll-all-loops -fexcess-precision=fast  -Wno-array-bounds 
Boost version:      1.58.0 (external)
CUDA compiler:      /usr/local/cuda-8.0/bin/nvcc nvcc: NVIDIA (R) Cuda compiler driver;Copyright (c) 2005-2016 NVIDIA Corporation;Built on Tue_Jan_10_13:22:03_CST_2017;Cuda compilation tools, release 8.0, V8.0.61
CUDA compiler flags:-gencode;arch=compute_20,code=sm_20;-gencode;arch=compute_30,code=sm_30;-gencode;arch=compute_35,code=sm_35;-gencode;arch=compute_37,code=sm_37;-gencode;arch=compute_50,code=sm_50;-gencode;arch=compute_52,code=sm_52;-gencode;arch=compute_60,code=sm_60;-gencode;arch=compute_61,code=sm_61;-gencode;arch=compute_60,code=compute_60;-gencode;arch=compute_61,code=compute_61;-use_fast_math;-D_FORCE_INLINES; ;-march=core-avx2;-Wextra;-Wno-missing-field-initializers;-Wpointer-arith;-Wall;-Wno-unused-function;-O3;-DNDEBUG;-funroll-all-loops;-fexcess-precision=fast;-Wno-array-bounds;
CUDA driver:        9.20
CUDA runtime:       0.0


NOTE: Error occurred during GPU detection:
      unknown error
      Can not use GPU acceleration, will fall back to CPU kernels.


Running on 1 node with total 24 cores, 48 logical cores, 0 compatible GPUs
Hardware detected:
  CPU info:
    Vendor: GenuineIntel
    Brand:  Intel(R) Xeon(R) CPU E5-2687W v4 @ 3.00GHz
    Family:  6  model: 79  stepping:  1
    CPU features: aes apic avx avx2 clfsh cmov cx8 cx16 f16c fma htt lahf_lm mmx msr nonstop_tsc pcid pclmuldq pdcm pdpe1gb popcnt pse rdrnd rdtscp sse2 sse3 sse4.1 sse4.2 ssse3 tdt x2apic
    SIMD instructions most likely to fit this hardware: AVX2_256
    SIMD instructions selected at GROMACS compile time: AVX2_256


++++ PLEASE READ AND CITE THE FOLLOWING REFERENCE ++++
M. J. Abraham, T. Murtola, R. Schulz, S. Páll, J. C. Smith, B. Hess, E.
Lindahl
GROMACS: High performance molecular simulations through multi-level
parallelism from laptops to supercomputers
SoftwareX 1 (2015) pp. 19-25
-------- -------- --- Thank You --- -------- --------


++++ PLEASE READ AND CITE THE FOLLOWING REFERENCE ++++
S. Páll, M. J. Abraham, C. Kutzner, B. Hess, E. Lindahl
Tackling Exascale Software Challenges in Molecular Dynamics Simulations with
GROMACS
In S. Markidis & E. Laure (Eds.), Solving Software Challenges for Exascale 8759 (2015) pp. 3-27
-------- -------- --- Thank You --- -------- --------


++++ PLEASE READ AND CITE THE FOLLOWING REFERENCE ++++
S. Pronk, S. Páll, R. Schulz, P. Larsson, P. Bjelkmar, R. Apostolov, M. R.
Shirts, J. C. Smith, P. M. Kasson, D. van der Spoel, B. Hess, and E. Lindahl
GROMACS 4.5: a high-throughput and highly parallel open source molecular
simulation toolkit
Bioinformatics 29 (2013) pp. 845-54
-------- -------- --- Thank You --- -------- --------


++++ PLEASE READ AND CITE THE FOLLOWING REFERENCE ++++
B. Hess and C. Kutzner and D. van der Spoel and E. Lindahl
GROMACS 4: Algorithms for highly efficient, load-balanced, and scalable
molecular simulation
J. Chem. Theory Comput. 4 (2008) pp. 435-447
-------- -------- --- Thank You --- -------- --------


++++ PLEASE READ AND CITE THE FOLLOWING REFERENCE ++++
D. van der Spoel, E. Lindahl, B. Hess, G. Groenhof, A. E. Mark and H. J. C.
Berendsen
GROMACS: Fast, Flexible and Free
J. Comp. Chem. 26 (2005) pp. 1701-1719
-------- -------- --- Thank You --- -------- --------


++++ PLEASE READ AND CITE THE FOLLOWING REFERENCE ++++
E. Lindahl and B. Hess and D. van der Spoel
GROMACS 3.0: A package for molecular simulation and trajectory analysis
J. Mol. Mod. 7 (2001) pp. 306-317
-------- -------- --- Thank You --- -------- --------


++++ PLEASE READ AND CITE THE FOLLOWING REFERENCE ++++
H. J. C. Berendsen, D. van der Spoel and R. van Drunen
GROMACS: A message-passing parallel molecular dynamics implementation
Comp. Phys. Comm. 91 (1995) pp. 43-56
-------- -------- --- Thank You --- -------- --------

Input Parameters:
   integrator                     = md
   tinit                          = 0
   dt                             = 0.002
   nsteps                         = 2500000
   init-step                      = 0
   simulation-part                = 1
   comm-mode                      = Linear
   nstcomm                        = 100
   bd-fric                        = 0
   ld-seed                        = 808398644
   emtol                          = 10
   emstep                         = 0.01
   niter                          = 20
   fcstep                         = 0
   nstcgsteep                     = 1000
   nbfgscorr                      = 10
   rtpi                           = 0.05
   nstxout                        = 0
   nstvout                        = 0
   nstfout                        = 0
   nstlog                         = 50000
   nstcalcenergy                  = 100
   nstenergy                      = 50000
   nstxout-compressed             = 50000
   compressed-x-precision         = 1000
   cutoff-scheme                  = Verlet
   nstlist                        = 10
   ns-type                        = Grid
   pbc                            = xyz
   periodic-molecules             = FALSE
   verlet-buffer-tolerance        = 0.005
   rlist                          = 0.801
   rlistlong                      = 0.801
   nstcalclr                      = 10
   coulombtype                    = PME
   coulomb-modifier               = Potential-shift
   rcoulomb-switch                = 0
   rcoulomb                       = 0.8
   epsilon-r                      = 1
   epsilon-rf                     = inf
   vdw-type                       = Cut-off
   vdw-modifier                   = Potential-shift
   rvdw-switch                    = 0
   rvdw                           = 0.8
   DispCorr                       = EnerPres
   table-extension                = 1
   fourierspacing                 = 0.16
   fourier-nx                     = 32
   fourier-ny                     = 32
   fourier-nz                     = 32
   pme-order                      = 4
   ewald-rtol                     = 1e-05
   ewald-rtol-lj                  = 0.001
   lj-pme-comb-rule               = Geometric
   ewald-geometry                 = 0
   epsilon-surface                = 0
   implicit-solvent               = No
   gb-algorithm                   = Still
   nstgbradii                     = 1
   rgbradii                       = 1
   gb-epsilon-solvent             = 80
   gb-saltconc                    = 0
   gb-obc-alpha                   = 1
   gb-obc-beta                    = 0.8
   gb-obc-gamma                   = 4.85
   gb-dielectric-offset           = 0.009
   sa-algorithm                   = Ace-approximation
   sa-surface-tension             = 2.05016
   tcoupl                         = V-rescale
   nsttcouple                     = 10
   nh-chain-length                = 0
   print-nose-hoover-chain-variables = FALSE
   pcoupl                         = Parrinello-Rahman
   pcoupltype                     = Isotropic
   nstpcouple                     = 10
   tau-p                          = 2
   compressibility (3x3):
      compressibility[    0]={ 4.50000e-05,  0.00000e+00,  0.00000e+00}
      compressibility[    1]={ 0.00000e+00,  4.50000e-05,  0.00000e+00}
      compressibility[    2]={ 0.00000e+00,  0.00000e+00,  4.50000e-05}
   ref-p (3x3):
      ref-p[    0]={ 1.00000e+00,  0.00000e+00,  0.00000e+00}
      ref-p[    1]={ 0.00000e+00,  1.00000e+00,  0.00000e+00}
      ref-p[    2]={ 0.00000e+00,  0.00000e+00,  1.00000e+00}
   refcoord-scaling               = COM
   posres-com (3):
      posres-com[0]= 0.00000e+00
      posres-com[1]= 0.00000e+00
      posres-com[2]= 0.00000e+00
   posres-comB (3):
      posres-comB[0]= 0.00000e+00
      posres-comB[1]= 0.00000e+00
      posres-comB[2]= 0.00000e+00
   QMMM                           = FALSE
   QMconstraints                  = 0
   QMMMscheme                     = 0
   MMChargeScaleFactor            = 1
qm-opts:
   ngQM                           = 0
   constraint-algorithm           = Lincs
   continuation                   = TRUE
   Shake-SOR                      = FALSE
   shake-tol                      = 0.0001
   lincs-order                    = 4
   lincs-iter                     = 1
   lincs-warnangle                = 30
   nwall                          = 0
   wall-type                      = 9-3
   wall-r-linpot                  = -1
   wall-atomtype[0]               = -1
   wall-atomtype[1]               = -1
   wall-density[0]                = 0
   wall-density[1]                = 0
   wall-ewald-zfac                = 3
   pull                           = FALSE
   rotation                       = FALSE
   interactiveMD                  = FALSE
   disre                          = No
   disre-weighting                = Conservative
   disre-mixed                    = FALSE
   dr-fc                          = 1000
   dr-tau                         = 0
   nstdisreout                    = 100
   orire-fc                       = 0
   orire-tau                      = 0
   nstorireout                    = 100
   free-energy                    = no
   cos-acceleration               = 0
   deform (3x3):
      deform[    0]={ 0.00000e+00,  0.00000e+00,  0.00000e+00}
      deform[    1]={ 0.00000e+00,  0.00000e+00,  0.00000e+00}
      deform[    2]={ 0.00000e+00,  0.00000e+00,  0.00000e+00}
   simulated-tempering            = FALSE
   E-x:
      n = 0
   E-xt:
      n = 0
   E-y:
      n = 0
   E-yt:
      n = 0
   E-z:
      n = 0
   E-zt:
      n = 0
   swapcoords                     = no
   adress                         = FALSE
   userint1                       = 0
   userint2                       = 0
   userint3                       = 0
   userint4                       = 0
   userreal1                      = 0
   userreal2                      = 0
   userreal3                      = 0
   userreal4                      = 0
grpopts:
   nrdf:     426.934     18997.1
   ref-t:         310         310
   tau-t:         0.1         0.1
annealing:          No          No
annealing-npoints:           0           0
   acc:	           0           0           0
   nfreeze:           N           N           N
   energygrp-flags[  0]: 0


Initializing Domain Decomposition on 48 ranks
Dynamic load balancing: auto
Will sort the charge groups at every domain (re)decomposition
Initial maximum inter charge-group distances:
    two-body bonded interactions: 0.448 nm, LJ-14, atoms 59 257
  multi-body bonded interactions: 0.448 nm, Proper Dih., atoms 257 59
Minimum cell size due to bonded interactions: 0.493 nm
Maximum distance for 5 constraints, at 120 deg. angles, all-trans: 0.871 nm
Estimated maximum distance required for P-LINCS: 0.871 nm
This distance will limit the DD cell size, you can override this with -rcon
Guess for relative PME load: 0.33
Will use 32 particle-particle and 16 PME only ranks
This is a guess, check the performance at the end of the log file
Using 16 separate PME ranks, as guessed by mdrun
Scaling the initial minimum size with 1/0.8 (option -dds) = 1.25
Optimizing the DD grid for 32 cells with a minimum initial size of 1.089 nm
The maximum allowed number of cells is: X 4 Y 4 Z 4
Domain decomposition grid 4 x 4 x 2, separate PME ranks 16
PME domain decomposition: 4 x 4 x 1
Interleaving PP and PME ranks
This rank does only particle-particle work.

Domain decomposition rank 0, coordinates 0 0 0

Using 48 MPI threads
Using 1 OpenMP thread per tMPI thread

Will do PME sum in reciprocal space for electrostatic interactions.

++++ PLEASE READ AND CITE THE FOLLOWING REFERENCE ++++
U. Essmann, L. Perera, M. L. Berkowitz, T. Darden, H. Lee and L. G. Pedersen 
A smooth particle mesh Ewald method
J. Chem. Phys. 103 (1995) pp. 8577-8592
-------- -------- --- Thank You --- -------- --------

Will do ordinary reciprocal space Ewald sum.
Using a Gaussian width (1/beta) of 0.25613 nm for Ewald
Cut-off's:   NS: 0.801   Coulomb: 0.8   LJ: 0.8
Long Range LJ corr.: <C6> 2.9099e-04
System total charge: -1.000
Generated table with 900 data points for Ewald.
Tabscale = 500 points/nm
Generated table with 900 data points for LJ6.
Tabscale = 500 points/nm
Generated table with 900 data points for LJ12.
Tabscale = 500 points/nm
Generated table with 900 data points for 1-4 COUL.
Tabscale = 500 points/nm
Generated table with 900 data points for 1-4 LJ6.
Tabscale = 500 points/nm
Generated table with 900 data points for 1-4 LJ12.
Tabscale = 500 points/nm
Potential shift: LJ r^-12: -1.455e+01 r^-6: -3.815e+00, Ewald -1.000e-05
Initialized non-bonded Ewald correction tables, spacing: 8.35e-04 size: 960


Using AVX2_256 4x8 non-bonded kernels

Using Lorentz-Berthelot Lennard-Jones combination rule

Pinning threads with an auto-selected logical core stride of 1

Initializing Parallel LINear Constraint Solver

++++ PLEASE READ AND CITE THE FOLLOWING REFERENCE ++++
B. Hess
P-LINCS: A Parallel Linear Constraint Solver for molecular simulation
J. Chem. Theory Comput. 4 (2008) pp. 116-122
-------- -------- --- Thank You --- -------- --------

The number of constraints is 274
There are inter charge-group constraints,
will communicate selected coordinates each lincs iteration

++++ PLEASE READ AND CITE THE FOLLOWING REFERENCE ++++
S. Miyamoto and P. A. Kollman
SETTLE: An Analytical Version of the SHAKE and RATTLE Algorithms for Rigid
Water Models
J. Comp. Chem. 13 (1992) pp. 952-962
-------- -------- --- Thank You --- -------- --------


Linking all bonded interactions to atoms

The initial number of communication pulses is: X 1 Y 1 Z 1
The initial domain decomposition cell size is: X 1.16 nm Y 1.16 nm Z 2.32 nm

The maximum allowed distance for charge groups involved in interactions is:
                 non-bonded interactions           0.801 nm
(the following are initial values, they could change due to box deformation)
            two-body bonded interactions  (-rdd)   0.801 nm
          multi-body bonded interactions  (-rdd)   0.801 nm
  atoms separated by up to 5 constraints  (-rcon)  1.159 nm

When dynamic load balancing gets turned on, these settings will change to:
The maximum number of communication pulses is: X 1 Y 1 Z 1
The minimum size for domain decomposition cells is 0.871 nm
The requested allowed shrink of DD cells (option -dds) is: 0.80
The allowed shrink of domain decomposition cells is: X 0.75 Y 0.75 Z 0.38
The maximum allowed distance for charge groups involved in interactions is:
                 non-bonded interactions           0.801 nm
            two-body bonded interactions  (-rdd)   0.801 nm
          multi-body bonded interactions  (-rdd)   0.801 nm
  atoms separated by up to 5 constraints  (-rcon)  0.871 nm


Making 3D domain decomposition grid 4 x 4 x 2, home cell index 0 0 0

Center of mass motion removal mode is Linear
We have the following groups for center of mass motion removal:
  0:  rest

++++ PLEASE READ AND CITE THE FOLLOWING REFERENCE ++++
G. Bussi, D. Donadio and M. Parrinello
Canonical sampling through velocity rescaling
J. Chem. Phys. 126 (2007) pp. 014101
-------- -------- --- Thank You --- -------- --------

There are: 9716 Atoms
Atom distribution over 32 domains: av 303 stddev 22 min 279 max 324
Initial temperature: 320.849 K

Started mdrun on rank 0 Thu Oct  8 09:43:04 2020
           Step           Time         Lambda
              0        0.00000        0.00000

   Energies (kJ/mol)
          Angle    Proper Dih. Ryckaert-Bell.  Improper Dih.          LJ-14
    5.69987e+02    5.00957e+02    4.55463e+01    2.08150e+01    3.31936e+02
     Coulomb-14        LJ (SR)  Disper. corr.   Coulomb (SR)   Coul. recip.
    1.41599e+03    2.04006e+04   -2.25026e+03   -1.50393e+05    2.35230e+03
      Potential    Kinetic En.   Total Energy    Temperature Pres. DC (bar)
   -1.27005e+05    2.61414e+04   -1.00863e+05    3.23732e+02   -3.75946e+02
 Pressure (bar)   Constr. rmsd
    9.49694e+02    3.04018e-05

DD  step 9 load imb.: force 15.9%  pme mesh/force 0.844

At step 1000 the performance loss due to force load imbalance is 2.3 %

NOTE: Turning on dynamic load balancing

DD  step 49999  vol min/aver 0.835  load imb.: force  5.3%  pme mesh/force 0.821

           Step           Time         Lambda
          50000      100.00000        0.00000

   Energies (kJ/mol)
          Angle    Proper Dih. Ryckaert-Bell.  Improper Dih.          LJ-14
    5.42284e+02    4.84604e+02    7.18356e+01    3.91610e+01    3.23149e+02
     Coulomb-14        LJ (SR)  Disper. corr.   Coulomb (SR)   Coul. recip.
    1.41818e+03    1.97966e+04   -2.25507e+03   -1.50441e+05    2.21068e+03
      Potential    Kinetic En.   Total Energy    Temperature Pres. DC (bar)
   -1.27809e+05    2.54472e+04   -1.02362e+05    3.15135e+02   -3.77551e+02
 Pressure (bar)   Constr. rmsd
    1.23929e+00    3.36079e-05

DD  step 99999  vol min/aver 0.808  load imb.: force  3.3%  pme mesh/force 0.841

           Step           Time         Lambda
         100000      200.00000        0.00000

   Energies (kJ/mol)
          Angle    Proper Dih. Ryckaert-Bell.  Improper Dih.          LJ-14
    5.78122e+02    4.68513e+02    7.05067e+01    1.94479e+01    3.16247e+02
     Coulomb-14        LJ (SR)  Disper. corr.   Coulomb (SR)   Coul. recip.
    1.41513e+03    1.97525e+04   -2.28670e+03   -1.51392e+05    2.09537e+03
      Potential    Kinetic En.   Total Energy    Temperature Pres. DC (bar)
   -1.28963e+05    2.45441e+04   -1.04419e+05    3.03952e+02   -3.88191e+02
 Pressure (bar)   Constr. rmsd
   -2.53753e+02    4.34002e-05

DD  step 149999  vol min/aver 0.793  load imb.: force  5.9%  pme mesh/force 0.828

           Step           Time         Lambda
         150000      300.00000        0.00000

   Energies (kJ/mol)
          Angle    Proper Dih. Ryckaert-Bell.  Improper Dih.          LJ-14
    6.30625e+02    4.75955e+02    5.33521e+01    2.43818e+01    3.27856e+02
     Coulomb-14        LJ (SR)  Disper. corr.   Coulomb (SR)   Coul. recip.
    1.42091e+03    2.04973e+04   -2.24973e+03   -1.51217e+05    2.25473e+03
      Potential    Kinetic En.   Total Energy    Temperature Pres. DC (bar)
   -1.27781e+05    2.47943e+04   -1.02987e+05    3.07050e+02   -3.75768e+02
 Pressure (bar)   Constr. rmsd
    3.87721e+02    2.60034e-05

DD  step 199999  vol min/aver 0.860  load imb.: force  5.1%  pme mesh/force 0.846

           Step           Time         Lambda
         200000      400.00000        0.00000

   Energies (kJ/mol)
          Angle    Proper Dih. Ryckaert-Bell.  Improper Dih.          LJ-14
    5.75485e+02    5.24748e+02    6.45402e+01    3.92641e+01    3.07169e+02
     Coulomb-14        LJ (SR)  Disper. corr.   Coulomb (SR)   Coul. recip.
    1.42072e+03    1.97693e+04   -2.26936e+03   -1.51046e+05    2.13304e+03
      Potential    Kinetic En.   Total Energy    Temperature Pres. DC (bar)
   -1.28481e+05    2.52398e+04   -1.03241e+05    3.12567e+02   -3.82337e+02
 Pressure (bar)   Constr. rmsd
   -2.25609e+02    4.94505e-05

DD  step 249999  vol min/aver 0.720  load imb.: force  4.2%  pme mesh/force 0.850

           Step           Time         Lambda
         250000      500.00000        0.00000

   Energies (kJ/mol)
          Angle    Proper Dih. Ryckaert-Bell.  Improper Dih.          LJ-14
    5.88055e+02    4.68451e+02    6.21064e+01    3.00447e+01    3.06517e+02
     Coulomb-14        LJ (SR)  Disper. corr.   Coulomb (SR)   Coul. recip.
    1.37223e+03    2.03561e+04   -2.25833e+03   -1.51222e+05    2.23110e+03
      Potential    Kinetic En.   Total Energy    Temperature Pres. DC (bar)
   -1.28066e+05    2.51747e+04   -1.02891e+05    3.11761e+02   -3.78640e+02
 Pressure (bar)   Constr. rmsd
    1.96783e+02    3.78955e-05

DD  step 299999  vol min/aver 0.816  load imb.: force  3.4%  pme mesh/force 0.841

           Step           Time         Lambda
         300000      600.00000        0.00000

   Energies (kJ/mol)
          Angle    Proper Dih. Ryckaert-Bell.  Improper Dih.          LJ-14
    5.44925e+02    4.98243e+02    9.59737e+01    2.87900e+01    3.04473e+02
     Coulomb-14        LJ (SR)  Disper. corr.   Coulomb (SR)   Coul. recip.
    1.43271e+03    2.07803e+04   -2.25995e+03   -1.52029e+05    2.19807e+03
      Potential    Kinetic En.   Total Energy    Temperature Pres. DC (bar)
   -1.28406e+05    2.44335e+04   -1.03972e+05    3.02582e+02   -3.79183e+02
 Pressure (bar)   Constr. rmsd
    2.82657e+02    3.07581e-05

DD  step 349999  vol min/aver 0.789  load imb.: force  3.2%  pme mesh/force 0.829

           Step           Time         Lambda
         350000      700.00000        0.00000

   Energies (kJ/mol)
          Angle    Proper Dih. Ryckaert-Bell.  Improper Dih.          LJ-14
    5.99427e+02    4.74081e+02    5.44378e+01    2.52257e+01    3.07711e+02
     Coulomb-14        LJ (SR)  Disper. corr.   Coulomb (SR)   Coul. recip.
    1.40477e+03    2.01813e+04   -2.27063e+03   -1.51638e+05    2.18201e+03
      Potential    Kinetic En.   Total Energy    Temperature Pres. DC (bar)
   -1.28679e+05    2.51000e+04   -1.03579e+05    3.10835e+02   -3.82765e+02
 Pressure (bar)   Constr. rmsd
   -4.88428e+01    5.43010e-05

DD  step 399999  vol min/aver 0.859  load imb.: force  5.0%  pme mesh/force 0.851

           Step           Time         Lambda
         400000      800.00000        0.00000

   Energies (kJ/mol)
          Angle    Proper Dih. Ryckaert-Bell.  Improper Dih.          LJ-14
    5.56406e+02    4.92716e+02    6.49988e+01    3.25962e+01    3.30778e+02
     Coulomb-14        LJ (SR)  Disper. corr.   Coulomb (SR)   Coul. recip.
    1.39301e+03    2.03430e+04   -2.28051e+03   -1.51637e+05    2.15094e+03
      Potential    Kinetic En.   Total Energy    Temperature Pres. DC (bar)
   -1.28553e+05    2.50060e+04   -1.03547e+05    3.09672e+02   -3.86095e+02
 Pressure (bar)   Constr. rmsd
    3.44419e+02    3.04424e-05

DD  step 449999  vol min/aver 0.857  load imb.: force  4.4%  pme mesh/force 0.838

           Step           Time         Lambda
         450000      900.00000        0.00000

   Energies (kJ/mol)
          Angle    Proper Dih. Ryckaert-Bell.  Improper Dih.          LJ-14
    6.37678e+02    4.58034e+02    7.35256e+01    2.42636e+01    3.05110e+02
     Coulomb-14        LJ (SR)  Disper. corr.   Coulomb (SR)   Coul. recip.
    1.36516e+03    2.04939e+04   -2.27509e+03   -1.51776e+05    2.12923e+03
      Potential    Kinetic En.   Total Energy    Temperature Pres. DC (bar)
   -1.28565e+05    2.52203e+04   -1.03344e+05    3.12325e+02   -3.84267e+02
 Pressure (bar)   Constr. rmsd
    2.41573e+02    4.43170e-05

DD  step 499999  vol min/aver 0.812  load imb.: force  4.3%  pme mesh/force 0.835

           Step           Time         Lambda
         500000     1000.00000        0.00000

   Energies (kJ/mol)
          Angle    Proper Dih. Ryckaert-Bell.  Improper Dih.          LJ-14
    6.73861e+02    4.66758e+02    6.71877e+01    2.41311e+01    3.07940e+02
     Coulomb-14        LJ (SR)  Disper. corr.   Coulomb (SR)   Coul. recip.
    1.34721e+03    1.98589e+04   -2.26013e+03   -1.50601e+05    2.10828e+03
      Potential    Kinetic En.   Total Energy    Temperature Pres. DC (bar)
   -1.28007e+05    2.48506e+04   -1.03157e+05    3.07747e+02   -3.79241e+02
 Pressure (bar)   Constr. rmsd
   -1.71884e+02    5.43840e-05

DD  step 549999  vol min/aver 0.868  load imb.: force  6.4%  pme mesh/force 0.817

           Step           Time         Lambda
         550000     1100.00000        0.00000

   Energies (kJ/mol)
          Angle    Proper Dih. Ryckaert-Bell.  Improper Dih.          LJ-14
    5.92602e+02    4.84790e+02    6.60764e+01    3.19216e+01    3.13313e+02
     Coulomb-14        LJ (SR)  Disper. corr.   Coulomb (SR)   Coul. recip.
    1.41097e+03    2.03955e+04   -2.24957e+03   -1.51253e+05    2.19784e+03
      Potential    Kinetic En.   Total Energy    Temperature Pres. DC (bar)
   -1.28009e+05    2.49787e+04   -1.03031e+05    3.09333e+02   -3.75715e+02
 Pressure (bar)   Constr. rmsd
    1.99743e+02    3.50693e-05

DD  step 599999  vol min/aver 0.868  load imb.: force  3.1%  pme mesh/force 0.846

           Step           Time         Lambda
         600000     1200.00000        0.00000

   Energies (kJ/mol)
          Angle    Proper Dih. Ryckaert-Bell.  Improper Dih.          LJ-14
    5.66265e+02    4.74733e+02    6.01786e+01    2.87378e+01    3.20282e+02
     Coulomb-14        LJ (SR)  Disper. corr.   Coulomb (SR)   Coul. recip.
    1.40096e+03    1.98392e+04   -2.26374e+03   -1.51743e+05    2.17019e+03
      Potential    Kinetic En.   Total Energy    Temperature Pres. DC (bar)
   -1.29146e+05    2.51333e+04   -1.04013e+05    3.11248e+02   -3.80453e+02
 Pressure (bar)   Constr. rmsd
   -2.36490e+02    4.63415e-05

DD  step 649999  vol min/aver 0.750  load imb.: force  3.7%  pme mesh/force 0.850

           Step           Time         Lambda
         650000     1300.00000        0.00000

   Energies (kJ/mol)
          Angle    Proper Dih. Ryckaert-Bell.  Improper Dih.          LJ-14
    6.42023e+02    5.26079e+02    7.19534e+01    4.36712e+01    3.08660e+02
     Coulomb-14        LJ (SR)  Disper. corr.   Coulomb (SR)   Coul. recip.
    1.38846e+03    1.97476e+04   -2.24864e+03   -1.50300e+05    2.26253e+03
      Potential    Kinetic En.   Total Energy    Temperature Pres. DC (bar)
   -1.27558e+05    2.51839e+04   -1.02374e+05    3.11875e+02   -3.75406e+02
 Pressure (bar)   Constr. rmsd
    6.60876e+01    3.60379e-05

DD  step 699999  vol min/aver 0.844  load imb.: force  5.8%  pme mesh/force 0.817

           Step           Time         Lambda
         700000     1400.00000        0.00000

   Energies (kJ/mol)
          Angle    Proper Dih. Ryckaert-Bell.  Improper Dih.          LJ-14
    6.17231e+02    4.77850e+02    5.24505e+01    2.30935e+01    2.91105e+02
     Coulomb-14        LJ (SR)  Disper. corr.   Coulomb (SR)   Coul. recip.
    1.37416e+03    2.01638e+04   -2.25837e+03   -1.51586e+05    2.22522e+03
      Potential    Kinetic En.   Total Energy    Temperature Pres. DC (bar)
   -1.28619e+05    2.54025e+04   -1.03217e+05    3.14582e+02   -3.78653e+02
 Pressure (bar)   Constr. rmsd
   -3.15563e+02    5.73011e-05

DD  step 749999  vol min/aver 0.778  load imb.: force  5.8%  pme mesh/force 0.815

           Step           Time         Lambda
         750000     1500.00000        0.00000

   Energies (kJ/mol)
          Angle    Proper Dih. Ryckaert-Bell.  Improper Dih.          LJ-14
    6.12451e+02    4.80290e+02    8.11285e+01    2.08277e+01    3.24356e+02
     Coulomb-14        LJ (SR)  Disper. corr.   Coulomb (SR)   Coul. recip.
    1.44540e+03    1.95160e+04   -2.25263e+03   -1.50434e+05    2.27692e+03
      Potential    Kinetic En.   Total Energy    Temperature Pres. DC (bar)
   -1.27929e+05    2.48990e+04   -1.03030e+05    3.08346e+02   -3.76737e+02
 Pressure (bar)   Constr. rmsd
   -3.14396e+02    3.89562e-05

DD  step 799999  vol min/aver 0.839  load imb.: force  3.3%  pme mesh/force 0.815

           Step           Time         Lambda
         800000     1600.00000        0.00000

   Energies (kJ/mol)
          Angle    Proper Dih. Ryckaert-Bell.  Improper Dih.          LJ-14
    6.08359e+02    4.66312e+02    5.82038e+01    1.81489e+01    2.90521e+02
     Coulomb-14        LJ (SR)  Disper. corr.   Coulomb (SR)   Coul. recip.
    1.43128e+03    1.94825e+04   -2.27690e+03   -1.50583e+05    2.17833e+03
      Potential    Kinetic En.   Total Energy    Temperature Pres. DC (bar)
   -1.28326e+05    2.45234e+04   -1.03803e+05    3.03695e+02   -3.84878e+02
 Pressure (bar)   Constr. rmsd
   -2.98116e+02    4.89916e-05

DD  step 849999  vol min/aver 0.790  load imb.: force  6.4%  pme mesh/force 0.808

           Step           Time         Lambda
         850000     1700.00000        0.00000

   Energies (kJ/mol)
          Angle    Proper Dih. Ryckaert-Bell.  Improper Dih.          LJ-14
    6.16594e+02    4.96311e+02    5.82858e+01    2.29540e+01    3.23811e+02
     Coulomb-14        LJ (SR)  Disper. corr.   Coulomb (SR)   Coul. recip.
    1.44304e+03    1.99096e+04   -2.26020e+03   -1.50617e+05    2.19406e+03
      Potential    Kinetic En.   Total Energy    Temperature Pres. DC (bar)
   -1.27812e+05    2.50714e+04   -1.02741e+05    3.10481e+02   -3.79266e+02
 Pressure (bar)   Constr. rmsd
    6.31525e+01    5.62335e-05

DD  step 899999  vol min/aver 0.807  load imb.: force  3.8%  pme mesh/force 0.814

           Step           Time         Lambda
         900000     1800.00000        0.00000

   Energies (kJ/mol)
          Angle    Proper Dih. Ryckaert-Bell.  Improper Dih.          LJ-14
    5.66295e+02    4.55104e+02    7.25692e+01    2.36132e+01    3.15743e+02
     Coulomb-14        LJ (SR)  Disper. corr.   Coulomb (SR)   Coul. recip.
    1.36629e+03    2.02615e+04   -2.27320e+03   -1.50235e+05    2.25966e+03
      Potential    Kinetic En.   Total Energy    Temperature Pres. DC (bar)
   -1.27188e+05    2.51217e+04   -1.02066e+05    3.11105e+02   -3.83631e+02
 Pressure (bar)   Constr. rmsd
    4.37627e+02    3.78109e-05

DD  step 949999  vol min/aver 0.718  load imb.: force  4.0%  pme mesh/force 0.841

           Step           Time         Lambda
         950000     1900.00000        0.00000

   Energies (kJ/mol)
          Angle    Proper Dih. Ryckaert-Bell.  Improper Dih.          LJ-14
    6.10947e+02    4.65913e+02    6.56726e+01    1.42519e+01    3.15221e+02
     Coulomb-14        LJ (SR)  Disper. corr.   Coulomb (SR)   Coul. recip.
    1.39368e+03    1.98987e+04   -2.25309e+03   -1.50607e+05    2.18079e+03
      Potential    Kinetic En.   Total Energy    Temperature Pres. DC (bar)
   -1.27915e+05    2.50227e+04   -1.02892e+05    3.09878e+02   -3.76888e+02
 Pressure (bar)   Constr. rmsd
   -1.41905e+01    4.42945e-05

DD  step 999999  vol min/aver 0.664  load imb.: force  6.0%  pme mesh/force 0.823

           Step           Time         Lambda
        1000000     2000.00000        0.00000

   Energies (kJ/mol)
          Angle    Proper Dih. Ryckaert-Bell.  Improper Dih.          LJ-14
    6.36144e+02    4.75211e+02    9.17486e+01    3.07311e+01    3.06310e+02
     Coulomb-14        LJ (SR)  Disper. corr.   Coulomb (SR)   Coul. recip.
    1.37312e+03    1.95001e+04   -2.24201e+03   -1.50223e+05    2.22747e+03
      Potential    Kinetic En.   Total Energy    Temperature Pres. DC (bar)
   -1.27824e+05    2.51577e+04   -1.02666e+05    3.11551e+02   -3.73199e+02
 Pressure (bar)   Constr. rmsd
   -3.21046e+02    3.51184e-05

DD  step 1049999  vol min/aver 0.792  load imb.: force  3.4%  pme mesh/force 0.816

           Step           Time         Lambda
        1050000     2100.00000        0.00000

   Energies (kJ/mol)
          Angle    Proper Dih. Ryckaert-Bell.  Improper Dih.          LJ-14
    5.77571e+02    4.81106e+02    5.61361e+01    2.93946e+01    3.16628e+02
     Coulomb-14        LJ (SR)  Disper. corr.   Coulomb (SR)   Coul. recip.
    1.44914e+03    2.03638e+04   -2.25326e+03   -1.51543e+05    2.26583e+03
      Potential    Kinetic En.   Total Energy    Temperature Pres. DC (bar)
   -1.28257e+05    2.53073e+04   -1.02950e+05    3.13403e+02   -3.76947e+02
 Pressure (bar)   Constr. rmsd
    8.46124e+01    3.61349e-05

DD  step 1099999  vol min/aver 0.763  load imb.: force  4.6%  pme mesh/force 0.838

           Step           Time         Lambda
        1100000     2200.00000        0.00000

   Energies (kJ/mol)
          Angle    Proper Dih. Ryckaert-Bell.  Improper Dih.          LJ-14
    5.66804e+02    4.95187e+02    7.11972e+01    3.21511e+01    3.28930e+02
     Coulomb-14        LJ (SR)  Disper. corr.   Coulomb (SR)   Coul. recip.
    1.48535e+03    1.98841e+04   -2.23566e+03   -1.50478e+05    2.18241e+03
      Potential    Kinetic En.   Total Energy    Temperature Pres. DC (bar)
   -1.27667e+05    2.52310e+04   -1.02436e+05    3.12458e+02   -3.71095e+02
 Pressure (bar)   Constr. rmsd
   -1.46254e+01    4.24842e-05

DD  step 1149999  vol min/aver 0.751  load imb.: force  4.3%  pme mesh/force 0.815

           Step           Time         Lambda
        1150000     2300.00000        0.00000

   Energies (kJ/mol)
          Angle    Proper Dih. Ryckaert-Bell.  Improper Dih.          LJ-14
    6.24753e+02    4.93405e+02    6.23485e+01    3.10637e+01    3.15601e+02
     Coulomb-14        LJ (SR)  Disper. corr.   Coulomb (SR)   Coul. recip.
    1.40716e+03    1.99319e+04   -2.26154e+03   -1.51225e+05    2.16794e+03
      Potential    Kinetic En.   Total Energy    Temperature Pres. DC (bar)
   -1.28452e+05    2.55695e+04   -1.02882e+05    3.16649e+02   -3.79714e+02
 Pressure (bar)   Constr. rmsd
   -1.04525e+02    5.02645e-05

DD  step 1199999  vol min/aver 0.713  load imb.: force  5.1%  pme mesh/force 0.797

           Step           Time         Lambda
        1200000     2400.00000        0.00000

   Energies (kJ/mol)
          Angle    Proper Dih. Ryckaert-Bell.  Improper Dih.          LJ-14
    6.57391e+02    4.78473e+02    4.56259e+01    3.49235e+01    3.08924e+02
     Coulomb-14        LJ (SR)  Disper. corr.   Coulomb (SR)   Coul. recip.
    1.38359e+03    2.01224e+04   -2.27495e+03   -1.50938e+05    2.22231e+03
      Potential    Kinetic En.   Total Energy    Temperature Pres. DC (bar)
   -1.27960e+05    2.45828e+04   -1.03377e+05    3.04431e+02   -3.84220e+02
 Pressure (bar)   Constr. rmsd
    1.00755e+02    6.84381e-05

DD  step 1249999  vol min/aver 0.818  load imb.: force  4.5%  pme mesh/force 0.807

           Step           Time         Lambda
        1250000     2500.00000        0.00000

   Energies (kJ/mol)
          Angle    Proper Dih. Ryckaert-Bell.  Improper Dih.          LJ-14
    5.94352e+02    4.76221e+02    5.97857e+01    3.05028e+01    3.25155e+02
     Coulomb-14        LJ (SR)  Disper. corr.   Coulomb (SR)   Coul. recip.
    1.48612e+03    1.97842e+04   -2.28111e+03   -1.50894e+05    2.23396e+03
      Potential    Kinetic En.   Total Energy    Temperature Pres. DC (bar)
   -1.28185e+05    2.52637e+04   -1.02921e+05    3.12863e+02   -3.86298e+02
 Pressure (bar)   Constr. rmsd
    1.72759e+02    3.52150e-05

DD  step 1299999  vol min/aver 0.664  load imb.: force  8.2%  pme mesh/force 0.806

           Step           Time         Lambda
        1300000     2600.00000        0.00000

   Energies (kJ/mol)
          Angle    Proper Dih. Ryckaert-Bell.  Improper Dih.          LJ-14
    5.71583e+02    4.71073e+02    3.88206e+01    2.33715e+01    3.30956e+02
     Coulomb-14        LJ (SR)  Disper. corr.   Coulomb (SR)   Coul. recip.
    1.41982e+03    2.07082e+04   -2.26407e+03   -1.51966e+05    2.16089e+03
      Potential    Kinetic En.   Total Energy    Temperature Pres. DC (bar)
   -1.28506e+05    2.46770e+04   -1.03828e+05    3.05597e+02   -3.80561e+02
 Pressure (bar)   Constr. rmsd
    1.88105e+02    5.95283e-05

DD  step 1349999  vol min/aver 0.663  load imb.: force  6.7%  pme mesh/force 0.825

           Step           Time         Lambda
        1350000     2700.00000        0.00000

   Energies (kJ/mol)
          Angle    Proper Dih. Ryckaert-Bell.  Improper Dih.          LJ-14
    5.48002e+02    4.93227e+02    5.13398e+01    2.86285e+01    3.16408e+02
     Coulomb-14        LJ (SR)  Disper. corr.   Coulomb (SR)   Coul. recip.
    1.39037e+03    2.03869e+04   -2.25823e+03   -1.51353e+05    2.21309e+03
      Potential    Kinetic En.   Total Energy    Temperature Pres. DC (bar)
   -1.28183e+05    2.48586e+04   -1.03324e+05    3.07846e+02   -3.78605e+02
 Pressure (bar)   Constr. rmsd
    2.21750e+02    3.57528e-05

DD  step 1399999  vol min/aver 0.571  load imb.: force  4.2%  pme mesh/force 0.834

           Step           Time         Lambda
        1400000     2800.00000        0.00000

   Energies (kJ/mol)
          Angle    Proper Dih. Ryckaert-Bell.  Improper Dih.          LJ-14
    6.47434e+02    5.43582e+02    5.69637e+01    4.28279e+01    3.03520e+02
     Coulomb-14        LJ (SR)  Disper. corr.   Coulomb (SR)   Coul. recip.
    1.42327e+03    1.95500e+04   -2.26220e+03   -1.49717e+05    2.18009e+03
      Potential    Kinetic En.   Total Energy    Temperature Pres. DC (bar)
   -1.27232e+05    2.54146e+04   -1.01817e+05    3.14732e+02   -3.79934e+02
 Pressure (bar)   Constr. rmsd
   -4.55889e+01    4.97204e-05

DD  step 1449999  vol min/aver 0.579  load imb.: force  4.4%  pme mesh/force 0.843

           Step           Time         Lambda
        1450000     2900.00000        0.00000

   Energies (kJ/mol)
          Angle    Proper Dih. Ryckaert-Bell.  Improper Dih.          LJ-14
    6.18443e+02    4.77393e+02    3.97198e+01    3.17082e+01    3.14932e+02
     Coulomb-14        LJ (SR)  Disper. corr.   Coulomb (SR)   Coul. recip.
    1.39525e+03    2.00085e+04   -2.27231e+03   -1.51621e+05    2.17787e+03
      Potential    Kinetic En.   Total Energy    Temperature Pres. DC (bar)
   -1.28830e+05    2.52587e+04   -1.03571e+05    3.12801e+02   -3.83330e+02
 Pressure (bar)   Constr. rmsd
    9.56088e+00    3.47548e-05

DD  step 1499999  vol min/aver 0.713  load imb.: force  5.1%  pme mesh/force 0.835

           Step           Time         Lambda
        1500000     3000.00000        0.00000

   Energies (kJ/mol)
          Angle    Proper Dih. Ryckaert-Bell.  Improper Dih.          LJ-14
    6.13652e+02    4.71584e+02    5.76158e+01    2.14482e+01    3.18713e+02
     Coulomb-14        LJ (SR)  Disper. corr.   Coulomb (SR)   Coul. recip.
    1.41241e+03    1.96638e+04   -2.25622e+03   -1.50728e+05    2.17266e+03
      Potential    Kinetic En.   Total Energy    Temperature Pres. DC (bar)
   -1.28253e+05    2.48749e+04   -1.03378e+05    3.08048e+02   -3.77935e+02
 Pressure (bar)   Constr. rmsd
   -2.64328e+02    4.11381e-05

Writing checkpoint, step 1530830 at Thu Oct  8 09:58:04 2020


DD  step 1549999  vol min/aver 0.698  load imb.: force  2.5%  pme mesh/force 0.846

           Step           Time         Lambda
        1550000     3100.00000        0.00000

   Energies (kJ/mol)
          Angle    Proper Dih. Ryckaert-Bell.  Improper Dih.          LJ-14
    5.74788e+02    4.88590e+02    9.15988e+01    2.10301e+01    3.10154e+02
     Coulomb-14        LJ (SR)  Disper. corr.   Coulomb (SR)   Coul. recip.
    1.45971e+03    1.97110e+04   -2.24471e+03   -1.51284e+05    2.14954e+03
      Potential    Kinetic En.   Total Energy    Temperature Pres. DC (bar)
   -1.28722e+05    2.51598e+04   -1.03562e+05    3.11576e+02   -3.74098e+02
 Pressure (bar)   Constr. rmsd
   -4.33018e+02    3.52041e-05

DD  step 1599999  vol min/aver 0.683  load imb.: force  4.6%  pme mesh/force 0.827

           Step           Time         Lambda
        1600000     3200.00000        0.00000

   Energies (kJ/mol)
          Angle    Proper Dih. Ryckaert-Bell.  Improper Dih.          LJ-14
    5.36210e+02    4.69166e+02    5.22707e+01    2.65870e+01    3.12314e+02
     Coulomb-14        LJ (SR)  Disper. corr.   Coulomb (SR)   Coul. recip.
    1.47472e+03    2.01920e+04   -2.26597e+03   -1.51628e+05    2.16529e+03
      Potential    Kinetic En.   Total Energy    Temperature Pres. DC (bar)
   -1.28665e+05    2.51889e+04   -1.03476e+05    3.11937e+02   -3.81198e+02
 Pressure (bar)   Constr. rmsd
    1.60267e+02    3.54916e-05

DD  step 1649999  vol min/aver 0.669  load imb.: force  4.2%  pme mesh/force 0.831

           Step           Time         Lambda
        1650000     3300.00000        0.00000

   Energies (kJ/mol)
          Angle    Proper Dih. Ryckaert-Bell.  Improper Dih.          LJ-14
    5.95124e+02    4.55970e+02    5.13491e+01    1.71471e+01    3.18649e+02
     Coulomb-14        LJ (SR)  Disper. corr.   Coulomb (SR)   Coul. recip.
    1.39670e+03    1.93177e+04   -2.23803e+03   -1.49285e+05    2.33474e+03
      Potential    Kinetic En.   Total Energy    Temperature Pres. DC (bar)
   -1.27036e+05    2.55549e+04   -1.01481e+05    3.16469e+02   -3.71879e+02
 Pressure (bar)   Constr. rmsd
   -2.20027e+02    4.93982e-05

DD  step 1699999  vol min/aver 0.572  load imb.: force  3.1%  pme mesh/force 0.836

           Step           Time         Lambda
        1700000     3400.00000        0.00000

   Energies (kJ/mol)
          Angle    Proper Dih. Ryckaert-Bell.  Improper Dih.          LJ-14
    6.40330e+02    4.63593e+02    5.43915e+01    2.68275e+01    3.09368e+02
     Coulomb-14        LJ (SR)  Disper. corr.   Coulomb (SR)   Coul. recip.
    1.40389e+03    2.07208e+04   -2.27765e+03   -1.51508e+05    2.21214e+03
      Potential    Kinetic En.   Total Energy    Temperature Pres. DC (bar)
   -1.27954e+05    2.51281e+04   -1.02826e+05    3.11183e+02   -3.85132e+02
 Pressure (bar)   Constr. rmsd
    6.93207e+02    4.36553e-05

DD  step 1749999  vol min/aver 0.589  load imb.: force  5.8%  pme mesh/force 0.828

           Step           Time         Lambda
        1750000     3500.00000        0.00000

   Energies (kJ/mol)
          Angle    Proper Dih. Ryckaert-Bell.  Improper Dih.          LJ-14
    6.43386e+02    4.62994e+02    6.23392e+01    2.46616e+01    2.99829e+02
     Coulomb-14        LJ (SR)  Disper. corr.   Coulomb (SR)   Coul. recip.
    1.35792e+03    1.96547e+04   -2.24791e+03   -1.50403e+05    2.20085e+03
      Potential    Kinetic En.   Total Energy    Temperature Pres. DC (bar)
   -1.27944e+05    2.50542e+04   -1.02890e+05    3.10268e+02   -3.75162e+02
 Pressure (bar)   Constr. rmsd
   -2.10504e+02    4.11936e-05

DD  step 1799999  vol min/aver 0.552  load imb.: force  5.0%  pme mesh/force 0.834

           Step           Time         Lambda
        1800000     3600.00000        0.00000

   Energies (kJ/mol)
          Angle    Proper Dih. Ryckaert-Bell.  Improper Dih.          LJ-14
    5.51777e+02    4.62089e+02    6.16775e+01    2.68904e+01    3.08225e+02
     Coulomb-14        LJ (SR)  Disper. corr.   Coulomb (SR)   Coul. recip.
    1.40856e+03    2.00832e+04   -2.26762e+03   -1.51058e+05    2.16987e+03
      Potential    Kinetic En.   Total Energy    Temperature Pres. DC (bar)
   -1.28254e+05    2.49222e+04   -1.03332e+05    3.08633e+02   -3.81755e+02
 Pressure (bar)   Constr. rmsd
   -5.45815e+01    4.36535e-05

DD  step 1849999  vol min/aver 0.603  load imb.: force  3.2%  pme mesh/force 0.836

           Step           Time         Lambda
        1850000     3700.00000        0.00000

   Energies (kJ/mol)
          Angle    Proper Dih. Ryckaert-Bell.  Improper Dih.          LJ-14
    5.59094e+02    4.55804e+02    5.38314e+01    1.76759e+01    3.17888e+02
     Coulomb-14        LJ (SR)  Disper. corr.   Coulomb (SR)   Coul. recip.
    1.44931e+03    2.08191e+04   -2.25834e+03   -1.52206e+05    2.18797e+03
      Potential    Kinetic En.   Total Energy    Temperature Pres. DC (bar)
   -1.28603e+05    2.49727e+04   -1.03631e+05    3.09259e+02   -3.78644e+02
 Pressure (bar)   Constr. rmsd
    3.19747e+02    4.26900e-05

DD  step 1899999  vol min/aver 0.547  load imb.: force  5.0%  pme mesh/force 0.832

           Step           Time         Lambda
        1900000     3800.00000        0.00000

   Energies (kJ/mol)
          Angle    Proper Dih. Ryckaert-Bell.  Improper Dih.          LJ-14
    5.56642e+02    5.19921e+02    7.50005e+01    3.06549e+01    3.09554e+02
     Coulomb-14        LJ (SR)  Disper. corr.   Coulomb (SR)   Coul. recip.
    1.41329e+03    2.01987e+04   -2.27797e+03   -1.51250e+05    2.18298e+03
      Potential    Kinetic En.   Total Energy    Temperature Pres. DC (bar)
   -1.28241e+05    2.51057e+04   -1.03136e+05    3.10906e+02   -3.85237e+02
 Pressure (bar)   Constr. rmsd
    2.06627e+02    3.17677e-05

DD  step 1949999  vol min/aver 0.643  load imb.: force  4.7%  pme mesh/force 0.830

           Step           Time         Lambda
        1950000     3900.00000        0.00000

   Energies (kJ/mol)
          Angle    Proper Dih. Ryckaert-Bell.  Improper Dih.          LJ-14
    5.57985e+02    4.96508e+02    7.83045e+01    2.17525e+01    3.05584e+02
     Coulomb-14        LJ (SR)  Disper. corr.   Coulomb (SR)   Coul. recip.
    1.40163e+03    2.06094e+04   -2.26002e+03   -1.51880e+05    2.27541e+03
      Potential    Kinetic En.   Total Energy    Temperature Pres. DC (bar)
   -1.28394e+05    2.52194e+04   -1.03174e+05    3.12314e+02   -3.79205e+02
 Pressure (bar)   Constr. rmsd
    2.81413e+02    4.66997e-05

DD  step 1999999  vol min/aver 0.672  load imb.: force  4.2%  pme mesh/force 0.836

           Step           Time         Lambda
        2000000     4000.00000        0.00000

   Energies (kJ/mol)
          Angle    Proper Dih. Ryckaert-Bell.  Improper Dih.          LJ-14
    4.96985e+02    4.93787e+02    8.15311e+01    1.67439e+01    3.09811e+02
     Coulomb-14        LJ (SR)  Disper. corr.   Coulomb (SR)   Coul. recip.
    1.39562e+03    2.02538e+04   -2.26162e+03   -1.51355e+05    2.20355e+03
      Potential    Kinetic En.   Total Energy    Temperature Pres. DC (bar)
   -1.28365e+05    2.49838e+04   -1.03381e+05    3.09397e+02   -3.79741e+02
 Pressure (bar)   Constr. rmsd
    9.94073e+01    4.31247e-05

DD  step 2049999  vol min/aver 0.780  load imb.: force  3.1%  pme mesh/force 0.807

           Step           Time         Lambda
        2050000     4100.00000        0.00000

   Energies (kJ/mol)
          Angle    Proper Dih. Ryckaert-Bell.  Improper Dih.          LJ-14
    6.42867e+02    4.71147e+02    6.09513e+01    1.98933e+01    3.15986e+02
     Coulomb-14        LJ (SR)  Disper. corr.   Coulomb (SR)   Coul. recip.
    1.47303e+03    1.94351e+04   -2.27871e+03   -1.50511e+05    2.15646e+03
      Potential    Kinetic En.   Total Energy    Temperature Pres. DC (bar)
   -1.28214e+05    2.51083e+04   -1.03106e+05    3.10939e+02   -3.85489e+02
 Pressure (bar)   Constr. rmsd
   -2.79081e+01    4.55595e-05

DD  step 2099999  vol min/aver 0.708  load imb.: force  4.2%  pme mesh/force 0.839

           Step           Time         Lambda
        2100000     4200.00000        0.00000

   Energies (kJ/mol)
          Angle    Proper Dih. Ryckaert-Bell.  Improper Dih.          LJ-14
    5.65998e+02    5.02405e+02    7.30504e+01    2.12176e+01    2.94323e+02
     Coulomb-14        LJ (SR)  Disper. corr.   Coulomb (SR)   Coul. recip.
    1.39587e+03    1.97114e+04   -2.24949e+03   -1.50056e+05    2.22386e+03
      Potential    Kinetic En.   Total Energy    Temperature Pres. DC (bar)
   -1.27518e+05    2.45386e+04   -1.02979e+05    3.03884e+02   -3.75689e+02
 Pressure (bar)   Constr. rmsd
   -9.50838e+01    4.18240e-05

DD  step 2149999  vol min/aver 0.810  load imb.: force  4.3%  pme mesh/force 0.807

           Step           Time         Lambda
        2150000     4300.00000        0.00000

   Energies (kJ/mol)
          Angle    Proper Dih. Ryckaert-Bell.  Improper Dih.          LJ-14
    5.81549e+02    4.82943e+02    5.70685e+01    3.41726e+01    3.02914e+02
     Coulomb-14        LJ (SR)  Disper. corr.   Coulomb (SR)   Coul. recip.
    1.40858e+03    2.05875e+04   -2.27471e+03   -1.51151e+05    2.20055e+03
      Potential    Kinetic En.   Total Energy    Temperature Pres. DC (bar)
   -1.27770e+05    2.48848e+04   -1.02885e+05    3.08171e+02   -3.84138e+02
 Pressure (bar)   Constr. rmsd
    5.89034e+02    3.73173e-05

DD  step 2199999  vol min/aver 0.696  load imb.: force  6.7%  pme mesh/force 0.816

           Step           Time         Lambda
        2200000     4400.00000        0.00000

   Energies (kJ/mol)
          Angle    Proper Dih. Ryckaert-Bell.  Improper Dih.          LJ-14
    6.06868e+02    4.90700e+02    7.37127e+01    2.96118e+01    3.14261e+02
     Coulomb-14        LJ (SR)  Disper. corr.   Coulomb (SR)   Coul. recip.
    1.37503e+03    2.00872e+04   -2.24753e+03   -1.51408e+05    2.21440e+03
      Potential    Kinetic En.   Total Energy    Temperature Pres. DC (bar)
   -1.28463e+05    2.47298e+04   -1.03733e+05    3.06252e+02   -3.75034e+02
 Pressure (bar)   Constr. rmsd
   -5.54525e+01    2.86107e-05

DD  step 2249999  vol min/aver 0.769  load imb.: force  3.7%  pme mesh/force 0.830

           Step           Time         Lambda
        2250000     4500.00000        0.00000

   Energies (kJ/mol)
          Angle    Proper Dih. Ryckaert-Bell.  Improper Dih.          LJ-14
    5.40722e+02    4.96196e+02    7.34586e+01    2.98141e+01    3.07692e+02
     Coulomb-14        LJ (SR)  Disper. corr.   Coulomb (SR)   Coul. recip.
    1.41513e+03    1.98285e+04   -2.25341e+03   -1.50816e+05    2.16303e+03
      Potential    Kinetic En.   Total Energy    Temperature Pres. DC (bar)
   -1.28215e+05    2.49684e+04   -1.03247e+05    3.09206e+02   -3.76995e+02
 Pressure (bar)   Constr. rmsd
   -4.12501e+01    4.03029e-05

DD  step 2299999  vol min/aver 0.603  load imb.: force  4.9%  pme mesh/force 0.822

           Step           Time         Lambda
        2300000     4600.00000        0.00000

   Energies (kJ/mol)
          Angle    Proper Dih. Ryckaert-Bell.  Improper Dih.          LJ-14
    6.08600e+02    4.84837e+02    7.24793e+01    2.45012e+01    3.08697e+02
     Coulomb-14        LJ (SR)  Disper. corr.   Coulomb (SR)   Coul. recip.
    1.43173e+03    1.94718e+04   -2.25786e+03   -1.50531e+05    2.13690e+03
      Potential    Kinetic En.   Total Energy    Temperature Pres. DC (bar)
   -1.28250e+05    2.52766e+04   -1.02973e+05    3.13022e+02   -3.78481e+02
 Pressure (bar)   Constr. rmsd
   -1.90652e+02    3.35832e-05

DD  step 2349999  vol min/aver 0.676  load imb.: force  4.7%  pme mesh/force 0.848

           Step           Time         Lambda
        2350000     4700.00000        0.00000

   Energies (kJ/mol)
          Angle    Proper Dih. Ryckaert-Bell.  Improper Dih.          LJ-14
    5.54513e+02    4.87197e+02    5.81527e+01    2.98632e+01    2.98718e+02
     Coulomb-14        LJ (SR)  Disper. corr.   Coulomb (SR)   Coul. recip.
    1.37966e+03    1.94769e+04   -2.25108e+03   -1.50655e+05    2.18165e+03
      Potential    Kinetic En.   Total Energy    Temperature Pres. DC (bar)
   -1.28439e+05    2.49692e+04   -1.03470e+05    3.09215e+02   -3.76219e+02
 Pressure (bar)   Constr. rmsd
   -4.29414e+02    4.00909e-05

DD  step 2399999  vol min/aver 0.857  load imb.: force  3.8%  pme mesh/force 0.818

           Step           Time         Lambda
        2400000     4800.00000        0.00000

   Energies (kJ/mol)
          Angle    Proper Dih. Ryckaert-Bell.  Improper Dih.          LJ-14
    5.52439e+02    4.97245e+02    8.37591e+01    1.98100e+01    3.10394e+02
     Coulomb-14        LJ (SR)  Disper. corr.   Coulomb (SR)   Coul. recip.
    1.39736e+03    1.97992e+04   -2.27702e+03   -1.50579e+05    2.11042e+03
      Potential    Kinetic En.   Total Energy    Temperature Pres. DC (bar)
   -1.28085e+05    2.49971e+04   -1.03088e+05    3.09562e+02   -3.84919e+02
 Pressure (bar)   Constr. rmsd
    1.28868e+02    3.00731e-05

DD  step 2449999  vol min/aver 0.773  load imb.: force  3.3%  pme mesh/force 0.815

           Step           Time         Lambda
        2450000     4900.00000        0.00000

   Energies (kJ/mol)
          Angle    Proper Dih. Ryckaert-Bell.  Improper Dih.          LJ-14
    5.33527e+02    4.90085e+02    5.41667e+01    2.75812e+01    3.21096e+02
     Coulomb-14        LJ (SR)  Disper. corr.   Coulomb (SR)   Coul. recip.
    1.44584e+03    2.09004e+04   -2.28373e+03   -1.52649e+05    2.19920e+03
      Potential    Kinetic En.   Total Energy    Temperature Pres. DC (bar)
   -1.28960e+05    2.50757e+04   -1.03885e+05    3.10535e+02   -3.87184e+02
 Pressure (bar)   Constr. rmsd
    5.73200e+02    3.82558e-05

DD  step 2499999  vol min/aver 0.764  load imb.: force  4.4%  pme mesh/force 0.821

           Step           Time         Lambda
        2500000     5000.00000        0.00000

Writing checkpoint, step 2500000 at Thu Oct  8 10:07:41 2020


   Energies (kJ/mol)
          Angle    Proper Dih. Ryckaert-Bell.  Improper Dih.          LJ-14
    5.87031e+02    4.79333e+02    8.65303e+01    3.13057e+01    3.11814e+02
     Coulomb-14        LJ (SR)  Disper. corr.   Coulomb (SR)   Coul. recip.
    1.41207e+03    1.94519e+04   -2.26621e+03   -1.50104e+05    2.22049e+03
      Potential    Kinetic En.   Total Energy    Temperature Pres. DC (bar)
   -1.27790e+05    2.48355e+04   -1.02955e+05    3.07560e+02   -3.81280e+02
 Pressure (bar)   Constr. rmsd
   -1.83129e+02    3.02737e-05

	<======  ###############  ==>
	<====  A V E R A G E S  ====>
	<==  ###############  ======>

	Statistics over 2500001 steps using 25001 frames

   Energies (kJ/mol)
          Angle    Proper Dih. Ryckaert-Bell.  Improper Dih.          LJ-14
    5.93455e+02    4.84337e+02    6.10717e+01    2.67217e+01    3.13253e+02
     Coulomb-14        LJ (SR)  Disper. corr.   Coulomb (SR)   Coul. recip.
    1.41030e+03    1.99726e+04   -2.26128e+03   -1.50949e+05    2.20013e+03
      Potential    Kinetic En.   Total Energy    Temperature Pres. DC (bar)
   -1.28148e+05    2.50294e+04   -1.03119e+05    3.09961e+02   -3.79638e+02
 Pressure (bar)   Constr. rmsd
    3.13858e+00    0.00000e+00

          Box-X          Box-Y          Box-Z
    4.62838e+00    4.62838e+00    4.62838e+00

   Total Virial (kJ/mol)
    8.33035e+03   -5.83003e+00   -4.04700e-01
   -5.82974e+00    8.33444e+03   -7.76024e+00
   -4.11912e-01   -7.77700e+00    8.34048e+03

   Pressure (bar)
    4.65350e+00    1.36524e+00    1.89834e-01
    1.36518e+00    3.44315e+00    2.40373e+00
    1.92227e-01    2.40929e+00    1.31910e+00

      T-Protein  T-non-Protein
    3.10094e+02    3.09958e+02


	M E G A - F L O P S   A C C O U N T I N G

 NB=Group-cutoff nonbonded kernels    NxN=N-by-N cluster Verlet kernels
 RF=Reaction-Field  VdW=Van der Waals  QSTab=quadratic-spline table
 W3=SPC/TIP3p  W4=TIP4p (single or pairs)
 V&F=Potential and force  V=Potential only  F=Force only

 Computing:                               M-Number         M-Flops  % Flops
-----------------------------------------------------------------------------
 Pair Search distance check          585756.625584     5271809.630     1.0
 NxN Ewald Elec. + LJ [F]           3966195.336320   261768892.197    49.4
 NxN Ewald Elec. + LJ [V&F]           40063.150976     4286757.154     0.8
 NxN Ewald Elec. [F]                3541245.297600   216015963.154    40.7
 NxN Ewald Elec. [V&F]                35771.114816     3004773.645     0.6
 1,4 nonbonded interactions            1702.500681      153225.061     0.0
 Calc Weights                         72870.029148     2623321.049     0.5
 Spread Q Bspline                   1554560.621824     3109121.244     0.6
 Gather F Bspline                   1554560.621824     9327363.731     1.8
 3D-FFT                             2457600.983040    19660807.864     3.7
 Solve PME                            10240.004096      655360.262     0.1
 Reset In Box                          2429.000000        7287.000     0.0
 CG-CoM                                2429.009716        7287.029     0.0
 Angles                                1205.000482      202440.081     0.0
 Propers                               1397.500559      320027.628     0.1
 Impropers                              145.000058       30160.012     0.0
 RB-Dihedrals                           302.500121       74717.530     0.0
 Virial                                2789.011156       50202.201     0.0
 Stop-CM                                242.909716        2429.097     0.0
 Calc-Ekin                             4858.019432      131166.525     0.0
 Lincs                                 1874.516330      112470.980     0.0
 Lincs-Mat                            38892.808152      155571.233     0.0
 Constraint-V                         31699.309225      253594.474     0.0
 Constraint-Vir                        2982.489941       71579.759     0.0
 Settle                                9316.758855     3009313.110     0.6
-----------------------------------------------------------------------------
 Total                                               530305641.649   100.0
-----------------------------------------------------------------------------


    D O M A I N   D E C O M P O S I T I O N   S T A T I S T I C S

 av. #atoms communicated per step for force:  2 x 26204.8
 av. #atoms communicated per step for LINCS:  2 x 2336.8

 Average load imbalance: 4.6 %
 Part of the total run time spent waiting due to load imbalance: 1.9 %
 Steps where the load balancing was limited by -rdd, -rcon and/or -dds: X 0 % Y 0 % Z 0 %
 Average PME mesh/force load: 0.826
 Part of the total run time spent waiting due to PP/PME imbalance: 3.2 %


     R E A L   C Y C L E   A N D   T I M E   A C C O U N T I N G

On 32 MPI ranks doing PP, and
on 16 MPI ranks doing PME

 Computing:          Num   Num      Call    Wall time         Giga-Cycles
                     Ranks Threads  Count      (s)         total sum    %
-----------------------------------------------------------------------------
 Domain decomp.        32    1     250000     155.377      14898.808   7.0
 DD comm. load         32    1     249902       1.674        160.475   0.1
 DD comm. bounds       32    1     249901       6.678        640.378   0.3
 Send X to PME         32    1    2500001      10.860       1041.378   0.5
 Neighbor search       32    1     250001     141.986      13614.755   6.4
 Comm. coord.          32    1    2250000      54.958       5269.847   2.5
 Force                 32    1    2500001     655.928      62895.691  29.6
 Wait + Comm. F        32    1    2500001     117.455      11262.531   5.3
 PME mesh *            16    1    2500001     654.168      31363.462  14.8
 PME wait for PP *                            823.165      39465.864  18.6
 Wait + Recv. PME F    32    1    2500001       3.563        341.634   0.2
 NB X/F buffer ops.    32    1    7000001      31.911       3059.847   1.4
 Write traj.           32    1         52       0.014          1.331   0.0
 Update                32    1    2500001      53.820       5160.716   2.4
 Constraints           32    1    2500001     217.900      20894.028   9.8
 Comm. energies        32    1     250001       8.858        849.368   0.4
 Rest                                          16.351       1567.869   0.7
-----------------------------------------------------------------------------
 Total                                       1477.333     212487.983 100.0
-----------------------------------------------------------------------------
(*) Note that with separate PME ranks, the walltime column actually sums to
    twice the total reported, but the cycle count total and % are correct.
-----------------------------------------------------------------------------
 Breakdown of PME mesh computation
-----------------------------------------------------------------------------
 PME redist. X/F       16    1    5000002     170.998       8198.354   3.9
 PME spread/gather     16    1    5000002     305.663      14654.738   6.9
 PME 3D-FFT            16    1    5000002     102.434       4911.103   2.3
 PME 3D-FFT Comm.      16    1   10000004      54.434       2609.800   1.2
 PME solve Elec        16    1    2500001      18.288        876.803   0.4
-----------------------------------------------------------------------------

               Core t (s)   Wall t (s)        (%)
       Time:    70913.215     1477.333     4800.1
                 (ns/day)    (hour/ns)
Performance:      292.419        0.082
Finished mdrun on rank 0 Thu Oct  8 10:07:41 2020
