Log file opened on Thu Oct  8 08:45:15 2020
Host: Server-BioTD-01  pid: 14571  rank ID: 0  number of ranks:  1
                   :-) GROMACS - gmx mdrun, VERSION 5.1.4 (-:

                            GROMACS is written by:
     Emile Apol      Rossen Apostolov  Herman J.C. Berendsen    Par Bjelkmar   
 Aldert van Buuren   Rudi van Drunen     Anton Feenstra   Sebastian Fritsch 
  Gerrit Groenhof   Christoph Junghans   Anca Hamuraru    Vincent Hindriksen
 Dimitrios Karkoulis    Peter Kasson        Jiri Kraus      Carsten Kutzner  
    Per Larsson      Justin A. Lemkul   Magnus Lundborg   Pieter Meulenhoff 
   Erik Marklund      Teemu Murtola       Szilard Pall       Sander Pronk   
   Roland Schulz     Alexey Shvetsov     Michael Shirts     Alfons Sijbers  
   Peter Tieleman    Teemu Virolainen  Christian Wennberg    Maarten Wolf   
                           and the project leaders:
        Mark Abraham, Berk Hess, Erik Lindahl, and David van der Spoel

Copyright (c) 1991-2000, University of Groningen, The Netherlands.
Copyright (c) 2001-2015, The GROMACS development team at
Uppsala University, Stockholm University and
the Royal Institute of Technology, Sweden.
check out http://www.gromacs.org for more information.

GROMACS is free software; you can redistribute it and/or modify it
under the terms of the GNU Lesser General Public License
as published by the Free Software Foundation; either version 2.1
of the License, or (at your option) any later version.

GROMACS:      gmx mdrun, VERSION 5.1.4
Executable:   /usr/local/gromacs/bin/gmx
Data prefix:  /usr/local/gromacs
Command line:
  gmx mdrun -deffnm design_output/drug_design/md-npt

GROMACS version:    VERSION 5.1.4
Precision:          single
Memory model:       64 bit
MPI library:        thread_mpi
OpenMP support:     enabled (GMX_OPENMP_MAX_THREADS = 32)
GPU support:        enabled
OpenCL support:     disabled
invsqrt routine:    gmx_software_invsqrt(x)
SIMD instructions:  AVX2_256
FFT library:        fftw-3.3.4-sse2-avx
RDTSCP usage:       enabled
C++11 compilation:  disabled
TNG support:        enabled
Tracing support:    disabled
Built on:           dom ago 26 22:32:30 -05 2018
Built by:           kpalacio@Server-BioTD-01 [CMAKE]
Build OS/arch:      Linux 4.4.0-134-generic x86_64
Build CPU vendor:   GenuineIntel
Build CPU brand:    Intel(R) Xeon(R) CPU E5-2687W v4 @ 3.00GHz
Build CPU family:   6   Model: 79   Stepping: 1
Build CPU features: aes apic avx avx2 clfsh cmov cx8 cx16 f16c fma htt lahf_lm mmx msr nonstop_tsc pcid pclmuldq pdcm pdpe1gb popcnt pse rdrnd rdtscp sse2 sse3 sse4.1 sse4.2 ssse3 tdt x2apic
C compiler:         /usr/local/bin/mpicc GNU 5.5.0
C compiler flags:    -march=core-avx2    -Wextra -Wno-missing-field-initializers -Wno-sign-compare -Wpointer-arith -Wall -Wno-unused -Wunused-value -Wunused-parameter  -O3 -DNDEBUG -funroll-all-loops -fexcess-precision=fast  -Wno-array-bounds 
C++ compiler:       /usr/local/bin/mpicxx GNU 5.5.0
C++ compiler flags:  -march=core-avx2    -Wextra -Wno-missing-field-initializers -Wpointer-arith -Wall -Wno-unused-function  -O3 -DNDEBUG -funroll-all-loops -fexcess-precision=fast  -Wno-array-bounds 
Boost version:      1.58.0 (external)
CUDA compiler:      /usr/local/cuda-8.0/bin/nvcc nvcc: NVIDIA (R) Cuda compiler driver;Copyright (c) 2005-2016 NVIDIA Corporation;Built on Tue_Jan_10_13:22:03_CST_2017;Cuda compilation tools, release 8.0, V8.0.61
CUDA compiler flags:-gencode;arch=compute_20,code=sm_20;-gencode;arch=compute_30,code=sm_30;-gencode;arch=compute_35,code=sm_35;-gencode;arch=compute_37,code=sm_37;-gencode;arch=compute_50,code=sm_50;-gencode;arch=compute_52,code=sm_52;-gencode;arch=compute_60,code=sm_60;-gencode;arch=compute_61,code=sm_61;-gencode;arch=compute_60,code=compute_60;-gencode;arch=compute_61,code=compute_61;-use_fast_math;-D_FORCE_INLINES; ;-march=core-avx2;-Wextra;-Wno-missing-field-initializers;-Wpointer-arith;-Wall;-Wno-unused-function;-O3;-DNDEBUG;-funroll-all-loops;-fexcess-precision=fast;-Wno-array-bounds;
CUDA driver:        9.20
CUDA runtime:       0.0


NOTE: Error occurred during GPU detection:
      unknown error
      Can not use GPU acceleration, will fall back to CPU kernels.


Running on 1 node with total 24 cores, 48 logical cores, 0 compatible GPUs
Hardware detected:
  CPU info:
    Vendor: GenuineIntel
    Brand:  Intel(R) Xeon(R) CPU E5-2687W v4 @ 3.00GHz
    Family:  6  model: 79  stepping:  1
    CPU features: aes apic avx avx2 clfsh cmov cx8 cx16 f16c fma htt lahf_lm mmx msr nonstop_tsc pcid pclmuldq pdcm pdpe1gb popcnt pse rdrnd rdtscp sse2 sse3 sse4.1 sse4.2 ssse3 tdt x2apic
    SIMD instructions most likely to fit this hardware: AVX2_256
    SIMD instructions selected at GROMACS compile time: AVX2_256


++++ PLEASE READ AND CITE THE FOLLOWING REFERENCE ++++
M. J. Abraham, T. Murtola, R. Schulz, S. Páll, J. C. Smith, B. Hess, E.
Lindahl
GROMACS: High performance molecular simulations through multi-level
parallelism from laptops to supercomputers
SoftwareX 1 (2015) pp. 19-25
-------- -------- --- Thank You --- -------- --------


++++ PLEASE READ AND CITE THE FOLLOWING REFERENCE ++++
S. Páll, M. J. Abraham, C. Kutzner, B. Hess, E. Lindahl
Tackling Exascale Software Challenges in Molecular Dynamics Simulations with
GROMACS
In S. Markidis & E. Laure (Eds.), Solving Software Challenges for Exascale 8759 (2015) pp. 3-27
-------- -------- --- Thank You --- -------- --------


++++ PLEASE READ AND CITE THE FOLLOWING REFERENCE ++++
S. Pronk, S. Páll, R. Schulz, P. Larsson, P. Bjelkmar, R. Apostolov, M. R.
Shirts, J. C. Smith, P. M. Kasson, D. van der Spoel, B. Hess, and E. Lindahl
GROMACS 4.5: a high-throughput and highly parallel open source molecular
simulation toolkit
Bioinformatics 29 (2013) pp. 845-54
-------- -------- --- Thank You --- -------- --------


++++ PLEASE READ AND CITE THE FOLLOWING REFERENCE ++++
B. Hess and C. Kutzner and D. van der Spoel and E. Lindahl
GROMACS 4: Algorithms for highly efficient, load-balanced, and scalable
molecular simulation
J. Chem. Theory Comput. 4 (2008) pp. 435-447
-------- -------- --- Thank You --- -------- --------


++++ PLEASE READ AND CITE THE FOLLOWING REFERENCE ++++
D. van der Spoel, E. Lindahl, B. Hess, G. Groenhof, A. E. Mark and H. J. C.
Berendsen
GROMACS: Fast, Flexible and Free
J. Comp. Chem. 26 (2005) pp. 1701-1719
-------- -------- --- Thank You --- -------- --------


++++ PLEASE READ AND CITE THE FOLLOWING REFERENCE ++++
E. Lindahl and B. Hess and D. van der Spoel
GROMACS 3.0: A package for molecular simulation and trajectory analysis
J. Mol. Mod. 7 (2001) pp. 306-317
-------- -------- --- Thank You --- -------- --------


++++ PLEASE READ AND CITE THE FOLLOWING REFERENCE ++++
H. J. C. Berendsen, D. van der Spoel and R. van Drunen
GROMACS: A message-passing parallel molecular dynamics implementation
Comp. Phys. Comm. 91 (1995) pp. 43-56
-------- -------- --- Thank You --- -------- --------

Input Parameters:
   integrator                     = md
   tinit                          = 0
   dt                             = 0.002
   nsteps                         = 2500000
   init-step                      = 0
   simulation-part                = 1
   comm-mode                      = Linear
   nstcomm                        = 100
   bd-fric                        = 0
   ld-seed                        = 3922908308
   emtol                          = 10
   emstep                         = 0.01
   niter                          = 20
   fcstep                         = 0
   nstcgsteep                     = 1000
   nbfgscorr                      = 10
   rtpi                           = 0.05
   nstxout                        = 0
   nstvout                        = 0
   nstfout                        = 0
   nstlog                         = 50000
   nstcalcenergy                  = 100
   nstenergy                      = 50000
   nstxout-compressed             = 50000
   compressed-x-precision         = 1000
   cutoff-scheme                  = Verlet
   nstlist                        = 10
   ns-type                        = Grid
   pbc                            = xyz
   periodic-molecules             = FALSE
   verlet-buffer-tolerance        = 0.005
   rlist                          = 0.801
   rlistlong                      = 0.801
   nstcalclr                      = 10
   coulombtype                    = PME
   coulomb-modifier               = Potential-shift
   rcoulomb-switch                = 0
   rcoulomb                       = 0.8
   epsilon-r                      = 1
   epsilon-rf                     = inf
   vdw-type                       = Cut-off
   vdw-modifier                   = Potential-shift
   rvdw-switch                    = 0
   rvdw                           = 0.8
   DispCorr                       = EnerPres
   table-extension                = 1
   fourierspacing                 = 0.16
   fourier-nx                     = 32
   fourier-ny                     = 32
   fourier-nz                     = 32
   pme-order                      = 4
   ewald-rtol                     = 1e-05
   ewald-rtol-lj                  = 0.001
   lj-pme-comb-rule               = Geometric
   ewald-geometry                 = 0
   epsilon-surface                = 0
   implicit-solvent               = No
   gb-algorithm                   = Still
   nstgbradii                     = 1
   rgbradii                       = 1
   gb-epsilon-solvent             = 80
   gb-saltconc                    = 0
   gb-obc-alpha                   = 1
   gb-obc-beta                    = 0.8
   gb-obc-gamma                   = 4.85
   gb-dielectric-offset           = 0.009
   sa-algorithm                   = Ace-approximation
   sa-surface-tension             = 2.05016
   tcoupl                         = V-rescale
   nsttcouple                     = 10
   nh-chain-length                = 0
   print-nose-hoover-chain-variables = FALSE
   pcoupl                         = Parrinello-Rahman
   pcoupltype                     = Isotropic
   nstpcouple                     = 10
   tau-p                          = 2
   compressibility (3x3):
      compressibility[    0]={ 4.50000e-05,  0.00000e+00,  0.00000e+00}
      compressibility[    1]={ 0.00000e+00,  4.50000e-05,  0.00000e+00}
      compressibility[    2]={ 0.00000e+00,  0.00000e+00,  4.50000e-05}
   ref-p (3x3):
      ref-p[    0]={ 1.00000e+00,  0.00000e+00,  0.00000e+00}
      ref-p[    1]={ 0.00000e+00,  1.00000e+00,  0.00000e+00}
      ref-p[    2]={ 0.00000e+00,  0.00000e+00,  1.00000e+00}
   refcoord-scaling               = COM
   posres-com (3):
      posres-com[0]= 0.00000e+00
      posres-com[1]= 0.00000e+00
      posres-com[2]= 0.00000e+00
   posres-comB (3):
      posres-comB[0]= 0.00000e+00
      posres-comB[1]= 0.00000e+00
      posres-comB[2]= 0.00000e+00
   QMMM                           = FALSE
   QMconstraints                  = 0
   QMMMscheme                     = 0
   MMChargeScaleFactor            = 1
qm-opts:
   ngQM                           = 0
   constraint-algorithm           = Lincs
   continuation                   = TRUE
   Shake-SOR                      = FALSE
   shake-tol                      = 0.0001
   lincs-order                    = 4
   lincs-iter                     = 1
   lincs-warnangle                = 30
   nwall                          = 0
   wall-type                      = 9-3
   wall-r-linpot                  = -1
   wall-atomtype[0]               = -1
   wall-atomtype[1]               = -1
   wall-density[0]                = 0
   wall-density[1]                = 0
   wall-ewald-zfac                = 3
   pull                           = FALSE
   rotation                       = FALSE
   interactiveMD                  = FALSE
   disre                          = No
   disre-weighting                = Conservative
   disre-mixed                    = FALSE
   dr-fc                          = 1000
   dr-tau                         = 0
   nstdisreout                    = 100
   orire-fc                       = 0
   orire-tau                      = 0
   nstorireout                    = 100
   free-energy                    = no
   cos-acceleration               = 0
   deform (3x3):
      deform[    0]={ 0.00000e+00,  0.00000e+00,  0.00000e+00}
      deform[    1]={ 0.00000e+00,  0.00000e+00,  0.00000e+00}
      deform[    2]={ 0.00000e+00,  0.00000e+00,  0.00000e+00}
   simulated-tempering            = FALSE
   E-x:
      n = 0
   E-xt:
      n = 0
   E-y:
      n = 0
   E-yt:
      n = 0
   E-z:
      n = 0
   E-zt:
      n = 0
   swapcoords                     = no
   adress                         = FALSE
   userint1                       = 0
   userint2                       = 0
   userint3                       = 0
   userint4                       = 0
   userreal1                      = 0
   userreal2                      = 0
   userreal3                      = 0
   userreal4                      = 0
grpopts:
   nrdf:     440.932     18997.1
   ref-t:         310         310
   tau-t:         0.1         0.1
annealing:          No          No
annealing-npoints:           0           0
   acc:	           0           0           0
   nfreeze:           N           N           N
   energygrp-flags[  0]: 0


Initializing Domain Decomposition on 48 ranks
Dynamic load balancing: auto
Will sort the charge groups at every domain (re)decomposition
Initial maximum inter charge-group distances:
    two-body bonded interactions: 0.453 nm, LJ-14, atoms 59 264
  multi-body bonded interactions: 0.453 nm, Proper Dih., atoms 264 59
Minimum cell size due to bonded interactions: 0.498 nm
Maximum distance for 5 constraints, at 120 deg. angles, all-trans: 0.871 nm
Estimated maximum distance required for P-LINCS: 0.871 nm
This distance will limit the DD cell size, you can override this with -rcon
Guess for relative PME load: 0.33
Will use 32 particle-particle and 16 PME only ranks
This is a guess, check the performance at the end of the log file
Using 16 separate PME ranks, as guessed by mdrun
Scaling the initial minimum size with 1/0.8 (option -dds) = 1.25
Optimizing the DD grid for 32 cells with a minimum initial size of 1.089 nm
The maximum allowed number of cells is: X 4 Y 4 Z 4
Domain decomposition grid 4 x 4 x 2, separate PME ranks 16
PME domain decomposition: 4 x 4 x 1
Interleaving PP and PME ranks
This rank does only particle-particle work.

Domain decomposition rank 0, coordinates 0 0 0

Using 48 MPI threads
Using 1 OpenMP thread per tMPI thread

Will do PME sum in reciprocal space for electrostatic interactions.

++++ PLEASE READ AND CITE THE FOLLOWING REFERENCE ++++
U. Essmann, L. Perera, M. L. Berkowitz, T. Darden, H. Lee and L. G. Pedersen 
A smooth particle mesh Ewald method
J. Chem. Phys. 103 (1995) pp. 8577-8592
-------- -------- --- Thank You --- -------- --------

Will do ordinary reciprocal space Ewald sum.
Using a Gaussian width (1/beta) of 0.25613 nm for Ewald
Cut-off's:   NS: 0.801   Coulomb: 0.8   LJ: 0.8
Long Range LJ corr.: <C6> 2.9135e-04
System total charge: -1.000
Generated table with 900 data points for Ewald.
Tabscale = 500 points/nm
Generated table with 900 data points for LJ6.
Tabscale = 500 points/nm
Generated table with 900 data points for LJ12.
Tabscale = 500 points/nm
Generated table with 900 data points for 1-4 COUL.
Tabscale = 500 points/nm
Generated table with 900 data points for 1-4 LJ6.
Tabscale = 500 points/nm
Generated table with 900 data points for 1-4 LJ12.
Tabscale = 500 points/nm
Potential shift: LJ r^-12: -1.455e+01 r^-6: -3.815e+00, Ewald -1.000e-05
Initialized non-bonded Ewald correction tables, spacing: 8.35e-04 size: 960


Using AVX2_256 4x8 non-bonded kernels

Using Lorentz-Berthelot Lennard-Jones combination rule

Pinning threads with an auto-selected logical core stride of 1

Initializing Parallel LINear Constraint Solver

++++ PLEASE READ AND CITE THE FOLLOWING REFERENCE ++++
B. Hess
P-LINCS: A Parallel Linear Constraint Solver for molecular simulation
J. Chem. Theory Comput. 4 (2008) pp. 116-122
-------- -------- --- Thank You --- -------- --------

The number of constraints is 281
There are inter charge-group constraints,
will communicate selected coordinates each lincs iteration

++++ PLEASE READ AND CITE THE FOLLOWING REFERENCE ++++
S. Miyamoto and P. A. Kollman
SETTLE: An Analytical Version of the SHAKE and RATTLE Algorithms for Rigid
Water Models
J. Comp. Chem. 13 (1992) pp. 952-962
-------- -------- --- Thank You --- -------- --------


Linking all bonded interactions to atoms

The initial number of communication pulses is: X 1 Y 1 Z 1
The initial domain decomposition cell size is: X 1.16 nm Y 1.16 nm Z 2.32 nm

The maximum allowed distance for charge groups involved in interactions is:
                 non-bonded interactions           0.801 nm
(the following are initial values, they could change due to box deformation)
            two-body bonded interactions  (-rdd)   0.801 nm
          multi-body bonded interactions  (-rdd)   0.801 nm
  atoms separated by up to 5 constraints  (-rcon)  1.158 nm

When dynamic load balancing gets turned on, these settings will change to:
The maximum number of communication pulses is: X 1 Y 1 Z 1
The minimum size for domain decomposition cells is 0.871 nm
The requested allowed shrink of DD cells (option -dds) is: 0.80
The allowed shrink of domain decomposition cells is: X 0.75 Y 0.75 Z 0.38
The maximum allowed distance for charge groups involved in interactions is:
                 non-bonded interactions           0.801 nm
            two-body bonded interactions  (-rdd)   0.801 nm
          multi-body bonded interactions  (-rdd)   0.801 nm
  atoms separated by up to 5 constraints  (-rcon)  0.871 nm


Making 3D domain decomposition grid 4 x 4 x 2, home cell index 0 0 0

Center of mass motion removal mode is Linear
We have the following groups for center of mass motion removal:
  0:  rest

++++ PLEASE READ AND CITE THE FOLLOWING REFERENCE ++++
G. Bussi, D. Donadio and M. Parrinello
Canonical sampling through velocity rescaling
J. Chem. Phys. 126 (2007) pp. 014101
-------- -------- --- Thank You --- -------- --------

There are: 9723 Atoms
Atom distribution over 32 domains: av 303 stddev 24 min 289 max 327
Initial temperature: 315.132 K

Started mdrun on rank 0 Thu Oct  8 08:45:15 2020
           Step           Time         Lambda
              0        0.00000        0.00000

   Energies (kJ/mol)
          Angle    Proper Dih. Ryckaert-Bell.  Improper Dih.          LJ-14
    5.97637e+02    4.88043e+02    7.08323e+01    2.68872e+01    3.10491e+02
     Coulomb-14        LJ (SR)  Disper. corr.   Coulomb (SR)   Coul. recip.
    1.09973e+03    2.02173e+04   -2.26266e+03   -1.50039e+05    2.28500e+03
      Potential    Kinetic En.   Total Energy    Temperature Pres. DC (bar)
   -1.27206e+05    2.57123e+04   -1.01493e+05    3.18189e+02   -3.79081e+02
 Pressure (bar)   Constr. rmsd
    6.69151e+02    3.85212e-05

DD  step 9 load imb.: force 10.4%  pme mesh/force 1.028

At step 1000 the performance loss due to force load imbalance is 2.4 %

NOTE: Turning on dynamic load balancing

DD  step 49999  vol min/aver 0.696  load imb.: force  4.2%  pme mesh/force 0.849

           Step           Time         Lambda
          50000      100.00000        0.00000

   Energies (kJ/mol)
          Angle    Proper Dih. Ryckaert-Bell.  Improper Dih.          LJ-14
    5.85820e+02    5.26692e+02    4.94900e+01    3.15442e+01    3.17142e+02
     Coulomb-14        LJ (SR)  Disper. corr.   Coulomb (SR)   Coul. recip.
    1.08278e+03    1.93843e+04   -2.25916e+03   -1.50016e+05    2.22397e+03
      Potential    Kinetic En.   Total Energy    Temperature Pres. DC (bar)
   -1.28074e+05    2.52336e+04   -1.02840e+05    3.12265e+02   -3.77911e+02
 Pressure (bar)   Constr. rmsd
   -2.74140e+02    4.01130e-05

DD  step 99999  vol min/aver 0.772  load imb.: force  3.1%  pme mesh/force 0.847

           Step           Time         Lambda
         100000      200.00000        0.00000

   Energies (kJ/mol)
          Angle    Proper Dih. Ryckaert-Bell.  Improper Dih.          LJ-14
    6.14420e+02    5.09359e+02    7.94807e+01    2.46441e+01    3.03569e+02
     Coulomb-14        LJ (SR)  Disper. corr.   Coulomb (SR)   Coul. recip.
    1.04669e+03    1.99592e+04   -2.25780e+03   -1.50894e+05    2.16800e+03
      Potential    Kinetic En.   Total Energy    Temperature Pres. DC (bar)
   -1.28446e+05    2.49085e+04   -1.03538e+05    3.08242e+02   -3.77457e+02
 Pressure (bar)   Constr. rmsd
   -1.74201e+02    4.11760e-05

DD  step 149999  vol min/aver 0.860  load imb.: force  5.4%  pme mesh/force 0.808

           Step           Time         Lambda
         150000      300.00000        0.00000

   Energies (kJ/mol)
          Angle    Proper Dih. Ryckaert-Bell.  Improper Dih.          LJ-14
    6.35119e+02    4.98213e+02    5.33667e+01    2.55560e+01    3.19683e+02
     Coulomb-14        LJ (SR)  Disper. corr.   Coulomb (SR)   Coul. recip.
    1.12642e+03    2.04547e+04   -2.27350e+03   -1.51417e+05    2.18879e+03
      Potential    Kinetic En.   Total Energy    Temperature Pres. DC (bar)
   -1.28389e+05    2.49485e+04   -1.03440e+05    3.08737e+02   -3.82712e+02
 Pressure (bar)   Constr. rmsd
    2.46623e+02    4.21321e-05

DD  step 199999  vol min/aver 0.865  load imb.: force  4.8%  pme mesh/force 0.820

           Step           Time         Lambda
         200000      400.00000        0.00000

   Energies (kJ/mol)
          Angle    Proper Dih. Ryckaert-Bell.  Improper Dih.          LJ-14
    5.77453e+02    5.02587e+02    8.16428e+01    2.09412e+01    3.16374e+02
     Coulomb-14        LJ (SR)  Disper. corr.   Coulomb (SR)   Coul. recip.
    1.13833e+03    1.97520e+04   -2.25514e+03   -1.50797e+05    2.21402e+03
      Potential    Kinetic En.   Total Energy    Temperature Pres. DC (bar)
   -1.28448e+05    2.51354e+04   -1.03313e+05    3.11050e+02   -3.76569e+02
 Pressure (bar)   Constr. rmsd
   -1.48164e+02    3.64019e-05

DD  step 249999  vol min/aver 0.790  load imb.: force  3.7%  pme mesh/force 0.821

           Step           Time         Lambda
         250000      500.00000        0.00000

   Energies (kJ/mol)
          Angle    Proper Dih. Ryckaert-Bell.  Improper Dih.          LJ-14
    5.96810e+02    5.25810e+02    7.08452e+01    4.02628e+01    3.48224e+02
     Coulomb-14        LJ (SR)  Disper. corr.   Coulomb (SR)   Coul. recip.
    1.13926e+03    1.94762e+04   -2.23367e+03   -1.50477e+05    2.23855e+03
      Potential    Kinetic En.   Total Energy    Temperature Pres. DC (bar)
   -1.28275e+05    2.55896e+04   -1.02686e+05    3.16670e+02   -3.69449e+02
 Pressure (bar)   Constr. rmsd
   -2.72310e+02    2.91761e-05

DD  step 299999  vol min/aver 0.744  load imb.: force  6.9%  pme mesh/force 0.855

           Step           Time         Lambda
         300000      600.00000        0.00000

   Energies (kJ/mol)
          Angle    Proper Dih. Ryckaert-Bell.  Improper Dih.          LJ-14
    5.70008e+02    5.29254e+02    3.92155e+01    2.75780e+01    3.27009e+02
     Coulomb-14        LJ (SR)  Disper. corr.   Coulomb (SR)   Coul. recip.
    1.05978e+03    1.98549e+04   -2.26729e+03   -1.50742e+05    2.16047e+03
      Potential    Kinetic En.   Total Energy    Temperature Pres. DC (bar)
   -1.28441e+05    2.47045e+04   -1.03736e+05    3.05717e+02   -3.80630e+02
 Pressure (bar)   Constr. rmsd
   -9.99745e+01    4.67706e-05

DD  step 349999  vol min/aver 0.822  load imb.: force  5.2%  pme mesh/force 0.808

           Step           Time         Lambda
         350000      700.00000        0.00000

   Energies (kJ/mol)
          Angle    Proper Dih. Ryckaert-Bell.  Improper Dih.          LJ-14
    6.60508e+02    5.20382e+02    5.35364e+01    4.12752e+01    3.26347e+02
     Coulomb-14        LJ (SR)  Disper. corr.   Coulomb (SR)   Coul. recip.
    1.02523e+03    1.94613e+04   -2.26335e+03   -1.50445e+05    2.11306e+03
      Potential    Kinetic En.   Total Energy    Temperature Pres. DC (bar)
   -1.28507e+05    2.52342e+04   -1.03273e+05    3.12273e+02   -3.79309e+02
 Pressure (bar)   Constr. rmsd
   -2.21192e+02    5.58235e-05

DD  step 399999  vol min/aver 0.786  load imb.: force  3.4%  pme mesh/force 0.827

           Step           Time         Lambda
         400000      800.00000        0.00000

   Energies (kJ/mol)
          Angle    Proper Dih. Ryckaert-Bell.  Improper Dih.          LJ-14
    5.85959e+02    5.06961e+02    5.75903e+01    2.28331e+01    3.07686e+02
     Coulomb-14        LJ (SR)  Disper. corr.   Coulomb (SR)   Coul. recip.
    1.09840e+03    2.05334e+04   -2.27030e+03   -1.51863e+05    2.16661e+03
      Potential    Kinetic En.   Total Energy    Temperature Pres. DC (bar)
   -1.28854e+05    2.53523e+04   -1.03502e+05    3.13734e+02   -3.81637e+02
 Pressure (bar)   Constr. rmsd
    2.95157e+02    3.93873e-05

DD  step 449999  vol min/aver 0.857  load imb.: force  2.8%  pme mesh/force 0.804

           Step           Time         Lambda
         450000      900.00000        0.00000

   Energies (kJ/mol)
          Angle    Proper Dih. Ryckaert-Bell.  Improper Dih.          LJ-14
    5.85538e+02    4.95433e+02    5.57852e+01    3.00936e+01    3.30295e+02
     Coulomb-14        LJ (SR)  Disper. corr.   Coulomb (SR)   Coul. recip.
    1.08862e+03    1.95759e+04   -2.26529e+03   -1.50723e+05    2.22475e+03
      Potential    Kinetic En.   Total Energy    Temperature Pres. DC (bar)
   -1.28601e+05    2.47442e+04   -1.03857e+05    3.06208e+02   -3.79960e+02
 Pressure (bar)   Constr. rmsd
   -3.01488e+02    4.93973e-05

DD  step 499999  vol min/aver 0.781  load imb.: force  3.7%  pme mesh/force 0.828

           Step           Time         Lambda
         500000     1000.00000        0.00000

   Energies (kJ/mol)
          Angle    Proper Dih. Ryckaert-Bell.  Improper Dih.          LJ-14
    5.78848e+02    4.93122e+02    6.47810e+01    1.99727e+01    3.15083e+02
     Coulomb-14        LJ (SR)  Disper. corr.   Coulomb (SR)   Coul. recip.
    1.08886e+03    2.04885e+04   -2.25893e+03   -1.52121e+05    2.15021e+03
      Potential    Kinetic En.   Total Energy    Temperature Pres. DC (bar)
   -1.29181e+05    2.49800e+04   -1.04201e+05    3.09126e+02   -3.77833e+02
 Pressure (bar)   Constr. rmsd
    2.15381e+01    4.48007e-05

DD  step 549999  vol min/aver 0.800  load imb.: force  6.6%  pme mesh/force 0.819

           Step           Time         Lambda
         550000     1100.00000        0.00000

   Energies (kJ/mol)
          Angle    Proper Dih. Ryckaert-Bell.  Improper Dih.          LJ-14
    6.12992e+02    5.21011e+02    4.70536e+01    2.77592e+01    3.26920e+02
     Coulomb-14        LJ (SR)  Disper. corr.   Coulomb (SR)   Coul. recip.
    1.12482e+03    1.98841e+04   -2.24954e+03   -1.50984e+05    2.20974e+03
      Potential    Kinetic En.   Total Energy    Temperature Pres. DC (bar)
   -1.28479e+05    2.52280e+04   -1.03251e+05    3.12196e+02   -3.74707e+02
 Pressure (bar)   Constr. rmsd
   -1.35916e+02    2.96451e-05

DD  step 599999  vol min/aver 0.821  load imb.: force  3.1%  pme mesh/force 0.843

           Step           Time         Lambda
         600000     1200.00000        0.00000

   Energies (kJ/mol)
          Angle    Proper Dih. Ryckaert-Bell.  Improper Dih.          LJ-14
    6.06096e+02    5.21381e+02    4.67406e+01    2.58778e+01    3.34631e+02
     Coulomb-14        LJ (SR)  Disper. corr.   Coulomb (SR)   Coul. recip.
    1.08226e+03    2.02682e+04   -2.25748e+03   -1.51227e+05    2.24163e+03
      Potential    Kinetic En.   Total Energy    Temperature Pres. DC (bar)
   -1.28357e+05    2.51797e+04   -1.03178e+05    3.11598e+02   -3.77348e+02
 Pressure (bar)   Constr. rmsd
    2.33963e+02    3.23389e-05

DD  step 649999  vol min/aver 0.685  load imb.: force  4.2%  pme mesh/force 0.869

           Step           Time         Lambda
         650000     1300.00000        0.00000

   Energies (kJ/mol)
          Angle    Proper Dih. Ryckaert-Bell.  Improper Dih.          LJ-14
    6.21788e+02    4.93538e+02    4.57526e+01    2.30636e+01    3.22307e+02
     Coulomb-14        LJ (SR)  Disper. corr.   Coulomb (SR)   Coul. recip.
    1.13581e+03    1.99848e+04   -2.27856e+03   -1.51405e+05    2.14534e+03
      Potential    Kinetic En.   Total Energy    Temperature Pres. DC (bar)
   -1.28912e+05    2.50112e+04   -1.03900e+05    3.09513e+02   -3.84413e+02
 Pressure (bar)   Constr. rmsd
   -7.46315e+01    5.04633e-05

DD  step 699999  vol min/aver 0.798  load imb.: force  4.6%  pme mesh/force 0.833

           Step           Time         Lambda
         700000     1400.00000        0.00000

   Energies (kJ/mol)
          Angle    Proper Dih. Ryckaert-Bell.  Improper Dih.          LJ-14
    6.07926e+02    5.06544e+02    5.84211e+01    2.30992e+01    3.30885e+02
     Coulomb-14        LJ (SR)  Disper. corr.   Coulomb (SR)   Coul. recip.
    1.12400e+03    1.95532e+04   -2.26966e+03   -1.50382e+05    2.16255e+03
      Potential    Kinetic En.   Total Energy    Temperature Pres. DC (bar)
   -1.28285e+05    2.47519e+04   -1.03533e+05    3.06304e+02   -3.81422e+02
 Pressure (bar)   Constr. rmsd
   -1.33066e+02    3.01173e-05

DD  step 749999  vol min/aver 0.780  load imb.: force  4.8%  pme mesh/force 0.840

           Step           Time         Lambda
         750000     1500.00000        0.00000

   Energies (kJ/mol)
          Angle    Proper Dih. Ryckaert-Bell.  Improper Dih.          LJ-14
    5.38006e+02    5.00089e+02    7.28375e+01    2.25463e+01    3.24968e+02
     Coulomb-14        LJ (SR)  Disper. corr.   Coulomb (SR)   Coul. recip.
    1.16085e+03    1.97175e+04   -2.27376e+03   -1.51258e+05    2.20323e+03
      Potential    Kinetic En.   Total Energy    Temperature Pres. DC (bar)
   -1.28992e+05    2.50205e+04   -1.03972e+05    3.09628e+02   -3.82798e+02
 Pressure (bar)   Constr. rmsd
   -1.28226e+02    3.54107e-05

DD  step 799999  vol min/aver 0.649  load imb.: force  8.3%  pme mesh/force 0.840

           Step           Time         Lambda
         800000     1600.00000        0.00000

   Energies (kJ/mol)
          Angle    Proper Dih. Ryckaert-Bell.  Improper Dih.          LJ-14
    6.28594e+02    5.21708e+02    5.71276e+01    2.16677e+01    3.14532e+02
     Coulomb-14        LJ (SR)  Disper. corr.   Coulomb (SR)   Coul. recip.
    1.15725e+03    1.94944e+04   -2.26590e+03   -1.50938e+05    2.22815e+03
      Potential    Kinetic En.   Total Energy    Temperature Pres. DC (bar)
   -1.28780e+05    2.48797e+04   -1.03900e+05    3.07886e+02   -3.80164e+02
 Pressure (bar)   Constr. rmsd
   -3.20134e+02    4.24143e-05

DD  step 849999  vol min/aver 0.656  load imb.: force  4.3%  pme mesh/force 0.833

           Step           Time         Lambda
         850000     1700.00000        0.00000

   Energies (kJ/mol)
          Angle    Proper Dih. Ryckaert-Bell.  Improper Dih.          LJ-14
    5.90699e+02    5.00846e+02    5.46571e+01    1.87646e+01    3.24029e+02
     Coulomb-14        LJ (SR)  Disper. corr.   Coulomb (SR)   Coul. recip.
    1.11726e+03    2.05317e+04   -2.28355e+03   -1.51899e+05    2.14630e+03
      Potential    Kinetic En.   Total Energy    Temperature Pres. DC (bar)
   -1.28898e+05    2.50203e+04   -1.03878e+05    3.09626e+02   -3.86094e+02
 Pressure (bar)   Constr. rmsd
    3.82415e+02    4.73312e-05

DD  step 899999  vol min/aver 0.657  load imb.: force  6.1%  pme mesh/force 0.803

           Step           Time         Lambda
         900000     1800.00000        0.00000

   Energies (kJ/mol)
          Angle    Proper Dih. Ryckaert-Bell.  Improper Dih.          LJ-14
    5.59558e+02    5.30040e+02    4.72312e+01    3.13912e+01    3.20310e+02
     Coulomb-14        LJ (SR)  Disper. corr.   Coulomb (SR)   Coul. recip.
    1.13983e+03    2.01307e+04   -2.27717e+03   -1.51612e+05    2.21808e+03
      Potential    Kinetic En.   Total Energy    Temperature Pres. DC (bar)
   -1.28912e+05    2.50326e+04   -1.03880e+05    3.09778e+02   -3.83946e+02
 Pressure (bar)   Constr. rmsd
    1.01606e+02    5.16285e-05

DD  step 949999  vol min/aver 0.733  load imb.: force  5.9%  pme mesh/force 0.815

           Step           Time         Lambda
         950000     1900.00000        0.00000

   Energies (kJ/mol)
          Angle    Proper Dih. Ryckaert-Bell.  Improper Dih.          LJ-14
    5.73645e+02    4.96470e+02    4.85231e+01    2.64059e+01    3.15656e+02
     Coulomb-14        LJ (SR)  Disper. corr.   Coulomb (SR)   Coul. recip.
    1.09174e+03    2.00387e+04   -2.25663e+03   -1.51425e+05    2.20333e+03
      Potential    Kinetic En.   Total Energy    Temperature Pres. DC (bar)
   -1.28887e+05    2.47076e+04   -1.04180e+05    3.05756e+02   -3.77065e+02
 Pressure (bar)   Constr. rmsd
   -1.58499e+02    3.85770e-05

DD  step 999999  vol min/aver 0.648  load imb.: force  2.7%  pme mesh/force 0.861

           Step           Time         Lambda
        1000000     2000.00000        0.00000

   Energies (kJ/mol)
          Angle    Proper Dih. Ryckaert-Bell.  Improper Dih.          LJ-14
    6.01175e+02    5.17548e+02    5.21963e+01    3.00938e+01    3.25898e+02
     Coulomb-14        LJ (SR)  Disper. corr.   Coulomb (SR)   Coul. recip.
    1.11665e+03    2.04296e+04   -2.27778e+03   -1.52237e+05    2.15126e+03
      Potential    Kinetic En.   Total Energy    Temperature Pres. DC (bar)
   -1.29290e+05    2.49853e+04   -1.04305e+05    3.09193e+02   -3.84151e+02
 Pressure (bar)   Constr. rmsd
    3.54828e+01    4.69278e-05

DD  step 1049999  vol min/aver 0.711  load imb.: force  3.7%  pme mesh/force 0.861

           Step           Time         Lambda
        1050000     2100.00000        0.00000

   Energies (kJ/mol)
          Angle    Proper Dih. Ryckaert-Bell.  Improper Dih.          LJ-14
    6.18991e+02    4.74345e+02    5.08608e+01    5.08520e+01    3.24669e+02
     Coulomb-14        LJ (SR)  Disper. corr.   Coulomb (SR)   Coul. recip.
    1.12302e+03    2.03402e+04   -2.27520e+03   -1.50945e+05    2.17361e+03
      Potential    Kinetic En.   Total Energy    Temperature Pres. DC (bar)
   -1.28064e+05    2.48585e+04   -1.03205e+05    3.07624e+02   -3.83281e+02
 Pressure (bar)   Constr. rmsd
    3.81428e+02    3.60391e-05

DD  step 1099999  vol min/aver 0.598  load imb.: force  5.4%  pme mesh/force 0.861

           Step           Time         Lambda
        1100000     2200.00000        0.00000

   Energies (kJ/mol)
          Angle    Proper Dih. Ryckaert-Bell.  Improper Dih.          LJ-14
    5.83079e+02    5.41407e+02    4.30699e+01    3.38707e+01    3.33117e+02
     Coulomb-14        LJ (SR)  Disper. corr.   Coulomb (SR)   Coul. recip.
    1.17697e+03    1.99636e+04   -2.26849e+03   -1.50848e+05    2.18914e+03
      Potential    Kinetic En.   Total Energy    Temperature Pres. DC (bar)
   -1.28252e+05    2.50083e+04   -1.03244e+05    3.09477e+02   -3.81029e+02
 Pressure (bar)   Constr. rmsd
   -1.05554e+02    4.81224e-05

DD  step 1149999  vol min/aver 0.729  load imb.: force  4.6%  pme mesh/force 0.849

           Step           Time         Lambda
        1150000     2300.00000        0.00000

   Energies (kJ/mol)
          Angle    Proper Dih. Ryckaert-Bell.  Improper Dih.          LJ-14
    6.31806e+02    5.25742e+02    3.92111e+01    1.69211e+01    3.06506e+02
     Coulomb-14        LJ (SR)  Disper. corr.   Coulomb (SR)   Coul. recip.
    1.12938e+03    2.00127e+04   -2.26954e+03   -1.51267e+05    2.24600e+03
      Potential    Kinetic En.   Total Energy    Temperature Pres. DC (bar)
   -1.28628e+05    2.47731e+04   -1.03855e+05    3.06566e+02   -3.81382e+02
 Pressure (bar)   Constr. rmsd
   -3.57044e+01    3.99574e-05

DD  step 1199999  vol min/aver 0.639  load imb.: force  3.9%  pme mesh/force 0.842

           Step           Time         Lambda
        1200000     2400.00000        0.00000

   Energies (kJ/mol)
          Angle    Proper Dih. Ryckaert-Bell.  Improper Dih.          LJ-14
    6.15516e+02    5.22185e+02    5.53626e+01    2.24315e+01    3.13553e+02
     Coulomb-14        LJ (SR)  Disper. corr.   Coulomb (SR)   Coul. recip.
    1.13715e+03    1.99632e+04   -2.26247e+03   -1.50709e+05    2.20554e+03
      Potential    Kinetic En.   Total Energy    Temperature Pres. DC (bar)
   -1.28137e+05    2.52608e+04   -1.02876e+05    3.12601e+02   -3.79016e+02
 Pressure (bar)   Constr. rmsd
    1.73735e+01    3.81682e-05

DD  step 1249999  vol min/aver 0.820  load imb.: force  4.9%  pme mesh/force 0.828

           Step           Time         Lambda
        1250000     2500.00000        0.00000

   Energies (kJ/mol)
          Angle    Proper Dih. Ryckaert-Bell.  Improper Dih.          LJ-14
    5.89822e+02    5.03391e+02    4.79257e+01    1.84414e+01    3.39495e+02
     Coulomb-14        LJ (SR)  Disper. corr.   Coulomb (SR)   Coul. recip.
    1.13711e+03    2.01923e+04   -2.25715e+03   -1.50913e+05    2.25892e+03
      Potential    Kinetic En.   Total Energy    Temperature Pres. DC (bar)
   -1.28083e+05    2.47764e+04   -1.03306e+05    3.06607e+02   -3.77238e+02
 Pressure (bar)   Constr. rmsd
    2.11148e+02    3.28195e-05

DD  step 1299999  vol min/aver 0.751  load imb.: force  4.3%  pme mesh/force 0.831

           Step           Time         Lambda
        1300000     2600.00000        0.00000

   Energies (kJ/mol)
          Angle    Proper Dih. Ryckaert-Bell.  Improper Dih.          LJ-14
    5.98095e+02    5.14654e+02    5.21351e+01    3.03305e+01    3.33196e+02
     Coulomb-14        LJ (SR)  Disper. corr.   Coulomb (SR)   Coul. recip.
    1.12063e+03    1.96644e+04   -2.26439e+03   -1.50605e+05    2.18790e+03
      Potential    Kinetic En.   Total Energy    Temperature Pres. DC (bar)
   -1.28368e+05    2.51028e+04   -1.03265e+05    3.10647e+02   -3.79657e+02
 Pressure (bar)   Constr. rmsd
   -1.95793e+02    5.41995e-05

DD  step 1349999  vol min/aver 0.840  load imb.: force  4.4%  pme mesh/force 0.815

           Step           Time         Lambda
        1350000     2700.00000        0.00000

   Energies (kJ/mol)
          Angle    Proper Dih. Ryckaert-Bell.  Improper Dih.          LJ-14
    5.57933e+02    4.91527e+02    4.61293e+01    4.02357e+01    3.31708e+02
     Coulomb-14        LJ (SR)  Disper. corr.   Coulomb (SR)   Coul. recip.
    1.10707e+03    1.95245e+04   -2.26019e+03   -1.49974e+05    2.18807e+03
      Potential    Kinetic En.   Total Energy    Temperature Pres. DC (bar)
   -1.27947e+05    2.46165e+04   -1.03331e+05    3.04629e+02   -3.78255e+02
 Pressure (bar)   Constr. rmsd
   -2.34230e+02    5.24882e-05

DD  step 1399999  vol min/aver 0.752  load imb.: force  4.1%  pme mesh/force 0.847

           Step           Time         Lambda
        1400000     2800.00000        0.00000

   Energies (kJ/mol)
          Angle    Proper Dih. Ryckaert-Bell.  Improper Dih.          LJ-14
    5.72575e+02    5.11993e+02    6.62924e+01    2.19434e+01    3.12137e+02
     Coulomb-14        LJ (SR)  Disper. corr.   Coulomb (SR)   Coul. recip.
    1.14482e+03    2.04344e+04   -2.24557e+03   -1.51271e+05    2.13858e+03
      Potential    Kinetic En.   Total Energy    Temperature Pres. DC (bar)
   -1.28314e+05    2.48951e+04   -1.03419e+05    3.08077e+02   -3.73389e+02
 Pressure (bar)   Constr. rmsd
    4.24013e+01    4.47015e-05

DD  step 1449999  vol min/aver 0.768  load imb.: force  3.9%  pme mesh/force 0.840

           Step           Time         Lambda
        1450000     2900.00000        0.00000

   Energies (kJ/mol)
          Angle    Proper Dih. Ryckaert-Bell.  Improper Dih.          LJ-14
    5.87835e+02    5.19464e+02    7.20937e+01    2.95872e+01    3.15022e+02
     Coulomb-14        LJ (SR)  Disper. corr.   Coulomb (SR)   Coul. recip.
    1.08054e+03    1.99625e+04   -2.26728e+03   -1.50997e+05    2.17727e+03
      Potential    Kinetic En.   Total Energy    Temperature Pres. DC (bar)
   -1.28520e+05    2.47980e+04   -1.03722e+05    3.06874e+02   -3.80625e+02
 Pressure (bar)   Constr. rmsd
    1.02416e+02    3.01677e-05

DD  step 1499999  vol min/aver 0.749  load imb.: force  3.9%  pme mesh/force 0.849

           Step           Time         Lambda
        1500000     3000.00000        0.00000

   Energies (kJ/mol)
          Angle    Proper Dih. Ryckaert-Bell.  Improper Dih.          LJ-14
    6.20381e+02    4.91154e+02    5.54027e+01    3.38871e+01    3.47291e+02
     Coulomb-14        LJ (SR)  Disper. corr.   Coulomb (SR)   Coul. recip.
    1.09236e+03    1.99725e+04   -2.24802e+03   -1.50533e+05    2.24535e+03
      Potential    Kinetic En.   Total Energy    Temperature Pres. DC (bar)
   -1.27923e+05    2.48401e+04   -1.03082e+05    3.07396e+02   -3.74200e+02
 Pressure (bar)   Constr. rmsd
    3.53284e+01    4.53286e-05

Writing checkpoint, step 1534740 at Thu Oct  8 09:00:16 2020


DD  step 1549999  vol min/aver 0.773  load imb.: force  5.0%  pme mesh/force 0.831

           Step           Time         Lambda
        1550000     3100.00000        0.00000

   Energies (kJ/mol)
          Angle    Proper Dih. Ryckaert-Bell.  Improper Dih.          LJ-14
    5.87902e+02    5.23672e+02    6.15929e+01    3.08498e+01    3.30875e+02
     Coulomb-14        LJ (SR)  Disper. corr.   Coulomb (SR)   Coul. recip.
    1.14289e+03    2.03637e+04   -2.26365e+03   -1.51798e+05    2.23426e+03
      Potential    Kinetic En.   Total Energy    Temperature Pres. DC (bar)
   -1.28786e+05    2.50914e+04   -1.03694e+05    3.10506e+02   -3.79409e+02
 Pressure (bar)   Constr. rmsd
    3.36389e+01    5.69149e-05

DD  step 1599999  vol min/aver 0.748  load imb.: force  4.5%  pme mesh/force 0.858

           Step           Time         Lambda
        1600000     3200.00000        0.00000

   Energies (kJ/mol)
          Angle    Proper Dih. Ryckaert-Bell.  Improper Dih.          LJ-14
    6.17158e+02    5.56911e+02    6.29059e+01    4.51086e+01    3.20942e+02
     Coulomb-14        LJ (SR)  Disper. corr.   Coulomb (SR)   Coul. recip.
    1.04812e+03    1.93149e+04   -2.25365e+03   -1.49835e+05    2.24385e+03
      Potential    Kinetic En.   Total Energy    Temperature Pres. DC (bar)
   -1.27879e+05    2.51201e+04   -1.02759e+05    3.10860e+02   -3.76075e+02
 Pressure (bar)   Constr. rmsd
   -3.63549e+02    4.17199e-05

DD  step 1649999  vol min/aver 0.725  load imb.: force  5.0%  pme mesh/force 0.842

           Step           Time         Lambda
        1650000     3300.00000        0.00000

   Energies (kJ/mol)
          Angle    Proper Dih. Ryckaert-Bell.  Improper Dih.          LJ-14
    5.72544e+02    5.17684e+02    6.40695e+01    3.68621e+01    3.21159e+02
     Coulomb-14        LJ (SR)  Disper. corr.   Coulomb (SR)   Coul. recip.
    1.13865e+03    1.92825e+04   -2.26982e+03   -1.50431e+05    2.20572e+03
      Potential    Kinetic En.   Total Energy    Temperature Pres. DC (bar)
   -1.28561e+05    2.49908e+04   -1.03571e+05    3.09260e+02   -3.81476e+02
 Pressure (bar)   Constr. rmsd
   -4.25822e+02    4.81160e-05

DD  step 1699999  vol min/aver 0.773  load imb.: force  4.6%  pme mesh/force 0.841

           Step           Time         Lambda
        1700000     3400.00000        0.00000

   Energies (kJ/mol)
          Angle    Proper Dih. Ryckaert-Bell.  Improper Dih.          LJ-14
    5.49700e+02    5.23475e+02    5.76877e+01    3.98448e+01    3.25325e+02
     Coulomb-14        LJ (SR)  Disper. corr.   Coulomb (SR)   Coul. recip.
    1.13040e+03    1.99511e+04   -2.26456e+03   -1.51731e+05    2.16541e+03
      Potential    Kinetic En.   Total Energy    Temperature Pres. DC (bar)
   -1.29253e+05    2.50385e+04   -1.04214e+05    3.09851e+02   -3.79716e+02
 Pressure (bar)   Constr. rmsd
   -1.68940e+02    2.78278e-05

DD  load balancing is limited by minimum cell size in dimension Y
DD  step 1749999  vol min/aver 0.766! load imb.: force  5.1%  pme mesh/force 0.839

           Step           Time         Lambda
        1750000     3500.00000        0.00000

   Energies (kJ/mol)
          Angle    Proper Dih. Ryckaert-Bell.  Improper Dih.          LJ-14
    6.65514e+02    5.22968e+02    4.81860e+01    1.78690e+01    3.23947e+02
     Coulomb-14        LJ (SR)  Disper. corr.   Coulomb (SR)   Coul. recip.
    1.11861e+03    1.96647e+04   -2.25523e+03   -1.50188e+05    2.21641e+03
      Potential    Kinetic En.   Total Energy    Temperature Pres. DC (bar)
   -1.27865e+05    2.48590e+04   -1.03006e+05    3.07630e+02   -3.76599e+02
 Pressure (bar)   Constr. rmsd
   -1.12206e+02    4.16749e-05

DD  step 1799999  vol min/aver 0.788  load imb.: force  3.3%  pme mesh/force 0.847

           Step           Time         Lambda
        1800000     3600.00000        0.00000

   Energies (kJ/mol)
          Angle    Proper Dih. Ryckaert-Bell.  Improper Dih.          LJ-14
    5.90698e+02    5.17243e+02    6.62898e+01    4.76662e+01    3.13162e+02
     Coulomb-14        LJ (SR)  Disper. corr.   Coulomb (SR)   Coul. recip.
    1.08376e+03    2.03377e+04   -2.26990e+03   -1.51209e+05    2.20188e+03
      Potential    Kinetic En.   Total Energy    Temperature Pres. DC (bar)
   -1.28321e+05    2.50311e+04   -1.03290e+05    3.09759e+02   -3.81502e+02
 Pressure (bar)   Constr. rmsd
    3.51788e+02    4.06585e-05

DD  step 1849999  vol min/aver 0.778  load imb.: force  3.8%  pme mesh/force 0.841

           Step           Time         Lambda
        1850000     3700.00000        0.00000

   Energies (kJ/mol)
          Angle    Proper Dih. Ryckaert-Bell.  Improper Dih.          LJ-14
    6.50422e+02    5.04775e+02    7.28702e+01    2.54997e+01    3.17968e+02
     Coulomb-14        LJ (SR)  Disper. corr.   Coulomb (SR)   Coul. recip.
    1.12593e+03    1.92941e+04   -2.26286e+03   -1.49947e+05    2.23097e+03
      Potential    Kinetic En.   Total Energy    Temperature Pres. DC (bar)
   -1.27988e+05    2.54579e+04   -1.02530e+05    3.15041e+02   -3.79146e+02
 Pressure (bar)   Constr. rmsd
   -3.23004e+02    3.84089e-05

DD  step 1899999  vol min/aver 0.873  load imb.: force  4.5%  pme mesh/force 0.838

           Step           Time         Lambda
        1900000     3800.00000        0.00000

   Energies (kJ/mol)
          Angle    Proper Dih. Ryckaert-Bell.  Improper Dih.          LJ-14
    6.41657e+02    5.07697e+02    6.01450e+01    2.65390e+01    3.38587e+02
     Coulomb-14        LJ (SR)  Disper. corr.   Coulomb (SR)   Coul. recip.
    1.09853e+03    2.02186e+04   -2.27770e+03   -1.51454e+05    2.19601e+03
      Potential    Kinetic En.   Total Energy    Temperature Pres. DC (bar)
   -1.28643e+05    2.50232e+04   -1.03620e+05    3.09661e+02   -3.84123e+02
 Pressure (bar)   Constr. rmsd
    3.52332e+02    3.07152e-05

DD  step 1949999  vol min/aver 0.719  load imb.: force  5.0%  pme mesh/force 0.835

           Step           Time         Lambda
        1950000     3900.00000        0.00000

   Energies (kJ/mol)
          Angle    Proper Dih. Ryckaert-Bell.  Improper Dih.          LJ-14
    6.07177e+02    5.03187e+02    8.50255e+01    3.06739e+01    3.33691e+02
     Coulomb-14        LJ (SR)  Disper. corr.   Coulomb (SR)   Coul. recip.
    1.13110e+03    1.99933e+04   -2.26571e+03   -1.51573e+05    2.27921e+03
      Potential    Kinetic En.   Total Energy    Temperature Pres. DC (bar)
   -1.28875e+05    2.49423e+04   -1.03933e+05    3.08660e+02   -3.80098e+02
 Pressure (bar)   Constr. rmsd
   -2.33193e+02    5.77678e-05

DD  step 1999999  vol min/aver 0.789  load imb.: force  2.7%  pme mesh/force 0.871

           Step           Time         Lambda
        2000000     4000.00000        0.00000

   Energies (kJ/mol)
          Angle    Proper Dih. Ryckaert-Bell.  Improper Dih.          LJ-14
    5.59177e+02    5.13861e+02    6.16461e+01    2.70650e+01    3.17356e+02
     Coulomb-14        LJ (SR)  Disper. corr.   Coulomb (SR)   Coul. recip.
    1.14750e+03    2.00870e+04   -2.25597e+03   -1.50860e+05    2.19537e+03
      Potential    Kinetic En.   Total Energy    Temperature Pres. DC (bar)
   -1.28207e+05    2.51111e+04   -1.03096e+05    3.10749e+02   -3.76845e+02
 Pressure (bar)   Constr. rmsd
    1.01864e+02    3.96315e-05

DD  step 2049999  vol min/aver 0.778  load imb.: force  5.2%  pme mesh/force 0.846

           Step           Time         Lambda
        2050000     4100.00000        0.00000

   Energies (kJ/mol)
          Angle    Proper Dih. Ryckaert-Bell.  Improper Dih.          LJ-14
    5.64929e+02    4.98008e+02    6.58269e+01    1.61138e+01    3.53109e+02
     Coulomb-14        LJ (SR)  Disper. corr.   Coulomb (SR)   Coul. recip.
    1.17824e+03    1.98724e+04   -2.26775e+03   -1.51312e+05    2.17454e+03
      Potential    Kinetic En.   Total Energy    Temperature Pres. DC (bar)
   -1.28856e+05    2.49810e+04   -1.03875e+05    3.09140e+02   -3.80783e+02
 Pressure (bar)   Constr. rmsd
    1.63879e+01    2.77576e-05

DD  step 2099999  vol min/aver 0.830  load imb.: force  4.9%  pme mesh/force 0.830

           Step           Time         Lambda
        2100000     4200.00000        0.00000

   Energies (kJ/mol)
          Angle    Proper Dih. Ryckaert-Bell.  Improper Dih.          LJ-14
    6.44158e+02    5.09898e+02    6.87238e+01    2.84163e+01    3.27499e+02
     Coulomb-14        LJ (SR)  Disper. corr.   Coulomb (SR)   Coul. recip.
    1.11972e+03    2.08167e+04   -2.29121e+03   -1.52448e+05    2.20581e+03
      Potential    Kinetic En.   Total Energy    Temperature Pres. DC (bar)
   -1.29018e+05    2.52388e+04   -1.03779e+05    3.12330e+02   -3.88683e+02
 Pressure (bar)   Constr. rmsd
    4.55795e+02    4.28016e-05

DD  step 2149999  vol min/aver 0.782  load imb.: force  7.4%  pme mesh/force 0.836

           Step           Time         Lambda
        2150000     4300.00000        0.00000

   Energies (kJ/mol)
          Angle    Proper Dih. Ryckaert-Bell.  Improper Dih.          LJ-14
    6.39299e+02    5.12365e+02    7.49600e+01    2.30996e+01    3.18143e+02
     Coulomb-14        LJ (SR)  Disper. corr.   Coulomb (SR)   Coul. recip.
    1.10454e+03    2.01729e+04   -2.26046e+03   -1.51491e+05    2.19659e+03
      Potential    Kinetic En.   Total Energy    Temperature Pres. DC (bar)
   -1.28710e+05    2.54162e+04   -1.03294e+05    3.14525e+02   -3.78342e+02
 Pressure (bar)   Constr. rmsd
   -6.41945e+01    3.95173e-05

DD  step 2199999  vol min/aver 0.825  load imb.: force  3.9%  pme mesh/force 0.844

           Step           Time         Lambda
        2200000     4400.00000        0.00000

   Energies (kJ/mol)
          Angle    Proper Dih. Ryckaert-Bell.  Improper Dih.          LJ-14
    5.69214e+02    5.03052e+02    5.50946e+01    1.69971e+01    3.27561e+02
     Coulomb-14        LJ (SR)  Disper. corr.   Coulomb (SR)   Coul. recip.
    1.12941e+03    2.04359e+04   -2.29073e+03   -1.52159e+05    2.15006e+03
      Potential    Kinetic En.   Total Energy    Temperature Pres. DC (bar)
   -1.29262e+05    2.52292e+04   -1.04033e+05    3.12210e+02   -3.88522e+02
 Pressure (bar)   Constr. rmsd
    3.62307e+02    2.92846e-05

DD  step 2249999  vol min/aver 0.736  load imb.: force  5.4%  pme mesh/force 0.845

           Step           Time         Lambda
        2250000     4500.00000        0.00000

   Energies (kJ/mol)
          Angle    Proper Dih. Ryckaert-Bell.  Improper Dih.          LJ-14
    6.67883e+02    4.85659e+02    6.74811e+01    3.43812e+01    3.43347e+02
     Coulomb-14        LJ (SR)  Disper. corr.   Coulomb (SR)   Coul. recip.
    1.03701e+03    1.99598e+04   -2.25989e+03   -1.50820e+05    2.14426e+03
      Potential    Kinetic En.   Total Energy    Temperature Pres. DC (bar)
   -1.28340e+05    2.53399e+04   -1.03001e+05    3.13580e+02   -3.78153e+02
 Pressure (bar)   Constr. rmsd
    7.76581e+01    4.04339e-05

DD  step 2299999  vol min/aver 0.760  load imb.: force  3.9%  pme mesh/force 0.851

           Step           Time         Lambda
        2300000     4600.00000        0.00000

   Energies (kJ/mol)
          Angle    Proper Dih. Ryckaert-Bell.  Improper Dih.          LJ-14
    7.24299e+02    5.22041e+02    6.60366e+01    2.79439e+01    3.17252e+02
     Coulomb-14        LJ (SR)  Disper. corr.   Coulomb (SR)   Coul. recip.
    1.02680e+03    2.00433e+04   -2.24103e+03   -1.50074e+05    2.20243e+03
      Potential    Kinetic En.   Total Energy    Temperature Pres. DC (bar)
   -1.27385e+05    2.54738e+04   -1.01911e+05    3.15237e+02   -3.71884e+02
 Pressure (bar)   Constr. rmsd
    3.48998e+01    4.47422e-05

DD  step 2349999  vol min/aver 0.719  load imb.: force  4.3%  pme mesh/force 0.847

           Step           Time         Lambda
        2350000     4700.00000        0.00000

   Energies (kJ/mol)
          Angle    Proper Dih. Ryckaert-Bell.  Improper Dih.          LJ-14
    6.22798e+02    4.86747e+02    4.29747e+01    3.15162e+01    3.19691e+02
     Coulomb-14        LJ (SR)  Disper. corr.   Coulomb (SR)   Coul. recip.
    1.11238e+03    2.03342e+04   -2.25594e+03   -1.51436e+05    2.23047e+03
      Potential    Kinetic En.   Total Energy    Temperature Pres. DC (bar)
   -1.28512e+05    2.49419e+04   -1.03570e+05    3.08655e+02   -3.76836e+02
 Pressure (bar)   Constr. rmsd
   -9.39444e+00    4.20183e-05

DD  step 2399999  vol min/aver 0.778  load imb.: force  3.6%  pme mesh/force 0.858

           Step           Time         Lambda
        2400000     4800.00000        0.00000

   Energies (kJ/mol)
          Angle    Proper Dih. Ryckaert-Bell.  Improper Dih.          LJ-14
    6.13873e+02    5.03842e+02    5.77648e+01    2.77467e+01    3.39692e+02
     Coulomb-14        LJ (SR)  Disper. corr.   Coulomb (SR)   Coul. recip.
    1.11703e+03    1.95796e+04   -2.25223e+03   -1.50962e+05    2.20288e+03
      Potential    Kinetic En.   Total Energy    Temperature Pres. DC (bar)
   -1.28771e+05    2.54010e+04   -1.03370e+05    3.14337e+02   -3.75600e+02
 Pressure (bar)   Constr. rmsd
   -1.97972e+02    2.91793e-05

DD  step 2449999  vol min/aver 0.728  load imb.: force  3.2%  pme mesh/force 0.851

           Step           Time         Lambda
        2450000     4900.00000        0.00000

   Energies (kJ/mol)
          Angle    Proper Dih. Ryckaert-Bell.  Improper Dih.          LJ-14
    5.85851e+02    5.39115e+02    7.55566e+01    3.22416e+01    3.40776e+02
     Coulomb-14        LJ (SR)  Disper. corr.   Coulomb (SR)   Coul. recip.
    1.15254e+03    2.02309e+04   -2.26532e+03   -1.51156e+05    2.18795e+03
      Potential    Kinetic En.   Total Energy    Temperature Pres. DC (bar)
   -1.28277e+05    2.51349e+04   -1.03142e+05    3.11044e+02   -3.79969e+02
 Pressure (bar)   Constr. rmsd
    2.81483e+02    3.34404e-05

DD  step 2499999  vol min/aver 0.606  load imb.: force  3.3%  pme mesh/force 0.858

           Step           Time         Lambda
        2500000     5000.00000        0.00000

Writing checkpoint, step 2500000 at Thu Oct  8 09:09:30 2020


   Energies (kJ/mol)
          Angle    Proper Dih. Ryckaert-Bell.  Improper Dih.          LJ-14
    5.94350e+02    5.17758e+02    7.07179e+01    3.24016e+01    3.10211e+02
     Coulomb-14        LJ (SR)  Disper. corr.   Coulomb (SR)   Coul. recip.
    1.12413e+03    2.05116e+04   -2.27208e+03   -1.51421e+05    2.17255e+03
      Potential    Kinetic En.   Total Energy    Temperature Pres. DC (bar)
   -1.28360e+05    2.47887e+04   -1.03571e+05    3.06760e+02   -3.82234e+02
 Pressure (bar)   Constr. rmsd
    3.46599e+02    3.85441e-05

	<======  ###############  ==>
	<====  A V E R A G E S  ====>
	<==  ###############  ======>

	Statistics over 2500001 steps using 25001 frames

   Energies (kJ/mol)
          Angle    Proper Dih. Ryckaert-Bell.  Improper Dih.          LJ-14
    6.02996e+02    5.15983e+02    5.74519e+01    2.88100e+01    3.25105e+02
     Coulomb-14        LJ (SR)  Disper. corr.   Coulomb (SR)   Coul. recip.
    1.11277e+03    1.99549e+04   -2.26641e+03   -1.51009e+05    2.20309e+03
      Potential    Kinetic En.   Total Energy    Temperature Pres. DC (bar)
   -1.28474e+05    2.50514e+04   -1.03422e+05    3.10011e+02   -3.80343e+02
 Pressure (bar)   Constr. rmsd
    1.30122e+00    0.00000e+00

          Box-X          Box-Y          Box-Z
    4.62901e+00    4.62901e+00    4.62901e+00

   Total Virial (kJ/mol)
    8.35249e+03   -2.29349e+00   -5.39829e+00
   -2.34561e+00    8.34919e+03   -2.66315e+00
   -5.45178e+00   -2.66646e+00    8.34206e+03

   Pressure (bar)
    8.17885e-03    6.12187e-01    1.67383e+00
    6.29637e-01    2.14809e-01    1.02462e+00
    1.69172e+00    1.02573e+00    3.68068e+00

      T-Protein  T-non-Protein
    3.10201e+02    3.10006e+02


	M E G A - F L O P S   A C C O U N T I N G

 NB=Group-cutoff nonbonded kernels    NxN=N-by-N cluster Verlet kernels
 RF=Reaction-Field  VdW=Van der Waals  QSTab=quadratic-spline table
 W3=SPC/TIP3p  W4=TIP4p (single or pairs)
 V&F=Potential and force  V=Potential only  F=Force only

 Computing:                               M-Number         M-Flops  % Flops
-----------------------------------------------------------------------------
 Pair Search distance check          585743.124330     5271688.119     1.0
 NxN Ewald Elec. + LJ [F]           3981162.480384   262756723.705    49.5
 NxN Ewald Elec. + LJ [V&F]           40216.245616     4303138.281     0.8
 NxN Ewald Elec. [F]                3537898.436832   215811804.647    40.6
 NxN Ewald Elec. [V&F]                35738.466416     3002031.179     0.6
 1,4 nonbonded interactions            1750.000700      157500.063     0.0
 Calc Weights                         72922.529169     2625211.050     0.5
 Spread Q Bspline                   1555680.622272     3111361.245     0.6
 Gather F Bspline                   1555680.622272     9334083.734     1.8
 3D-FFT                             2457600.983040    19660807.864     3.7
 Solve PME                            10240.004096      655360.262     0.1
 Reset In Box                          2430.750000        7292.250     0.0
 CG-CoM                                2430.759723        7292.279     0.0
 Angles                                1235.000494      207480.083     0.0
 Propers                               1482.500593      339492.636     0.1
 Impropers                              150.000060       31200.012     0.0
 RB-Dihedrals                           302.500121       74717.530     0.0
 Virial                                2790.761163       50233.701     0.0
 Stop-CM                                243.084723        2430.847     0.0
 Calc-Ekin                             4861.519446      131261.025     0.0
 Lincs                                 1951.619470      117097.168     0.0
 Lincs-Mat                            40418.574756      161674.299     0.0
 Constraint-V                         31851.017312      254808.138     0.0
 Constraint-Vir                        2989.950523       71758.813     0.0
 Settle                                9315.926124     3009044.138     0.6
-----------------------------------------------------------------------------
 Total                                               531155493.069   100.0
-----------------------------------------------------------------------------


    D O M A I N   D E C O M P O S I T I O N   S T A T I S T I C S

 av. #atoms communicated per step for force:  2 x 26288.0
 av. #atoms communicated per step for LINCS:  2 x 2355.0

 Average load imbalance: 4.6 %
 Part of the total run time spent waiting due to load imbalance: 1.9 %
 Steps where the load balancing was limited by -rdd, -rcon and/or -dds: X 0 % Y 0 % Z 0 %
 Average PME mesh/force load: 0.833
 Part of the total run time spent waiting due to PP/PME imbalance: 3.1 %


     R E A L   C Y C L E   A N D   T I M E   A C C O U N T I N G

On 32 MPI ranks doing PP, and
on 16 MPI ranks doing PME

 Computing:          Num   Num      Call    Wall time         Giga-Cycles
                     Ranks Threads  Count      (s)         total sum    %
-----------------------------------------------------------------------------
 Domain decomp.        32    1     250000     150.617      14442.430   6.9
 DD comm. load         32    1     249902       1.649        158.099   0.1
 DD comm. bounds       32    1     249901       6.475        620.872   0.3
 Send X to PME         32    1    2500001      11.057       1060.251   0.5
 Neighbor search       32    1     250001     141.802      13597.160   6.5
 Comm. coord.          32    1    2250000      53.835       5162.168   2.5
 Force                 32    1    2500001     656.810      62980.283  30.1
 Wait + Comm. F        32    1    2500001     110.511      10596.726   5.1
 PME mesh *            16    1    2500001     653.075      31311.052  15.0
 PME wait for PP *                            801.188      38412.227  18.4
 Wait + Recv. PME F    32    1    2500001       3.323        318.641   0.2
 NB X/F buffer ops.    32    1    7000001      31.892       3058.111   1.5
 Write traj.           32    1         52       0.013          1.222   0.0
 Update                32    1    2500001      53.801       5158.923   2.5
 Constraints           32    1    2500001     207.744      19920.204   9.5
 Comm. energies        32    1     250001       8.302        796.080   0.4
 Rest                                          16.429       1575.393   0.8
-----------------------------------------------------------------------------
 Total                                       1454.263     209169.844 100.0
-----------------------------------------------------------------------------
(*) Note that with separate PME ranks, the walltime column actually sums to
    twice the total reported, but the cycle count total and % are correct.
-----------------------------------------------------------------------------
 Breakdown of PME mesh computation
-----------------------------------------------------------------------------
 PME redist. X/F       16    1    5000002     165.958       7956.679   3.8
 PME spread/gather     16    1    5000002     307.991      14766.324   7.1
 PME 3D-FFT            16    1    5000002     102.821       4929.674   2.4
 PME 3D-FFT Comm.      16    1   10000004      55.663       2668.710   1.3
 PME solve Elec        16    1    2500001      18.197        872.449   0.4
-----------------------------------------------------------------------------

               Core t (s)   Wall t (s)        (%)
       Time:    69805.861     1454.263     4800.1
                 (ns/day)    (hour/ns)
Performance:      297.058        0.081
Finished mdrun on rank 0 Thu Oct  8 09:09:30 2020
