Log file opened on Thu Oct  8 08:15:44 2020
Host: Server-BioTD-01  pid: 178260  rank ID: 0  number of ranks:  1
                   :-) GROMACS - gmx mdrun, VERSION 5.1.4 (-:

                            GROMACS is written by:
     Emile Apol      Rossen Apostolov  Herman J.C. Berendsen    Par Bjelkmar   
 Aldert van Buuren   Rudi van Drunen     Anton Feenstra   Sebastian Fritsch 
  Gerrit Groenhof   Christoph Junghans   Anca Hamuraru    Vincent Hindriksen
 Dimitrios Karkoulis    Peter Kasson        Jiri Kraus      Carsten Kutzner  
    Per Larsson      Justin A. Lemkul   Magnus Lundborg   Pieter Meulenhoff 
   Erik Marklund      Teemu Murtola       Szilard Pall       Sander Pronk   
   Roland Schulz     Alexey Shvetsov     Michael Shirts     Alfons Sijbers  
   Peter Tieleman    Teemu Virolainen  Christian Wennberg    Maarten Wolf   
                           and the project leaders:
        Mark Abraham, Berk Hess, Erik Lindahl, and David van der Spoel

Copyright (c) 1991-2000, University of Groningen, The Netherlands.
Copyright (c) 2001-2015, The GROMACS development team at
Uppsala University, Stockholm University and
the Royal Institute of Technology, Sweden.
check out http://www.gromacs.org for more information.

GROMACS is free software; you can redistribute it and/or modify it
under the terms of the GNU Lesser General Public License
as published by the Free Software Foundation; either version 2.1
of the License, or (at your option) any later version.

GROMACS:      gmx mdrun, VERSION 5.1.4
Executable:   /usr/local/gromacs/bin/gmx
Data prefix:  /usr/local/gromacs
Command line:
  gmx mdrun -deffnm design_output/drug_design/md-npt

GROMACS version:    VERSION 5.1.4
Precision:          single
Memory model:       64 bit
MPI library:        thread_mpi
OpenMP support:     enabled (GMX_OPENMP_MAX_THREADS = 32)
GPU support:        enabled
OpenCL support:     disabled
invsqrt routine:    gmx_software_invsqrt(x)
SIMD instructions:  AVX2_256
FFT library:        fftw-3.3.4-sse2-avx
RDTSCP usage:       enabled
C++11 compilation:  disabled
TNG support:        enabled
Tracing support:    disabled
Built on:           dom ago 26 22:32:30 -05 2018
Built by:           kpalacio@Server-BioTD-01 [CMAKE]
Build OS/arch:      Linux 4.4.0-134-generic x86_64
Build CPU vendor:   GenuineIntel
Build CPU brand:    Intel(R) Xeon(R) CPU E5-2687W v4 @ 3.00GHz
Build CPU family:   6   Model: 79   Stepping: 1
Build CPU features: aes apic avx avx2 clfsh cmov cx8 cx16 f16c fma htt lahf_lm mmx msr nonstop_tsc pcid pclmuldq pdcm pdpe1gb popcnt pse rdrnd rdtscp sse2 sse3 sse4.1 sse4.2 ssse3 tdt x2apic
C compiler:         /usr/local/bin/mpicc GNU 5.5.0
C compiler flags:    -march=core-avx2    -Wextra -Wno-missing-field-initializers -Wno-sign-compare -Wpointer-arith -Wall -Wno-unused -Wunused-value -Wunused-parameter  -O3 -DNDEBUG -funroll-all-loops -fexcess-precision=fast  -Wno-array-bounds 
C++ compiler:       /usr/local/bin/mpicxx GNU 5.5.0
C++ compiler flags:  -march=core-avx2    -Wextra -Wno-missing-field-initializers -Wpointer-arith -Wall -Wno-unused-function  -O3 -DNDEBUG -funroll-all-loops -fexcess-precision=fast  -Wno-array-bounds 
Boost version:      1.58.0 (external)
CUDA compiler:      /usr/local/cuda-8.0/bin/nvcc nvcc: NVIDIA (R) Cuda compiler driver;Copyright (c) 2005-2016 NVIDIA Corporation;Built on Tue_Jan_10_13:22:03_CST_2017;Cuda compilation tools, release 8.0, V8.0.61
CUDA compiler flags:-gencode;arch=compute_20,code=sm_20;-gencode;arch=compute_30,code=sm_30;-gencode;arch=compute_35,code=sm_35;-gencode;arch=compute_37,code=sm_37;-gencode;arch=compute_50,code=sm_50;-gencode;arch=compute_52,code=sm_52;-gencode;arch=compute_60,code=sm_60;-gencode;arch=compute_61,code=sm_61;-gencode;arch=compute_60,code=compute_60;-gencode;arch=compute_61,code=compute_61;-use_fast_math;-D_FORCE_INLINES; ;-march=core-avx2;-Wextra;-Wno-missing-field-initializers;-Wpointer-arith;-Wall;-Wno-unused-function;-O3;-DNDEBUG;-funroll-all-loops;-fexcess-precision=fast;-Wno-array-bounds;
CUDA driver:        9.20
CUDA runtime:       0.0


NOTE: Error occurred during GPU detection:
      unknown error
      Can not use GPU acceleration, will fall back to CPU kernels.


Running on 1 node with total 24 cores, 48 logical cores, 0 compatible GPUs
Hardware detected:
  CPU info:
    Vendor: GenuineIntel
    Brand:  Intel(R) Xeon(R) CPU E5-2687W v4 @ 3.00GHz
    Family:  6  model: 79  stepping:  1
    CPU features: aes apic avx avx2 clfsh cmov cx8 cx16 f16c fma htt lahf_lm mmx msr nonstop_tsc pcid pclmuldq pdcm pdpe1gb popcnt pse rdrnd rdtscp sse2 sse3 sse4.1 sse4.2 ssse3 tdt x2apic
    SIMD instructions most likely to fit this hardware: AVX2_256
    SIMD instructions selected at GROMACS compile time: AVX2_256


++++ PLEASE READ AND CITE THE FOLLOWING REFERENCE ++++
M. J. Abraham, T. Murtola, R. Schulz, S. Páll, J. C. Smith, B. Hess, E.
Lindahl
GROMACS: High performance molecular simulations through multi-level
parallelism from laptops to supercomputers
SoftwareX 1 (2015) pp. 19-25
-------- -------- --- Thank You --- -------- --------


++++ PLEASE READ AND CITE THE FOLLOWING REFERENCE ++++
S. Páll, M. J. Abraham, C. Kutzner, B. Hess, E. Lindahl
Tackling Exascale Software Challenges in Molecular Dynamics Simulations with
GROMACS
In S. Markidis & E. Laure (Eds.), Solving Software Challenges for Exascale 8759 (2015) pp. 3-27
-------- -------- --- Thank You --- -------- --------


++++ PLEASE READ AND CITE THE FOLLOWING REFERENCE ++++
S. Pronk, S. Páll, R. Schulz, P. Larsson, P. Bjelkmar, R. Apostolov, M. R.
Shirts, J. C. Smith, P. M. Kasson, D. van der Spoel, B. Hess, and E. Lindahl
GROMACS 4.5: a high-throughput and highly parallel open source molecular
simulation toolkit
Bioinformatics 29 (2013) pp. 845-54
-------- -------- --- Thank You --- -------- --------


++++ PLEASE READ AND CITE THE FOLLOWING REFERENCE ++++
B. Hess and C. Kutzner and D. van der Spoel and E. Lindahl
GROMACS 4: Algorithms for highly efficient, load-balanced, and scalable
molecular simulation
J. Chem. Theory Comput. 4 (2008) pp. 435-447
-------- -------- --- Thank You --- -------- --------


++++ PLEASE READ AND CITE THE FOLLOWING REFERENCE ++++
D. van der Spoel, E. Lindahl, B. Hess, G. Groenhof, A. E. Mark and H. J. C.
Berendsen
GROMACS: Fast, Flexible and Free
J. Comp. Chem. 26 (2005) pp. 1701-1719
-------- -------- --- Thank You --- -------- --------


++++ PLEASE READ AND CITE THE FOLLOWING REFERENCE ++++
E. Lindahl and B. Hess and D. van der Spoel
GROMACS 3.0: A package for molecular simulation and trajectory analysis
J. Mol. Mod. 7 (2001) pp. 306-317
-------- -------- --- Thank You --- -------- --------


++++ PLEASE READ AND CITE THE FOLLOWING REFERENCE ++++
H. J. C. Berendsen, D. van der Spoel and R. van Drunen
GROMACS: A message-passing parallel molecular dynamics implementation
Comp. Phys. Comm. 91 (1995) pp. 43-56
-------- -------- --- Thank You --- -------- --------

Input Parameters:
   integrator                     = md
   tinit                          = 0
   dt                             = 0.002
   nsteps                         = 2500000
   init-step                      = 0
   simulation-part                = 1
   comm-mode                      = Linear
   nstcomm                        = 100
   bd-fric                        = 0
   ld-seed                        = 1847679950
   emtol                          = 10
   emstep                         = 0.01
   niter                          = 20
   fcstep                         = 0
   nstcgsteep                     = 1000
   nbfgscorr                      = 10
   rtpi                           = 0.05
   nstxout                        = 0
   nstvout                        = 0
   nstfout                        = 0
   nstlog                         = 50000
   nstcalcenergy                  = 100
   nstenergy                      = 50000
   nstxout-compressed             = 50000
   compressed-x-precision         = 1000
   cutoff-scheme                  = Verlet
   nstlist                        = 10
   ns-type                        = Grid
   pbc                            = xyz
   periodic-molecules             = FALSE
   verlet-buffer-tolerance        = 0.005
   rlist                          = 0.801
   rlistlong                      = 0.801
   nstcalclr                      = 10
   coulombtype                    = PME
   coulomb-modifier               = Potential-shift
   rcoulomb-switch                = 0
   rcoulomb                       = 0.8
   epsilon-r                      = 1
   epsilon-rf                     = inf
   vdw-type                       = Cut-off
   vdw-modifier                   = Potential-shift
   rvdw-switch                    = 0
   rvdw                           = 0.8
   DispCorr                       = EnerPres
   table-extension                = 1
   fourierspacing                 = 0.16
   fourier-nx                     = 32
   fourier-ny                     = 32
   fourier-nz                     = 32
   pme-order                      = 4
   ewald-rtol                     = 1e-05
   ewald-rtol-lj                  = 0.001
   lj-pme-comb-rule               = Geometric
   ewald-geometry                 = 0
   epsilon-surface                = 0
   implicit-solvent               = No
   gb-algorithm                   = Still
   nstgbradii                     = 1
   rgbradii                       = 1
   gb-epsilon-solvent             = 80
   gb-saltconc                    = 0
   gb-obc-alpha                   = 1
   gb-obc-beta                    = 0.8
   gb-obc-gamma                   = 4.85
   gb-dielectric-offset           = 0.009
   sa-algorithm                   = Ace-approximation
   sa-surface-tension             = 2.05016
   tcoupl                         = V-rescale
   nsttcouple                     = 10
   nh-chain-length                = 0
   print-nose-hoover-chain-variables = FALSE
   pcoupl                         = Parrinello-Rahman
   pcoupltype                     = Isotropic
   nstpcouple                     = 10
   tau-p                          = 2
   compressibility (3x3):
      compressibility[    0]={ 4.50000e-05,  0.00000e+00,  0.00000e+00}
      compressibility[    1]={ 0.00000e+00,  4.50000e-05,  0.00000e+00}
      compressibility[    2]={ 0.00000e+00,  0.00000e+00,  4.50000e-05}
   ref-p (3x3):
      ref-p[    0]={ 1.00000e+00,  0.00000e+00,  0.00000e+00}
      ref-p[    1]={ 0.00000e+00,  1.00000e+00,  0.00000e+00}
      ref-p[    2]={ 0.00000e+00,  0.00000e+00,  1.00000e+00}
   refcoord-scaling               = COM
   posres-com (3):
      posres-com[0]= 0.00000e+00
      posres-com[1]= 0.00000e+00
      posres-com[2]= 0.00000e+00
   posres-comB (3):
      posres-comB[0]= 0.00000e+00
      posres-comB[1]= 0.00000e+00
      posres-comB[2]= 0.00000e+00
   QMMM                           = FALSE
   QMconstraints                  = 0
   QMMMscheme                     = 0
   MMChargeScaleFactor            = 1
qm-opts:
   ngQM                           = 0
   constraint-algorithm           = Lincs
   continuation                   = TRUE
   Shake-SOR                      = FALSE
   shake-tol                      = 0.0001
   lincs-order                    = 4
   lincs-iter                     = 1
   lincs-warnangle                = 30
   nwall                          = 0
   wall-type                      = 9-3
   wall-r-linpot                  = -1
   wall-atomtype[0]               = -1
   wall-atomtype[1]               = -1
   wall-density[0]                = 0
   wall-density[1]                = 0
   wall-ewald-zfac                = 3
   pull                           = FALSE
   rotation                       = FALSE
   interactiveMD                  = FALSE
   disre                          = No
   disre-weighting                = Conservative
   disre-mixed                    = FALSE
   dr-fc                          = 1000
   dr-tau                         = 0
   nstdisreout                    = 100
   orire-fc                       = 0
   orire-tau                      = 0
   nstorireout                    = 100
   free-energy                    = no
   cos-acceleration               = 0
   deform (3x3):
      deform[    0]={ 0.00000e+00,  0.00000e+00,  0.00000e+00}
      deform[    1]={ 0.00000e+00,  0.00000e+00,  0.00000e+00}
      deform[    2]={ 0.00000e+00,  0.00000e+00,  0.00000e+00}
   simulated-tempering            = FALSE
   E-x:
      n = 0
   E-xt:
      n = 0
   E-y:
      n = 0
   E-yt:
      n = 0
   E-z:
      n = 0
   E-zt:
      n = 0
   swapcoords                     = no
   adress                         = FALSE
   userint1                       = 0
   userint2                       = 0
   userint3                       = 0
   userint4                       = 0
   userreal1                      = 0
   userreal2                      = 0
   userreal3                      = 0
   userreal4                      = 0
grpopts:
   nrdf:     439.932     18997.1
   ref-t:         310         310
   tau-t:         0.1         0.1
annealing:          No          No
annealing-npoints:           0           0
   acc:	           0           0           0
   nfreeze:           N           N           N
   energygrp-flags[  0]: 0


Initializing Domain Decomposition on 48 ranks
Dynamic load balancing: auto
Will sort the charge groups at every domain (re)decomposition
Initial maximum inter charge-group distances:
    two-body bonded interactions: 0.462 nm, LJ-14, atoms 59 264
  multi-body bonded interactions: 0.462 nm, Proper Dih., atoms 264 59
Minimum cell size due to bonded interactions: 0.508 nm
Maximum distance for 5 constraints, at 120 deg. angles, all-trans: 0.871 nm
Estimated maximum distance required for P-LINCS: 0.871 nm
This distance will limit the DD cell size, you can override this with -rcon
Guess for relative PME load: 0.33
Will use 32 particle-particle and 16 PME only ranks
This is a guess, check the performance at the end of the log file
Using 16 separate PME ranks, as guessed by mdrun
Scaling the initial minimum size with 1/0.8 (option -dds) = 1.25
Optimizing the DD grid for 32 cells with a minimum initial size of 1.089 nm
The maximum allowed number of cells is: X 4 Y 4 Z 4
Domain decomposition grid 4 x 4 x 2, separate PME ranks 16
PME domain decomposition: 4 x 4 x 1
Interleaving PP and PME ranks
This rank does only particle-particle work.

Domain decomposition rank 0, coordinates 0 0 0

Using 48 MPI threads
Using 1 OpenMP thread per tMPI thread

Will do PME sum in reciprocal space for electrostatic interactions.

++++ PLEASE READ AND CITE THE FOLLOWING REFERENCE ++++
U. Essmann, L. Perera, M. L. Berkowitz, T. Darden, H. Lee and L. G. Pedersen 
A smooth particle mesh Ewald method
J. Chem. Phys. 103 (1995) pp. 8577-8592
-------- -------- --- Thank You --- -------- --------

Will do ordinary reciprocal space Ewald sum.
Using a Gaussian width (1/beta) of 0.25613 nm for Ewald
Cut-off's:   NS: 0.801   Coulomb: 0.8   LJ: 0.8
Long Range LJ corr.: <C6> 2.9129e-04
System total charge: -1.000
Generated table with 900 data points for Ewald.
Tabscale = 500 points/nm
Generated table with 900 data points for LJ6.
Tabscale = 500 points/nm
Generated table with 900 data points for LJ12.
Tabscale = 500 points/nm
Generated table with 900 data points for 1-4 COUL.
Tabscale = 500 points/nm
Generated table with 900 data points for 1-4 LJ6.
Tabscale = 500 points/nm
Generated table with 900 data points for 1-4 LJ12.
Tabscale = 500 points/nm
Potential shift: LJ r^-12: -1.455e+01 r^-6: -3.815e+00, Ewald -1.000e-05
Initialized non-bonded Ewald correction tables, spacing: 8.35e-04 size: 960


Using AVX2_256 4x8 non-bonded kernels

Using Lorentz-Berthelot Lennard-Jones combination rule

Pinning threads with an auto-selected logical core stride of 1

Initializing Parallel LINear Constraint Solver

++++ PLEASE READ AND CITE THE FOLLOWING REFERENCE ++++
B. Hess
P-LINCS: A Parallel Linear Constraint Solver for molecular simulation
J. Chem. Theory Comput. 4 (2008) pp. 116-122
-------- -------- --- Thank You --- -------- --------

The number of constraints is 282
There are inter charge-group constraints,
will communicate selected coordinates each lincs iteration

++++ PLEASE READ AND CITE THE FOLLOWING REFERENCE ++++
S. Miyamoto and P. A. Kollman
SETTLE: An Analytical Version of the SHAKE and RATTLE Algorithms for Rigid
Water Models
J. Comp. Chem. 13 (1992) pp. 952-962
-------- -------- --- Thank You --- -------- --------


Linking all bonded interactions to atoms

The initial number of communication pulses is: X 1 Y 1 Z 1
The initial domain decomposition cell size is: X 1.16 nm Y 1.16 nm Z 2.31 nm

The maximum allowed distance for charge groups involved in interactions is:
                 non-bonded interactions           0.801 nm
(the following are initial values, they could change due to box deformation)
            two-body bonded interactions  (-rdd)   0.801 nm
          multi-body bonded interactions  (-rdd)   0.801 nm
  atoms separated by up to 5 constraints  (-rcon)  1.156 nm

When dynamic load balancing gets turned on, these settings will change to:
The maximum number of communication pulses is: X 1 Y 1 Z 1
The minimum size for domain decomposition cells is 0.871 nm
The requested allowed shrink of DD cells (option -dds) is: 0.80
The allowed shrink of domain decomposition cells is: X 0.75 Y 0.75 Z 0.38
The maximum allowed distance for charge groups involved in interactions is:
                 non-bonded interactions           0.801 nm
            two-body bonded interactions  (-rdd)   0.801 nm
          multi-body bonded interactions  (-rdd)   0.801 nm
  atoms separated by up to 5 constraints  (-rcon)  0.871 nm


Making 3D domain decomposition grid 4 x 4 x 2, home cell index 0 0 0

Center of mass motion removal mode is Linear
We have the following groups for center of mass motion removal:
  0:  rest

++++ PLEASE READ AND CITE THE FOLLOWING REFERENCE ++++
G. Bussi, D. Donadio and M. Parrinello
Canonical sampling through velocity rescaling
J. Chem. Phys. 126 (2007) pp. 014101
-------- -------- --- Thank You --- -------- --------

There are: 9723 Atoms
Atom distribution over 32 domains: av 303 stddev 24 min 282 max 318
Initial temperature: 318.861 K

Started mdrun on rank 0 Thu Oct  8 08:15:45 2020
           Step           Time         Lambda
              0        0.00000        0.00000

   Energies (kJ/mol)
          Angle    Proper Dih. Ryckaert-Bell.  Improper Dih.          LJ-14
    6.68836e+02    5.27234e+02    8.30425e+01    3.61983e+01    3.35921e+02
     Coulomb-14        LJ (SR)  Disper. corr.   Coulomb (SR)   Coul. recip.
    1.42537e+03    1.95388e+04   -2.27126e+03   -1.48274e+05    2.33533e+03
      Potential    Kinetic En.   Total Energy    Temperature Pres. DC (bar)
   -1.25595e+05    2.60461e+04   -9.95488e+04    3.22336e+02   -3.82031e+02
 Pressure (bar)   Constr. rmsd
    6.36138e+02    4.89047e-05

DD  step 9 load imb.: force 11.6%  pme mesh/force 1.200

step   40: timed with pme grid 32 32 32, coulomb cutoff 0.800: 12.0 M-cycles
step   60: timed with pme grid 25 25 25, coulomb cutoff 0.925: 14.5 M-cycles
step   80: timed with pme grid 28 28 28, coulomb cutoff 0.826: 13.0 M-cycles
step  100: timed with pme grid 32 32 32, coulomb cutoff 0.800: 11.8 M-cycles
              optimal pme grid 32 32 32, coulomb cutoff 0.800
At step 1000 the performance loss due to force load imbalance is 2.1 %

NOTE: Turning on dynamic load balancing

DD  step 49999  vol min/aver 0.754  load imb.: force  2.8%  pme mesh/force 0.849

           Step           Time         Lambda
          50000      100.00000        0.00000

   Energies (kJ/mol)
          Angle    Proper Dih. Ryckaert-Bell.  Improper Dih.          LJ-14
    5.95860e+02    5.24322e+02    6.65566e+01    3.47941e+01    3.36425e+02
     Coulomb-14        LJ (SR)  Disper. corr.   Coulomb (SR)   Coul. recip.
    1.40756e+03    2.00259e+04   -2.27838e+03   -1.51141e+05    2.13939e+03
      Potential    Kinetic En.   Total Energy    Temperature Pres. DC (bar)
   -1.28288e+05    2.51586e+04   -1.03130e+05    3.11353e+02   -3.84426e+02
 Pressure (bar)   Constr. rmsd
    1.82912e+02    3.39314e-05

DD  step 99999  vol min/aver 0.793  load imb.: force  7.9%  pme mesh/force 0.813

           Step           Time         Lambda
         100000      200.00000        0.00000

   Energies (kJ/mol)
          Angle    Proper Dih. Ryckaert-Bell.  Improper Dih.          LJ-14
    6.58559e+02    5.64396e+02    5.55641e+01    2.76140e+01    3.25367e+02
     Coulomb-14        LJ (SR)  Disper. corr.   Coulomb (SR)   Coul. recip.
    1.37527e+03    2.00065e+04   -2.27168e+03   -1.51488e+05    2.25226e+03
      Potential    Kinetic En.   Total Energy    Temperature Pres. DC (bar)
   -1.28495e+05    2.50508e+04   -1.03444e+05    3.10019e+02   -3.82174e+02
 Pressure (bar)   Constr. rmsd
   -6.08302e+01    4.28056e-05

DD  step 149999  vol min/aver 0.787  load imb.: force  6.6%  pme mesh/force 0.819

           Step           Time         Lambda
         150000      300.00000        0.00000

   Energies (kJ/mol)
          Angle    Proper Dih. Ryckaert-Bell.  Improper Dih.          LJ-14
    6.42831e+02    5.21121e+02    6.82483e+01    1.78529e+01    3.01756e+02
     Coulomb-14        LJ (SR)  Disper. corr.   Coulomb (SR)   Coul. recip.
    1.37187e+03    1.96671e+04   -2.26683e+03   -1.50663e+05    2.20305e+03
      Potential    Kinetic En.   Total Energy    Temperature Pres. DC (bar)
   -1.28136e+05    2.51343e+04   -1.03001e+05    3.11052e+02   -3.80546e+02
 Pressure (bar)   Constr. rmsd
   -2.06032e+02    4.04470e-05

DD  step 199999  vol min/aver 0.773  load imb.: force  3.8%  pme mesh/force 0.838

           Step           Time         Lambda
         200000      400.00000        0.00000

   Energies (kJ/mol)
          Angle    Proper Dih. Ryckaert-Bell.  Improper Dih.          LJ-14
    6.54053e+02    5.30023e+02    6.78973e+01    1.99921e+01    3.14748e+02
     Coulomb-14        LJ (SR)  Disper. corr.   Coulomb (SR)   Coul. recip.
    1.35305e+03    1.98512e+04   -2.28164e+03   -1.51286e+05    2.15253e+03
      Potential    Kinetic En.   Total Energy    Temperature Pres. DC (bar)
   -1.28624e+05    2.50348e+04   -1.03589e+05    3.09821e+02   -3.85523e+02
 Pressure (bar)   Constr. rmsd
   -1.37906e+02    4.37137e-05

DD  step 249999  vol min/aver 0.776  load imb.: force  3.2%  pme mesh/force 0.849

           Step           Time         Lambda
         250000      500.00000        0.00000

   Energies (kJ/mol)
          Angle    Proper Dih. Ryckaert-Bell.  Improper Dih.          LJ-14
    5.49231e+02    5.27995e+02    6.74057e+01    3.70173e+01    3.37467e+02
     Coulomb-14        LJ (SR)  Disper. corr.   Coulomb (SR)   Coul. recip.
    1.37225e+03    2.00735e+04   -2.26697e+03   -1.51252e+05    2.13522e+03
      Potential    Kinetic En.   Total Energy    Temperature Pres. DC (bar)
   -1.28419e+05    2.44120e+04   -1.04007e+05    3.02114e+02   -3.80595e+02
 Pressure (bar)   Constr. rmsd
    4.45345e+01    4.65117e-05

DD  step 299999  vol min/aver 0.806  load imb.: force  6.5%  pme mesh/force 0.819

           Step           Time         Lambda
         300000      600.00000        0.00000

   Energies (kJ/mol)
          Angle    Proper Dih. Ryckaert-Bell.  Improper Dih.          LJ-14
    6.56491e+02    5.44518e+02    6.48065e+01    2.72205e+01    3.17027e+02
     Coulomb-14        LJ (SR)  Disper. corr.   Coulomb (SR)   Coul. recip.
    1.45466e+03    1.98421e+04   -2.27216e+03   -1.50702e+05    2.22470e+03
      Potential    Kinetic En.   Total Energy    Temperature Pres. DC (bar)
   -1.27843e+05    2.53719e+04   -1.02471e+05    3.13993e+02   -3.82334e+02
 Pressure (bar)   Constr. rmsd
   -4.45945e+01    5.04377e-05

DD  step 349999  vol min/aver 0.766  load imb.: force  5.0%  pme mesh/force 0.818

           Step           Time         Lambda
         350000      700.00000        0.00000

   Energies (kJ/mol)
          Angle    Proper Dih. Ryckaert-Bell.  Improper Dih.          LJ-14
    6.72218e+02    5.33004e+02    6.27275e+01    2.66638e+01    3.16243e+02
     Coulomb-14        LJ (SR)  Disper. corr.   Coulomb (SR)   Coul. recip.
    1.36464e+03    1.94476e+04   -2.25608e+03   -1.50473e+05    2.26202e+03
      Potential    Kinetic En.   Total Energy    Temperature Pres. DC (bar)
   -1.28044e+05    2.48449e+04   -1.03199e+05    3.07471e+02   -3.76954e+02
 Pressure (bar)   Constr. rmsd
   -4.59324e+02    5.67945e-05

DD  step 399999  vol min/aver 0.662  load imb.: force  4.0%  pme mesh/force 0.853

           Step           Time         Lambda
         400000      800.00000        0.00000

   Energies (kJ/mol)
          Angle    Proper Dih. Ryckaert-Bell.  Improper Dih.          LJ-14
    5.92238e+02    5.30802e+02    6.29978e+01    2.83984e+01    3.06080e+02
     Coulomb-14        LJ (SR)  Disper. corr.   Coulomb (SR)   Coul. recip.
    1.41645e+03    2.02660e+04   -2.24645e+03   -1.51863e+05    2.13608e+03
      Potential    Kinetic En.   Total Energy    Temperature Pres. DC (bar)
   -1.28770e+05    2.47323e+04   -1.04038e+05    3.06077e+02   -3.73753e+02
 Pressure (bar)   Constr. rmsd
   -1.81770e+02    5.27989e-05

DD  step 449999  vol min/aver 0.552  load imb.: force  3.2%  pme mesh/force 0.839

           Step           Time         Lambda
         450000      900.00000        0.00000

   Energies (kJ/mol)
          Angle    Proper Dih. Ryckaert-Bell.  Improper Dih.          LJ-14
    5.99007e+02    5.17978e+02    7.74834e+01    2.11655e+01    3.33327e+02
     Coulomb-14        LJ (SR)  Disper. corr.   Coulomb (SR)   Coul. recip.
    1.42755e+03    1.96119e+04   -2.26393e+03   -1.50699e+05    2.27410e+03
      Potential    Kinetic En.   Total Energy    Temperature Pres. DC (bar)
   -1.28100e+05    2.53785e+04   -1.02722e+05    3.14074e+02   -3.79575e+02
 Pressure (bar)   Constr. rmsd
   -1.09148e+02    3.93932e-05

DD  step 499999  vol min/aver 0.664  load imb.: force  3.5%  pme mesh/force 0.843

           Step           Time         Lambda
         500000     1000.00000        0.00000

   Energies (kJ/mol)
          Angle    Proper Dih. Ryckaert-Bell.  Improper Dih.          LJ-14
    6.05516e+02    5.05005e+02    6.37595e+01    2.24799e+01    3.41606e+02
     Coulomb-14        LJ (SR)  Disper. corr.   Coulomb (SR)   Coul. recip.
    1.43245e+03    2.00560e+04   -2.26423e+03   -1.51259e+05    2.15004e+03
      Potential    Kinetic En.   Total Energy    Temperature Pres. DC (bar)
   -1.28346e+05    2.49624e+04   -1.03384e+05    3.08925e+02   -3.79677e+02
 Pressure (bar)   Constr. rmsd
   -9.57864e+01    4.80713e-05

DD  step 549999  vol min/aver 0.570  load imb.: force  3.3%  pme mesh/force 0.860

           Step           Time         Lambda
         550000     1100.00000        0.00000

   Energies (kJ/mol)
          Angle    Proper Dih. Ryckaert-Bell.  Improper Dih.          LJ-14
    6.40253e+02    5.05632e+02    7.19064e+01    2.50828e+01    3.23128e+02
     Coulomb-14        LJ (SR)  Disper. corr.   Coulomb (SR)   Coul. recip.
    1.43188e+03    1.99463e+04   -2.27832e+03   -1.50914e+05    2.14967e+03
      Potential    Kinetic En.   Total Energy    Temperature Pres. DC (bar)
   -1.28099e+05    2.48571e+04   -1.03242e+05    3.07621e+02   -3.84405e+02
 Pressure (bar)   Constr. rmsd
    1.60547e+02    2.84005e-05

DD  step 599999  vol min/aver 0.690  load imb.: force  4.4%  pme mesh/force 0.842

           Step           Time         Lambda
         600000     1200.00000        0.00000

   Energies (kJ/mol)
          Angle    Proper Dih. Ryckaert-Bell.  Improper Dih.          LJ-14
    7.18263e+02    4.98903e+02    4.64287e+01    2.49298e+01    3.00774e+02
     Coulomb-14        LJ (SR)  Disper. corr.   Coulomb (SR)   Coul. recip.
    1.38702e+03    1.99012e+04   -2.26266e+03   -1.50120e+05    2.22527e+03
      Potential    Kinetic En.   Total Energy    Temperature Pres. DC (bar)
   -1.27280e+05    2.50677e+04   -1.02212e+05    3.10227e+02   -3.79151e+02
 Pressure (bar)   Constr. rmsd
   -2.80283e+01    4.72971e-05

DD  step 649999  vol min/aver 0.668  load imb.: force  4.2%  pme mesh/force 0.861

           Step           Time         Lambda
         650000     1300.00000        0.00000

   Energies (kJ/mol)
          Angle    Proper Dih. Ryckaert-Bell.  Improper Dih.          LJ-14
    6.34943e+02    5.72091e+02    7.39391e+01    3.16089e+01    3.18470e+02
     Coulomb-14        LJ (SR)  Disper. corr.   Coulomb (SR)   Coul. recip.
    1.35456e+03    2.02357e+04   -2.27320e+03   -1.51354e+05    2.19036e+03
      Potential    Kinetic En.   Total Energy    Temperature Pres. DC (bar)
   -1.28215e+05    2.48024e+04   -1.03413e+05    3.06945e+02   -3.82684e+02
 Pressure (bar)   Constr. rmsd
    8.57395e+01    5.12259e-05

DD  step 699999  vol min/aver 0.433  load imb.: force  5.2%  pme mesh/force 0.871

           Step           Time         Lambda
         700000     1400.00000        0.00000

   Energies (kJ/mol)
          Angle    Proper Dih. Ryckaert-Bell.  Improper Dih.          LJ-14
    6.07239e+02    5.06757e+02    6.64490e+01    2.18761e+01    3.22559e+02
     Coulomb-14        LJ (SR)  Disper. corr.   Coulomb (SR)   Coul. recip.
    1.44938e+03    1.92184e+04   -2.26199e+03   -1.49971e+05    2.20415e+03
      Potential    Kinetic En.   Total Energy    Temperature Pres. DC (bar)
   -1.27836e+05    2.45942e+04   -1.03242e+05    3.04368e+02   -3.78928e+02
 Pressure (bar)   Constr. rmsd
   -4.24980e+02    4.81966e-05

DD  step 749999  vol min/aver 0.725  load imb.: force  3.7%  pme mesh/force 0.868

           Step           Time         Lambda
         750000     1500.00000        0.00000

   Energies (kJ/mol)
          Angle    Proper Dih. Ryckaert-Bell.  Improper Dih.          LJ-14
    6.22165e+02    4.94466e+02    6.70126e+01    3.18533e+01    3.12378e+02
     Coulomb-14        LJ (SR)  Disper. corr.   Coulomb (SR)   Coul. recip.
    1.39676e+03    2.00637e+04   -2.27536e+03   -1.51160e+05    2.17929e+03
      Potential    Kinetic En.   Total Energy    Temperature Pres. DC (bar)
   -1.28268e+05    2.48609e+04   -1.03407e+05    3.07668e+02   -3.83410e+02
 Pressure (bar)   Constr. rmsd
    5.03337e+01    4.22186e-05

DD  step 799999  vol min/aver 0.813  load imb.: force  5.1%  pme mesh/force 0.844

           Step           Time         Lambda
         800000     1600.00000        0.00000

   Energies (kJ/mol)
          Angle    Proper Dih. Ryckaert-Bell.  Improper Dih.          LJ-14
    6.36997e+02    5.37540e+02    6.98915e+01    3.44120e+01    3.20002e+02
     Coulomb-14        LJ (SR)  Disper. corr.   Coulomb (SR)   Coul. recip.
    1.39318e+03    2.05289e+04   -2.23807e+03   -1.51111e+05    2.22755e+03
      Potential    Kinetic En.   Total Energy    Temperature Pres. DC (bar)
   -1.27600e+05    2.51037e+04   -1.02497e+05    3.10674e+02   -3.70975e+02
 Pressure (bar)   Constr. rmsd
    1.05778e+02    5.08626e-05

DD  step 849999  vol min/aver 0.636  load imb.: force  4.7%  pme mesh/force 0.853

           Step           Time         Lambda
         850000     1700.00000        0.00000

   Energies (kJ/mol)
          Angle    Proper Dih. Ryckaert-Bell.  Improper Dih.          LJ-14
    6.85092e+02    5.08828e+02    5.62970e+01    3.06519e+01    3.12525e+02
     Coulomb-14        LJ (SR)  Disper. corr.   Coulomb (SR)   Coul. recip.
    1.37810e+03    1.93717e+04   -2.24735e+03   -1.49406e+05    2.29310e+03
      Potential    Kinetic En.   Total Energy    Temperature Pres. DC (bar)
   -1.27017e+05    2.52592e+04   -1.01758e+05    3.12598e+02   -3.74051e+02
 Pressure (bar)   Constr. rmsd
   -3.32912e+02    4.47123e-05

DD  step 899999  vol min/aver 0.701  load imb.: force  4.5%  pme mesh/force 0.865

           Step           Time         Lambda
         900000     1800.00000        0.00000

   Energies (kJ/mol)
          Angle    Proper Dih. Ryckaert-Bell.  Improper Dih.          LJ-14
    5.57259e+02    5.40660e+02    6.88791e+01    2.34058e+01    3.24850e+02
     Coulomb-14        LJ (SR)  Disper. corr.   Coulomb (SR)   Coul. recip.
    1.41539e+03    2.00566e+04   -2.26836e+03   -1.51020e+05    2.19706e+03
      Potential    Kinetic En.   Total Energy    Temperature Pres. DC (bar)
   -1.28105e+05    2.47613e+04   -1.03343e+05    3.06436e+02   -3.81059e+02
 Pressure (bar)   Constr. rmsd
    1.34845e+02    3.36218e-05

DD  step 949999  vol min/aver 0.699  load imb.: force  2.7%  pme mesh/force 0.853

           Step           Time         Lambda
         950000     1900.00000        0.00000

   Energies (kJ/mol)
          Angle    Proper Dih. Ryckaert-Bell.  Improper Dih.          LJ-14
    6.14353e+02    5.36340e+02    9.02635e+01    3.50470e+01    3.27198e+02
     Coulomb-14        LJ (SR)  Disper. corr.   Coulomb (SR)   Coul. recip.
    1.37862e+03    1.98087e+04   -2.27910e+03   -1.51024e+05    2.13964e+03
      Potential    Kinetic En.   Total Energy    Temperature Pres. DC (bar)
   -1.28373e+05    2.53752e+04   -1.02998e+05    3.14034e+02   -3.84669e+02
 Pressure (bar)   Constr. rmsd
    1.30226e+02    3.48030e-05

DD  step 999999  vol min/aver 0.701  load imb.: force  3.2%  pme mesh/force 0.838

           Step           Time         Lambda
        1000000     2000.00000        0.00000

   Energies (kJ/mol)
          Angle    Proper Dih. Ryckaert-Bell.  Improper Dih.          LJ-14
    5.74845e+02    5.18553e+02    4.98892e+01    3.09471e+01    3.25837e+02
     Coulomb-14        LJ (SR)  Disper. corr.   Coulomb (SR)   Coul. recip.
    1.38187e+03    2.00813e+04   -2.27595e+03   -1.51206e+05    2.10785e+03
      Potential    Kinetic En.   Total Energy    Temperature Pres. DC (bar)
   -1.28411e+05    2.51898e+04   -1.03221e+05    3.11739e+02   -3.83608e+02
 Pressure (bar)   Constr. rmsd
    9.23922e+01    4.56743e-05

DD  step 1049999  vol min/aver 0.613  load imb.: force  4.5%  pme mesh/force 0.869

           Step           Time         Lambda
        1050000     2100.00000        0.00000

   Energies (kJ/mol)
          Angle    Proper Dih. Ryckaert-Bell.  Improper Dih.          LJ-14
    6.46906e+02    5.18927e+02    6.29652e+01    3.35078e+01    3.39291e+02
     Coulomb-14        LJ (SR)  Disper. corr.   Coulomb (SR)   Coul. recip.
    1.39015e+03    1.95547e+04   -2.25938e+03   -1.50843e+05    2.21892e+03
      Potential    Kinetic En.   Total Energy    Temperature Pres. DC (bar)
   -1.28337e+05    2.54469e+04   -1.02890e+05    3.14921e+02   -3.78054e+02
 Pressure (bar)   Constr. rmsd
   -1.36129e+02    4.20943e-05

DD  step 1099999  vol min/aver 0.751  load imb.: force  5.5%  pme mesh/force 0.848

           Step           Time         Lambda
        1100000     2200.00000        0.00000

   Energies (kJ/mol)
          Angle    Proper Dih. Ryckaert-Bell.  Improper Dih.          LJ-14
    6.21670e+02    5.51429e+02    6.75422e+01    3.02938e+01    3.23514e+02
     Coulomb-14        LJ (SR)  Disper. corr.   Coulomb (SR)   Coul. recip.
    1.43536e+03    2.07813e+04   -2.26421e+03   -1.52008e+05    2.18676e+03
      Potential    Kinetic En.   Total Energy    Temperature Pres. DC (bar)
   -1.28274e+05    2.50469e+04   -1.03227e+05    3.09971e+02   -3.79671e+02
 Pressure (bar)   Constr. rmsd
    3.62026e+02    3.21730e-05

DD  step 1149999  vol min/aver 0.691  load imb.: force  8.1%  pme mesh/force 0.817

           Step           Time         Lambda
        1150000     2300.00000        0.00000

   Energies (kJ/mol)
          Angle    Proper Dih. Ryckaert-Bell.  Improper Dih.          LJ-14
    6.16559e+02    5.21112e+02    6.91703e+01    1.53284e+01    3.10207e+02
     Coulomb-14        LJ (SR)  Disper. corr.   Coulomb (SR)   Coul. recip.
    1.44131e+03    1.95050e+04   -2.26113e+03   -1.50723e+05    2.17793e+03
      Potential    Kinetic En.   Total Energy    Temperature Pres. DC (bar)
   -1.28327e+05    2.47816e+04   -1.03545e+05    3.06688e+02   -3.78641e+02
 Pressure (bar)   Constr. rmsd
   -4.12851e+02    3.82230e-05

DD  step 1199999  vol min/aver 0.784  load imb.: force  3.5%  pme mesh/force 0.864

           Step           Time         Lambda
        1200000     2400.00000        0.00000

   Energies (kJ/mol)
          Angle    Proper Dih. Ryckaert-Bell.  Improper Dih.          LJ-14
    6.63373e+02    5.87203e+02    8.16971e+01    3.78316e+01    3.25708e+02
     Coulomb-14        LJ (SR)  Disper. corr.   Coulomb (SR)   Coul. recip.
    1.38904e+03    1.99586e+04   -2.28535e+03   -1.50807e+05    2.15473e+03
      Potential    Kinetic En.   Total Energy    Temperature Pres. DC (bar)
   -1.27894e+05    2.50674e+04   -1.02827e+05    3.10224e+02   -3.86776e+02
 Pressure (bar)   Constr. rmsd
    3.11291e+02    2.62870e-05

DD  step 1249999  vol min/aver 0.674  load imb.: force  4.4%  pme mesh/force 0.875

           Step           Time         Lambda
        1250000     2500.00000        0.00000

   Energies (kJ/mol)
          Angle    Proper Dih. Ryckaert-Bell.  Improper Dih.          LJ-14
    6.40171e+02    5.14704e+02    6.75983e+01    2.60750e+01    3.11919e+02
     Coulomb-14        LJ (SR)  Disper. corr.   Coulomb (SR)   Coul. recip.
    1.41071e+03    2.01329e+04   -2.25619e+03   -1.51277e+05    2.15299e+03
      Potential    Kinetic En.   Total Energy    Temperature Pres. DC (bar)
   -1.28276e+05    2.47832e+04   -1.03493e+05    3.06708e+02   -3.76993e+02
 Pressure (bar)   Constr. rmsd
   -8.95276e+01    4.23701e-05

DD  step 1299999  vol min/aver 0.585  load imb.: force  5.5%  pme mesh/force 0.849

           Step           Time         Lambda
        1300000     2600.00000        0.00000

   Energies (kJ/mol)
          Angle    Proper Dih. Ryckaert-Bell.  Improper Dih.          LJ-14
    6.61520e+02    5.17046e+02    7.05582e+01    2.62278e+01    3.21127e+02
     Coulomb-14        LJ (SR)  Disper. corr.   Coulomb (SR)   Coul. recip.
    1.38316e+03    1.98053e+04   -2.27431e+03   -1.50820e+05    2.20277e+03
      Potential    Kinetic En.   Total Energy    Temperature Pres. DC (bar)
   -1.28106e+05    2.50346e+04   -1.03072e+05    3.09818e+02   -3.83057e+02
 Pressure (bar)   Constr. rmsd
   -5.38442e+01    3.77831e-05

DD  step 1349999  vol min/aver 0.760  load imb.: force  4.4%  pme mesh/force 0.861

           Step           Time         Lambda
        1350000     2700.00000        0.00000

   Energies (kJ/mol)
          Angle    Proper Dih. Ryckaert-Bell.  Improper Dih.          LJ-14
    6.49862e+02    5.22347e+02    5.92970e+01    4.09793e+01    3.24441e+02
     Coulomb-14        LJ (SR)  Disper. corr.   Coulomb (SR)   Coul. recip.
    1.37270e+03    1.98056e+04   -2.25991e+03   -1.50298e+05    2.34880e+03
      Potential    Kinetic En.   Total Energy    Temperature Pres. DC (bar)
   -1.27434e+05    2.50837e+04   -1.02350e+05    3.10426e+02   -3.78232e+02
 Pressure (bar)   Constr. rmsd
   -8.84879e+00    3.62816e-05

DD  step 1399999  vol min/aver 0.840  load imb.: force  7.7%  pme mesh/force 0.825

           Step           Time         Lambda
        1400000     2800.00000        0.00000

   Energies (kJ/mol)
          Angle    Proper Dih. Ryckaert-Bell.  Improper Dih.          LJ-14
    6.23655e+02    5.18987e+02    7.26958e+01    2.60545e+01    3.18461e+02
     Coulomb-14        LJ (SR)  Disper. corr.   Coulomb (SR)   Coul. recip.
    1.40334e+03    1.99820e+04   -2.27203e+03   -1.51240e+05    2.16717e+03
      Potential    Kinetic En.   Total Energy    Temperature Pres. DC (bar)
   -1.28399e+05    2.47986e+04   -1.03601e+05    3.06898e+02   -3.82290e+02
 Pressure (bar)   Constr. rmsd
    8.28572e+01    2.84055e-05

DD  step 1449999  vol min/aver 0.691  load imb.: force  3.4%  pme mesh/force 0.859

           Step           Time         Lambda
        1450000     2900.00000        0.00000

   Energies (kJ/mol)
          Angle    Proper Dih. Ryckaert-Bell.  Improper Dih.          LJ-14
    6.42357e+02    5.55816e+02    6.08701e+01    3.31461e+01    3.18685e+02
     Coulomb-14        LJ (SR)  Disper. corr.   Coulomb (SR)   Coul. recip.
    1.42007e+03    1.93395e+04   -2.25568e+03   -1.49948e+05    2.30340e+03
      Potential    Kinetic En.   Total Energy    Temperature Pres. DC (bar)
   -1.27530e+05    2.52468e+04   -1.02283e+05    3.12444e+02   -3.76821e+02
 Pressure (bar)   Constr. rmsd
   -3.63916e+02    4.33690e-05

Writing checkpoint, step 1474890 at Thu Oct  8 08:30:45 2020


DD  step 1499999  vol min/aver 0.721  load imb.: force  3.5%  pme mesh/force 0.862

           Step           Time         Lambda
        1500000     3000.00000        0.00000

   Energies (kJ/mol)
          Angle    Proper Dih. Ryckaert-Bell.  Improper Dih.          LJ-14
    6.28647e+02    5.46805e+02    4.84152e+01    3.85729e+01    3.23742e+02
     Coulomb-14        LJ (SR)  Disper. corr.   Coulomb (SR)   Coul. recip.
    1.39368e+03    1.99781e+04   -2.26382e+03   -1.50558e+05    2.23412e+03
      Potential    Kinetic En.   Total Energy    Temperature Pres. DC (bar)
   -1.27630e+05    2.50767e+04   -1.02553e+05    3.10339e+02   -3.79541e+02
 Pressure (bar)   Constr. rmsd
    1.07719e+02    4.51646e-05

DD  step 1549999  vol min/aver 0.715  load imb.: force  6.4%  pme mesh/force 0.833

           Step           Time         Lambda
        1550000     3100.00000        0.00000

   Energies (kJ/mol)
          Angle    Proper Dih. Ryckaert-Bell.  Improper Dih.          LJ-14
    6.18528e+02    5.46674e+02    5.80166e+01    2.79217e+01    3.14989e+02
     Coulomb-14        LJ (SR)  Disper. corr.   Coulomb (SR)   Coul. recip.
    1.40704e+03    2.01730e+04   -2.25783e+03   -1.51550e+05    2.25162e+03
      Potential    Kinetic En.   Total Energy    Temperature Pres. DC (bar)
   -1.28410e+05    2.45207e+04   -1.03889e+05    3.03459e+02   -3.77539e+02
 Pressure (bar)   Constr. rmsd
   -1.74245e+02    4.95786e-05

DD  step 1599999  vol min/aver 0.755  load imb.: force  5.4%  pme mesh/force 0.848

           Step           Time         Lambda
        1600000     3200.00000        0.00000

   Energies (kJ/mol)
          Angle    Proper Dih. Ryckaert-Bell.  Improper Dih.          LJ-14
    6.04564e+02    5.06929e+02    6.01976e+01    2.68073e+01    3.34836e+02
     Coulomb-14        LJ (SR)  Disper. corr.   Coulomb (SR)   Coul. recip.
    1.42323e+03    1.96568e+04   -2.25530e+03   -1.50493e+05    2.19055e+03
      Potential    Kinetic En.   Total Energy    Temperature Pres. DC (bar)
   -1.27945e+05    2.51987e+04   -1.02746e+05    3.11849e+02   -3.76694e+02
 Pressure (bar)   Constr. rmsd
   -2.82432e+02    6.24563e-05

DD  step 1649999  vol min/aver 0.595  load imb.: force  6.2%  pme mesh/force 0.867

           Step           Time         Lambda
        1650000     3300.00000        0.00000

   Energies (kJ/mol)
          Angle    Proper Dih. Ryckaert-Bell.  Improper Dih.          LJ-14
    5.66051e+02    5.23768e+02    7.65296e+01    2.64528e+01    3.38784e+02
     Coulomb-14        LJ (SR)  Disper. corr.   Coulomb (SR)   Coul. recip.
    1.41405e+03    1.94149e+04   -2.24852e+03   -1.49998e+05    2.25550e+03
      Potential    Kinetic En.   Total Energy    Temperature Pres. DC (bar)
   -1.27630e+05    2.48213e+04   -1.02809e+05    3.07179e+02   -3.74439e+02
 Pressure (bar)   Constr. rmsd
   -3.02781e+02    5.27353e-05

DD  step 1699999  vol min/aver 0.642  load imb.: force  2.9%  pme mesh/force 0.886

           Step           Time         Lambda
        1700000     3400.00000        0.00000

   Energies (kJ/mol)
          Angle    Proper Dih. Ryckaert-Bell.  Improper Dih.          LJ-14
    6.69367e+02    5.07803e+02    5.76039e+01    2.21167e+01    3.40368e+02
     Coulomb-14        LJ (SR)  Disper. corr.   Coulomb (SR)   Coul. recip.
    1.39697e+03    1.91307e+04   -2.24335e+03   -1.49889e+05    2.29667e+03
      Potential    Kinetic En.   Total Energy    Temperature Pres. DC (bar)
   -1.27711e+05    2.46970e+04   -1.03014e+05    3.05641e+02   -3.72723e+02
 Pressure (bar)   Constr. rmsd
   -4.03831e+02    2.90803e-05

DD  step 1749999  vol min/aver 0.576  load imb.: force  4.4%  pme mesh/force 0.873

           Step           Time         Lambda
        1750000     3500.00000        0.00000

   Energies (kJ/mol)
          Angle    Proper Dih. Ryckaert-Bell.  Improper Dih.          LJ-14
    6.47795e+02    5.28188e+02    6.44201e+01    2.39254e+01    3.31937e+02
     Coulomb-14        LJ (SR)  Disper. corr.   Coulomb (SR)   Coul. recip.
    1.38391e+03    1.98674e+04   -2.26476e+03   -1.50177e+05    2.19535e+03
      Potential    Kinetic En.   Total Energy    Temperature Pres. DC (bar)
   -1.27399e+05    2.47739e+04   -1.02625e+05    3.06592e+02   -3.79854e+02
 Pressure (bar)   Constr. rmsd
   -8.23007e+00    4.22442e-05

DD  step 1799999  vol min/aver 0.636  load imb.: force  4.0%  pme mesh/force 0.858

           Step           Time         Lambda
        1800000     3600.00000        0.00000

   Energies (kJ/mol)
          Angle    Proper Dih. Ryckaert-Bell.  Improper Dih.          LJ-14
    5.99786e+02    5.02291e+02    4.83318e+01    1.69242e+01    3.15905e+02
     Coulomb-14        LJ (SR)  Disper. corr.   Coulomb (SR)   Coul. recip.
    1.37113e+03    1.98344e+04   -2.26355e+03   -1.50726e+05    2.28232e+03
      Potential    Kinetic En.   Total Energy    Temperature Pres. DC (bar)
   -1.28019e+05    2.49121e+04   -1.03107e+05    3.08302e+02   -3.79451e+02
 Pressure (bar)   Constr. rmsd
   -7.05330e+01    4.16147e-05

DD  step 1849999  vol min/aver 0.645  load imb.: force  5.3%  pme mesh/force 0.857

           Step           Time         Lambda
        1850000     3700.00000        0.00000

   Energies (kJ/mol)
          Angle    Proper Dih. Ryckaert-Bell.  Improper Dih.          LJ-14
    5.87023e+02    5.06431e+02    7.46057e+01    3.01649e+01    3.32173e+02
     Coulomb-14        LJ (SR)  Disper. corr.   Coulomb (SR)   Coul. recip.
    1.40089e+03    2.01861e+04   -2.25330e+03   -1.51459e+05    2.22024e+03
      Potential    Kinetic En.   Total Energy    Temperature Pres. DC (bar)
   -1.28375e+05    2.52002e+04   -1.03175e+05    3.11868e+02   -3.76030e+02
 Pressure (bar)   Constr. rmsd
    1.60834e+02    2.77538e-05

DD  step 1899999  vol min/aver 0.720  load imb.: force  5.4%  pme mesh/force 0.864

           Step           Time         Lambda
        1900000     3800.00000        0.00000

   Energies (kJ/mol)
          Angle    Proper Dih. Ryckaert-Bell.  Improper Dih.          LJ-14
    5.77900e+02    4.97688e+02    6.63485e+01    1.72171e+01    3.18358e+02
     Coulomb-14        LJ (SR)  Disper. corr.   Coulomb (SR)   Coul. recip.
    1.34869e+03    2.05110e+04   -2.25308e+03   -1.50979e+05    2.28606e+03
      Potential    Kinetic En.   Total Energy    Temperature Pres. DC (bar)
   -1.27608e+05    2.47647e+04   -1.02844e+05    3.06478e+02   -3.75956e+02
 Pressure (bar)   Constr. rmsd
    3.39210e+02    4.48344e-05

DD  step 1949999  vol min/aver 0.739  load imb.: force  4.6%  pme mesh/force 0.857

           Step           Time         Lambda
        1950000     3900.00000        0.00000

   Energies (kJ/mol)
          Angle    Proper Dih. Ryckaert-Bell.  Improper Dih.          LJ-14
    6.11527e+02    5.45545e+02    9.75235e+01    3.98361e+01    3.08893e+02
     Coulomb-14        LJ (SR)  Disper. corr.   Coulomb (SR)   Coul. recip.
    1.39948e+03    2.00335e+04   -2.27276e+03   -1.50785e+05    2.13394e+03
      Potential    Kinetic En.   Total Energy    Temperature Pres. DC (bar)
   -1.27887e+05    2.54673e+04   -1.02420e+05    3.15173e+02   -3.82537e+02
 Pressure (bar)   Constr. rmsd
    1.08908e+02    4.45232e-05

DD  step 1999999  vol min/aver 0.677  load imb.: force  2.5%  pme mesh/force 0.868

           Step           Time         Lambda
        2000000     4000.00000        0.00000

   Energies (kJ/mol)
          Angle    Proper Dih. Ryckaert-Bell.  Improper Dih.          LJ-14
    6.21223e+02    5.13041e+02    5.99569e+01    3.06075e+01    3.12667e+02
     Coulomb-14        LJ (SR)  Disper. corr.   Coulomb (SR)   Coul. recip.
    1.35312e+03    1.98344e+04   -2.26115e+03   -1.51044e+05    2.16166e+03
      Potential    Kinetic En.   Total Energy    Temperature Pres. DC (bar)
   -1.28419e+05    2.46210e+04   -1.03798e+05    3.04700e+02   -3.78646e+02
 Pressure (bar)   Constr. rmsd
   -1.00677e+02    3.10153e-05

DD  step 2049999  vol min/aver 0.788  load imb.: force  4.6%  pme mesh/force 0.856

           Step           Time         Lambda
        2050000     4100.00000        0.00000

   Energies (kJ/mol)
          Angle    Proper Dih. Ryckaert-Bell.  Improper Dih.          LJ-14
    7.73189e+02    5.00033e+02    6.69613e+01    2.64005e+01    3.19117e+02
     Coulomb-14        LJ (SR)  Disper. corr.   Coulomb (SR)   Coul. recip.
    1.38015e+03    2.00292e+04   -2.25649e+03   -1.50607e+05    2.16694e+03
      Potential    Kinetic En.   Total Energy    Temperature Pres. DC (bar)
   -1.27602e+05    2.54547e+04   -1.02147e+05    3.15017e+02   -3.77093e+02
 Pressure (bar)   Constr. rmsd
    4.34930e+00    4.32985e-05

DD  step 2099999  vol min/aver 0.742  load imb.: force  7.6%  pme mesh/force 0.817

           Step           Time         Lambda
        2100000     4200.00000        0.00000

   Energies (kJ/mol)
          Angle    Proper Dih. Ryckaert-Bell.  Improper Dih.          LJ-14
    5.65035e+02    5.21333e+02    4.95188e+01    1.57500e+01    3.32870e+02
     Coulomb-14        LJ (SR)  Disper. corr.   Coulomb (SR)   Coul. recip.
    1.47034e+03    2.06860e+04   -2.25828e+03   -1.51893e+05    2.24895e+03
      Potential    Kinetic En.   Total Energy    Temperature Pres. DC (bar)
   -1.28262e+05    2.48424e+04   -1.03419e+05    3.07440e+02   -3.77690e+02
 Pressure (bar)   Constr. rmsd
    1.83444e+02    4.48134e-05

DD  step 2149999  vol min/aver 0.794  load imb.: force  4.1%  pme mesh/force 0.858

           Step           Time         Lambda
        2150000     4300.00000        0.00000

   Energies (kJ/mol)
          Angle    Proper Dih. Ryckaert-Bell.  Improper Dih.          LJ-14
    7.08647e+02    5.36475e+02    6.75756e+01    2.18913e+01    3.24326e+02
     Coulomb-14        LJ (SR)  Disper. corr.   Coulomb (SR)   Coul. recip.
    1.39274e+03    2.09864e+04   -2.25489e+03   -1.51586e+05    2.30558e+03
      Potential    Kinetic En.   Total Energy    Temperature Pres. DC (bar)
   -1.27497e+05    2.48476e+04   -1.02649e+05    3.07505e+02   -3.76560e+02
 Pressure (bar)   Constr. rmsd
    5.08896e+02    5.15874e-05

DD  step 2199999  vol min/aver 0.764  load imb.: force  4.0%  pme mesh/force 0.836

           Step           Time         Lambda
        2200000     4400.00000        0.00000

   Energies (kJ/mol)
          Angle    Proper Dih. Ryckaert-Bell.  Improper Dih.          LJ-14
    5.67456e+02    5.28450e+02    5.67000e+01    2.50143e+01    3.46113e+02
     Coulomb-14        LJ (SR)  Disper. corr.   Coulomb (SR)   Coul. recip.
    1.45414e+03    1.96035e+04   -2.26604e+03   -1.50590e+05    2.14599e+03
      Potential    Kinetic En.   Total Energy    Temperature Pres. DC (bar)
   -1.28128e+05    2.48598e+04   -1.03269e+05    3.07655e+02   -3.80284e+02
 Pressure (bar)   Constr. rmsd
   -2.74464e+01    2.74838e-05

DD  step 2249999  vol min/aver 0.774  load imb.: force  6.3%  pme mesh/force 0.827

           Step           Time         Lambda
        2250000     4500.00000        0.00000

   Energies (kJ/mol)
          Angle    Proper Dih. Ryckaert-Bell.  Improper Dih.          LJ-14
    6.25343e+02    5.69986e+02    7.68913e+01    3.73961e+01    3.47619e+02
     Coulomb-14        LJ (SR)  Disper. corr.   Coulomb (SR)   Coul. recip.
    1.44006e+03    1.97048e+04   -2.29162e+03   -1.50365e+05    2.16533e+03
      Potential    Kinetic En.   Total Energy    Temperature Pres. DC (bar)
   -1.27689e+05    2.51208e+04   -1.02569e+05    3.10885e+02   -3.88896e+02
 Pressure (bar)   Constr. rmsd
    2.46527e+02    2.76449e-05

DD  step 2299999  vol min/aver 0.763  load imb.: force  4.6%  pme mesh/force 0.834

           Step           Time         Lambda
        2300000     4600.00000        0.00000

   Energies (kJ/mol)
          Angle    Proper Dih. Ryckaert-Bell.  Improper Dih.          LJ-14
    6.73148e+02    5.46946e+02    4.92554e+01    3.09225e+01    3.03198e+02
     Coulomb-14        LJ (SR)  Disper. corr.   Coulomb (SR)   Coul. recip.
    1.43266e+03    2.05214e+04   -2.27676e+03   -1.50849e+05    2.23798e+03
      Potential    Kinetic En.   Total Energy    Temperature Pres. DC (bar)
   -1.27330e+05    2.48603e+04   -1.02470e+05    3.07661e+02   -3.83882e+02
 Pressure (bar)   Constr. rmsd
    4.66270e+02    4.96603e-05

DD  step 2349999  vol min/aver 0.657  load imb.: force  4.9%  pme mesh/force 0.853

           Step           Time         Lambda
        2350000     4700.00000        0.00000

   Energies (kJ/mol)
          Angle    Proper Dih. Ryckaert-Bell.  Improper Dih.          LJ-14
    6.70442e+02    5.50020e+02    4.98108e+01    4.24627e+01    3.31521e+02
     Coulomb-14        LJ (SR)  Disper. corr.   Coulomb (SR)   Coul. recip.
    1.41142e+03    2.02622e+04   -2.25708e+03   -1.51411e+05    2.17290e+03
      Potential    Kinetic En.   Total Energy    Temperature Pres. DC (bar)
   -1.28177e+05    2.53477e+04   -1.02830e+05    3.13693e+02   -3.77287e+02
 Pressure (bar)   Constr. rmsd
    1.72552e+02    2.86339e-05

DD  step 2399999  vol min/aver 0.779  load imb.: force  4.6%  pme mesh/force 0.817

           Step           Time         Lambda
        2400000     4800.00000        0.00000

   Energies (kJ/mol)
          Angle    Proper Dih. Ryckaert-Bell.  Improper Dih.          LJ-14
    6.21900e+02    5.23139e+02    6.45507e+01    3.38964e+01    3.22841e+02
     Coulomb-14        LJ (SR)  Disper. corr.   Coulomb (SR)   Coul. recip.
    1.41708e+03    2.06033e+04   -2.27051e+03   -1.51658e+05    2.19639e+03
      Potential    Kinetic En.   Total Energy    Temperature Pres. DC (bar)
   -1.28146e+05    2.54244e+04   -1.02721e+05    3.14643e+02   -3.81781e+02
 Pressure (bar)   Constr. rmsd
    4.04483e+02    3.19285e-05

DD  step 2449999  vol min/aver 0.750  load imb.: force  3.7%  pme mesh/force 0.825

           Step           Time         Lambda
        2450000     4900.00000        0.00000

   Energies (kJ/mol)
          Angle    Proper Dih. Ryckaert-Bell.  Improper Dih.          LJ-14
    6.00894e+02    5.23387e+02    6.32332e+01    2.42445e+01    3.23257e+02
     Coulomb-14        LJ (SR)  Disper. corr.   Coulomb (SR)   Coul. recip.
    1.39916e+03    1.96431e+04   -2.26624e+03   -1.50781e+05    2.22373e+03
      Potential    Kinetic En.   Total Energy    Temperature Pres. DC (bar)
   -1.28246e+05    2.50518e+04   -1.03194e+05    3.10031e+02   -3.80350e+02
 Pressure (bar)   Constr. rmsd
   -2.16469e+02    3.07775e-05

DD  step 2499999  vol min/aver 0.819  load imb.: force  3.6%  pme mesh/force 0.834

           Step           Time         Lambda
        2500000     5000.00000        0.00000

Writing checkpoint, step 2500000 at Thu Oct  8 08:40:37 2020


   Energies (kJ/mol)
          Angle    Proper Dih. Ryckaert-Bell.  Improper Dih.          LJ-14
    6.37862e+02    5.35747e+02    6.39008e+01    2.99127e+01    3.40690e+02
     Coulomb-14        LJ (SR)  Disper. corr.   Coulomb (SR)   Coul. recip.
    1.35994e+03    1.98686e+04   -2.26224e+03   -1.50847e+05    2.18004e+03
      Potential    Kinetic En.   Total Energy    Temperature Pres. DC (bar)
   -1.28093e+05    2.51283e+04   -1.02964e+05    3.10978e+02   -3.79010e+02
 Pressure (bar)   Constr. rmsd
    8.25468e+01    3.26078e-05

	<======  ###############  ==>
	<====  A V E R A G E S  ====>
	<==  ###############  ======>

	Statistics over 2500001 steps using 25001 frames

   Energies (kJ/mol)
          Angle    Proper Dih. Ryckaert-Bell.  Improper Dih.          LJ-14
    6.23951e+02    5.32628e+02    6.64595e+01    2.66783e+01    3.23639e+02
     Coulomb-14        LJ (SR)  Disper. corr.   Coulomb (SR)   Coul. recip.
    1.40569e+03    1.99551e+04   -2.26530e+03   -1.50899e+05    2.20618e+03
      Potential    Kinetic En.   Total Energy    Temperature Pres. DC (bar)
   -1.28024e+05    2.50478e+04   -1.02977e+05    3.09982e+02   -3.80046e+02
 Pressure (bar)   Constr. rmsd
    2.78133e+00    0.00000e+00

          Box-X          Box-Y          Box-Z
    4.62947e+00    4.62947e+00    4.62947e+00

   Total Virial (kJ/mol)
    8.33625e+03   -3.09030e+00   -1.52360e+00
   -3.10079e+00    8.33797e+03   -4.86256e+00
   -1.50473e+00   -4.86827e+00    8.35265e+03

   Pressure (bar)
    5.34542e+00    5.13674e-01   -1.23155e-01
    5.17198e-01    3.49169e+00    1.67490e+00
   -1.29442e-01    1.67684e+00   -4.93132e-01

      T-Protein  T-non-Protein
    3.09964e+02    3.09982e+02


	M E G A - F L O P S   A C C O U N T I N G

 NB=Group-cutoff nonbonded kernels    NxN=N-by-N cluster Verlet kernels
 RF=Reaction-Field  VdW=Van der Waals  QSTab=quadratic-spline table
 W3=SPC/TIP3p  W4=TIP4p (single or pairs)
 V&F=Potential and force  V=Potential only  F=Force only

 Computing:                               M-Number         M-Flops  % Flops
-----------------------------------------------------------------------------
 Pair Search distance check          586433.332634     5277899.994     1.0
 NxN Ewald Elec. + LJ [F]           3975967.923568   262413882.955    49.5
 NxN Ewald Elec. + LJ [V&F]           40162.195664     4297354.936     0.8
 NxN Ewald Elec. [F]                3534744.958480   215619442.467    40.6
 NxN Ewald Elec. [V&F]                35707.109840     2999397.227     0.6
 1,4 nonbonded interactions            1772.500709      159525.064     0.0
 Calc Weights                         72922.529169     2625211.050     0.5
 Spread Q Bspline                   1555680.622272     3111361.245     0.6
 Gather F Bspline                   1555680.622272     9334083.734     1.8
 3D-FFT                             2457583.032360    19660664.259     3.7
 Solve PME                            10239.952976      655356.990     0.1
 Reset In Box                          2430.750000        7292.250     0.0
 CG-CoM                                2430.759723        7292.279     0.0
 Angles                                1250.000500      210000.084     0.0
 Propers                               1485.000594      340065.136     0.1
 Impropers                              145.000058       30160.012     0.0
 RB-Dihedrals                           302.500121       74717.530     0.0
 Virial                                2790.761163       50233.701     0.0
 Stop-CM                                243.084723        2430.847     0.0
 Calc-Ekin                             4861.519446      131261.025     0.0
 Lincs                                 1898.251457      113895.087     0.0
 Lincs-Mat                            39684.981540      158739.926     0.0
 Constraint-V                         31748.256517      253986.052     0.0
 Constraint-Vir                        2985.011252       71640.270     0.0
 Settle                                9317.251201     3009472.138     0.6
-----------------------------------------------------------------------------
 Total                                               530615366.259   100.0
-----------------------------------------------------------------------------


    D O M A I N   D E C O M P O S I T I O N   S T A T I S T I C S

 av. #atoms communicated per step for force:  2 x 26327.4
 av. #atoms communicated per step for LINCS:  2 x 2337.9

 Average load imbalance: 4.6 %
 Part of the total run time spent waiting due to load imbalance: 1.9 %
 Steps where the load balancing was limited by -rdd, -rcon and/or -dds: X 0 % Y 0 % Z 0 %
 Average PME mesh/force load: 0.849
 Part of the total run time spent waiting due to PP/PME imbalance: 2.8 %


     R E A L   C Y C L E   A N D   T I M E   A C C O U N T I N G

On 32 MPI ranks doing PP, and
on 16 MPI ranks doing PME

 Computing:          Num   Num      Call    Wall time         Giga-Cycles
                     Ranks Threads  Count      (s)         total sum    %
-----------------------------------------------------------------------------
 Domain decomp.        32    1     250000     153.742      14742.039   6.9
 DD comm. load         32    1     249902       1.757        168.484   0.1
 DD comm. bounds       32    1     249901       6.792        651.290   0.3
 Send X to PME         32    1    2500001      11.441       1097.087   0.5
 Neighbor search       32    1     250001     141.715      13588.781   6.3
 Comm. coord.          32    1    2250000      61.267       5874.744   2.7
 Force                 32    1    2500001     654.919      62798.977  29.2
 Wait + Comm. F        32    1    2500001     117.411      11258.357   5.2
 PME mesh *            16    1    2500001     667.085      31982.790  14.9
 PME wait for PP *                            825.812      39592.778  18.4
 Wait + Recv. PME F    32    1    2500001       8.402        805.610   0.4
 NB X/F buffer ops.    32    1    7000001      31.842       3053.237   1.4
 Write traj.           32    1         52       0.012          1.198   0.0
 Update                32    1    2500001      53.601       5139.714   2.4
 Constraints           32    1    2500001     224.130      21491.405  10.0
 Comm. energies        32    1     250001       9.381        899.495   0.4
 Rest                                          16.485       1580.721   0.7
-----------------------------------------------------------------------------
 Total                                       1492.897     214726.709 100.0
-----------------------------------------------------------------------------
(*) Note that with separate PME ranks, the walltime column actually sums to
    twice the total reported, but the cycle count total and % are correct.
-----------------------------------------------------------------------------
 Breakdown of PME mesh computation
-----------------------------------------------------------------------------
 PME redist. X/F       16    1    5000002     180.554       8656.502   4.0
 PME spread/gather     16    1    5000002     308.672      14798.991   6.9
 PME 3D-FFT            16    1    5000002     103.084       4942.288   2.3
 PME 3D-FFT Comm.      16    1   10000004      56.133       2691.257   1.3
 PME solve Elec        16    1    2500001      16.296        781.291   0.4
-----------------------------------------------------------------------------

               Core t (s)   Wall t (s)        (%)
       Time:    71621.736     1492.897     4797.5
                 (ns/day)    (hour/ns)
Performance:      289.370        0.083
Finished mdrun on rank 0 Thu Oct  8 08:40:38 2020
