Log file opened on Thu Oct  8 08:15:38 2020
Host: Server-BioTD-01  pid: 178113  rank ID: 0  number of ranks:  1
                   :-) GROMACS - gmx mdrun, VERSION 5.1.4 (-:

                            GROMACS is written by:
     Emile Apol      Rossen Apostolov  Herman J.C. Berendsen    Par Bjelkmar   
 Aldert van Buuren   Rudi van Drunen     Anton Feenstra   Sebastian Fritsch 
  Gerrit Groenhof   Christoph Junghans   Anca Hamuraru    Vincent Hindriksen
 Dimitrios Karkoulis    Peter Kasson        Jiri Kraus      Carsten Kutzner  
    Per Larsson      Justin A. Lemkul   Magnus Lundborg   Pieter Meulenhoff 
   Erik Marklund      Teemu Murtola       Szilard Pall       Sander Pronk   
   Roland Schulz     Alexey Shvetsov     Michael Shirts     Alfons Sijbers  
   Peter Tieleman    Teemu Virolainen  Christian Wennberg    Maarten Wolf   
                           and the project leaders:
        Mark Abraham, Berk Hess, Erik Lindahl, and David van der Spoel

Copyright (c) 1991-2000, University of Groningen, The Netherlands.
Copyright (c) 2001-2015, The GROMACS development team at
Uppsala University, Stockholm University and
the Royal Institute of Technology, Sweden.
check out http://www.gromacs.org for more information.

GROMACS is free software; you can redistribute it and/or modify it
under the terms of the GNU Lesser General Public License
as published by the Free Software Foundation; either version 2.1
of the License, or (at your option) any later version.

GROMACS:      gmx mdrun, VERSION 5.1.4
Executable:   /usr/local/gromacs/bin/gmx
Data prefix:  /usr/local/gromacs
Command line:
  gmx mdrun -deffnm design_output/drug_design/md-nvt

GROMACS version:    VERSION 5.1.4
Precision:          single
Memory model:       64 bit
MPI library:        thread_mpi
OpenMP support:     enabled (GMX_OPENMP_MAX_THREADS = 32)
GPU support:        enabled
OpenCL support:     disabled
invsqrt routine:    gmx_software_invsqrt(x)
SIMD instructions:  AVX2_256
FFT library:        fftw-3.3.4-sse2-avx
RDTSCP usage:       enabled
C++11 compilation:  disabled
TNG support:        enabled
Tracing support:    disabled
Built on:           dom ago 26 22:32:30 -05 2018
Built by:           kpalacio@Server-BioTD-01 [CMAKE]
Build OS/arch:      Linux 4.4.0-134-generic x86_64
Build CPU vendor:   GenuineIntel
Build CPU brand:    Intel(R) Xeon(R) CPU E5-2687W v4 @ 3.00GHz
Build CPU family:   6   Model: 79   Stepping: 1
Build CPU features: aes apic avx avx2 clfsh cmov cx8 cx16 f16c fma htt lahf_lm mmx msr nonstop_tsc pcid pclmuldq pdcm pdpe1gb popcnt pse rdrnd rdtscp sse2 sse3 sse4.1 sse4.2 ssse3 tdt x2apic
C compiler:         /usr/local/bin/mpicc GNU 5.5.0
C compiler flags:    -march=core-avx2    -Wextra -Wno-missing-field-initializers -Wno-sign-compare -Wpointer-arith -Wall -Wno-unused -Wunused-value -Wunused-parameter  -O3 -DNDEBUG -funroll-all-loops -fexcess-precision=fast  -Wno-array-bounds 
C++ compiler:       /usr/local/bin/mpicxx GNU 5.5.0
C++ compiler flags:  -march=core-avx2    -Wextra -Wno-missing-field-initializers -Wpointer-arith -Wall -Wno-unused-function  -O3 -DNDEBUG -funroll-all-loops -fexcess-precision=fast  -Wno-array-bounds 
Boost version:      1.58.0 (external)
CUDA compiler:      /usr/local/cuda-8.0/bin/nvcc nvcc: NVIDIA (R) Cuda compiler driver;Copyright (c) 2005-2016 NVIDIA Corporation;Built on Tue_Jan_10_13:22:03_CST_2017;Cuda compilation tools, release 8.0, V8.0.61
CUDA compiler flags:-gencode;arch=compute_20,code=sm_20;-gencode;arch=compute_30,code=sm_30;-gencode;arch=compute_35,code=sm_35;-gencode;arch=compute_37,code=sm_37;-gencode;arch=compute_50,code=sm_50;-gencode;arch=compute_52,code=sm_52;-gencode;arch=compute_60,code=sm_60;-gencode;arch=compute_61,code=sm_61;-gencode;arch=compute_60,code=compute_60;-gencode;arch=compute_61,code=compute_61;-use_fast_math;-D_FORCE_INLINES; ;-march=core-avx2;-Wextra;-Wno-missing-field-initializers;-Wpointer-arith;-Wall;-Wno-unused-function;-O3;-DNDEBUG;-funroll-all-loops;-fexcess-precision=fast;-Wno-array-bounds;
CUDA driver:        9.20
CUDA runtime:       0.0


NOTE: Error occurred during GPU detection:
      unknown error
      Can not use GPU acceleration, will fall back to CPU kernels.


Running on 1 node with total 24 cores, 48 logical cores, 0 compatible GPUs
Hardware detected:
  CPU info:
    Vendor: GenuineIntel
    Brand:  Intel(R) Xeon(R) CPU E5-2687W v4 @ 3.00GHz
    Family:  6  model: 79  stepping:  1
    CPU features: aes apic avx avx2 clfsh cmov cx8 cx16 f16c fma htt lahf_lm mmx msr nonstop_tsc pcid pclmuldq pdcm pdpe1gb popcnt pse rdrnd rdtscp sse2 sse3 sse4.1 sse4.2 ssse3 tdt x2apic
    SIMD instructions most likely to fit this hardware: AVX2_256
    SIMD instructions selected at GROMACS compile time: AVX2_256


++++ PLEASE READ AND CITE THE FOLLOWING REFERENCE ++++
M. J. Abraham, T. Murtola, R. Schulz, S. Páll, J. C. Smith, B. Hess, E.
Lindahl
GROMACS: High performance molecular simulations through multi-level
parallelism from laptops to supercomputers
SoftwareX 1 (2015) pp. 19-25
-------- -------- --- Thank You --- -------- --------


++++ PLEASE READ AND CITE THE FOLLOWING REFERENCE ++++
S. Páll, M. J. Abraham, C. Kutzner, B. Hess, E. Lindahl
Tackling Exascale Software Challenges in Molecular Dynamics Simulations with
GROMACS
In S. Markidis & E. Laure (Eds.), Solving Software Challenges for Exascale 8759 (2015) pp. 3-27
-------- -------- --- Thank You --- -------- --------


++++ PLEASE READ AND CITE THE FOLLOWING REFERENCE ++++
S. Pronk, S. Páll, R. Schulz, P. Larsson, P. Bjelkmar, R. Apostolov, M. R.
Shirts, J. C. Smith, P. M. Kasson, D. van der Spoel, B. Hess, and E. Lindahl
GROMACS 4.5: a high-throughput and highly parallel open source molecular
simulation toolkit
Bioinformatics 29 (2013) pp. 845-54
-------- -------- --- Thank You --- -------- --------


++++ PLEASE READ AND CITE THE FOLLOWING REFERENCE ++++
B. Hess and C. Kutzner and D. van der Spoel and E. Lindahl
GROMACS 4: Algorithms for highly efficient, load-balanced, and scalable
molecular simulation
J. Chem. Theory Comput. 4 (2008) pp. 435-447
-------- -------- --- Thank You --- -------- --------


++++ PLEASE READ AND CITE THE FOLLOWING REFERENCE ++++
D. van der Spoel, E. Lindahl, B. Hess, G. Groenhof, A. E. Mark and H. J. C.
Berendsen
GROMACS: Fast, Flexible and Free
J. Comp. Chem. 26 (2005) pp. 1701-1719
-------- -------- --- Thank You --- -------- --------


++++ PLEASE READ AND CITE THE FOLLOWING REFERENCE ++++
E. Lindahl and B. Hess and D. van der Spoel
GROMACS 3.0: A package for molecular simulation and trajectory analysis
J. Mol. Mod. 7 (2001) pp. 306-317
-------- -------- --- Thank You --- -------- --------


++++ PLEASE READ AND CITE THE FOLLOWING REFERENCE ++++
H. J. C. Berendsen, D. van der Spoel and R. van Drunen
GROMACS: A message-passing parallel molecular dynamics implementation
Comp. Phys. Comm. 91 (1995) pp. 43-56
-------- -------- --- Thank You --- -------- --------

Changing nstlist from 10 to 25, rlist from 0.8 to 0.813

Input Parameters:
   integrator                     = md
   tinit                          = 0
   dt                             = 0.001
   nsteps                         = 10000
   init-step                      = 0
   simulation-part                = 1
   comm-mode                      = Linear
   nstcomm                        = 100
   bd-fric                        = 0
   ld-seed                        = 2286765130
   emtol                          = 10
   emstep                         = 0.01
   niter                          = 20
   fcstep                         = 0
   nstcgsteep                     = 1000
   nbfgscorr                      = 10
   rtpi                           = 0.05
   nstxout                        = 0
   nstvout                        = 0
   nstfout                        = 0
   nstlog                         = 1000
   nstcalcenergy                  = 100
   nstenergy                      = 1000
   nstxout-compressed             = 1000
   compressed-x-precision         = 1000
   cutoff-scheme                  = Verlet
   nstlist                        = 25
   ns-type                        = Grid
   pbc                            = xyz
   periodic-molecules             = FALSE
   verlet-buffer-tolerance        = 0.005
   rlist                          = 0.813
   rlistlong                      = 0.813
   nstcalclr                      = 10
   coulombtype                    = PME
   coulomb-modifier               = Potential-shift
   rcoulomb-switch                = 0
   rcoulomb                       = 0.8
   epsilon-r                      = 1
   epsilon-rf                     = inf
   vdw-type                       = Cut-off
   vdw-modifier                   = Potential-shift
   rvdw-switch                    = 0
   rvdw                           = 0.8
   DispCorr                       = EnerPres
   table-extension                = 1
   fourierspacing                 = 0.16
   fourier-nx                     = 32
   fourier-ny                     = 32
   fourier-nz                     = 32
   pme-order                      = 4
   ewald-rtol                     = 1e-05
   ewald-rtol-lj                  = 0.001
   lj-pme-comb-rule               = Geometric
   ewald-geometry                 = 0
   epsilon-surface                = 0
   implicit-solvent               = No
   gb-algorithm                   = Still
   nstgbradii                     = 1
   rgbradii                       = 1
   gb-epsilon-solvent             = 80
   gb-saltconc                    = 0
   gb-obc-alpha                   = 1
   gb-obc-beta                    = 0.8
   gb-obc-gamma                   = 4.85
   gb-dielectric-offset           = 0.009
   sa-algorithm                   = Ace-approximation
   sa-surface-tension             = 2.05016
   tcoupl                         = V-rescale
   nsttcouple                     = 10
   nh-chain-length                = 0
   print-nose-hoover-chain-variables = FALSE
   pcoupl                         = No
   pcoupltype                     = Isotropic
   nstpcouple                     = -1
   tau-p                          = 1
   compressibility (3x3):
      compressibility[    0]={ 0.00000e+00,  0.00000e+00,  0.00000e+00}
      compressibility[    1]={ 0.00000e+00,  0.00000e+00,  0.00000e+00}
      compressibility[    2]={ 0.00000e+00,  0.00000e+00,  0.00000e+00}
   ref-p (3x3):
      ref-p[    0]={ 0.00000e+00,  0.00000e+00,  0.00000e+00}
      ref-p[    1]={ 0.00000e+00,  0.00000e+00,  0.00000e+00}
      ref-p[    2]={ 0.00000e+00,  0.00000e+00,  0.00000e+00}
   refcoord-scaling               = No
   posres-com (3):
      posres-com[0]= 0.00000e+00
      posres-com[1]= 0.00000e+00
      posres-com[2]= 0.00000e+00
   posres-comB (3):
      posres-comB[0]= 0.00000e+00
      posres-comB[1]= 0.00000e+00
      posres-comB[2]= 0.00000e+00
   QMMM                           = FALSE
   QMconstraints                  = 0
   QMMMscheme                     = 0
   MMChargeScaleFactor            = 1
qm-opts:
   ngQM                           = 0
   constraint-algorithm           = Lincs
   continuation                   = FALSE
   Shake-SOR                      = FALSE
   shake-tol                      = 0.0001
   lincs-order                    = 4
   lincs-iter                     = 1
   lincs-warnangle                = 30
   nwall                          = 0
   wall-type                      = 9-3
   wall-r-linpot                  = -1
   wall-atomtype[0]               = -1
   wall-atomtype[1]               = -1
   wall-density[0]                = 0
   wall-density[1]                = 0
   wall-ewald-zfac                = 3
   pull                           = FALSE
   rotation                       = FALSE
   interactiveMD                  = FALSE
   disre                          = No
   disre-weighting                = Conservative
   disre-mixed                    = FALSE
   dr-fc                          = 1000
   dr-tau                         = 0
   nstdisreout                    = 100
   orire-fc                       = 0
   orire-tau                      = 0
   nstorireout                    = 100
   free-energy                    = no
   cos-acceleration               = 0
   deform (3x3):
      deform[    0]={ 0.00000e+00,  0.00000e+00,  0.00000e+00}
      deform[    1]={ 0.00000e+00,  0.00000e+00,  0.00000e+00}
      deform[    2]={ 0.00000e+00,  0.00000e+00,  0.00000e+00}
   simulated-tempering            = FALSE
   E-x:
      n = 0
   E-xt:
      n = 0
   E-y:
      n = 0
   E-yt:
      n = 0
   E-z:
      n = 0
   E-zt:
      n = 0
   swapcoords                     = no
   adress                         = FALSE
   userint1                       = 0
   userint2                       = 0
   userint3                       = 0
   userint4                       = 0
   userreal1                      = 0
   userreal2                      = 0
   userreal3                      = 0
   userreal4                      = 0
grpopts:
   nrdf:     366.943     18997.1
   ref-t:         320         320
   tau-t:         0.1         0.1
annealing:          No          No
annealing-npoints:           0           0
   acc:	           0           0           0
   nfreeze:           Y           Y           Y           N           N           N
   energygrp-flags[  0]: 0


Initializing Domain Decomposition on 48 ranks
Dynamic load balancing: auto
Will sort the charge groups at every domain (re)decomposition
Initial maximum inter charge-group distances:
    two-body bonded interactions: 0.420 nm, LJ-14, atoms 56 266
  multi-body bonded interactions: 0.420 nm, Proper Dih., atoms 56 266
Minimum cell size due to bonded interactions: 0.462 nm
Maximum distance for 5 constraints, at 120 deg. angles, all-trans: 0.871 nm
Estimated maximum distance required for P-LINCS: 0.871 nm
This distance will limit the DD cell size, you can override this with -rcon
Guess for relative PME load: 0.32
Will use 32 particle-particle and 16 PME only ranks
This is a guess, check the performance at the end of the log file
Using 16 separate PME ranks, as guessed by mdrun
Scaling the initial minimum size with 1/0.8 (option -dds) = 1.25
Optimizing the DD grid for 32 cells with a minimum initial size of 1.089 nm
The maximum allowed number of cells is: X 4 Y 4 Z 4
Domain decomposition grid 4 x 4 x 2, separate PME ranks 16
PME domain decomposition: 4 x 4 x 1
Interleaving PP and PME ranks
This rank does only particle-particle work.

Domain decomposition rank 0, coordinates 0 0 0

Using 48 MPI threads
Using 1 OpenMP thread per tMPI thread

Will do PME sum in reciprocal space for electrostatic interactions.

++++ PLEASE READ AND CITE THE FOLLOWING REFERENCE ++++
U. Essmann, L. Perera, M. L. Berkowitz, T. Darden, H. Lee and L. G. Pedersen 
A smooth particle mesh Ewald method
J. Chem. Phys. 103 (1995) pp. 8577-8592
-------- -------- --- Thank You --- -------- --------

Will do ordinary reciprocal space Ewald sum.
Using a Gaussian width (1/beta) of 0.25613 nm for Ewald
Cut-off's:   NS: 0.813   Coulomb: 0.8   LJ: 0.8
Long Range LJ corr.: <C6> 2.9129e-04
System total charge: -1.000
Generated table with 906 data points for Ewald.
Tabscale = 500 points/nm
Generated table with 906 data points for LJ6.
Tabscale = 500 points/nm
Generated table with 906 data points for LJ12.
Tabscale = 500 points/nm
Generated table with 906 data points for 1-4 COUL.
Tabscale = 500 points/nm
Generated table with 906 data points for 1-4 LJ6.
Tabscale = 500 points/nm
Generated table with 906 data points for 1-4 LJ12.
Tabscale = 500 points/nm
Potential shift: LJ r^-12: -1.455e+01 r^-6: -3.815e+00, Ewald -1.000e-05
Initialized non-bonded Ewald correction tables, spacing: 8.35e-04 size: 960


Using AVX2_256 4x8 non-bonded kernels

Using Lorentz-Berthelot Lennard-Jones combination rule

Removing pbc first time
Pinning threads with an auto-selected logical core stride of 1

Initializing Parallel LINear Constraint Solver

++++ PLEASE READ AND CITE THE FOLLOWING REFERENCE ++++
B. Hess
P-LINCS: A Parallel Linear Constraint Solver for molecular simulation
J. Chem. Theory Comput. 4 (2008) pp. 116-122
-------- -------- --- Thank You --- -------- --------

The number of constraints is 282
There are inter charge-group constraints,
will communicate selected coordinates each lincs iteration

++++ PLEASE READ AND CITE THE FOLLOWING REFERENCE ++++
S. Miyamoto and P. A. Kollman
SETTLE: An Analytical Version of the SHAKE and RATTLE Algorithms for Rigid
Water Models
J. Comp. Chem. 13 (1992) pp. 952-962
-------- -------- --- Thank You --- -------- --------


Linking all bonded interactions to atoms

The initial number of communication pulses is: X 1 Y 1 Z 1
The initial domain decomposition cell size is: X 1.16 nm Y 1.16 nm Z 2.31 nm

The maximum allowed distance for charge groups involved in interactions is:
                 non-bonded interactions           0.813 nm
            two-body bonded interactions  (-rdd)   0.813 nm
          multi-body bonded interactions  (-rdd)   0.813 nm
  atoms separated by up to 5 constraints  (-rcon)  1.156 nm

When dynamic load balancing gets turned on, these settings will change to:
The maximum number of communication pulses is: X 1 Y 1 Z 1
The minimum size for domain decomposition cells is 0.871 nm
The requested allowed shrink of DD cells (option -dds) is: 0.80
The allowed shrink of domain decomposition cells is: X 0.75 Y 0.75 Z 0.38
The maximum allowed distance for charge groups involved in interactions is:
                 non-bonded interactions           0.813 nm
            two-body bonded interactions  (-rdd)   0.813 nm
          multi-body bonded interactions  (-rdd)   0.813 nm
  atoms separated by up to 5 constraints  (-rcon)  0.871 nm


Making 3D domain decomposition grid 4 x 4 x 2, home cell index 0 0 0

Center of mass motion removal mode is Linear
We have the following groups for center of mass motion removal:
  0:  rest

++++ PLEASE READ AND CITE THE FOLLOWING REFERENCE ++++
G. Bussi, D. Donadio and M. Parrinello
Canonical sampling through velocity rescaling
J. Chem. Phys. 126 (2007) pp. 014101
-------- -------- --- Thank You --- -------- --------

There are: 9723 Atoms
Atom distribution over 32 domains: av 303 stddev 24 min 284 max 323

Constraining the starting coordinates (step 0)

Constraining the coordinates at t0-dt (step 0)
RMS relative constraint deviation after constraining: 0.00e+00
Initial temperature: 0.155815 K

Started mdrun on rank 0 Thu Oct  8 08:15:38 2020
           Step           Time         Lambda
              0        0.00000        0.00000

   Energies (kJ/mol)
          Angle    Proper Dih. Ryckaert-Bell.  Improper Dih.          LJ-14
    3.42315e+02    4.71575e+02    5.60143e+01    9.24170e+00    2.94295e+02
     Coulomb-14        LJ (SR)  Disper. corr.   Coulomb (SR)   Coul. recip.
    1.38490e+03    2.03256e+04   -2.27126e+03   -1.55072e+05    2.38124e+03
      Potential    Kinetic En.   Total Energy  Conserved En.    Temperature
   -1.32078e+05    5.04563e+01   -1.32027e+05   -1.32027e+05    6.26781e-01
 Pres. DC (bar) Pressure (bar)   Constr. rmsd
   -3.82031e+02   -3.96258e+29    1.40547e-04

DD  step 24 load imb.: force 13.9%  pme mesh/force 1.052

step  100: timed with pme grid 32 32 32, coulomb cutoff 0.800: 26.2 M-cycles
step  150: timed with pme grid 25 25 25, coulomb cutoff 0.925: 32.2 M-cycles
step  200: timed with pme grid 28 28 28, coulomb cutoff 0.826: 28.4 M-cycles
step  250: timed with pme grid 32 32 32, coulomb cutoff 0.800: 26.6 M-cycles
              optimal pme grid 32 32 32, coulomb cutoff 0.800
DD  step 999 load imb.: force 19.5%  pme mesh/force 0.735

           Step           Time         Lambda
           1000        1.00000        0.00000

   Energies (kJ/mol)
          Angle    Proper Dih. Ryckaert-Bell.  Improper Dih.          LJ-14
    5.06537e+02    5.24192e+02    5.79535e+01    2.50055e+01    3.29999e+02
     Coulomb-14        LJ (SR)  Disper. corr.   Coulomb (SR)   Coul. recip.
    1.38081e+03    2.02477e+04   -2.27126e+03   -1.50996e+05    2.20770e+03
      Potential    Kinetic En.   Total Energy  Conserved En.    Temperature
   -1.27987e+05    2.56381e+04   -1.02349e+05   -1.31922e+05    3.18483e+02
 Pres. DC (bar) Pressure (bar)   Constr. rmsd
   -3.82031e+02   -1.55850e+28    7.31199e-06

DD  step 1999 load imb.: force 15.7%  pme mesh/force 0.752

           Step           Time         Lambda
           2000        2.00000        0.00000

   Energies (kJ/mol)
          Angle    Proper Dih. Ryckaert-Bell.  Improper Dih.          LJ-14
    5.47939e+02    5.39872e+02    6.37136e+01    3.87945e+01    3.27266e+02
     Coulomb-14        LJ (SR)  Disper. corr.   Coulomb (SR)   Coul. recip.
    1.43240e+03    1.99888e+04   -2.27126e+03   -1.49781e+05    2.25002e+03
      Potential    Kinetic En.   Total Energy  Conserved En.    Temperature
   -1.26863e+05    2.59729e+04   -1.00890e+05   -1.31926e+05    3.22642e+02
 Pres. DC (bar) Pressure (bar)   Constr. rmsd
   -3.82031e+02   -1.55850e+28    7.47304e-06

At step 2500 the performance loss due to force load imbalance is 5.9 %

NOTE: Turning on dynamic load balancing

DD  step 2999  vol min/aver 0.871  load imb.: force  3.5%  pme mesh/force 0.841

           Step           Time         Lambda
           3000        3.00000        0.00000

   Energies (kJ/mol)
          Angle    Proper Dih. Ryckaert-Bell.  Improper Dih.          LJ-14
    5.38047e+02    5.30345e+02    7.56265e+01    2.00227e+01    3.23989e+02
     Coulomb-14        LJ (SR)  Disper. corr.   Coulomb (SR)   Coul. recip.
    1.40350e+03    1.98714e+04   -2.27126e+03   -1.49811e+05    2.29198e+03
      Potential    Kinetic En.   Total Energy  Conserved En.    Temperature
   -1.27028e+05    2.55480e+04   -1.01480e+05   -1.31926e+05    3.17365e+02
 Pres. DC (bar) Pressure (bar)   Constr. rmsd
   -3.82031e+02   -1.55850e+28    7.23753e-06

DD  step 3999  vol min/aver 0.841  load imb.: force  3.4%  pme mesh/force 0.823

           Step           Time         Lambda
           4000        4.00000        0.00000

   Energies (kJ/mol)
          Angle    Proper Dih. Ryckaert-Bell.  Improper Dih.          LJ-14
    6.14369e+02    5.39253e+02    9.16183e+01    2.42683e+01    3.34204e+02
     Coulomb-14        LJ (SR)  Disper. corr.   Coulomb (SR)   Coul. recip.
    1.38280e+03    1.94746e+04   -2.27126e+03   -1.49358e+05    2.23407e+03
      Potential    Kinetic En.   Total Energy  Conserved En.    Temperature
   -1.26934e+05    2.58292e+04   -1.01104e+05   -1.31928e+05    3.20857e+02
 Pres. DC (bar) Pressure (bar)   Constr. rmsd
   -3.82031e+02   -1.55850e+28    9.11454e-06

DD  step 4999  vol min/aver 0.841  load imb.: force  3.5%  pme mesh/force 0.830

           Step           Time         Lambda
           5000        5.00000        0.00000

   Energies (kJ/mol)
          Angle    Proper Dih. Ryckaert-Bell.  Improper Dih.          LJ-14
    6.50621e+02    5.24131e+02    7.41966e+01    1.53428e+01    3.24891e+02
     Coulomb-14        LJ (SR)  Disper. corr.   Coulomb (SR)   Coul. recip.
    1.37398e+03    1.97942e+04   -2.27126e+03   -1.49587e+05    2.30470e+03
      Potential    Kinetic En.   Total Energy  Conserved En.    Temperature
   -1.26797e+05    2.60228e+04   -1.00774e+05   -1.31929e+05    3.23262e+02
 Pres. DC (bar) Pressure (bar)   Constr. rmsd
   -3.82031e+02   -1.55850e+28    1.21574e-05

DD  step 5999  vol min/aver 0.860  load imb.: force  7.3%  pme mesh/force 0.827

           Step           Time         Lambda
           6000        6.00000        0.00000

   Energies (kJ/mol)
          Angle    Proper Dih. Ryckaert-Bell.  Improper Dih.          LJ-14
    5.69396e+02    5.35685e+02    6.75397e+01    3.03242e+01    3.30655e+02
     Coulomb-14        LJ (SR)  Disper. corr.   Coulomb (SR)   Coul. recip.
    1.38693e+03    1.99456e+04   -2.27126e+03   -1.50296e+05    2.21854e+03
      Potential    Kinetic En.   Total Energy  Conserved En.    Temperature
   -1.27482e+05    2.57387e+04   -1.01743e+05   -1.31932e+05    3.19733e+02
 Pres. DC (bar) Pressure (bar)   Constr. rmsd
   -3.82031e+02   -1.55850e+28    9.82123e-06

DD  step 6999  vol min/aver 0.882  load imb.: force  4.1%  pme mesh/force 0.827

           Step           Time         Lambda
           7000        7.00000        0.00000

   Energies (kJ/mol)
          Angle    Proper Dih. Ryckaert-Bell.  Improper Dih.          LJ-14
    5.88667e+02    5.09278e+02    5.09507e+01    1.45048e+01    3.39184e+02
     Coulomb-14        LJ (SR)  Disper. corr.   Coulomb (SR)   Coul. recip.
    1.42403e+03    1.97756e+04   -2.27126e+03   -1.49849e+05    2.23811e+03
      Potential    Kinetic En.   Total Energy  Conserved En.    Temperature
   -1.27180e+05    2.56501e+04   -1.01530e+05   -1.31932e+05    3.18632e+02
 Pres. DC (bar) Pressure (bar)   Constr. rmsd
   -3.82031e+02   -1.55850e+28    8.68393e-06

DD  step 7999  vol min/aver 0.885  load imb.: force  4.2%  pme mesh/force 0.822

           Step           Time         Lambda
           8000        8.00000        0.00000

   Energies (kJ/mol)
          Angle    Proper Dih. Ryckaert-Bell.  Improper Dih.          LJ-14
    6.22154e+02    5.33956e+02    5.94812e+01    2.82619e+01    3.38902e+02
     Coulomb-14        LJ (SR)  Disper. corr.   Coulomb (SR)   Coul. recip.
    1.40987e+03    2.00389e+04   -2.27126e+03   -1.49489e+05    2.27719e+03
      Potential    Kinetic En.   Total Energy  Conserved En.    Temperature
   -1.26452e+05    2.56036e+04   -1.00848e+05   -1.31933e+05    3.18055e+02
 Pres. DC (bar) Pressure (bar)   Constr. rmsd
   -3.82031e+02   -1.55850e+28    6.96433e-06

DD  step 8999  vol min/aver 0.867  load imb.: force  5.3%  pme mesh/force 0.833

           Step           Time         Lambda
           9000        9.00000        0.00000

   Energies (kJ/mol)
          Angle    Proper Dih. Ryckaert-Bell.  Improper Dih.          LJ-14
    6.43362e+02    5.45056e+02    8.42694e+01    2.76064e+01    3.40884e+02
     Coulomb-14        LJ (SR)  Disper. corr.   Coulomb (SR)   Coul. recip.
    1.39232e+03    1.94874e+04   -2.27126e+03   -1.48984e+05    2.23872e+03
      Potential    Kinetic En.   Total Energy  Conserved En.    Temperature
   -1.26495e+05    2.59730e+04   -1.00522e+05   -1.31936e+05    3.22643e+02
 Pres. DC (bar) Pressure (bar)   Constr. rmsd
   -3.82031e+02   -1.55850e+28    6.74496e-06

DD  step 9999  vol min/aver 0.883  load imb.: force  5.2%  pme mesh/force 0.824

           Step           Time         Lambda
          10000       10.00000        0.00000

Writing checkpoint, step 10000 at Thu Oct  8 08:15:44 2020


   Energies (kJ/mol)
          Angle    Proper Dih. Ryckaert-Bell.  Improper Dih.          LJ-14
    6.65062e+02    5.28439e+02    8.33110e+01    3.52582e+01    3.36220e+02
     Coulomb-14        LJ (SR)  Disper. corr.   Coulomb (SR)   Coul. recip.
    1.42290e+03    1.95340e+04   -2.27126e+03   -1.48278e+05    2.33138e+03
      Potential    Kinetic En.   Total Energy  Conserved En.    Temperature
   -1.25612e+05    2.57665e+04   -9.98459e+04   -1.31937e+05    3.20079e+02
 Pres. DC (bar) Pressure (bar)   Constr. rmsd
   -3.82031e+02   -1.55850e+28    1.16701e-05

	<======  ###############  ==>
	<====  A V E R A G E S  ====>
	<==  ###############  ======>

	Statistics over 10001 steps using 101 frames

   Energies (kJ/mol)
          Angle    Proper Dih. Ryckaert-Bell.  Improper Dih.          LJ-14
    5.80352e+02    5.25988e+02    6.55060e+01    2.67186e+01    3.30408e+02
     Coulomb-14        LJ (SR)  Disper. corr.   Coulomb (SR)   Coul. recip.
    1.39291e+03    1.98501e+04   -2.27126e+03   -1.50045e+05    2.24361e+03
      Potential    Kinetic En.   Total Energy  Conserved En.    Temperature
   -1.27300e+05    2.52478e+04   -1.02052e+05   -1.31930e+05    3.13635e+02
 Pres. DC (bar) Pressure (bar)   Constr. rmsd
   -3.82031e+02   -1.93541e+28    0.00000e+00

   Total Virial (kJ/mol)
    6.80237e+28    1.92579e+28    4.35385e+28
    1.92579e+28    5.56843e+28   -3.95331e+27
    4.35385e+28   -3.95331e+27    4.92985e+28

   Pressure (bar)
   -2.28292e+28   -6.46309e+27   -1.46118e+28
   -6.46309e+27   -1.86880e+28    1.32676e+27
   -1.46118e+28    1.32676e+27   -1.65449e+28

      T-Protein  T-non-Protein
    3.05427e+02    3.13794e+02


	M E G A - F L O P S   A C C O U N T I N G

 NB=Group-cutoff nonbonded kernels    NxN=N-by-N cluster Verlet kernels
 RF=Reaction-Field  VdW=Van der Waals  QSTab=quadratic-spline table
 W3=SPC/TIP3p  W4=TIP4p (single or pairs)
 V&F=Potential and force  V=Potential only  F=Force only

 Computing:                               M-Number         M-Flops  % Flops
-----------------------------------------------------------------------------
 Pair Search distance check             968.284824        8714.563     0.4
 NxN Ewald Elec. + LJ [F]             16612.418624     1096419.629    49.9
 NxN Ewald Elec. + LJ [V&F]             169.563632       18143.309     0.8
 NxN Ewald Elec. [F]                  14751.873120      899864.260    41.0
 NxN Ewald Elec. [V&F]                  150.638544       12653.638     0.6
 1,4 nonbonded interactions               7.090709         638.164     0.0
 Calc Weights                           291.719169       10501.890     0.5
 Spread Q Bspline                      6223.342272       12446.685     0.6
 Gather F Bspline                      6223.342272       37340.054     1.7
 3D-FFT                                9786.506340       78292.051     3.6
 Solve PME                               40.836296        2613.523     0.1
 Reset In Box                             3.898923          11.697     0.0
 CG-CoM                                   3.908646          11.726     0.0
 Angles                                   5.000500         840.084     0.0
 Propers                                  5.940594        1360.396     0.1
 Impropers                                0.580058         120.652     0.0
 RB-Dihedrals                             1.210121         298.900     0.0
 Virial                                   1.127463          20.294     0.0
 Stop-CM                                  0.991746           9.917     0.0
 Calc-Ekin                               38.911446        1050.609     0.0
 Lincs                                    7.604921         456.295     0.0
 Lincs-Mat                              158.752656         635.011     0.0
 Constraint-V                           127.063658        1016.509     0.0
 Constraint-Vir                           1.206425          28.954     0.0
 Settle                                  37.288790       12044.279     0.5
-----------------------------------------------------------------------------
 Total                                                 2195533.089   100.0
-----------------------------------------------------------------------------


    D O M A I N   D E C O M P O S I T I O N   S T A T I S T I C S

 av. #atoms communicated per step for force:  2 x 26353.5
 av. #atoms communicated per step for LINCS:  2 x 2324.7

 Average load imbalance: 5.1 %
 Part of the total run time spent waiting due to load imbalance: 2.7 %
 Steps where the load balancing was limited by -rdd, -rcon and/or -dds: X 0 % Y 0 % Z 0 %
 Average PME mesh/force load: 0.820
 Part of the total run time spent waiting due to PP/PME imbalance: 3.8 %


     R E A L   C Y C L E   A N D   T I M E   A C C O U N T I N G

On 32 MPI ranks doing PP, and
on 16 MPI ranks doing PME

 Computing:          Num   Num      Call    Wall time         Giga-Cycles
                     Ranks Threads  Count      (s)         total sum    %
-----------------------------------------------------------------------------
 Domain decomp.        32    1        401       0.614         58.829   7.2
 DD comm. load         32    1        304       0.002          0.212   0.0
 DD comm. bounds       32    1        301       0.007          0.713   0.1
 Send X to PME         32    1      10001       0.042          4.071   0.5
 Neighbor search       32    1        401       0.249         23.901   2.9
 Comm. coord.          32    1       9600       0.214         20.566   2.5
 Force                 32    1      10001       2.712        260.086  31.7
 Wait + Comm. F        32    1      10001       0.454         43.567   5.3
 PME mesh *            16    1      10001       2.593        124.328  15.2
 PME wait for PP *                              3.104        148.842  18.2
 Wait + Recv. PME F    32    1      10001       0.018          1.692   0.2
 NB X/F buffer ops.    32    1      29201       0.132         12.655   1.5
 Write traj.           32    1         11       0.008          0.720   0.1
 Update                32    1      10001       0.165         15.775   1.9
 Constraints           32    1      10001       0.960         92.067  11.2
 Comm. energies        32    1       2001       0.059          5.629   0.7
 Rest                                           0.062          5.911   0.7
-----------------------------------------------------------------------------
 Total                                          5.698        819.590 100.0
-----------------------------------------------------------------------------
(*) Note that with separate PME ranks, the walltime column actually sums to
    twice the total reported, but the cycle count total and % are correct.
-----------------------------------------------------------------------------
 Breakdown of PME mesh computation
-----------------------------------------------------------------------------
 PME redist. X/F       16    1      20002       0.668         32.012   3.9
 PME spread/gather     16    1      20002       1.233         59.096   7.2
 PME 3D-FFT            16    1      20002       0.408         19.559   2.4
 PME 3D-FFT Comm.      16    1      40004       0.215         10.299   1.3
 PME solve Elec        16    1      10001       0.061          2.920   0.4
-----------------------------------------------------------------------------

               Core t (s)   Wall t (s)        (%)
       Time:      267.425        5.698     4693.1
                 (ns/day)    (hour/ns)
Performance:      151.642        0.158
Finished mdrun on rank 0 Thu Oct  8 08:15:44 2020
