Log file opened on Wed Oct  7 17:07:57 2020
Host: Server-BioTD-01  pid: 81287  rank ID: 0  number of ranks:  1
                   :-) GROMACS - gmx mdrun, VERSION 5.1.4 (-:

                            GROMACS is written by:
     Emile Apol      Rossen Apostolov  Herman J.C. Berendsen    Par Bjelkmar   
 Aldert van Buuren   Rudi van Drunen     Anton Feenstra   Sebastian Fritsch 
  Gerrit Groenhof   Christoph Junghans   Anca Hamuraru    Vincent Hindriksen
 Dimitrios Karkoulis    Peter Kasson        Jiri Kraus      Carsten Kutzner  
    Per Larsson      Justin A. Lemkul   Magnus Lundborg   Pieter Meulenhoff 
   Erik Marklund      Teemu Murtola       Szilard Pall       Sander Pronk   
   Roland Schulz     Alexey Shvetsov     Michael Shirts     Alfons Sijbers  
   Peter Tieleman    Teemu Virolainen  Christian Wennberg    Maarten Wolf   
                           and the project leaders:
        Mark Abraham, Berk Hess, Erik Lindahl, and David van der Spoel

Copyright (c) 1991-2000, University of Groningen, The Netherlands.
Copyright (c) 2001-2015, The GROMACS development team at
Uppsala University, Stockholm University and
the Royal Institute of Technology, Sweden.
check out http://www.gromacs.org for more information.

GROMACS is free software; you can redistribute it and/or modify it
under the terms of the GNU Lesser General Public License
as published by the Free Software Foundation; either version 2.1
of the License, or (at your option) any later version.

GROMACS:      gmx mdrun, VERSION 5.1.4
Executable:   /usr/local/gromacs/bin/gmx
Data prefix:  /usr/local/gromacs
Command line:
  gmx mdrun -deffnm design_output/drug_design/md-nvt

GROMACS version:    VERSION 5.1.4
Precision:          single
Memory model:       64 bit
MPI library:        thread_mpi
OpenMP support:     enabled (GMX_OPENMP_MAX_THREADS = 32)
GPU support:        enabled
OpenCL support:     disabled
invsqrt routine:    gmx_software_invsqrt(x)
SIMD instructions:  AVX2_256
FFT library:        fftw-3.3.4-sse2-avx
RDTSCP usage:       enabled
C++11 compilation:  disabled
TNG support:        enabled
Tracing support:    disabled
Built on:           dom ago 26 22:32:30 -05 2018
Built by:           kpalacio@Server-BioTD-01 [CMAKE]
Build OS/arch:      Linux 4.4.0-134-generic x86_64
Build CPU vendor:   GenuineIntel
Build CPU brand:    Intel(R) Xeon(R) CPU E5-2687W v4 @ 3.00GHz
Build CPU family:   6   Model: 79   Stepping: 1
Build CPU features: aes apic avx avx2 clfsh cmov cx8 cx16 f16c fma htt lahf_lm mmx msr nonstop_tsc pcid pclmuldq pdcm pdpe1gb popcnt pse rdrnd rdtscp sse2 sse3 sse4.1 sse4.2 ssse3 tdt x2apic
C compiler:         /usr/local/bin/mpicc GNU 5.5.0
C compiler flags:    -march=core-avx2    -Wextra -Wno-missing-field-initializers -Wno-sign-compare -Wpointer-arith -Wall -Wno-unused -Wunused-value -Wunused-parameter  -O3 -DNDEBUG -funroll-all-loops -fexcess-precision=fast  -Wno-array-bounds 
C++ compiler:       /usr/local/bin/mpicxx GNU 5.5.0
C++ compiler flags:  -march=core-avx2    -Wextra -Wno-missing-field-initializers -Wpointer-arith -Wall -Wno-unused-function  -O3 -DNDEBUG -funroll-all-loops -fexcess-precision=fast  -Wno-array-bounds 
Boost version:      1.58.0 (external)
CUDA compiler:      /usr/local/cuda-8.0/bin/nvcc nvcc: NVIDIA (R) Cuda compiler driver;Copyright (c) 2005-2016 NVIDIA Corporation;Built on Tue_Jan_10_13:22:03_CST_2017;Cuda compilation tools, release 8.0, V8.0.61
CUDA compiler flags:-gencode;arch=compute_20,code=sm_20;-gencode;arch=compute_30,code=sm_30;-gencode;arch=compute_35,code=sm_35;-gencode;arch=compute_37,code=sm_37;-gencode;arch=compute_50,code=sm_50;-gencode;arch=compute_52,code=sm_52;-gencode;arch=compute_60,code=sm_60;-gencode;arch=compute_61,code=sm_61;-gencode;arch=compute_60,code=compute_60;-gencode;arch=compute_61,code=compute_61;-use_fast_math;-D_FORCE_INLINES; ;-march=core-avx2;-Wextra;-Wno-missing-field-initializers;-Wpointer-arith;-Wall;-Wno-unused-function;-O3;-DNDEBUG;-funroll-all-loops;-fexcess-precision=fast;-Wno-array-bounds;
CUDA driver:        9.20
CUDA runtime:       0.0


NOTE: Error occurred during GPU detection:
      unknown error
      Can not use GPU acceleration, will fall back to CPU kernels.


Running on 1 node with total 24 cores, 48 logical cores, 0 compatible GPUs
Hardware detected:
  CPU info:
    Vendor: GenuineIntel
    Brand:  Intel(R) Xeon(R) CPU E5-2687W v4 @ 3.00GHz
    Family:  6  model: 79  stepping:  1
    CPU features: aes apic avx avx2 clfsh cmov cx8 cx16 f16c fma htt lahf_lm mmx msr nonstop_tsc pcid pclmuldq pdcm pdpe1gb popcnt pse rdrnd rdtscp sse2 sse3 sse4.1 sse4.2 ssse3 tdt x2apic
    SIMD instructions most likely to fit this hardware: AVX2_256
    SIMD instructions selected at GROMACS compile time: AVX2_256


++++ PLEASE READ AND CITE THE FOLLOWING REFERENCE ++++
M. J. Abraham, T. Murtola, R. Schulz, S. Páll, J. C. Smith, B. Hess, E.
Lindahl
GROMACS: High performance molecular simulations through multi-level
parallelism from laptops to supercomputers
SoftwareX 1 (2015) pp. 19-25
-------- -------- --- Thank You --- -------- --------


++++ PLEASE READ AND CITE THE FOLLOWING REFERENCE ++++
S. Páll, M. J. Abraham, C. Kutzner, B. Hess, E. Lindahl
Tackling Exascale Software Challenges in Molecular Dynamics Simulations with
GROMACS
In S. Markidis & E. Laure (Eds.), Solving Software Challenges for Exascale 8759 (2015) pp. 3-27
-------- -------- --- Thank You --- -------- --------


++++ PLEASE READ AND CITE THE FOLLOWING REFERENCE ++++
S. Pronk, S. Páll, R. Schulz, P. Larsson, P. Bjelkmar, R. Apostolov, M. R.
Shirts, J. C. Smith, P. M. Kasson, D. van der Spoel, B. Hess, and E. Lindahl
GROMACS 4.5: a high-throughput and highly parallel open source molecular
simulation toolkit
Bioinformatics 29 (2013) pp. 845-54
-------- -------- --- Thank You --- -------- --------


++++ PLEASE READ AND CITE THE FOLLOWING REFERENCE ++++
B. Hess and C. Kutzner and D. van der Spoel and E. Lindahl
GROMACS 4: Algorithms for highly efficient, load-balanced, and scalable
molecular simulation
J. Chem. Theory Comput. 4 (2008) pp. 435-447
-------- -------- --- Thank You --- -------- --------


++++ PLEASE READ AND CITE THE FOLLOWING REFERENCE ++++
D. van der Spoel, E. Lindahl, B. Hess, G. Groenhof, A. E. Mark and H. J. C.
Berendsen
GROMACS: Fast, Flexible and Free
J. Comp. Chem. 26 (2005) pp. 1701-1719
-------- -------- --- Thank You --- -------- --------


++++ PLEASE READ AND CITE THE FOLLOWING REFERENCE ++++
E. Lindahl and B. Hess and D. van der Spoel
GROMACS 3.0: A package for molecular simulation and trajectory analysis
J. Mol. Mod. 7 (2001) pp. 306-317
-------- -------- --- Thank You --- -------- --------


++++ PLEASE READ AND CITE THE FOLLOWING REFERENCE ++++
H. J. C. Berendsen, D. van der Spoel and R. van Drunen
GROMACS: A message-passing parallel molecular dynamics implementation
Comp. Phys. Comm. 91 (1995) pp. 43-56
-------- -------- --- Thank You --- -------- --------

Changing nstlist from 10 to 25, rlist from 0.8 to 0.813

Input Parameters:
   integrator                     = md
   tinit                          = 0
   dt                             = 0.001
   nsteps                         = 10000
   init-step                      = 0
   simulation-part                = 1
   comm-mode                      = Linear
   nstcomm                        = 100
   bd-fric                        = 0
   ld-seed                        = 1617606827
   emtol                          = 10
   emstep                         = 0.01
   niter                          = 20
   fcstep                         = 0
   nstcgsteep                     = 1000
   nbfgscorr                      = 10
   rtpi                           = 0.05
   nstxout                        = 0
   nstvout                        = 0
   nstfout                        = 0
   nstlog                         = 1000
   nstcalcenergy                  = 100
   nstenergy                      = 1000
   nstxout-compressed             = 1000
   compressed-x-precision         = 1000
   cutoff-scheme                  = Verlet
   nstlist                        = 25
   ns-type                        = Grid
   pbc                            = xyz
   periodic-molecules             = FALSE
   verlet-buffer-tolerance        = 0.005
   rlist                          = 0.813
   rlistlong                      = 0.813
   nstcalclr                      = 10
   coulombtype                    = PME
   coulomb-modifier               = Potential-shift
   rcoulomb-switch                = 0
   rcoulomb                       = 0.8
   epsilon-r                      = 1
   epsilon-rf                     = inf
   vdw-type                       = Cut-off
   vdw-modifier                   = Potential-shift
   rvdw-switch                    = 0
   rvdw                           = 0.8
   DispCorr                       = EnerPres
   table-extension                = 1
   fourierspacing                 = 0.16
   fourier-nx                     = 32
   fourier-ny                     = 32
   fourier-nz                     = 32
   pme-order                      = 4
   ewald-rtol                     = 1e-05
   ewald-rtol-lj                  = 0.001
   lj-pme-comb-rule               = Geometric
   ewald-geometry                 = 0
   epsilon-surface                = 0
   implicit-solvent               = No
   gb-algorithm                   = Still
   nstgbradii                     = 1
   rgbradii                       = 1
   gb-epsilon-solvent             = 80
   gb-saltconc                    = 0
   gb-obc-alpha                   = 1
   gb-obc-beta                    = 0.8
   gb-obc-gamma                   = 4.85
   gb-dielectric-offset           = 0.009
   sa-algorithm                   = Ace-approximation
   sa-surface-tension             = 2.05016
   tcoupl                         = V-rescale
   nsttcouple                     = 10
   nh-chain-length                = 0
   print-nose-hoover-chain-variables = FALSE
   pcoupl                         = No
   pcoupltype                     = Isotropic
   nstpcouple                     = -1
   tau-p                          = 1
   compressibility (3x3):
      compressibility[    0]={ 0.00000e+00,  0.00000e+00,  0.00000e+00}
      compressibility[    1]={ 0.00000e+00,  0.00000e+00,  0.00000e+00}
      compressibility[    2]={ 0.00000e+00,  0.00000e+00,  0.00000e+00}
   ref-p (3x3):
      ref-p[    0]={ 0.00000e+00,  0.00000e+00,  0.00000e+00}
      ref-p[    1]={ 0.00000e+00,  0.00000e+00,  0.00000e+00}
      ref-p[    2]={ 0.00000e+00,  0.00000e+00,  0.00000e+00}
   refcoord-scaling               = No
   posres-com (3):
      posres-com[0]= 0.00000e+00
      posres-com[1]= 0.00000e+00
      posres-com[2]= 0.00000e+00
   posres-comB (3):
      posres-comB[0]= 0.00000e+00
      posres-comB[1]= 0.00000e+00
      posres-comB[2]= 0.00000e+00
   QMMM                           = FALSE
   QMconstraints                  = 0
   QMMMscheme                     = 0
   MMChargeScaleFactor            = 1
qm-opts:
   ngQM                           = 0
   constraint-algorithm           = Lincs
   continuation                   = FALSE
   Shake-SOR                      = FALSE
   shake-tol                      = 0.0001
   lincs-order                    = 4
   lincs-iter                     = 1
   lincs-warnangle                = 30
   nwall                          = 0
   wall-type                      = 9-3
   wall-r-linpot                  = -1
   wall-atomtype[0]               = -1
   wall-atomtype[1]               = -1
   wall-density[0]                = 0
   wall-density[1]                = 0
   wall-ewald-zfac                = 3
   pull                           = FALSE
   rotation                       = FALSE
   interactiveMD                  = FALSE
   disre                          = No
   disre-weighting                = Conservative
   disre-mixed                    = FALSE
   dr-fc                          = 1000
   dr-tau                         = 0
   nstdisreout                    = 100
   orire-fc                       = 0
   orire-tau                      = 0
   nstorireout                    = 100
   free-energy                    = no
   cos-acceleration               = 0
   deform (3x3):
      deform[    0]={ 0.00000e+00,  0.00000e+00,  0.00000e+00}
      deform[    1]={ 0.00000e+00,  0.00000e+00,  0.00000e+00}
      deform[    2]={ 0.00000e+00,  0.00000e+00,  0.00000e+00}
   simulated-tempering            = FALSE
   E-x:
      n = 0
   E-xt:
      n = 0
   E-y:
      n = 0
   E-yt:
      n = 0
   E-z:
      n = 0
   E-zt:
      n = 0
   swapcoords                     = no
   adress                         = FALSE
   userint1                       = 0
   userint2                       = 0
   userint3                       = 0
   userint4                       = 0
   userreal1                      = 0
   userreal2                      = 0
   userreal3                      = 0
   userreal4                      = 0
grpopts:
   nrdf:     372.942     18997.1
   ref-t:         320         320
   tau-t:         0.1         0.1
annealing:          No          No
annealing-npoints:           0           0
   acc:	           0           0           0
   nfreeze:           Y           Y           Y           N           N           N
   energygrp-flags[  0]: 0


Initializing Domain Decomposition on 48 ranks
Dynamic load balancing: auto
Will sort the charge groups at every domain (re)decomposition
Initial maximum inter charge-group distances:
    two-body bonded interactions: 0.434 nm, LJ-14, atoms 54 271
  multi-body bonded interactions: 0.434 nm, Proper Dih., atoms 54 271
Minimum cell size due to bonded interactions: 0.477 nm
Maximum distance for 5 constraints, at 120 deg. angles, all-trans: 0.871 nm
Estimated maximum distance required for P-LINCS: 0.871 nm
This distance will limit the DD cell size, you can override this with -rcon
Guess for relative PME load: 0.32
Will use 32 particle-particle and 16 PME only ranks
This is a guess, check the performance at the end of the log file
Using 16 separate PME ranks, as guessed by mdrun
Scaling the initial minimum size with 1/0.8 (option -dds) = 1.25
Optimizing the DD grid for 32 cells with a minimum initial size of 1.089 nm
The maximum allowed number of cells is: X 4 Y 4 Z 4
Domain decomposition grid 4 x 4 x 2, separate PME ranks 16
PME domain decomposition: 4 x 4 x 1
Interleaving PP and PME ranks
This rank does only particle-particle work.

Domain decomposition rank 0, coordinates 0 0 0

Using 48 MPI threads
Using 1 OpenMP thread per tMPI thread

Will do PME sum in reciprocal space for electrostatic interactions.

++++ PLEASE READ AND CITE THE FOLLOWING REFERENCE ++++
U. Essmann, L. Perera, M. L. Berkowitz, T. Darden, H. Lee and L. G. Pedersen 
A smooth particle mesh Ewald method
J. Chem. Phys. 103 (1995) pp. 8577-8592
-------- -------- --- Thank You --- -------- --------

Will do ordinary reciprocal space Ewald sum.
Using a Gaussian width (1/beta) of 0.25613 nm for Ewald
Cut-off's:   NS: 0.813   Coulomb: 0.8   LJ: 0.8
Long Range LJ corr.: <C6> 2.9133e-04
System total charge: -1.000
Generated table with 906 data points for Ewald.
Tabscale = 500 points/nm
Generated table with 906 data points for LJ6.
Tabscale = 500 points/nm
Generated table with 906 data points for LJ12.
Tabscale = 500 points/nm
Generated table with 906 data points for 1-4 COUL.
Tabscale = 500 points/nm
Generated table with 906 data points for 1-4 LJ6.
Tabscale = 500 points/nm
Generated table with 906 data points for 1-4 LJ12.
Tabscale = 500 points/nm
Potential shift: LJ r^-12: -1.455e+01 r^-6: -3.815e+00, Ewald -1.000e-05
Initialized non-bonded Ewald correction tables, spacing: 8.35e-04 size: 960


Using AVX2_256 4x8 non-bonded kernels

Using Lorentz-Berthelot Lennard-Jones combination rule

Removing pbc first time
Pinning threads with an auto-selected logical core stride of 1

Initializing Parallel LINear Constraint Solver

++++ PLEASE READ AND CITE THE FOLLOWING REFERENCE ++++
B. Hess
P-LINCS: A Parallel Linear Constraint Solver for molecular simulation
J. Chem. Theory Comput. 4 (2008) pp. 116-122
-------- -------- --- Thank You --- -------- --------

The number of constraints is 282
There are inter charge-group constraints,
will communicate selected coordinates each lincs iteration

++++ PLEASE READ AND CITE THE FOLLOWING REFERENCE ++++
S. Miyamoto and P. A. Kollman
SETTLE: An Analytical Version of the SHAKE and RATTLE Algorithms for Rigid
Water Models
J. Comp. Chem. 13 (1992) pp. 952-962
-------- -------- --- Thank You --- -------- --------


Linking all bonded interactions to atoms

The initial number of communication pulses is: X 1 Y 1 Z 1
The initial domain decomposition cell size is: X 1.15 nm Y 1.15 nm Z 2.31 nm

The maximum allowed distance for charge groups involved in interactions is:
                 non-bonded interactions           0.813 nm
            two-body bonded interactions  (-rdd)   0.813 nm
          multi-body bonded interactions  (-rdd)   0.813 nm
  atoms separated by up to 5 constraints  (-rcon)  1.154 nm

When dynamic load balancing gets turned on, these settings will change to:
The maximum number of communication pulses is: X 1 Y 1 Z 1
The minimum size for domain decomposition cells is 0.871 nm
The requested allowed shrink of DD cells (option -dds) is: 0.80
The allowed shrink of domain decomposition cells is: X 0.75 Y 0.75 Z 0.38
The maximum allowed distance for charge groups involved in interactions is:
                 non-bonded interactions           0.813 nm
            two-body bonded interactions  (-rdd)   0.813 nm
          multi-body bonded interactions  (-rdd)   0.813 nm
  atoms separated by up to 5 constraints  (-rcon)  0.871 nm


Making 3D domain decomposition grid 4 x 4 x 2, home cell index 0 0 0

Center of mass motion removal mode is Linear
We have the following groups for center of mass motion removal:
  0:  rest

++++ PLEASE READ AND CITE THE FOLLOWING REFERENCE ++++
G. Bussi, D. Donadio and M. Parrinello
Canonical sampling through velocity rescaling
J. Chem. Phys. 126 (2007) pp. 014101
-------- -------- --- Thank You --- -------- --------

There are: 9725 Atoms
Atom distribution over 32 domains: av 303 stddev 25 min 286 max 322

Constraining the starting coordinates (step 0)

Constraining the coordinates at t0-dt (step 0)
RMS relative constraint deviation after constraining: 0.00e+00
Initial temperature: 0.135434 K

Started mdrun on rank 0 Wed Oct  7 17:07:57 2020
           Step           Time         Lambda
              0        0.00000        0.00000

   Energies (kJ/mol)
          Angle    Proper Dih. Ryckaert-Bell.  Improper Dih.          LJ-14
    3.04996e+02    4.38521e+02    4.00878e+01    1.03390e+01    2.95028e+02
     Coulomb-14        LJ (SR)  Disper. corr.   Coulomb (SR)   Coul. recip.
    2.61962e+02    2.00231e+04   -2.28783e+03   -1.55660e+05    2.32463e+03
      Potential    Kinetic En.   Total Energy  Conserved En.    Temperature
   -1.34249e+05    5.03711e+01   -1.34198e+05   -1.34198e+05    6.25529e-01
 Pres. DC (bar) Pressure (bar)   Constr. rmsd
   -3.87403e+02   -3.84632e+29    1.31730e-04

DD  step 24 load imb.: force 67.8%  pme mesh/force 0.744

At step 25 the performance loss due to force load imbalance is 12.8 %

NOTE: Turning on dynamic load balancing

DD  step 999  vol min/aver 0.810  load imb.: force  8.5%  pme mesh/force 0.806

           Step           Time         Lambda
           1000        1.00000        0.00000

   Energies (kJ/mol)
          Angle    Proper Dih. Ryckaert-Bell.  Improper Dih.          LJ-14
    5.15649e+02    4.55980e+02    4.16856e+01    2.55484e+01    3.01233e+02
     Coulomb-14        LJ (SR)  Disper. corr.   Coulomb (SR)   Coul. recip.
    2.66394e+02    2.00591e+04   -2.28783e+03   -1.51237e+05    2.11301e+03
      Potential    Kinetic En.   Total Energy  Conserved En.    Temperature
   -1.29747e+05    2.54590e+04   -1.04288e+05   -1.34059e+05    3.16160e+02
 Pres. DC (bar) Pressure (bar)   Constr. rmsd
   -3.87403e+02   -1.90265e+27    8.12359e-06

DD  step 1999  vol min/aver 0.847  load imb.: force  6.2%  pme mesh/force 0.822

           Step           Time         Lambda
           2000        2.00000        0.00000

   Energies (kJ/mol)
          Angle    Proper Dih. Ryckaert-Bell.  Improper Dih.          LJ-14
    5.74560e+02    4.98048e+02    6.14979e+01    2.44673e+01    3.03248e+02
     Coulomb-14        LJ (SR)  Disper. corr.   Coulomb (SR)   Coul. recip.
    2.42297e+02    1.95365e+04   -2.28783e+03   -1.49387e+05    2.21273e+03
      Potential    Kinetic En.   Total Energy  Conserved En.    Temperature
   -1.28221e+05    2.54607e+04   -1.02760e+05   -1.34057e+05    3.16182e+02
 Pres. DC (bar) Pressure (bar)   Constr. rmsd
   -3.87403e+02   -1.90265e+27    8.15334e-06

DD  step 2999  vol min/aver 0.775  load imb.: force  5.5%  pme mesh/force 0.806

           Step           Time         Lambda
           3000        3.00000        0.00000

   Energies (kJ/mol)
          Angle    Proper Dih. Ryckaert-Bell.  Improper Dih.          LJ-14
    5.27665e+02    5.15352e+02    5.88463e+01    2.51706e+01    3.29501e+02
     Coulomb-14        LJ (SR)  Disper. corr.   Coulomb (SR)   Coul. recip.
    3.31083e+02    1.96390e+04   -2.28783e+03   -1.49610e+05    2.21764e+03
      Potential    Kinetic En.   Total Energy  Conserved En.    Temperature
   -1.28254e+05    2.57140e+04   -1.02540e+05   -1.34061e+05    3.19327e+02
 Pres. DC (bar) Pressure (bar)   Constr. rmsd
   -3.87403e+02   -1.90265e+27    9.83853e-06

DD  step 3999  vol min/aver 0.812  load imb.: force  3.6%  pme mesh/force 0.854

           Step           Time         Lambda
           4000        4.00000        0.00000

   Energies (kJ/mol)
          Angle    Proper Dih. Ryckaert-Bell.  Improper Dih.          LJ-14
    6.05551e+02    4.72983e+02    6.11113e+01    3.58244e+01    3.25694e+02
     Coulomb-14        LJ (SR)  Disper. corr.   Coulomb (SR)   Coul. recip.
    3.27119e+02    1.99429e+04   -2.28783e+03   -1.49407e+05    2.17036e+03
      Potential    Kinetic En.   Total Energy  Conserved En.    Temperature
   -1.27753e+05    2.58818e+04   -1.01871e+05   -1.34060e+05    3.21411e+02
 Pres. DC (bar) Pressure (bar)   Constr. rmsd
   -3.87403e+02   -1.90265e+27    1.10814e-05

DD  step 4999  vol min/aver 0.800  load imb.: force  6.1%  pme mesh/force 0.826

           Step           Time         Lambda
           5000        5.00000        0.00000

   Energies (kJ/mol)
          Angle    Proper Dih. Ryckaert-Bell.  Improper Dih.          LJ-14
    5.74700e+02    4.58108e+02    6.13048e+01    3.60270e+01    3.17698e+02
     Coulomb-14        LJ (SR)  Disper. corr.   Coulomb (SR)   Coul. recip.
    2.73910e+02    1.93875e+04   -2.28783e+03   -1.49567e+05    2.13936e+03
      Potential    Kinetic En.   Total Energy  Conserved En.    Temperature
   -1.28606e+05    2.56332e+04   -1.02973e+05   -1.34063e+05    3.18324e+02
 Pres. DC (bar) Pressure (bar)   Constr. rmsd
   -3.87403e+02   -1.90265e+27    9.22681e-06

DD  step 5999  vol min/aver 0.814  load imb.: force  4.8%  pme mesh/force 0.827

           Step           Time         Lambda
           6000        6.00000        0.00000

   Energies (kJ/mol)
          Angle    Proper Dih. Ryckaert-Bell.  Improper Dih.          LJ-14
    5.90949e+02    4.79684e+02    5.74570e+01    4.78745e+01    3.21962e+02
     Coulomb-14        LJ (SR)  Disper. corr.   Coulomb (SR)   Coul. recip.
    2.28813e+02    1.91928e+04   -2.28783e+03   -1.48694e+05    2.18792e+03
      Potential    Kinetic En.   Total Energy  Conserved En.    Temperature
   -1.27875e+05    2.61293e+04   -1.01745e+05   -1.34065e+05    3.24484e+02
 Pres. DC (bar) Pressure (bar)   Constr. rmsd
   -3.87403e+02   -1.90265e+27    7.63452e-06

DD  step 6999  vol min/aver 0.804  load imb.: force  5.4%  pme mesh/force 0.820

           Step           Time         Lambda
           7000        7.00000        0.00000

   Energies (kJ/mol)
          Angle    Proper Dih. Ryckaert-Bell.  Improper Dih.          LJ-14
    5.60788e+02    4.82520e+02    6.13918e+01    2.80387e+01    3.20381e+02
     Coulomb-14        LJ (SR)  Disper. corr.   Coulomb (SR)   Coul. recip.
    2.95620e+02    2.01068e+04   -2.28783e+03   -1.49817e+05    2.27901e+03
      Potential    Kinetic En.   Total Energy  Conserved En.    Temperature
   -1.27970e+05    2.55485e+04   -1.02422e+05   -1.34064e+05    3.17272e+02
 Pres. DC (bar) Pressure (bar)   Constr. rmsd
   -3.87403e+02   -1.90265e+27    6.17124e-06

DD  step 7999  vol min/aver 0.793  load imb.: force  7.0%  pme mesh/force 0.815

           Step           Time         Lambda
           8000        8.00000        0.00000

   Energies (kJ/mol)
          Angle    Proper Dih. Ryckaert-Bell.  Improper Dih.          LJ-14
    5.37470e+02    4.78346e+02    7.80997e+01    2.18247e+01    3.28247e+02
     Coulomb-14        LJ (SR)  Disper. corr.   Coulomb (SR)   Coul. recip.
    2.50104e+02    2.03122e+04   -2.28783e+03   -1.50672e+05    2.22280e+03
      Potential    Kinetic En.   Total Energy  Conserved En.    Temperature
   -1.28730e+05    2.58712e+04   -1.02859e+05   -1.34066e+05    3.21279e+02
 Pres. DC (bar) Pressure (bar)   Constr. rmsd
   -3.87403e+02   -1.90265e+27    8.40998e-06

DD  step 8999  vol min/aver 0.821  load imb.: force  5.4%  pme mesh/force 0.835

           Step           Time         Lambda
           9000        9.00000        0.00000

   Energies (kJ/mol)
          Angle    Proper Dih. Ryckaert-Bell.  Improper Dih.          LJ-14
    6.10201e+02    4.57257e+02    6.99113e+01    3.02484e+01    3.09625e+02
     Coulomb-14        LJ (SR)  Disper. corr.   Coulomb (SR)   Coul. recip.
    2.90217e+02    1.97403e+04   -2.28783e+03   -1.49442e+05    2.22502e+03
      Potential    Kinetic En.   Total Energy  Conserved En.    Temperature
   -1.27998e+05    2.59778e+04   -1.02020e+05   -1.34068e+05    3.22604e+02
 Pres. DC (bar) Pressure (bar)   Constr. rmsd
   -3.87403e+02   -1.90265e+27    8.00907e-06

DD  step 9999  vol min/aver 0.830  load imb.: force  3.9%  pme mesh/force 0.839

           Step           Time         Lambda
          10000       10.00000        0.00000

Writing checkpoint, step 10000 at Wed Oct  7 17:08:02 2020


   Energies (kJ/mol)
          Angle    Proper Dih. Ryckaert-Bell.  Improper Dih.          LJ-14
    5.84255e+02    4.58019e+02    5.27058e+01    3.57108e+01    3.20156e+02
     Coulomb-14        LJ (SR)  Disper. corr.   Coulomb (SR)   Coul. recip.
    2.76762e+02    1.95998e+04   -2.28783e+03   -1.49789e+05    2.21647e+03
      Potential    Kinetic En.   Total Energy  Conserved En.    Temperature
   -1.28532e+05    2.59227e+04   -1.02610e+05   -1.34070e+05    3.21919e+02
 Pres. DC (bar) Pressure (bar)   Constr. rmsd
   -3.87403e+02   -1.90265e+27    6.60549e-06

	<======  ###############  ==>
	<====  A V E R A G E S  ====>
	<==  ###############  ======>

	Statistics over 10001 steps using 101 frames

   Energies (kJ/mol)
          Angle    Proper Dih. Ryckaert-Bell.  Improper Dih.          LJ-14
    5.67341e+02    4.73519e+02    5.77021e+01    2.92210e+01    3.17627e+02
     Coulomb-14        LJ (SR)  Disper. corr.   Coulomb (SR)   Coul. recip.
    2.68485e+02    1.99975e+04   -2.28783e+03   -1.50458e+05    2.21353e+03
      Potential    Kinetic En.   Total Energy  Conserved En.    Temperature
   -1.28821e+05    2.52068e+04   -1.03614e+05   -1.34064e+05    3.13029e+02
 Pres. DC (bar) Pressure (bar)   Constr. rmsd
   -3.87403e+02   -5.69205e+27    0.00000e+00

   Total Virial (kJ/mol)
    1.61122e+27   -1.03950e+28    6.23711e+27
   -1.03950e+28    3.46687e+28    4.03869e+26
    6.23711e+27    4.03868e+26    1.42613e+28

   Pressure (bar)
   -5.44376e+26    3.51211e+27   -2.10731e+27
    3.51211e+27   -1.17134e+28   -1.36453e+26
   -2.10731e+27   -1.36453e+26   -4.81842e+27

      T-Protein  T-non-Protein
    3.01663e+02    3.13252e+02


	M E G A - F L O P S   A C C O U N T I N G

 NB=Group-cutoff nonbonded kernels    NxN=N-by-N cluster Verlet kernels
 RF=Reaction-Field  VdW=Van der Waals  QSTab=quadratic-spline table
 W3=SPC/TIP3p  W4=TIP4p (single or pairs)
 V&F=Potential and force  V=Potential only  F=Force only

 Computing:                               M-Number         M-Flops  % Flops
-----------------------------------------------------------------------------
 Pair Search distance check             974.253830        8768.284     0.4
 NxN Ewald Elec. + LJ [F]             16671.045968     1100289.034    49.9
 NxN Ewald Elec. + LJ [V&F]             170.150288       18206.081     0.8
 NxN Ewald Elec. [F]                  14808.526288      903320.104    41.0
 NxN Ewald Elec. [V&F]                  150.992528       12683.372     0.6
 1,4 nonbonded interactions               7.050705         634.563     0.0
 Calc Weights                           291.779175       10504.050     0.5
 Spread Q Bspline                      6224.622400       12449.245     0.6
 Gather F Bspline                      6224.622400       37347.734     1.7
 3D-FFT                                9831.383040       78651.064     3.6
 Solve PME                               40.964096        2621.702     0.1
 Reset In Box                             3.899725          11.699     0.0
 CG-CoM                                   3.909450          11.728     0.0
 Angles                                   4.970497         835.043     0.0
 Propers                                  5.910591        1353.525     0.1
 Impropers                                0.570057         118.572     0.0
 RB-Dihedrals                             1.210121         298.900     0.0
 Virial                                   1.127665          20.298     0.0
 Stop-CM                                  0.991950           9.919     0.0
 Calc-Ekin                               38.919450        1050.825     0.0
 Lincs                                    7.530689         451.841     0.0
 Lincs-Mat                              156.323124         625.292     0.0
 Constraint-V                           127.119000        1016.952     0.0
 Constraint-Vir                           1.208058          28.993     0.0
 Settle                                  37.356765       12066.235     0.5
-----------------------------------------------------------------------------
 Total                                                 2203375.060   100.0
-----------------------------------------------------------------------------


    D O M A I N   D E C O M P O S I T I O N   S T A T I S T I C S

 av. #atoms communicated per step for force:  2 x 26556.6
 av. #atoms communicated per step for LINCS:  2 x 2329.8

 Average load imbalance: 5.2 %
 Part of the total run time spent waiting due to load imbalance: 2.7 %
 Steps where the load balancing was limited by -rdd, -rcon and/or -dds: X 0 % Y 0 % Z 0 %
 Average PME mesh/force load: 0.825
 Part of the total run time spent waiting due to PP/PME imbalance: 3.7 %


     R E A L   C Y C L E   A N D   T I M E   A C C O U N T I N G

On 32 MPI ranks doing PP, and
on 16 MPI ranks doing PME

 Computing:          Num   Num      Call    Wall time         Giga-Cycles
                     Ranks Threads  Count      (s)         total sum    %
-----------------------------------------------------------------------------
 Domain decomp.        32    1        401       0.257         24.665   3.2
 DD comm. load         32    1        400       0.003          0.295   0.0
 DD comm. bounds       32    1        400       0.011          1.077   0.1
 Send X to PME         32    1      10001       0.045          4.320   0.6
 Neighbor search       32    1        401       0.250         23.977   3.1
 Comm. coord.          32    1       9600       0.231         22.115   2.9
 Force                 32    1      10001       2.722        260.985  34.2
 Wait + Comm. F        32    1      10001       0.385         36.871   4.8
 PME mesh *            16    1      10001       2.598        124.570  16.3
 PME wait for PP *                              2.706        129.756  17.0
 Wait + Recv. PME F    32    1      10001       0.014          1.324   0.2
 NB X/F buffer ops.    32    1      29201       0.133         12.711   1.7
 Write traj.           32    1         11       0.007          0.659   0.1
 Update                32    1      10001       0.163         15.672   2.1
 Constraints           32    1      10001       0.958         91.873  12.0
 Comm. energies        32    1       2001       0.068          6.557   0.9
 Rest                                           0.058          5.604   0.7
-----------------------------------------------------------------------------
 Total                                          5.305        763.057 100.0
-----------------------------------------------------------------------------
(*) Note that with separate PME ranks, the walltime column actually sums to
    twice the total reported, but the cycle count total and % are correct.
-----------------------------------------------------------------------------
 Breakdown of PME mesh computation
-----------------------------------------------------------------------------
 PME redist. X/F       16    1      20002       0.672         32.202   4.2
 PME spread/gather     16    1      20002       1.236         59.277   7.8
 PME 3D-FFT            16    1      20002       0.411         19.724   2.6
 PME 3D-FFT Comm.      16    1      40004       0.218         10.431   1.4
 PME solve Elec        16    1      10001       0.052          2.494   0.3
-----------------------------------------------------------------------------

               Core t (s)   Wall t (s)        (%)
       Time:      253.984        5.305     4787.5
                 (ns/day)    (hour/ns)
Performance:      162.876        0.147
Finished mdrun on rank 0 Wed Oct  7 17:08:03 2020
