Log file opened on Wed Oct  7 17:59:04 2020
Host: Server-BioTD-01  pid: 107462  rank ID: 0  number of ranks:  1
                   :-) GROMACS - gmx mdrun, VERSION 5.1.4 (-:

                            GROMACS is written by:
     Emile Apol      Rossen Apostolov  Herman J.C. Berendsen    Par Bjelkmar   
 Aldert van Buuren   Rudi van Drunen     Anton Feenstra   Sebastian Fritsch 
  Gerrit Groenhof   Christoph Junghans   Anca Hamuraru    Vincent Hindriksen
 Dimitrios Karkoulis    Peter Kasson        Jiri Kraus      Carsten Kutzner  
    Per Larsson      Justin A. Lemkul   Magnus Lundborg   Pieter Meulenhoff 
   Erik Marklund      Teemu Murtola       Szilard Pall       Sander Pronk   
   Roland Schulz     Alexey Shvetsov     Michael Shirts     Alfons Sijbers  
   Peter Tieleman    Teemu Virolainen  Christian Wennberg    Maarten Wolf   
                           and the project leaders:
        Mark Abraham, Berk Hess, Erik Lindahl, and David van der Spoel

Copyright (c) 1991-2000, University of Groningen, The Netherlands.
Copyright (c) 2001-2015, The GROMACS development team at
Uppsala University, Stockholm University and
the Royal Institute of Technology, Sweden.
check out http://www.gromacs.org for more information.

GROMACS is free software; you can redistribute it and/or modify it
under the terms of the GNU Lesser General Public License
as published by the Free Software Foundation; either version 2.1
of the License, or (at your option) any later version.

GROMACS:      gmx mdrun, VERSION 5.1.4
Executable:   /usr/local/gromacs/bin/gmx
Data prefix:  /usr/local/gromacs
Command line:
  gmx mdrun -deffnm design_output/drug_design/md-npt

GROMACS version:    VERSION 5.1.4
Precision:          single
Memory model:       64 bit
MPI library:        thread_mpi
OpenMP support:     enabled (GMX_OPENMP_MAX_THREADS = 32)
GPU support:        enabled
OpenCL support:     disabled
invsqrt routine:    gmx_software_invsqrt(x)
SIMD instructions:  AVX2_256
FFT library:        fftw-3.3.4-sse2-avx
RDTSCP usage:       enabled
C++11 compilation:  disabled
TNG support:        enabled
Tracing support:    disabled
Built on:           dom ago 26 22:32:30 -05 2018
Built by:           kpalacio@Server-BioTD-01 [CMAKE]
Build OS/arch:      Linux 4.4.0-134-generic x86_64
Build CPU vendor:   GenuineIntel
Build CPU brand:    Intel(R) Xeon(R) CPU E5-2687W v4 @ 3.00GHz
Build CPU family:   6   Model: 79   Stepping: 1
Build CPU features: aes apic avx avx2 clfsh cmov cx8 cx16 f16c fma htt lahf_lm mmx msr nonstop_tsc pcid pclmuldq pdcm pdpe1gb popcnt pse rdrnd rdtscp sse2 sse3 sse4.1 sse4.2 ssse3 tdt x2apic
C compiler:         /usr/local/bin/mpicc GNU 5.5.0
C compiler flags:    -march=core-avx2    -Wextra -Wno-missing-field-initializers -Wno-sign-compare -Wpointer-arith -Wall -Wno-unused -Wunused-value -Wunused-parameter  -O3 -DNDEBUG -funroll-all-loops -fexcess-precision=fast  -Wno-array-bounds 
C++ compiler:       /usr/local/bin/mpicxx GNU 5.5.0
C++ compiler flags:  -march=core-avx2    -Wextra -Wno-missing-field-initializers -Wpointer-arith -Wall -Wno-unused-function  -O3 -DNDEBUG -funroll-all-loops -fexcess-precision=fast  -Wno-array-bounds 
Boost version:      1.58.0 (external)
CUDA compiler:      /usr/local/cuda-8.0/bin/nvcc nvcc: NVIDIA (R) Cuda compiler driver;Copyright (c) 2005-2016 NVIDIA Corporation;Built on Tue_Jan_10_13:22:03_CST_2017;Cuda compilation tools, release 8.0, V8.0.61
CUDA compiler flags:-gencode;arch=compute_20,code=sm_20;-gencode;arch=compute_30,code=sm_30;-gencode;arch=compute_35,code=sm_35;-gencode;arch=compute_37,code=sm_37;-gencode;arch=compute_50,code=sm_50;-gencode;arch=compute_52,code=sm_52;-gencode;arch=compute_60,code=sm_60;-gencode;arch=compute_61,code=sm_61;-gencode;arch=compute_60,code=compute_60;-gencode;arch=compute_61,code=compute_61;-use_fast_math;-D_FORCE_INLINES; ;-march=core-avx2;-Wextra;-Wno-missing-field-initializers;-Wpointer-arith;-Wall;-Wno-unused-function;-O3;-DNDEBUG;-funroll-all-loops;-fexcess-precision=fast;-Wno-array-bounds;
CUDA driver:        9.20
CUDA runtime:       0.0


NOTE: Error occurred during GPU detection:
      unknown error
      Can not use GPU acceleration, will fall back to CPU kernels.


Running on 1 node with total 24 cores, 48 logical cores, 0 compatible GPUs
Hardware detected:
  CPU info:
    Vendor: GenuineIntel
    Brand:  Intel(R) Xeon(R) CPU E5-2687W v4 @ 3.00GHz
    Family:  6  model: 79  stepping:  1
    CPU features: aes apic avx avx2 clfsh cmov cx8 cx16 f16c fma htt lahf_lm mmx msr nonstop_tsc pcid pclmuldq pdcm pdpe1gb popcnt pse rdrnd rdtscp sse2 sse3 sse4.1 sse4.2 ssse3 tdt x2apic
    SIMD instructions most likely to fit this hardware: AVX2_256
    SIMD instructions selected at GROMACS compile time: AVX2_256


++++ PLEASE READ AND CITE THE FOLLOWING REFERENCE ++++
M. J. Abraham, T. Murtola, R. Schulz, S. Páll, J. C. Smith, B. Hess, E.
Lindahl
GROMACS: High performance molecular simulations through multi-level
parallelism from laptops to supercomputers
SoftwareX 1 (2015) pp. 19-25
-------- -------- --- Thank You --- -------- --------


++++ PLEASE READ AND CITE THE FOLLOWING REFERENCE ++++
S. Páll, M. J. Abraham, C. Kutzner, B. Hess, E. Lindahl
Tackling Exascale Software Challenges in Molecular Dynamics Simulations with
GROMACS
In S. Markidis & E. Laure (Eds.), Solving Software Challenges for Exascale 8759 (2015) pp. 3-27
-------- -------- --- Thank You --- -------- --------


++++ PLEASE READ AND CITE THE FOLLOWING REFERENCE ++++
S. Pronk, S. Páll, R. Schulz, P. Larsson, P. Bjelkmar, R. Apostolov, M. R.
Shirts, J. C. Smith, P. M. Kasson, D. van der Spoel, B. Hess, and E. Lindahl
GROMACS 4.5: a high-throughput and highly parallel open source molecular
simulation toolkit
Bioinformatics 29 (2013) pp. 845-54
-------- -------- --- Thank You --- -------- --------


++++ PLEASE READ AND CITE THE FOLLOWING REFERENCE ++++
B. Hess and C. Kutzner and D. van der Spoel and E. Lindahl
GROMACS 4: Algorithms for highly efficient, load-balanced, and scalable
molecular simulation
J. Chem. Theory Comput. 4 (2008) pp. 435-447
-------- -------- --- Thank You --- -------- --------


++++ PLEASE READ AND CITE THE FOLLOWING REFERENCE ++++
D. van der Spoel, E. Lindahl, B. Hess, G. Groenhof, A. E. Mark and H. J. C.
Berendsen
GROMACS: Fast, Flexible and Free
J. Comp. Chem. 26 (2005) pp. 1701-1719
-------- -------- --- Thank You --- -------- --------


++++ PLEASE READ AND CITE THE FOLLOWING REFERENCE ++++
E. Lindahl and B. Hess and D. van der Spoel
GROMACS 3.0: A package for molecular simulation and trajectory analysis
J. Mol. Mod. 7 (2001) pp. 306-317
-------- -------- --- Thank You --- -------- --------


++++ PLEASE READ AND CITE THE FOLLOWING REFERENCE ++++
H. J. C. Berendsen, D. van der Spoel and R. van Drunen
GROMACS: A message-passing parallel molecular dynamics implementation
Comp. Phys. Comm. 91 (1995) pp. 43-56
-------- -------- --- Thank You --- -------- --------

Input Parameters:
   integrator                     = md
   tinit                          = 0
   dt                             = 0.002
   nsteps                         = 2500000
   init-step                      = 0
   simulation-part                = 1
   comm-mode                      = Linear
   nstcomm                        = 100
   bd-fric                        = 0
   ld-seed                        = 29586359
   emtol                          = 10
   emstep                         = 0.01
   niter                          = 20
   fcstep                         = 0
   nstcgsteep                     = 1000
   nbfgscorr                      = 10
   rtpi                           = 0.05
   nstxout                        = 0
   nstvout                        = 0
   nstfout                        = 0
   nstlog                         = 50000
   nstcalcenergy                  = 100
   nstenergy                      = 50000
   nstxout-compressed             = 50000
   compressed-x-precision         = 1000
   cutoff-scheme                  = Verlet
   nstlist                        = 10
   ns-type                        = Grid
   pbc                            = xyz
   periodic-molecules             = FALSE
   verlet-buffer-tolerance        = 0.005
   rlist                          = 0.801
   rlistlong                      = 0.801
   nstcalclr                      = 10
   coulombtype                    = PME
   coulomb-modifier               = Potential-shift
   rcoulomb-switch                = 0
   rcoulomb                       = 0.8
   epsilon-r                      = 1
   epsilon-rf                     = inf
   vdw-type                       = Cut-off
   vdw-modifier                   = Potential-shift
   rvdw-switch                    = 0
   rvdw                           = 0.8
   DispCorr                       = EnerPres
   table-extension                = 1
   fourierspacing                 = 0.16
   fourier-nx                     = 32
   fourier-ny                     = 32
   fourier-nz                     = 32
   pme-order                      = 4
   ewald-rtol                     = 1e-05
   ewald-rtol-lj                  = 0.001
   lj-pme-comb-rule               = Geometric
   ewald-geometry                 = 0
   epsilon-surface                = 0
   implicit-solvent               = No
   gb-algorithm                   = Still
   nstgbradii                     = 1
   rgbradii                       = 1
   gb-epsilon-solvent             = 80
   gb-saltconc                    = 0
   gb-obc-alpha                   = 1
   gb-obc-beta                    = 0.8
   gb-obc-gamma                   = 4.85
   gb-dielectric-offset           = 0.009
   sa-algorithm                   = Ace-approximation
   sa-surface-tension             = 2.05016
   tcoupl                         = V-rescale
   nsttcouple                     = 10
   nh-chain-length                = 0
   print-nose-hoover-chain-variables = FALSE
   pcoupl                         = Parrinello-Rahman
   pcoupltype                     = Isotropic
   nstpcouple                     = 10
   tau-p                          = 2
   compressibility (3x3):
      compressibility[    0]={ 4.50000e-05,  0.00000e+00,  0.00000e+00}
      compressibility[    1]={ 0.00000e+00,  4.50000e-05,  0.00000e+00}
      compressibility[    2]={ 0.00000e+00,  0.00000e+00,  4.50000e-05}
   ref-p (3x3):
      ref-p[    0]={ 1.00000e+00,  0.00000e+00,  0.00000e+00}
      ref-p[    1]={ 0.00000e+00,  1.00000e+00,  0.00000e+00}
      ref-p[    2]={ 0.00000e+00,  0.00000e+00,  1.00000e+00}
   refcoord-scaling               = COM
   posres-com (3):
      posres-com[0]= 0.00000e+00
      posres-com[1]= 0.00000e+00
      posres-com[2]= 0.00000e+00
   posres-comB (3):
      posres-comB[0]= 0.00000e+00
      posres-comB[1]= 0.00000e+00
      posres-comB[2]= 0.00000e+00
   QMMM                           = FALSE
   QMconstraints                  = 0
   QMMMscheme                     = 0
   MMChargeScaleFactor            = 1
qm-opts:
   ngQM                           = 0
   constraint-algorithm           = Lincs
   continuation                   = TRUE
   Shake-SOR                      = FALSE
   shake-tol                      = 0.0001
   lincs-order                    = 4
   lincs-iter                     = 1
   lincs-warnangle                = 30
   nwall                          = 0
   wall-type                      = 9-3
   wall-r-linpot                  = -1
   wall-atomtype[0]               = -1
   wall-atomtype[1]               = -1
   wall-density[0]                = 0
   wall-density[1]                = 0
   wall-ewald-zfac                = 3
   pull                           = FALSE
   rotation                       = FALSE
   interactiveMD                  = FALSE
   disre                          = No
   disre-weighting                = Conservative
   disre-mixed                    = FALSE
   dr-fc                          = 1000
   dr-tau                         = 0
   nstdisreout                    = 100
   orire-fc                       = 0
   orire-tau                      = 0
   nstorireout                    = 100
   free-energy                    = no
   cos-acceleration               = 0
   deform (3x3):
      deform[    0]={ 0.00000e+00,  0.00000e+00,  0.00000e+00}
      deform[    1]={ 0.00000e+00,  0.00000e+00,  0.00000e+00}
      deform[    2]={ 0.00000e+00,  0.00000e+00,  0.00000e+00}
   simulated-tempering            = FALSE
   E-x:
      n = 0
   E-xt:
      n = 0
   E-y:
      n = 0
   E-yt:
      n = 0
   E-z:
      n = 0
   E-zt:
      n = 0
   swapcoords                     = no
   adress                         = FALSE
   userint1                       = 0
   userint2                       = 0
   userint3                       = 0
   userint4                       = 0
   userreal1                      = 0
   userreal2                      = 0
   userreal3                      = 0
   userreal4                      = 0
grpopts:
   nrdf:     465.928     18997.1
   ref-t:         310         310
   tau-t:         0.1         0.1
annealing:          No          No
annealing-npoints:           0           0
   acc:	           0           0           0
   nfreeze:           N           N           N
   energygrp-flags[  0]: 0


Initializing Domain Decomposition on 48 ranks
Dynamic load balancing: auto
Will sort the charge groups at every domain (re)decomposition
Initial maximum inter charge-group distances:
    two-body bonded interactions: 0.415 nm, LJ-14, atoms 274 281
  multi-body bonded interactions: 0.415 nm, Proper Dih., atoms 274 281
Minimum cell size due to bonded interactions: 0.457 nm
Maximum distance for 5 constraints, at 120 deg. angles, all-trans: 0.871 nm
Estimated maximum distance required for P-LINCS: 0.871 nm
This distance will limit the DD cell size, you can override this with -rcon
Guess for relative PME load: 0.32
Will use 32 particle-particle and 16 PME only ranks
This is a guess, check the performance at the end of the log file
Using 16 separate PME ranks, as guessed by mdrun
Scaling the initial minimum size with 1/0.8 (option -dds) = 1.25
Optimizing the DD grid for 32 cells with a minimum initial size of 1.089 nm
The maximum allowed number of cells is: X 4 Y 4 Z 4
Domain decomposition grid 4 x 4 x 2, separate PME ranks 16
PME domain decomposition: 4 x 4 x 1
Interleaving PP and PME ranks
This rank does only particle-particle work.

Domain decomposition rank 0, coordinates 0 0 0

Using 48 MPI threads
Using 1 OpenMP thread per tMPI thread

Will do PME sum in reciprocal space for electrostatic interactions.

++++ PLEASE READ AND CITE THE FOLLOWING REFERENCE ++++
U. Essmann, L. Perera, M. L. Berkowitz, T. Darden, H. Lee and L. G. Pedersen 
A smooth particle mesh Ewald method
J. Chem. Phys. 103 (1995) pp. 8577-8592
-------- -------- --- Thank You --- -------- --------

Will do ordinary reciprocal space Ewald sum.
Using a Gaussian width (1/beta) of 0.25613 nm for Ewald
Cut-off's:   NS: 0.801   Coulomb: 0.8   LJ: 0.8
Long Range LJ corr.: <C6> 2.9143e-04
System total charge: 0.000
Generated table with 900 data points for Ewald.
Tabscale = 500 points/nm
Generated table with 900 data points for LJ6.
Tabscale = 500 points/nm
Generated table with 900 data points for LJ12.
Tabscale = 500 points/nm
Generated table with 900 data points for 1-4 COUL.
Tabscale = 500 points/nm
Generated table with 900 data points for 1-4 LJ6.
Tabscale = 500 points/nm
Generated table with 900 data points for 1-4 LJ12.
Tabscale = 500 points/nm
Potential shift: LJ r^-12: -1.455e+01 r^-6: -3.815e+00, Ewald -1.000e-05
Initialized non-bonded Ewald correction tables, spacing: 8.35e-04 size: 960


Using AVX2_256 4x8 non-bonded kernels

Using Lorentz-Berthelot Lennard-Jones combination rule

Pinning threads with an auto-selected logical core stride of 1

Initializing Parallel LINear Constraint Solver

++++ PLEASE READ AND CITE THE FOLLOWING REFERENCE ++++
B. Hess
P-LINCS: A Parallel Linear Constraint Solver for molecular simulation
J. Chem. Theory Comput. 4 (2008) pp. 116-122
-------- -------- --- Thank You --- -------- --------

The number of constraints is 292
There are inter charge-group constraints,
will communicate selected coordinates each lincs iteration

++++ PLEASE READ AND CITE THE FOLLOWING REFERENCE ++++
S. Miyamoto and P. A. Kollman
SETTLE: An Analytical Version of the SHAKE and RATTLE Algorithms for Rigid
Water Models
J. Comp. Chem. 13 (1992) pp. 952-962
-------- -------- --- Thank You --- -------- --------


Linking all bonded interactions to atoms

The initial number of communication pulses is: X 1 Y 1 Z 1
The initial domain decomposition cell size is: X 1.15 nm Y 1.15 nm Z 2.31 nm

The maximum allowed distance for charge groups involved in interactions is:
                 non-bonded interactions           0.801 nm
(the following are initial values, they could change due to box deformation)
            two-body bonded interactions  (-rdd)   0.801 nm
          multi-body bonded interactions  (-rdd)   0.801 nm
  atoms separated by up to 5 constraints  (-rcon)  1.155 nm

When dynamic load balancing gets turned on, these settings will change to:
The maximum number of communication pulses is: X 1 Y 1 Z 1
The minimum size for domain decomposition cells is 0.871 nm
The requested allowed shrink of DD cells (option -dds) is: 0.80
The allowed shrink of domain decomposition cells is: X 0.75 Y 0.75 Z 0.38
The maximum allowed distance for charge groups involved in interactions is:
                 non-bonded interactions           0.801 nm
            two-body bonded interactions  (-rdd)   0.801 nm
          multi-body bonded interactions  (-rdd)   0.801 nm
  atoms separated by up to 5 constraints  (-rcon)  0.871 nm


Making 3D domain decomposition grid 4 x 4 x 2, home cell index 0 0 0

Center of mass motion removal mode is Linear
We have the following groups for center of mass motion removal:
  0:  rest

++++ PLEASE READ AND CITE THE FOLLOWING REFERENCE ++++
G. Bussi, D. Donadio and M. Parrinello
Canonical sampling through velocity rescaling
J. Chem. Phys. 126 (2007) pp. 014101
-------- -------- --- Thank You --- -------- --------

There are: 9735 Atoms
Atom distribution over 32 domains: av 304 stddev 16 min 278 max 329
Initial temperature: 313.193 K

Started mdrun on rank 0 Wed Oct  7 17:59:04 2020
           Step           Time         Lambda
              0        0.00000        0.00000

   Energies (kJ/mol)
          Angle    Proper Dih. Ryckaert-Bell.  Improper Dih.          LJ-14
    6.03508e+02    5.16034e+02    6.71727e+01    2.29364e+01    3.20207e+02
     Coulomb-14        LJ (SR)  Disper. corr.   Coulomb (SR)   Coul. recip.
    3.15461e+02    1.97802e+04   -2.28791e+03   -1.49489e+05    2.28796e+03
      Potential    Kinetic En.   Total Energy    Temperature Pres. DC (bar)
   -1.27863e+05    2.56237e+04   -1.02240e+05    3.16686e+02   -3.86505e+02
 Pressure (bar)   Constr. rmsd
    5.78812e+02    4.38898e-05

DD  step 9 load imb.: force 22.6%  pme mesh/force 1.026

At step 1000 the performance loss due to force load imbalance is 2.9 %

NOTE: Turning on dynamic load balancing

DD  step 49999  vol min/aver 0.759  load imb.: force  4.3%  pme mesh/force 0.811

           Step           Time         Lambda
          50000      100.00000        0.00000

   Energies (kJ/mol)
          Angle    Proper Dih. Ryckaert-Bell.  Improper Dih.          LJ-14
    6.37047e+02    5.11959e+02    8.15185e+01    3.12941e+01    3.11956e+02
     Coulomb-14        LJ (SR)  Disper. corr.   Coulomb (SR)   Coul. recip.
    3.24946e+02    1.93701e+04   -2.27301e+03   -1.50064e+05    2.13632e+03
      Potential    Kinetic En.   Total Energy    Temperature Pres. DC (bar)
   -1.28932e+05    2.50267e+04   -1.03906e+05    3.09307e+02   -3.81498e+02
 Pressure (bar)   Constr. rmsd
   -1.17094e+02    2.70192e-05

DD  step 99999  vol min/aver 0.801  load imb.: force  4.2%  pme mesh/force 0.831

           Step           Time         Lambda
         100000      200.00000        0.00000

   Energies (kJ/mol)
          Angle    Proper Dih. Ryckaert-Bell.  Improper Dih.          LJ-14
    5.78561e+02    5.21125e+02    5.97740e+01    3.75149e+01    2.96588e+02
     Coulomb-14        LJ (SR)  Disper. corr.   Coulomb (SR)   Coul. recip.
    3.09997e+02    1.96537e+04   -2.25962e+03   -1.50175e+05    2.23936e+03
      Potential    Kinetic En.   Total Energy    Temperature Pres. DC (bar)
   -1.28738e+05    2.48646e+04   -1.03874e+05    3.07304e+02   -3.77026e+02
 Pressure (bar)   Constr. rmsd
   -8.53165e+01    3.15279e-05

DD  step 149999  vol min/aver 0.754  load imb.: force  4.4%  pme mesh/force 0.824

           Step           Time         Lambda
         150000      300.00000        0.00000

   Energies (kJ/mol)
          Angle    Proper Dih. Ryckaert-Bell.  Improper Dih.          LJ-14
    6.09704e+02    5.10047e+02    7.34876e+01    2.31681e+01    2.92148e+02
     Coulomb-14        LJ (SR)  Disper. corr.   Coulomb (SR)   Coul. recip.
    3.27793e+02    2.00904e+04   -2.25932e+03   -1.50490e+05    2.26602e+03
      Potential    Kinetic En.   Total Energy    Temperature Pres. DC (bar)
   -1.28557e+05    2.51855e+04   -1.03372e+05    3.11269e+02   -3.76929e+02
 Pressure (bar)   Constr. rmsd
   -2.06802e+00    4.03461e-05

DD  step 199999  vol min/aver 0.740  load imb.: force  6.0%  pme mesh/force 0.822

           Step           Time         Lambda
         200000      400.00000        0.00000

   Energies (kJ/mol)
          Angle    Proper Dih. Ryckaert-Bell.  Improper Dih.          LJ-14
    6.50948e+02    5.26659e+02    5.70073e+01    3.42668e+01    3.02309e+02
     Coulomb-14        LJ (SR)  Disper. corr.   Coulomb (SR)   Coul. recip.
    3.11424e+02    1.99479e+04   -2.25353e+03   -1.50740e+05    2.21230e+03
      Potential    Kinetic En.   Total Energy    Temperature Pres. DC (bar)
   -1.28951e+05    2.50625e+04   -1.03888e+05    3.09749e+02   -3.75003e+02
 Pressure (bar)   Constr. rmsd
   -3.19056e+02    4.54769e-05

DD  step 249999  vol min/aver 0.749  load imb.: force  4.9%  pme mesh/force 0.830

           Step           Time         Lambda
         250000      500.00000        0.00000

   Energies (kJ/mol)
          Angle    Proper Dih. Ryckaert-Bell.  Improper Dih.          LJ-14
    6.33237e+02    5.21320e+02    5.64886e+01    4.21184e+01    3.28253e+02
     Coulomb-14        LJ (SR)  Disper. corr.   Coulomb (SR)   Coul. recip.
    3.41491e+02    1.94990e+04   -2.27957e+03   -1.50102e+05    2.13281e+03
      Potential    Kinetic En.   Total Energy    Temperature Pres. DC (bar)
   -1.28827e+05    2.48514e+04   -1.03976e+05    3.07141e+02   -3.83698e+02
 Pressure (bar)   Constr. rmsd
   -2.46242e+02    4.91782e-05

DD  step 299999  vol min/aver 0.740  load imb.: force  5.3%  pme mesh/force 0.833

           Step           Time         Lambda
         300000      600.00000        0.00000

   Energies (kJ/mol)
          Angle    Proper Dih. Ryckaert-Bell.  Improper Dih.          LJ-14
    6.06484e+02    5.18276e+02    7.60278e+01    3.66895e+01    3.08008e+02
     Coulomb-14        LJ (SR)  Disper. corr.   Coulomb (SR)   Coul. recip.
    3.75056e+02    2.00612e+04   -2.27302e+03   -1.51411e+05    2.16991e+03
      Potential    Kinetic En.   Total Energy    Temperature Pres. DC (bar)
   -1.29532e+05    2.50985e+04   -1.04434e+05    3.10195e+02   -3.81501e+02
 Pressure (bar)   Constr. rmsd
    2.78239e+01    3.33650e-05

DD  step 349999  vol min/aver 0.663  load imb.: force  6.0%  pme mesh/force 0.828

           Step           Time         Lambda
         350000      700.00000        0.00000

   Energies (kJ/mol)
          Angle    Proper Dih. Ryckaert-Bell.  Improper Dih.          LJ-14
    6.11678e+02    4.91115e+02    7.29985e+01    1.86296e+01    2.95773e+02
     Coulomb-14        LJ (SR)  Disper. corr.   Coulomb (SR)   Coul. recip.
    3.14936e+02    1.97528e+04   -2.27811e+03   -1.50458e+05    2.20235e+03
      Potential    Kinetic En.   Total Energy    Temperature Pres. DC (bar)
   -1.28976e+05    2.51109e+04   -1.03865e+05    3.10348e+02   -3.83208e+02
 Pressure (bar)   Constr. rmsd
    1.11201e+01    3.13975e-05

DD  step 399999  vol min/aver 0.703  load imb.: force  3.4%  pme mesh/force 0.831

           Step           Time         Lambda
         400000      800.00000        0.00000

   Energies (kJ/mol)
          Angle    Proper Dih. Ryckaert-Bell.  Improper Dih.          LJ-14
    6.81626e+02    5.24385e+02    6.17281e+01    3.32131e+01    3.10346e+02
     Coulomb-14        LJ (SR)  Disper. corr.   Coulomb (SR)   Coul. recip.
    2.85413e+02    1.98471e+04   -2.27294e+03   -1.50035e+05    2.24070e+03
      Potential    Kinetic En.   Total Energy    Temperature Pres. DC (bar)
   -1.28324e+05    2.54870e+04   -1.02837e+05    3.14996e+02   -3.81474e+02
 Pressure (bar)   Constr. rmsd
    1.14828e+02    3.90670e-05

DD  step 449999  vol min/aver 0.863  load imb.: force  6.2%  pme mesh/force 0.824

           Step           Time         Lambda
         450000      900.00000        0.00000

   Energies (kJ/mol)
          Angle    Proper Dih. Ryckaert-Bell.  Improper Dih.          LJ-14
    5.82782e+02    4.94430e+02    7.57427e+01    1.89930e+01    3.05243e+02
     Coulomb-14        LJ (SR)  Disper. corr.   Coulomb (SR)   Coul. recip.
    3.23829e+02    1.97967e+04   -2.26663e+03   -1.51029e+05    2.23716e+03
      Potential    Kinetic En.   Total Energy    Temperature Pres. DC (bar)
   -1.29461e+05    2.48259e+04   -1.04635e+05    3.06825e+02   -3.79365e+02
 Pressure (bar)   Constr. rmsd
   -1.62012e+02    2.40917e-05

DD  step 499999  vol min/aver 0.825  load imb.: force  4.9%  pme mesh/force 0.818

           Step           Time         Lambda
         500000     1000.00000        0.00000

   Energies (kJ/mol)
          Angle    Proper Dih. Ryckaert-Bell.  Improper Dih.          LJ-14
    6.98004e+02    5.00949e+02    5.55887e+01    3.24809e+01    3.12596e+02
     Coulomb-14        LJ (SR)  Disper. corr.   Coulomb (SR)   Coul. recip.
    3.63521e+02    1.96650e+04   -2.26591e+03   -1.50255e+05    2.15802e+03
      Potential    Kinetic En.   Total Energy    Temperature Pres. DC (bar)
   -1.28735e+05    2.56019e+04   -1.03133e+05    3.16416e+02   -3.79126e+02
 Pressure (bar)   Constr. rmsd
    2.81357e+00    2.91076e-05

DD  step 549999  vol min/aver 0.741  load imb.: force  4.4%  pme mesh/force 0.821

           Step           Time         Lambda
         550000     1100.00000        0.00000

   Energies (kJ/mol)
          Angle    Proper Dih. Ryckaert-Bell.  Improper Dih.          LJ-14
    6.66043e+02    4.97723e+02    8.74869e+01    3.13472e+01    3.13971e+02
     Coulomb-14        LJ (SR)  Disper. corr.   Coulomb (SR)   Coul. recip.
    2.84258e+02    1.96114e+04   -2.28323e+03   -1.50350e+05    2.19583e+03
      Potential    Kinetic En.   Total Energy    Temperature Pres. DC (bar)
   -1.28946e+05    2.50140e+04   -1.03932e+05    3.09150e+02   -3.84930e+02
 Pressure (bar)   Constr. rmsd
   -1.34758e+02    3.57911e-05

DD  load balancing is limited by minimum cell size in dimension Y
DD  step 599999  vol min/aver 0.753! load imb.: force  4.7%  pme mesh/force 0.848

           Step           Time         Lambda
         600000     1200.00000        0.00000

   Energies (kJ/mol)
          Angle    Proper Dih. Ryckaert-Bell.  Improper Dih.          LJ-14
    5.69237e+02    5.23977e+02    8.88690e+01    2.51366e+01    3.04576e+02
     Coulomb-14        LJ (SR)  Disper. corr.   Coulomb (SR)   Coul. recip.
    3.04697e+02    1.97190e+04   -2.26907e+03   -1.50876e+05    2.11335e+03
      Potential    Kinetic En.   Total Energy    Temperature Pres. DC (bar)
   -1.29496e+05    2.49614e+04   -1.04535e+05    3.08500e+02   -3.80180e+02
 Pressure (bar)   Constr. rmsd
   -1.65632e+02    3.22558e-05

DD  step 649999  vol min/aver 0.729  load imb.: force  3.8%  pme mesh/force 0.834

           Step           Time         Lambda
         650000     1300.00000        0.00000

   Energies (kJ/mol)
          Angle    Proper Dih. Ryckaert-Bell.  Improper Dih.          LJ-14
    6.62601e+02    5.10256e+02    5.67303e+01    3.56148e+01    3.00748e+02
     Coulomb-14        LJ (SR)  Disper. corr.   Coulomb (SR)   Coul. recip.
    2.91932e+02    1.97316e+04   -2.27125e+03   -1.50246e+05    2.23963e+03
      Potential    Kinetic En.   Total Energy    Temperature Pres. DC (bar)
   -1.28688e+05    2.47037e+04   -1.03984e+05    3.05315e+02   -3.80910e+02
 Pressure (bar)   Constr. rmsd
   -7.45892e+01    4.23440e-05

DD  step 699999  vol min/aver 0.750  load imb.: force  3.7%  pme mesh/force 0.834

           Step           Time         Lambda
         700000     1400.00000        0.00000

   Energies (kJ/mol)
          Angle    Proper Dih. Ryckaert-Bell.  Improper Dih.          LJ-14
    6.33442e+02    5.16956e+02    6.46903e+01    2.20100e+01    2.97018e+02
     Coulomb-14        LJ (SR)  Disper. corr.   Coulomb (SR)   Coul. recip.
    3.26707e+02    1.95639e+04   -2.25883e+03   -1.49925e+05    2.26562e+03
      Potential    Kinetic En.   Total Energy    Temperature Pres. DC (bar)
   -1.28493e+05    2.52496e+04   -1.03244e+05    3.12062e+02   -3.76766e+02
 Pressure (bar)   Constr. rmsd
   -2.96036e+02    5.53097e-05

DD  step 749999  vol min/aver 0.849  load imb.: force  5.6%  pme mesh/force 0.821

           Step           Time         Lambda
         750000     1500.00000        0.00000

   Energies (kJ/mol)
          Angle    Proper Dih. Ryckaert-Bell.  Improper Dih.          LJ-14
    5.97232e+02    5.37852e+02    7.68882e+01    3.29133e+01    2.90978e+02
     Coulomb-14        LJ (SR)  Disper. corr.   Coulomb (SR)   Coul. recip.
    3.26065e+02    1.98634e+04   -2.26963e+03   -1.50638e+05    2.21013e+03
      Potential    Kinetic En.   Total Energy    Temperature Pres. DC (bar)
   -1.28972e+05    2.47631e+04   -1.04209e+05    3.06049e+02   -3.80366e+02
 Pressure (bar)   Constr. rmsd
   -2.75769e+02    3.37216e-05

DD  step 799999  vol min/aver 0.737  load imb.: force  3.5%  pme mesh/force 0.856

           Step           Time         Lambda
         800000     1600.00000        0.00000

   Energies (kJ/mol)
          Angle    Proper Dih. Ryckaert-Bell.  Improper Dih.          LJ-14
    6.41245e+02    5.43723e+02    7.51673e+01    2.30583e+01    3.12370e+02
     Coulomb-14        LJ (SR)  Disper. corr.   Coulomb (SR)   Coul. recip.
    3.16342e+02    1.97976e+04   -2.27620e+03   -1.50653e+05    2.21605e+03
      Potential    Kinetic En.   Total Energy    Temperature Pres. DC (bar)
   -1.29004e+05    2.50378e+04   -1.03966e+05    3.09444e+02   -3.82567e+02
 Pressure (bar)   Constr. rmsd
   -1.65590e+01    3.21920e-05

DD  load balancing is limited by minimum cell size in dimension Y
DD  step 849999  vol min/aver 0.719! load imb.: force  4.1%  pme mesh/force 0.834

           Step           Time         Lambda
         850000     1700.00000        0.00000

   Energies (kJ/mol)
          Angle    Proper Dih. Ryckaert-Bell.  Improper Dih.          LJ-14
    6.47364e+02    5.43498e+02    6.05488e+01    3.03514e+01    3.01271e+02
     Coulomb-14        LJ (SR)  Disper. corr.   Coulomb (SR)   Coul. recip.
    2.74119e+02    2.01374e+04   -2.27596e+03   -1.50627e+05    2.25285e+03
      Potential    Kinetic En.   Total Energy    Temperature Pres. DC (bar)
   -1.28656e+05    2.48420e+04   -1.03814e+05    3.07025e+02   -3.82486e+02
 Pressure (bar)   Constr. rmsd
    9.95133e+01    4.55455e-05

DD  step 899999  vol min/aver 0.690  load imb.: force  4.1%  pme mesh/force 0.833

           Step           Time         Lambda
         900000     1800.00000        0.00000

   Energies (kJ/mol)
          Angle    Proper Dih. Ryckaert-Bell.  Improper Dih.          LJ-14
    6.58933e+02    4.68590e+02    6.55316e+01    2.53730e+01    3.15460e+02
     Coulomb-14        LJ (SR)  Disper. corr.   Coulomb (SR)   Coul. recip.
    3.09425e+02    1.96423e+04   -2.26561e+03   -1.49836e+05    2.29108e+03
      Potential    Kinetic En.   Total Energy    Temperature Pres. DC (bar)
   -1.28324e+05    2.50299e+04   -1.03295e+05    3.09346e+02   -3.79025e+02
 Pressure (bar)   Constr. rmsd
    3.56206e+01    3.22493e-05

DD  step 949999  vol min/aver 0.645  load imb.: force  3.6%  pme mesh/force 0.826

           Step           Time         Lambda
         950000     1900.00000        0.00000

   Energies (kJ/mol)
          Angle    Proper Dih. Ryckaert-Bell.  Improper Dih.          LJ-14
    6.14117e+02    4.94390e+02    6.51359e+01    1.85361e+01    2.96054e+02
     Coulomb-14        LJ (SR)  Disper. corr.   Coulomb (SR)   Coul. recip.
    3.26493e+02    1.98330e+04   -2.24850e+03   -1.50217e+05    2.22567e+03
      Potential    Kinetic En.   Total Energy    Temperature Pres. DC (bar)
   -1.28592e+05    2.51786e+04   -1.03413e+05    3.11184e+02   -3.73335e+02
 Pressure (bar)   Constr. rmsd
   -2.86804e+02    4.83649e-05

DD  step 999999  vol min/aver 0.708  load imb.: force  5.4%  pme mesh/force 0.840

           Step           Time         Lambda
        1000000     2000.00000        0.00000

   Energies (kJ/mol)
          Angle    Proper Dih. Ryckaert-Bell.  Improper Dih.          LJ-14
    5.98437e+02    5.28245e+02    5.85126e+01    3.46829e+01    3.24137e+02
     Coulomb-14        LJ (SR)  Disper. corr.   Coulomb (SR)   Coul. recip.
    3.92735e+02    2.01564e+04   -2.27539e+03   -1.51056e+05    2.16849e+03
      Potential    Kinetic En.   Total Energy    Temperature Pres. DC (bar)
   -1.29070e+05    2.49067e+04   -1.04163e+05    3.07824e+02   -3.82295e+02
 Pressure (bar)   Constr. rmsd
    1.41408e+02    3.64257e-05

DD  step 1049999  vol min/aver 0.767  load imb.: force  3.7%  pme mesh/force 0.821

           Step           Time         Lambda
        1050000     2100.00000        0.00000

   Energies (kJ/mol)
          Angle    Proper Dih. Ryckaert-Bell.  Improper Dih.          LJ-14
    6.48695e+02    4.60207e+02    6.39295e+01    1.86854e+01    3.06781e+02
     Coulomb-14        LJ (SR)  Disper. corr.   Coulomb (SR)   Coul. recip.
    3.13310e+02    1.98836e+04   -2.26329e+03   -1.50548e+05    2.22183e+03
      Potential    Kinetic En.   Total Energy    Temperature Pres. DC (bar)
   -1.28894e+05    2.50707e+04   -1.03823e+05    3.09850e+02   -3.78250e+02
 Pressure (bar)   Constr. rmsd
   -1.33139e+02    3.82651e-05

DD  step 1099999  vol min/aver 0.617  load imb.: force  3.8%  pme mesh/force 0.838

           Step           Time         Lambda
        1100000     2200.00000        0.00000

   Energies (kJ/mol)
          Angle    Proper Dih. Ryckaert-Bell.  Improper Dih.          LJ-14
    6.34535e+02    4.97184e+02    5.63041e+01    2.03933e+01    3.02213e+02
     Coulomb-14        LJ (SR)  Disper. corr.   Coulomb (SR)   Coul. recip.
    3.30641e+02    1.94859e+04   -2.27868e+03   -1.50382e+05    2.17996e+03
      Potential    Kinetic En.   Total Energy    Temperature Pres. DC (bar)
   -1.29154e+05    2.51519e+04   -1.04002e+05    3.10854e+02   -3.83398e+02
 Pressure (bar)   Constr. rmsd
   -1.74619e+02    3.92168e-05

DD  step 1149999  vol min/aver 0.594  load imb.: force  3.9%  pme mesh/force 0.818

           Step           Time         Lambda
        1150000     2300.00000        0.00000

   Energies (kJ/mol)
          Angle    Proper Dih. Ryckaert-Bell.  Improper Dih.          LJ-14
    6.38136e+02    4.85537e+02    4.79012e+01    2.01789e+01    3.11848e+02
     Coulomb-14        LJ (SR)  Disper. corr.   Coulomb (SR)   Coul. recip.
    3.76424e+02    1.97670e+04   -2.28753e+03   -1.50306e+05    2.21455e+03
      Potential    Kinetic En.   Total Energy    Temperature Pres. DC (bar)
   -1.28732e+05    2.52584e+04   -1.03474e+05    3.12171e+02   -3.86375e+02
 Pressure (bar)   Constr. rmsd
   -1.10237e+01    3.52648e-05

DD  step 1199999  vol min/aver 0.548  load imb.: force  4.5%  pme mesh/force 0.840

           Step           Time         Lambda
        1200000     2400.00000        0.00000

   Energies (kJ/mol)
          Angle    Proper Dih. Ryckaert-Bell.  Improper Dih.          LJ-14
    6.14090e+02    5.13740e+02    6.35624e+01    2.01439e+01    3.10732e+02
     Coulomb-14        LJ (SR)  Disper. corr.   Coulomb (SR)   Coul. recip.
    3.36407e+02    2.00996e+04   -2.27920e+03   -1.50882e+05    2.17908e+03
      Potential    Kinetic En.   Total Energy    Temperature Pres. DC (bar)
   -1.29024e+05    2.49394e+04   -1.04085e+05    3.08228e+02   -3.83574e+02
 Pressure (bar)   Constr. rmsd
    9.99861e+01    3.77692e-05

DD  step 1249999  vol min/aver 0.523  load imb.: force  5.1%  pme mesh/force 0.837

           Step           Time         Lambda
        1250000     2500.00000        0.00000

   Energies (kJ/mol)
          Angle    Proper Dih. Ryckaert-Bell.  Improper Dih.          LJ-14
    5.63097e+02    5.02218e+02    6.08749e+01    3.41242e+01    3.08287e+02
     Coulomb-14        LJ (SR)  Disper. corr.   Coulomb (SR)   Coul. recip.
    3.61632e+02    2.00559e+04   -2.27284e+03   -1.51033e+05    2.19563e+03
      Potential    Kinetic En.   Total Energy    Temperature Pres. DC (bar)
   -1.29224e+05    2.49354e+04   -1.04289e+05    3.08178e+02   -3.81440e+02
 Pressure (bar)   Constr. rmsd
   -3.66069e+01    3.77649e-05

DD  step 1299999  vol min/aver 0.584  load imb.: force  3.5%  pme mesh/force 0.823

           Step           Time         Lambda
        1300000     2600.00000        0.00000

   Energies (kJ/mol)
          Angle    Proper Dih. Ryckaert-Bell.  Improper Dih.          LJ-14
    6.99224e+02    5.11921e+02    4.62412e+01    2.88935e+01    2.92626e+02
     Coulomb-14        LJ (SR)  Disper. corr.   Coulomb (SR)   Coul. recip.
    3.27028e+02    2.02220e+04   -2.27132e+03   -1.51003e+05    2.22021e+03
      Potential    Kinetic En.   Total Energy    Temperature Pres. DC (bar)
   -1.28926e+05    2.55198e+04   -1.03406e+05    3.15401e+02   -3.80933e+02
 Pressure (bar)   Constr. rmsd
   -7.97681e+00    6.13453e-05

DD  step 1349999  vol min/aver 0.774  load imb.: force  4.4%  pme mesh/force 0.813

           Step           Time         Lambda
        1350000     2700.00000        0.00000

   Energies (kJ/mol)
          Angle    Proper Dih. Ryckaert-Bell.  Improper Dih.          LJ-14
    6.79093e+02    4.84825e+02    6.07915e+01    2.71203e+01    2.98809e+02
     Coulomb-14        LJ (SR)  Disper. corr.   Coulomb (SR)   Coul. recip.
    3.83275e+02    1.91587e+04   -2.26777e+03   -1.49113e+05    2.27022e+03
      Potential    Kinetic En.   Total Energy    Temperature Pres. DC (bar)
   -1.28018e+05    2.51100e+04   -1.02908e+05    3.10337e+02   -3.79747e+02
 Pressure (bar)   Constr. rmsd
   -1.76152e+02    3.48277e-05

DD  step 1399999  vol min/aver 0.696  load imb.: force  7.1%  pme mesh/force 0.840

           Step           Time         Lambda
        1400000     2800.00000        0.00000

   Energies (kJ/mol)
          Angle    Proper Dih. Ryckaert-Bell.  Improper Dih.          LJ-14
    6.57339e+02    5.01787e+02    5.49997e+01    2.69507e+01    3.18870e+02
     Coulomb-14        LJ (SR)  Disper. corr.   Coulomb (SR)   Coul. recip.
    3.15833e+02    2.04411e+04   -2.25455e+03   -1.51640e+05    2.18740e+03
      Potential    Kinetic En.   Total Energy    Temperature Pres. DC (bar)
   -1.29390e+05    2.49111e+04   -1.04479e+05    3.07879e+02   -3.75341e+02
 Pressure (bar)   Constr. rmsd
    5.01874e+01    3.66809e-05

DD  step 1449999  vol min/aver 0.693  load imb.: force  3.6%  pme mesh/force 0.831

           Step           Time         Lambda
        1450000     2900.00000        0.00000

   Energies (kJ/mol)
          Angle    Proper Dih. Ryckaert-Bell.  Improper Dih.          LJ-14
    7.02464e+02    4.99348e+02    4.93858e+01    3.37122e+01    2.81309e+02
     Coulomb-14        LJ (SR)  Disper. corr.   Coulomb (SR)   Coul. recip.
    3.32160e+02    1.94347e+04   -2.28235e+03   -1.50362e+05    2.23573e+03
      Potential    Kinetic En.   Total Energy    Temperature Pres. DC (bar)
   -1.29075e+05    2.54452e+04   -1.03630e+05    3.14479e+02   -3.84634e+02
 Pressure (bar)   Constr. rmsd
   -2.54212e+02    3.63442e-05

DD  step 1499999  vol min/aver 0.606  load imb.: force  4.3%  pme mesh/force 0.856

           Step           Time         Lambda
        1500000     3000.00000        0.00000

   Energies (kJ/mol)
          Angle    Proper Dih. Ryckaert-Bell.  Improper Dih.          LJ-14
    5.93087e+02    5.02558e+02    7.70749e+01    3.29610e+01    3.24429e+02
     Coulomb-14        LJ (SR)  Disper. corr.   Coulomb (SR)   Coul. recip.
    3.71496e+02    1.97478e+04   -2.25491e+03   -1.50652e+05    2.23457e+03
      Potential    Kinetic En.   Total Energy    Temperature Pres. DC (bar)
   -1.29023e+05    2.47438e+04   -1.04279e+05    3.05811e+02   -3.75463e+02
 Pressure (bar)   Constr. rmsd
   -2.03460e+02    3.95614e-05

DD  step 1549999  vol min/aver 0.660  load imb.: force  4.0%  pme mesh/force 0.841

           Step           Time         Lambda
        1550000     3100.00000        0.00000

   Energies (kJ/mol)
          Angle    Proper Dih. Ryckaert-Bell.  Improper Dih.          LJ-14
    6.76540e+02    5.15216e+02    7.04215e+01    4.27432e+01    3.00387e+02
     Coulomb-14        LJ (SR)  Disper. corr.   Coulomb (SR)   Coul. recip.
    3.82813e+02    1.99934e+04   -2.28502e+03   -1.50608e+05    2.19579e+03
      Potential    Kinetic En.   Total Energy    Temperature Pres. DC (bar)
   -1.28715e+05    2.49318e+04   -1.03784e+05    3.08134e+02   -3.85530e+02
 Pressure (bar)   Constr. rmsd
   -6.73706e-01    3.80185e-05

Writing checkpoint, step 1555950 at Wed Oct  7 18:14:04 2020


DD  step 1599999  vol min/aver 0.622  load imb.: force  5.3%  pme mesh/force 0.834

           Step           Time         Lambda
        1600000     3200.00000        0.00000

   Energies (kJ/mol)
          Angle    Proper Dih. Ryckaert-Bell.  Improper Dih.          LJ-14
    6.76474e+02    5.17274e+02    7.05493e+01    2.05835e+01    3.14677e+02
     Coulomb-14        LJ (SR)  Disper. corr.   Coulomb (SR)   Coul. recip.
    3.33073e+02    1.96846e+04   -2.26691e+03   -1.50282e+05    2.25103e+03
      Potential    Kinetic En.   Total Energy    Temperature Pres. DC (bar)
   -1.28680e+05    2.54016e+04   -1.03279e+05    3.13940e+02   -3.79459e+02
 Pressure (bar)   Constr. rmsd
   -1.73423e+02    4.07375e-05

DD  step 1649999  vol min/aver 0.724  load imb.: force  4.0%  pme mesh/force 0.848

           Step           Time         Lambda
        1650000     3300.00000        0.00000

   Energies (kJ/mol)
          Angle    Proper Dih. Ryckaert-Bell.  Improper Dih.          LJ-14
    6.44349e+02    5.10488e+02    6.96406e+01    2.72234e+01    2.93674e+02
     Coulomb-14        LJ (SR)  Disper. corr.   Coulomb (SR)   Coul. recip.
    3.76030e+02    2.00881e+04   -2.28443e+03   -1.50873e+05    2.17880e+03
      Potential    Kinetic En.   Total Energy    Temperature Pres. DC (bar)
   -1.28969e+05    2.51614e+04   -1.03807e+05    3.10972e+02   -3.85334e+02
 Pressure (bar)   Constr. rmsd
   -2.44478e+01    3.55787e-05

DD  step 1699999  vol min/aver 0.714  load imb.: force  4.8%  pme mesh/force 0.844

           Step           Time         Lambda
        1700000     3400.00000        0.00000

   Energies (kJ/mol)
          Angle    Proper Dih. Ryckaert-Bell.  Improper Dih.          LJ-14
    6.73866e+02    4.94021e+02    5.59616e+01    2.23961e+01    3.22643e+02
     Coulomb-14        LJ (SR)  Disper. corr.   Coulomb (SR)   Coul. recip.
    3.03478e+02    1.98696e+04   -2.26696e+03   -1.50437e+05    2.21414e+03
      Potential    Kinetic En.   Total Energy    Temperature Pres. DC (bar)
   -1.28748e+05    2.52958e+04   -1.03452e+05    3.12633e+02   -3.79475e+02
 Pressure (bar)   Constr. rmsd
   -1.12509e+01    4.30179e-05

DD  step 1749999  vol min/aver 0.826  load imb.: force  4.7%  pme mesh/force 0.858

           Step           Time         Lambda
        1750000     3500.00000        0.00000

   Energies (kJ/mol)
          Angle    Proper Dih. Ryckaert-Bell.  Improper Dih.          LJ-14
    6.20610e+02    4.73610e+02    6.03830e+01    3.14988e+01    2.92943e+02
     Coulomb-14        LJ (SR)  Disper. corr.   Coulomb (SR)   Coul. recip.
    2.82666e+02    1.99217e+04   -2.25351e+03   -1.50758e+05    2.20750e+03
      Potential    Kinetic En.   Total Energy    Temperature Pres. DC (bar)
   -1.29121e+05    2.47937e+04   -1.04327e+05    3.06428e+02   -3.74995e+02
 Pressure (bar)   Constr. rmsd
   -3.03232e+02    3.93100e-05

DD  step 1799999  vol min/aver 0.826  load imb.: force  3.9%  pme mesh/force 0.826

           Step           Time         Lambda
        1800000     3600.00000        0.00000

   Energies (kJ/mol)
          Angle    Proper Dih. Ryckaert-Bell.  Improper Dih.          LJ-14
    6.34964e+02    5.15339e+02    6.40149e+01    2.42843e+01    2.96007e+02
     Coulomb-14        LJ (SR)  Disper. corr.   Coulomb (SR)   Coul. recip.
    3.34508e+02    2.03440e+04   -2.27447e+03   -1.51151e+05    2.19236e+03
      Potential    Kinetic En.   Total Energy    Temperature Pres. DC (bar)
   -1.29020e+05    2.51870e+04   -1.03833e+05    3.11288e+02   -3.81988e+02
 Pressure (bar)   Constr. rmsd
    1.85785e+02    3.24662e-05

DD  step 1849999  vol min/aver 0.769  load imb.: force  3.7%  pme mesh/force 0.827

           Step           Time         Lambda
        1850000     3700.00000        0.00000

   Energies (kJ/mol)
          Angle    Proper Dih. Ryckaert-Bell.  Improper Dih.          LJ-14
    6.50903e+02    5.15007e+02    4.94712e+01    3.95116e+01    3.20936e+02
     Coulomb-14        LJ (SR)  Disper. corr.   Coulomb (SR)   Coul. recip.
    3.81409e+02    1.96987e+04   -2.26637e+03   -1.50623e+05    2.25399e+03
      Potential    Kinetic En.   Total Energy    Temperature Pres. DC (bar)
   -1.28980e+05    2.52249e+04   -1.03755e+05    3.11757e+02   -3.79278e+02
 Pressure (bar)   Constr. rmsd
   -1.00713e+02    5.06751e-05

DD  step 1899999  vol min/aver 0.744  load imb.: force  4.5%  pme mesh/force 0.834

           Step           Time         Lambda
        1900000     3800.00000        0.00000

   Energies (kJ/mol)
          Angle    Proper Dih. Ryckaert-Bell.  Improper Dih.          LJ-14
    6.53089e+02    4.84842e+02    5.08764e+01    2.59806e+01    3.04813e+02
     Coulomb-14        LJ (SR)  Disper. corr.   Coulomb (SR)   Coul. recip.
    3.67477e+02    1.98598e+04   -2.27254e+03   -1.50866e+05    2.19413e+03
      Potential    Kinetic En.   Total Energy    Temperature Pres. DC (bar)
   -1.29198e+05    2.48533e+04   -1.04345e+05    3.07163e+02   -3.81342e+02
 Pressure (bar)   Constr. rmsd
   -1.01122e+02    4.82775e-05

DD  step 1949999  vol min/aver 0.791  load imb.: force  6.6%  pme mesh/force 0.803

           Step           Time         Lambda
        1950000     3900.00000        0.00000

   Energies (kJ/mol)
          Angle    Proper Dih. Ryckaert-Bell.  Improper Dih.          LJ-14
    6.18512e+02    4.91825e+02    6.91181e+01    4.61256e+01    3.13737e+02
     Coulomb-14        LJ (SR)  Disper. corr.   Coulomb (SR)   Coul. recip.
    3.26701e+02    1.96632e+04   -2.26873e+03   -1.50288e+05    2.15548e+03
      Potential    Kinetic En.   Total Energy    Temperature Pres. DC (bar)
   -1.28872e+05    2.60248e+04   -1.02848e+05    3.21642e+02   -3.80066e+02
 Pressure (bar)   Constr. rmsd
   -1.88187e+02    4.03211e-05

DD  step 1999999  vol min/aver 0.815  load imb.: force  4.2%  pme mesh/force 0.823

           Step           Time         Lambda
        2000000     4000.00000        0.00000

   Energies (kJ/mol)
          Angle    Proper Dih. Ryckaert-Bell.  Improper Dih.          LJ-14
    7.16291e+02    4.89333e+02    6.28984e+01    2.96980e+01    3.10503e+02
     Coulomb-14        LJ (SR)  Disper. corr.   Coulomb (SR)   Coul. recip.
    3.02928e+02    1.96805e+04   -2.29469e+03   -1.50660e+05    2.15885e+03
      Potential    Kinetic En.   Total Energy    Temperature Pres. DC (bar)
   -1.29204e+05    2.53843e+04   -1.03819e+05    3.13727e+02   -3.88793e+02
 Pressure (bar)   Constr. rmsd
   -2.36293e+02    4.61171e-05

DD  step 2049999  vol min/aver 0.798  load imb.: force  2.9%  pme mesh/force 0.831

           Step           Time         Lambda
        2050000     4100.00000        0.00000

   Energies (kJ/mol)
          Angle    Proper Dih. Ryckaert-Bell.  Improper Dih.          LJ-14
    6.52479e+02    5.46290e+02    7.49677e+01    2.80341e+01    3.04162e+02
     Coulomb-14        LJ (SR)  Disper. corr.   Coulomb (SR)   Coul. recip.
    2.99225e+02    2.00163e+04   -2.26996e+03   -1.50602e+05    2.19401e+03
      Potential    Kinetic En.   Total Energy    Temperature Pres. DC (bar)
   -1.28756e+05    2.50926e+04   -1.03664e+05    3.10121e+02   -3.80477e+02
 Pressure (bar)   Constr. rmsd
    1.41817e+02    3.60092e-05

DD  step 2099999  vol min/aver 0.768  load imb.: force  4.7%  pme mesh/force 0.822

           Step           Time         Lambda
        2100000     4200.00000        0.00000

   Energies (kJ/mol)
          Angle    Proper Dih. Ryckaert-Bell.  Improper Dih.          LJ-14
    6.90090e+02    4.52672e+02    7.08117e+01    1.75041e+01    3.11387e+02
     Coulomb-14        LJ (SR)  Disper. corr.   Coulomb (SR)   Coul. recip.
    2.75776e+02    1.99065e+04   -2.25968e+03   -1.50453e+05    2.20482e+03
      Potential    Kinetic En.   Total Energy    Temperature Pres. DC (bar)
   -1.28783e+05    2.52300e+04   -1.03553e+05    3.11820e+02   -3.77048e+02
 Pressure (bar)   Constr. rmsd
   -5.17918e+01    3.97145e-05

DD  step 2149999  vol min/aver 0.687  load imb.: force  3.5%  pme mesh/force 0.844

           Step           Time         Lambda
        2150000     4300.00000        0.00000

   Energies (kJ/mol)
          Angle    Proper Dih. Ryckaert-Bell.  Improper Dih.          LJ-14
    6.58929e+02    5.10008e+02    6.39361e+01    2.93943e+01    3.21798e+02
     Coulomb-14        LJ (SR)  Disper. corr.   Coulomb (SR)   Coul. recip.
    3.33157e+02    1.98453e+04   -2.27680e+03   -1.50254e+05    2.24083e+03
      Potential    Kinetic En.   Total Energy    Temperature Pres. DC (bar)
   -1.28527e+05    2.49363e+04   -1.03591e+05    3.08190e+02   -3.82768e+02
 Pressure (bar)   Constr. rmsd
    2.83178e+01    4.57110e-05

DD  step 2199999  vol min/aver 0.686  load imb.: force  6.0%  pme mesh/force 0.827

           Step           Time         Lambda
        2200000     4400.00000        0.00000

   Energies (kJ/mol)
          Angle    Proper Dih. Ryckaert-Bell.  Improper Dih.          LJ-14
    6.14727e+02    4.87824e+02    7.12878e+01    1.77653e+01    3.23201e+02
     Coulomb-14        LJ (SR)  Disper. corr.   Coulomb (SR)   Coul. recip.
    4.14908e+02    1.95999e+04   -2.27317e+03   -1.50684e+05    2.16639e+03
      Potential    Kinetic En.   Total Energy    Temperature Pres. DC (bar)
   -1.29262e+05    2.49441e+04   -1.04318e+05    3.08286e+02   -3.81553e+02
 Pressure (bar)   Constr. rmsd
   -2.05849e+02    4.92283e-05

DD  step 2249999  vol min/aver 0.763  load imb.: force  4.5%  pme mesh/force 0.842

           Step           Time         Lambda
        2250000     4500.00000        0.00000

   Energies (kJ/mol)
          Angle    Proper Dih. Ryckaert-Bell.  Improper Dih.          LJ-14
    6.25749e+02    5.36703e+02    5.29203e+01    4.39801e+01    3.10954e+02
     Coulomb-14        LJ (SR)  Disper. corr.   Coulomb (SR)   Coul. recip.
    3.03262e+02    1.98277e+04   -2.29517e+03   -1.50472e+05    2.19258e+03
      Potential    Kinetic En.   Total Energy    Temperature Pres. DC (bar)
   -1.28873e+05    2.49962e+04   -1.03877e+05    3.08929e+02   -3.88957e+02
 Pressure (bar)   Constr. rmsd
    8.54060e+01    4.90768e-05

DD  step 2299999  vol min/aver 0.825  load imb.: force  4.7%  pme mesh/force 0.843

           Step           Time         Lambda
        2300000     4600.00000        0.00000

   Energies (kJ/mol)
          Angle    Proper Dih. Ryckaert-Bell.  Improper Dih.          LJ-14
    6.62582e+02    5.44782e+02    9.13056e+01    2.40099e+01    3.15447e+02
     Coulomb-14        LJ (SR)  Disper. corr.   Coulomb (SR)   Coul. recip.
    3.63245e+02    1.95218e+04   -2.25432e+03   -1.50204e+05    2.21196e+03
      Potential    Kinetic En.   Total Energy    Temperature Pres. DC (bar)
   -1.28723e+05    2.53719e+04   -1.03351e+05    3.13573e+02   -3.75266e+02
 Pressure (bar)   Constr. rmsd
   -2.73373e+02    5.10470e-05

DD  step 2349999  vol min/aver 0.826  load imb.: force  7.0%  pme mesh/force 0.819

           Step           Time         Lambda
        2350000     4700.00000        0.00000

   Energies (kJ/mol)
          Angle    Proper Dih. Ryckaert-Bell.  Improper Dih.          LJ-14
    6.71877e+02    4.91523e+02    6.99164e+01    2.57653e+01    3.01319e+02
     Coulomb-14        LJ (SR)  Disper. corr.   Coulomb (SR)   Coul. recip.
    3.11874e+02    2.01181e+04   -2.26629e+03   -1.50996e+05    2.21683e+03
      Potential    Kinetic En.   Total Energy    Temperature Pres. DC (bar)
   -1.29055e+05    2.53096e+04   -1.03745e+05    3.12803e+02   -3.79250e+02
 Pressure (bar)   Constr. rmsd
   -9.86809e+01    5.37509e-05

DD  step 2399999  vol min/aver 0.792  load imb.: force  3.9%  pme mesh/force 0.839

           Step           Time         Lambda
        2400000     4800.00000        0.00000

   Energies (kJ/mol)
          Angle    Proper Dih. Ryckaert-Bell.  Improper Dih.          LJ-14
    6.59826e+02    5.13689e+02    6.30152e+01    3.47913e+01    3.14698e+02
     Coulomb-14        LJ (SR)  Disper. corr.   Coulomb (SR)   Coul. recip.
    3.40202e+02    1.99100e+04   -2.26105e+03   -1.50288e+05    2.27776e+03
      Potential    Kinetic En.   Total Energy    Temperature Pres. DC (bar)
   -1.28435e+05    2.50214e+04   -1.03414e+05    3.09242e+02   -3.77503e+02
 Pressure (bar)   Constr. rmsd
    5.03497e+00    3.28951e-05

DD  step 2449999  vol min/aver 0.811  load imb.: force  5.2%  pme mesh/force 0.830

           Step           Time         Lambda
        2450000     4900.00000        0.00000

   Energies (kJ/mol)
          Angle    Proper Dih. Ryckaert-Bell.  Improper Dih.          LJ-14
    6.01872e+02    5.45579e+02    5.79295e+01    3.27402e+01    3.12637e+02
     Coulomb-14        LJ (SR)  Disper. corr.   Coulomb (SR)   Coul. recip.
    3.50262e+02    2.02830e+04   -2.26781e+03   -1.50920e+05    2.28257e+03
      Potential    Kinetic En.   Total Energy    Temperature Pres. DC (bar)
   -1.28721e+05    2.51682e+04   -1.03553e+05    3.11055e+02   -3.79759e+02
 Pressure (bar)   Constr. rmsd
    2.75598e+02    3.21097e-05

DD  step 2499999  vol min/aver 0.698  load imb.: force  4.9%  pme mesh/force 0.831

           Step           Time         Lambda
        2500000     5000.00000        0.00000

Writing checkpoint, step 2500000 at Wed Oct  7 18:23:15 2020


   Energies (kJ/mol)
          Angle    Proper Dih. Ryckaert-Bell.  Improper Dih.          LJ-14
    6.42153e+02    5.08244e+02    6.02159e+01    2.97082e+01    2.99415e+02
     Coulomb-14        LJ (SR)  Disper. corr.   Coulomb (SR)   Coul. recip.
    3.51728e+02    2.00646e+04   -2.26530e+03   -1.51250e+05    2.19075e+03
      Potential    Kinetic En.   Total Energy    Temperature Pres. DC (bar)
   -1.29369e+05    2.47251e+04   -1.04644e+05    3.05579e+02   -3.78922e+02
 Pressure (bar)   Constr. rmsd
   -1.63905e+02    4.74564e-05

	<======  ###############  ==>
	<====  A V E R A G E S  ====>
	<==  ###############  ======>

	Statistics over 2500001 steps using 25001 frames

   Energies (kJ/mol)
          Angle    Proper Dih. Ryckaert-Bell.  Improper Dih.          LJ-14
    6.40781e+02    5.09065e+02    6.49360e+01    2.78761e+01    3.07490e+02
     Coulomb-14        LJ (SR)  Disper. corr.   Coulomb (SR)   Coul. recip.
    3.29083e+02    1.99394e+04   -2.27001e+03   -1.50552e+05    2.20646e+03
      Potential    Kinetic En.   Total Energy    Temperature Pres. DC (bar)
   -1.28797e+05    2.50820e+04   -1.03715e+05    3.09990e+02   -3.80503e+02
 Pressure (bar)   Constr. rmsd
    2.37306e+00    0.00000e+00

          Box-X          Box-Y          Box-Z
    4.63081e+00    4.63081e+00    4.63081e+00

   Total Virial (kJ/mol)
    8.35568e+03    2.65989e+00    8.72575e-01
    2.67689e+00    8.35286e+03   -5.13623e+00
    8.45907e-01   -5.14618e+00    8.35610e+03

   Pressure (bar)
    1.88178e+00   -1.72939e-01    3.42190e-02
   -1.78641e-01    3.00058e+00    1.00758e+00
    4.31293e-02    1.01093e+00    2.23681e+00

      T-Protein  T-non-Protein
    3.09918e+02    3.09992e+02


	M E G A - F L O P S   A C C O U N T I N G

 NB=Group-cutoff nonbonded kernels    NxN=N-by-N cluster Verlet kernels
 RF=Reaction-Field  VdW=Van der Waals  QSTab=quadratic-spline table
 W3=SPC/TIP3p  W4=TIP4p (single or pairs)
 V&F=Potential and force  V=Potential only  F=Force only

 Computing:                               M-Number         M-Flops  % Flops
-----------------------------------------------------------------------------
 Pair Search distance check          587427.894272     5286851.048     1.0
 NxN Ewald Elec. + LJ [F]           3986774.912816   263127144.246    49.5
 NxN Ewald Elec. + LJ [V&F]           40272.225088     4309128.084     0.8
 NxN Ewald Elec. [F]                3534233.445488   215588240.175    40.6
 NxN Ewald Elec. [V&F]                35700.401408     2998833.718     0.6
 1,4 nonbonded interactions            1822.500729      164025.066     0.0
 Calc Weights                         73012.529205     2628451.051     0.5
 Spread Q Bspline                   1557600.623040     3115201.246     0.6
 Gather F Bspline                   1557600.623040     9345603.738     1.8
 3D-FFT                             2457600.983040    19660807.864     3.7
 Solve PME                            10240.004096      655360.262     0.1
 Reset In Box                          2433.750000        7301.250     0.0
 CG-CoM                                2433.759735        7301.279     0.0
 Angles                                1295.000518      217560.087     0.0
 Propers                               1535.000614      351515.141     0.1
 Impropers                              140.000056       29120.012     0.0
 RB-Dihedrals                           302.500121       74717.530     0.0
 Virial                                2793.761175       50287.701     0.0
 Stop-CM                                243.384735        2433.847     0.0
 Calc-Ekin                             4867.519470      131423.026     0.0
 Lincs                                 2049.751838      122985.110     0.0
 Lincs-Mat                            42813.465396      171253.862     0.0
 Constraint-V                         32041.543156      256332.345     0.0
 Constraint-Vir                        2999.189642       71980.551     0.0
 Settle                                9314.013160     3008426.251     0.6
-----------------------------------------------------------------------------
 Total                                               531382284.491   100.0
-----------------------------------------------------------------------------


    D O M A I N   D E C O M P O S I T I O N   S T A T I S T I C S

 av. #atoms communicated per step for force:  2 x 26268.6
 av. #atoms communicated per step for LINCS:  2 x 2391.2

 Average load imbalance: 4.6 %
 Part of the total run time spent waiting due to load imbalance: 1.9 %
 Steps where the load balancing was limited by -rdd, -rcon and/or -dds: X 0 % Y 0 % Z 0 %
 Average PME mesh/force load: 0.827
 Part of the total run time spent waiting due to PP/PME imbalance: 3.2 %


     R E A L   C Y C L E   A N D   T I M E   A C C O U N T I N G

On 32 MPI ranks doing PP, and
on 16 MPI ranks doing PME

 Computing:          Num   Num      Call    Wall time         Giga-Cycles
                     Ranks Threads  Count      (s)         total sum    %
-----------------------------------------------------------------------------
 Domain decomp.        32    1     250000     150.254      14407.564   6.9
 DD comm. load         32    1     249902       1.659        159.093   0.1
 DD comm. bounds       32    1     249901       6.320        606.029   0.3
 Send X to PME         32    1    2500001      10.881       1043.354   0.5
 Neighbor search       32    1     250001     142.351      13649.781   6.5
 Comm. coord.          32    1    2250000      53.229       5103.983   2.4
 Force                 32    1    2500001     658.495      63141.810  30.3
 Wait + Comm. F        32    1    2500001     109.678      10516.828   5.0
 PME mesh *            16    1    2500001     647.302      31034.293  14.9
 PME wait for PP *                            803.775      38536.221  18.5
 Wait + Recv. PME F    32    1    2500001       3.597        344.889   0.2
 NB X/F buffer ops.    32    1    7000001      31.747       3044.171   1.5
 Write traj.           32    1         52       0.014          1.360   0.0
 Update                32    1    2500001      53.724       5151.512   2.5
 Constraints           32    1    2500001     204.268      19586.879   9.4
 Comm. energies        32    1     250001       8.407        806.112   0.4
 Rest                                          16.453       1577.666   0.8
-----------------------------------------------------------------------------
 Total                                       1451.077     208711.548 100.0
-----------------------------------------------------------------------------
(*) Note that with separate PME ranks, the walltime column actually sums to
    twice the total reported, but the cycle count total and % are correct.
-----------------------------------------------------------------------------
 Breakdown of PME mesh computation
-----------------------------------------------------------------------------
 PME redist. X/F       16    1    5000002     166.722       7993.330   3.8
 PME spread/gather     16    1    5000002     307.285      14732.511   7.1
 PME 3D-FFT            16    1    5000002     103.111       4943.542   2.4
 PME 3D-FFT Comm.      16    1   10000004      51.644       2476.002   1.2
 PME solve Elec        16    1    2500001      16.230        778.132   0.4
-----------------------------------------------------------------------------

               Core t (s)   Wall t (s)        (%)
       Time:    69652.794     1451.077     4800.1
                 (ns/day)    (hour/ns)
Performance:      297.710        0.081
Finished mdrun on rank 0 Wed Oct  7 18:23:15 2020
