Log file opened on Wed Oct  7 18:24:27 2020
Host: Server-BioTD-01  pid: 120459  rank ID: 0  number of ranks:  1
                   :-) GROMACS - gmx mdrun, VERSION 5.1.4 (-:

                            GROMACS is written by:
     Emile Apol      Rossen Apostolov  Herman J.C. Berendsen    Par Bjelkmar   
 Aldert van Buuren   Rudi van Drunen     Anton Feenstra   Sebastian Fritsch 
  Gerrit Groenhof   Christoph Junghans   Anca Hamuraru    Vincent Hindriksen
 Dimitrios Karkoulis    Peter Kasson        Jiri Kraus      Carsten Kutzner  
    Per Larsson      Justin A. Lemkul   Magnus Lundborg   Pieter Meulenhoff 
   Erik Marklund      Teemu Murtola       Szilard Pall       Sander Pronk   
   Roland Schulz     Alexey Shvetsov     Michael Shirts     Alfons Sijbers  
   Peter Tieleman    Teemu Virolainen  Christian Wennberg    Maarten Wolf   
                           and the project leaders:
        Mark Abraham, Berk Hess, Erik Lindahl, and David van der Spoel

Copyright (c) 1991-2000, University of Groningen, The Netherlands.
Copyright (c) 2001-2015, The GROMACS development team at
Uppsala University, Stockholm University and
the Royal Institute of Technology, Sweden.
check out http://www.gromacs.org for more information.

GROMACS is free software; you can redistribute it and/or modify it
under the terms of the GNU Lesser General Public License
as published by the Free Software Foundation; either version 2.1
of the License, or (at your option) any later version.

GROMACS:      gmx mdrun, VERSION 5.1.4
Executable:   /usr/local/gromacs/bin/gmx
Data prefix:  /usr/local/gromacs
Command line:
  gmx mdrun -deffnm design_output/drug_design/md-npt

GROMACS version:    VERSION 5.1.4
Precision:          single
Memory model:       64 bit
MPI library:        thread_mpi
OpenMP support:     enabled (GMX_OPENMP_MAX_THREADS = 32)
GPU support:        enabled
OpenCL support:     disabled
invsqrt routine:    gmx_software_invsqrt(x)
SIMD instructions:  AVX2_256
FFT library:        fftw-3.3.4-sse2-avx
RDTSCP usage:       enabled
C++11 compilation:  disabled
TNG support:        enabled
Tracing support:    disabled
Built on:           dom ago 26 22:32:30 -05 2018
Built by:           kpalacio@Server-BioTD-01 [CMAKE]
Build OS/arch:      Linux 4.4.0-134-generic x86_64
Build CPU vendor:   GenuineIntel
Build CPU brand:    Intel(R) Xeon(R) CPU E5-2687W v4 @ 3.00GHz
Build CPU family:   6   Model: 79   Stepping: 1
Build CPU features: aes apic avx avx2 clfsh cmov cx8 cx16 f16c fma htt lahf_lm mmx msr nonstop_tsc pcid pclmuldq pdcm pdpe1gb popcnt pse rdrnd rdtscp sse2 sse3 sse4.1 sse4.2 ssse3 tdt x2apic
C compiler:         /usr/local/bin/mpicc GNU 5.5.0
C compiler flags:    -march=core-avx2    -Wextra -Wno-missing-field-initializers -Wno-sign-compare -Wpointer-arith -Wall -Wno-unused -Wunused-value -Wunused-parameter  -O3 -DNDEBUG -funroll-all-loops -fexcess-precision=fast  -Wno-array-bounds 
C++ compiler:       /usr/local/bin/mpicxx GNU 5.5.0
C++ compiler flags:  -march=core-avx2    -Wextra -Wno-missing-field-initializers -Wpointer-arith -Wall -Wno-unused-function  -O3 -DNDEBUG -funroll-all-loops -fexcess-precision=fast  -Wno-array-bounds 
Boost version:      1.58.0 (external)
CUDA compiler:      /usr/local/cuda-8.0/bin/nvcc nvcc: NVIDIA (R) Cuda compiler driver;Copyright (c) 2005-2016 NVIDIA Corporation;Built on Tue_Jan_10_13:22:03_CST_2017;Cuda compilation tools, release 8.0, V8.0.61
CUDA compiler flags:-gencode;arch=compute_20,code=sm_20;-gencode;arch=compute_30,code=sm_30;-gencode;arch=compute_35,code=sm_35;-gencode;arch=compute_37,code=sm_37;-gencode;arch=compute_50,code=sm_50;-gencode;arch=compute_52,code=sm_52;-gencode;arch=compute_60,code=sm_60;-gencode;arch=compute_61,code=sm_61;-gencode;arch=compute_60,code=compute_60;-gencode;arch=compute_61,code=compute_61;-use_fast_math;-D_FORCE_INLINES; ;-march=core-avx2;-Wextra;-Wno-missing-field-initializers;-Wpointer-arith;-Wall;-Wno-unused-function;-O3;-DNDEBUG;-funroll-all-loops;-fexcess-precision=fast;-Wno-array-bounds;
CUDA driver:        9.20
CUDA runtime:       0.0


NOTE: Error occurred during GPU detection:
      unknown error
      Can not use GPU acceleration, will fall back to CPU kernels.


Running on 1 node with total 24 cores, 48 logical cores, 0 compatible GPUs
Hardware detected:
  CPU info:
    Vendor: GenuineIntel
    Brand:  Intel(R) Xeon(R) CPU E5-2687W v4 @ 3.00GHz
    Family:  6  model: 79  stepping:  1
    CPU features: aes apic avx avx2 clfsh cmov cx8 cx16 f16c fma htt lahf_lm mmx msr nonstop_tsc pcid pclmuldq pdcm pdpe1gb popcnt pse rdrnd rdtscp sse2 sse3 sse4.1 sse4.2 ssse3 tdt x2apic
    SIMD instructions most likely to fit this hardware: AVX2_256
    SIMD instructions selected at GROMACS compile time: AVX2_256


++++ PLEASE READ AND CITE THE FOLLOWING REFERENCE ++++
M. J. Abraham, T. Murtola, R. Schulz, S. Páll, J. C. Smith, B. Hess, E.
Lindahl
GROMACS: High performance molecular simulations through multi-level
parallelism from laptops to supercomputers
SoftwareX 1 (2015) pp. 19-25
-------- -------- --- Thank You --- -------- --------


++++ PLEASE READ AND CITE THE FOLLOWING REFERENCE ++++
S. Páll, M. J. Abraham, C. Kutzner, B. Hess, E. Lindahl
Tackling Exascale Software Challenges in Molecular Dynamics Simulations with
GROMACS
In S. Markidis & E. Laure (Eds.), Solving Software Challenges for Exascale 8759 (2015) pp. 3-27
-------- -------- --- Thank You --- -------- --------


++++ PLEASE READ AND CITE THE FOLLOWING REFERENCE ++++
S. Pronk, S. Páll, R. Schulz, P. Larsson, P. Bjelkmar, R. Apostolov, M. R.
Shirts, J. C. Smith, P. M. Kasson, D. van der Spoel, B. Hess, and E. Lindahl
GROMACS 4.5: a high-throughput and highly parallel open source molecular
simulation toolkit
Bioinformatics 29 (2013) pp. 845-54
-------- -------- --- Thank You --- -------- --------


++++ PLEASE READ AND CITE THE FOLLOWING REFERENCE ++++
B. Hess and C. Kutzner and D. van der Spoel and E. Lindahl
GROMACS 4: Algorithms for highly efficient, load-balanced, and scalable
molecular simulation
J. Chem. Theory Comput. 4 (2008) pp. 435-447
-------- -------- --- Thank You --- -------- --------


++++ PLEASE READ AND CITE THE FOLLOWING REFERENCE ++++
D. van der Spoel, E. Lindahl, B. Hess, G. Groenhof, A. E. Mark and H. J. C.
Berendsen
GROMACS: Fast, Flexible and Free
J. Comp. Chem. 26 (2005) pp. 1701-1719
-------- -------- --- Thank You --- -------- --------


++++ PLEASE READ AND CITE THE FOLLOWING REFERENCE ++++
E. Lindahl and B. Hess and D. van der Spoel
GROMACS 3.0: A package for molecular simulation and trajectory analysis
J. Mol. Mod. 7 (2001) pp. 306-317
-------- -------- --- Thank You --- -------- --------


++++ PLEASE READ AND CITE THE FOLLOWING REFERENCE ++++
H. J. C. Berendsen, D. van der Spoel and R. van Drunen
GROMACS: A message-passing parallel molecular dynamics implementation
Comp. Phys. Comm. 91 (1995) pp. 43-56
-------- -------- --- Thank You --- -------- --------

Input Parameters:
   integrator                     = md
   tinit                          = 0
   dt                             = 0.002
   nsteps                         = 2500000
   init-step                      = 0
   simulation-part                = 1
   comm-mode                      = Linear
   nstcomm                        = 100
   bd-fric                        = 0
   ld-seed                        = 2722791347
   emtol                          = 10
   emstep                         = 0.01
   niter                          = 20
   fcstep                         = 0
   nstcgsteep                     = 1000
   nbfgscorr                      = 10
   rtpi                           = 0.05
   nstxout                        = 0
   nstvout                        = 0
   nstfout                        = 0
   nstlog                         = 50000
   nstcalcenergy                  = 100
   nstenergy                      = 50000
   nstxout-compressed             = 50000
   compressed-x-precision         = 1000
   cutoff-scheme                  = Verlet
   nstlist                        = 10
   ns-type                        = Grid
   pbc                            = xyz
   periodic-molecules             = FALSE
   verlet-buffer-tolerance        = 0.005
   rlist                          = 0.801
   rlistlong                      = 0.801
   nstcalclr                      = 10
   coulombtype                    = PME
   coulomb-modifier               = Potential-shift
   rcoulomb-switch                = 0
   rcoulomb                       = 0.8
   epsilon-r                      = 1
   epsilon-rf                     = inf
   vdw-type                       = Cut-off
   vdw-modifier                   = Potential-shift
   rvdw-switch                    = 0
   rvdw                           = 0.8
   DispCorr                       = EnerPres
   table-extension                = 1
   fourierspacing                 = 0.16
   fourier-nx                     = 32
   fourier-ny                     = 32
   fourier-nz                     = 32
   pme-order                      = 4
   ewald-rtol                     = 1e-05
   ewald-rtol-lj                  = 0.001
   lj-pme-comb-rule               = Geometric
   ewald-geometry                 = 0
   epsilon-surface                = 0
   implicit-solvent               = No
   gb-algorithm                   = Still
   nstgbradii                     = 1
   rgbradii                       = 1
   gb-epsilon-solvent             = 80
   gb-saltconc                    = 0
   gb-obc-alpha                   = 1
   gb-obc-beta                    = 0.8
   gb-obc-gamma                   = 4.85
   gb-dielectric-offset           = 0.009
   sa-algorithm                   = Ace-approximation
   sa-surface-tension             = 2.05016
   tcoupl                         = V-rescale
   nsttcouple                     = 10
   nh-chain-length                = 0
   print-nose-hoover-chain-variables = FALSE
   pcoupl                         = Parrinello-Rahman
   pcoupltype                     = Isotropic
   nstpcouple                     = 10
   tau-p                          = 2
   compressibility (3x3):
      compressibility[    0]={ 4.50000e-05,  0.00000e+00,  0.00000e+00}
      compressibility[    1]={ 0.00000e+00,  4.50000e-05,  0.00000e+00}
      compressibility[    2]={ 0.00000e+00,  0.00000e+00,  4.50000e-05}
   ref-p (3x3):
      ref-p[    0]={ 1.00000e+00,  0.00000e+00,  0.00000e+00}
      ref-p[    1]={ 0.00000e+00,  1.00000e+00,  0.00000e+00}
      ref-p[    2]={ 0.00000e+00,  0.00000e+00,  1.00000e+00}
   refcoord-scaling               = COM
   posres-com (3):
      posres-com[0]= 0.00000e+00
      posres-com[1]= 0.00000e+00
      posres-com[2]= 0.00000e+00
   posres-comB (3):
      posres-comB[0]= 0.00000e+00
      posres-comB[1]= 0.00000e+00
      posres-comB[2]= 0.00000e+00
   QMMM                           = FALSE
   QMconstraints                  = 0
   QMMMscheme                     = 0
   MMChargeScaleFactor            = 1
qm-opts:
   ngQM                           = 0
   constraint-algorithm           = Lincs
   continuation                   = TRUE
   Shake-SOR                      = FALSE
   shake-tol                      = 0.0001
   lincs-order                    = 4
   lincs-iter                     = 1
   lincs-warnangle                = 30
   nwall                          = 0
   wall-type                      = 9-3
   wall-r-linpot                  = -1
   wall-atomtype[0]               = -1
   wall-atomtype[1]               = -1
   wall-density[0]                = 0
   wall-density[1]                = 0
   wall-ewald-zfac                = 3
   pull                           = FALSE
   rotation                       = FALSE
   interactiveMD                  = FALSE
   disre                          = No
   disre-weighting                = Conservative
   disre-mixed                    = FALSE
   dr-fc                          = 1000
   dr-tau                         = 0
   nstdisreout                    = 100
   orire-fc                       = 0
   orire-tau                      = 0
   nstorireout                    = 100
   free-energy                    = no
   cos-acceleration               = 0
   deform (3x3):
      deform[    0]={ 0.00000e+00,  0.00000e+00,  0.00000e+00}
      deform[    1]={ 0.00000e+00,  0.00000e+00,  0.00000e+00}
      deform[    2]={ 0.00000e+00,  0.00000e+00,  0.00000e+00}
   simulated-tempering            = FALSE
   E-x:
      n = 0
   E-xt:
      n = 0
   E-y:
      n = 0
   E-yt:
      n = 0
   E-z:
      n = 0
   E-zt:
      n = 0
   swapcoords                     = no
   adress                         = FALSE
   userint1                       = 0
   userint2                       = 0
   userint3                       = 0
   userint4                       = 0
   userreal1                      = 0
   userreal2                      = 0
   userreal3                      = 0
   userreal4                      = 0
grpopts:
   nrdf:      454.93     18997.1
   ref-t:         310         310
   tau-t:         0.1         0.1
annealing:          No          No
annealing-npoints:           0           0
   acc:	           0           0           0
   nfreeze:           N           N           N
   energygrp-flags[  0]: 0


Initializing Domain Decomposition on 48 ranks
Dynamic load balancing: auto
Will sort the charge groups at every domain (re)decomposition
Initial maximum inter charge-group distances:
    two-body bonded interactions: 0.416 nm, LJ-14, atoms 50 59
  multi-body bonded interactions: 0.416 nm, Proper Dih., atoms 50 59
Minimum cell size due to bonded interactions: 0.458 nm
Maximum distance for 5 constraints, at 120 deg. angles, all-trans: 0.871 nm
Estimated maximum distance required for P-LINCS: 0.871 nm
This distance will limit the DD cell size, you can override this with -rcon
Guess for relative PME load: 0.33
Will use 32 particle-particle and 16 PME only ranks
This is a guess, check the performance at the end of the log file
Using 16 separate PME ranks, as guessed by mdrun
Scaling the initial minimum size with 1/0.8 (option -dds) = 1.25
Optimizing the DD grid for 32 cells with a minimum initial size of 1.089 nm
The maximum allowed number of cells is: X 4 Y 4 Z 4
Domain decomposition grid 4 x 4 x 2, separate PME ranks 16
PME domain decomposition: 4 x 4 x 1
Interleaving PP and PME ranks
This rank does only particle-particle work.

Domain decomposition rank 0, coordinates 0 0 0

Using 48 MPI threads
Using 1 OpenMP thread per tMPI thread

Will do PME sum in reciprocal space for electrostatic interactions.

++++ PLEASE READ AND CITE THE FOLLOWING REFERENCE ++++
U. Essmann, L. Perera, M. L. Berkowitz, T. Darden, H. Lee and L. G. Pedersen 
A smooth particle mesh Ewald method
J. Chem. Phys. 103 (1995) pp. 8577-8592
-------- -------- --- Thank You --- -------- --------

Will do ordinary reciprocal space Ewald sum.
Using a Gaussian width (1/beta) of 0.25613 nm for Ewald
Cut-off's:   NS: 0.801   Coulomb: 0.8   LJ: 0.8
Long Range LJ corr.: <C6> 2.9107e-04
System total charge: 0.000
Generated table with 900 data points for Ewald.
Tabscale = 500 points/nm
Generated table with 900 data points for LJ6.
Tabscale = 500 points/nm
Generated table with 900 data points for LJ12.
Tabscale = 500 points/nm
Generated table with 900 data points for 1-4 COUL.
Tabscale = 500 points/nm
Generated table with 900 data points for 1-4 LJ6.
Tabscale = 500 points/nm
Generated table with 900 data points for 1-4 LJ12.
Tabscale = 500 points/nm
Potential shift: LJ r^-12: -1.455e+01 r^-6: -3.815e+00, Ewald -1.000e-05
Initialized non-bonded Ewald correction tables, spacing: 8.35e-04 size: 960


Using AVX2_256 4x8 non-bonded kernels

Using Lorentz-Berthelot Lennard-Jones combination rule

Pinning threads with an auto-selected logical core stride of 1

Initializing Parallel LINear Constraint Solver

++++ PLEASE READ AND CITE THE FOLLOWING REFERENCE ++++
B. Hess
P-LINCS: A Parallel Linear Constraint Solver for molecular simulation
J. Chem. Theory Comput. 4 (2008) pp. 116-122
-------- -------- --- Thank You --- -------- --------

The number of constraints is 285
There are inter charge-group constraints,
will communicate selected coordinates each lincs iteration

++++ PLEASE READ AND CITE THE FOLLOWING REFERENCE ++++
S. Miyamoto and P. A. Kollman
SETTLE: An Analytical Version of the SHAKE and RATTLE Algorithms for Rigid
Water Models
J. Comp. Chem. 13 (1992) pp. 952-962
-------- -------- --- Thank You --- -------- --------


Linking all bonded interactions to atoms

The initial number of communication pulses is: X 1 Y 1 Z 1
The initial domain decomposition cell size is: X 1.16 nm Y 1.16 nm Z 2.32 nm

The maximum allowed distance for charge groups involved in interactions is:
                 non-bonded interactions           0.801 nm
(the following are initial values, they could change due to box deformation)
            two-body bonded interactions  (-rdd)   0.801 nm
          multi-body bonded interactions  (-rdd)   0.801 nm
  atoms separated by up to 5 constraints  (-rcon)  1.158 nm

When dynamic load balancing gets turned on, these settings will change to:
The maximum number of communication pulses is: X 1 Y 1 Z 1
The minimum size for domain decomposition cells is 0.871 nm
The requested allowed shrink of DD cells (option -dds) is: 0.80
The allowed shrink of domain decomposition cells is: X 0.75 Y 0.75 Z 0.38
The maximum allowed distance for charge groups involved in interactions is:
                 non-bonded interactions           0.801 nm
            two-body bonded interactions  (-rdd)   0.801 nm
          multi-body bonded interactions  (-rdd)   0.801 nm
  atoms separated by up to 5 constraints  (-rcon)  0.871 nm


Making 3D domain decomposition grid 4 x 4 x 2, home cell index 0 0 0

Center of mass motion removal mode is Linear
We have the following groups for center of mass motion removal:
  0:  rest

++++ PLEASE READ AND CITE THE FOLLOWING REFERENCE ++++
G. Bussi, D. Donadio and M. Parrinello
Canonical sampling through velocity rescaling
J. Chem. Phys. 126 (2007) pp. 014101
-------- -------- --- Thank You --- -------- --------

There are: 9729 Atoms
Atom distribution over 32 domains: av 304 stddev 11 min 279 max 326
Initial temperature: 320.778 K

Started mdrun on rank 0 Wed Oct  7 18:24:27 2020
           Step           Time         Lambda
              0        0.00000        0.00000

   Energies (kJ/mol)
          Angle    Proper Dih. Ryckaert-Bell.  Improper Dih.          LJ-14
    6.39647e+02    5.04653e+02    4.92271e+01    2.90289e+01    2.84117e+02
     Coulomb-14        LJ (SR)  Disper. corr.   Coulomb (SR)   Coul. recip.
    1.63312e+02    1.97006e+04   -2.25975e+03   -1.48864e+05    2.22937e+03
      Potential    Kinetic En.   Total Energy    Temperature Pres. DC (bar)
   -1.27524e+05    2.61886e+04   -1.01336e+05    3.23850e+02   -3.77992e+02
 Pressure (bar)   Constr. rmsd
    4.07018e+02    4.69828e-05

DD  step 9 load imb.: force 24.9%  pme mesh/force 1.030

At step 1000 the performance loss due to force load imbalance is 3.8 %

NOTE: Turning on dynamic load balancing

DD  step 49999  vol min/aver 0.792  load imb.: force  7.5%  pme mesh/force 0.824

           Step           Time         Lambda
          50000      100.00000        0.00000

   Energies (kJ/mol)
          Angle    Proper Dih. Ryckaert-Bell.  Improper Dih.          LJ-14
    5.90241e+02    4.96596e+02    5.08831e+01    3.16156e+01    3.13642e+02
     Coulomb-14        LJ (SR)  Disper. corr.   Coulomb (SR)   Coul. recip.
    1.14572e+02    1.96323e+04   -2.26650e+03   -1.49467e+05    2.25644e+03
      Potential    Kinetic En.   Total Energy    Temperature Pres. DC (bar)
   -1.28248e+05    2.51640e+04   -1.03084e+05    3.11179e+02   -3.80250e+02
 Pressure (bar)   Constr. rmsd
    4.52281e+01    3.69573e-05

DD  step 99999  vol min/aver 0.781  load imb.: force  3.9%  pme mesh/force 0.837

           Step           Time         Lambda
         100000      200.00000        0.00000

   Energies (kJ/mol)
          Angle    Proper Dih. Ryckaert-Bell.  Improper Dih.          LJ-14
    6.33791e+02    5.42601e+02    6.39969e+01    2.72909e+01    3.14527e+02
     Coulomb-14        LJ (SR)  Disper. corr.   Coulomb (SR)   Coul. recip.
    1.91369e+02    1.89437e+04   -2.26578e+03   -1.49710e+05    2.15351e+03
      Potential    Kinetic En.   Total Energy    Temperature Pres. DC (bar)
   -1.29105e+05    2.51507e+04   -1.03954e+05    3.11015e+02   -3.80009e+02
 Pressure (bar)   Constr. rmsd
   -6.04922e+02    4.60116e-05

DD  step 149999  vol min/aver 0.856  load imb.: force  2.5%  pme mesh/force 0.838

           Step           Time         Lambda
         150000      300.00000        0.00000

   Energies (kJ/mol)
          Angle    Proper Dih. Ryckaert-Bell.  Improper Dih.          LJ-14
    6.05345e+02    5.46125e+02    7.48223e+01    3.64521e+01    2.97188e+02
     Coulomb-14        LJ (SR)  Disper. corr.   Coulomb (SR)   Coul. recip.
    1.89357e+02    1.96981e+04   -2.27370e+03   -1.50787e+05    2.16911e+03
      Potential    Kinetic En.   Total Energy    Temperature Pres. DC (bar)
   -1.29444e+05    2.49448e+04   -1.04500e+05    3.08469e+02   -3.82663e+02
 Pressure (bar)   Constr. rmsd
   -1.90515e+02    4.76258e-05

DD  step 199999  vol min/aver 0.772  load imb.: force  4.9%  pme mesh/force 0.828

           Step           Time         Lambda
         200000      400.00000        0.00000

   Energies (kJ/mol)
          Angle    Proper Dih. Ryckaert-Bell.  Improper Dih.          LJ-14
    6.74089e+02    5.13086e+02    6.51832e+01    2.56540e+01    3.04241e+02
     Coulomb-14        LJ (SR)  Disper. corr.   Coulomb (SR)   Coul. recip.
    2.17210e+02    1.99415e+04   -2.26345e+03   -1.50346e+05    2.17763e+03
      Potential    Kinetic En.   Total Energy    Temperature Pres. DC (bar)
   -1.28691e+05    2.52770e+04   -1.03414e+05    3.12577e+02   -3.79230e+02
 Pressure (bar)   Constr. rmsd
    8.39949e+01    5.08686e-05

DD  step 249999  vol min/aver 0.744  load imb.: force  5.6%  pme mesh/force 0.800

           Step           Time         Lambda
         250000      500.00000        0.00000

   Energies (kJ/mol)
          Angle    Proper Dih. Ryckaert-Bell.  Improper Dih.          LJ-14
    6.90831e+02    5.26557e+02    6.64135e+01    2.08487e+01    2.98967e+02
     Coulomb-14        LJ (SR)  Disper. corr.   Coulomb (SR)   Coul. recip.
    1.44713e+02    2.01560e+04   -2.26571e+03   -1.50767e+05    2.20883e+03
      Potential    Kinetic En.   Total Energy    Temperature Pres. DC (bar)
   -1.28919e+05    2.53965e+04   -1.03523e+05    3.14055e+02   -3.79986e+02
 Pressure (bar)   Constr. rmsd
    5.43725e+01    3.76931e-05

DD  step 299999  vol min/aver 0.749  load imb.: force  4.2%  pme mesh/force 0.819

           Step           Time         Lambda
         300000      600.00000        0.00000

   Energies (kJ/mol)
          Angle    Proper Dih. Ryckaert-Bell.  Improper Dih.          LJ-14
    6.31542e+02    5.24750e+02    4.69307e+01    1.87300e+01    2.98419e+02
     Coulomb-14        LJ (SR)  Disper. corr.   Coulomb (SR)   Coul. recip.
    1.75221e+02    2.02313e+04   -2.26819e+03   -1.51267e+05    2.14183e+03
      Potential    Kinetic En.   Total Energy    Temperature Pres. DC (bar)
   -1.29466e+05    2.55151e+04   -1.03951e+05    3.15521e+02   -3.80815e+02
 Pressure (bar)   Constr. rmsd
    1.68240e+02    2.80407e-05

DD  step 349999  vol min/aver 0.799  load imb.: force 11.5%  pme mesh/force 0.769

           Step           Time         Lambda
         350000      700.00000        0.00000

   Energies (kJ/mol)
          Angle    Proper Dih. Ryckaert-Bell.  Improper Dih.          LJ-14
    6.77629e+02    5.45775e+02    5.98976e+01    3.51792e+01    2.83692e+02
     Coulomb-14        LJ (SR)  Disper. corr.   Coulomb (SR)   Coul. recip.
    1.83593e+02    1.98191e+04   -2.26045e+03   -1.50867e+05    2.20369e+03
      Potential    Kinetic En.   Total Energy    Temperature Pres. DC (bar)
   -1.29319e+05    2.51764e+04   -1.04143e+05    3.11333e+02   -3.78227e+02
 Pressure (bar)   Constr. rmsd
   -4.15926e+02    5.38835e-05

DD  step 399999  vol min/aver 0.716  load imb.: force  3.2%  pme mesh/force 0.829

           Step           Time         Lambda
         400000      800.00000        0.00000

   Energies (kJ/mol)
          Angle    Proper Dih. Ryckaert-Bell.  Improper Dih.          LJ-14
    6.57711e+02    5.25229e+02    6.69714e+01    2.18002e+01    2.75190e+02
     Coulomb-14        LJ (SR)  Disper. corr.   Coulomb (SR)   Coul. recip.
    1.49826e+02    2.02345e+04   -2.28816e+03   -1.50826e+05    2.18848e+03
      Potential    Kinetic En.   Total Energy    Temperature Pres. DC (bar)
   -1.28994e+05    2.51375e+04   -1.03857e+05    3.10852e+02   -3.87536e+02
 Pressure (bar)   Constr. rmsd
    2.86445e+02    3.77680e-05

DD  step 449999  vol min/aver 0.707  load imb.: force  5.4%  pme mesh/force 0.857

           Step           Time         Lambda
         450000      900.00000        0.00000

   Energies (kJ/mol)
          Angle    Proper Dih. Ryckaert-Bell.  Improper Dih.          LJ-14
    6.80274e+02    5.03273e+02    8.08732e+01    3.01481e+01    3.02266e+02
     Coulomb-14        LJ (SR)  Disper. corr.   Coulomb (SR)   Coul. recip.
    1.53446e+02    1.99403e+04   -2.26488e+03   -1.50138e+05    2.22644e+03
      Potential    Kinetic En.   Total Energy    Temperature Pres. DC (bar)
   -1.28486e+05    2.55599e+04   -1.02926e+05    3.16075e+02   -3.79707e+02
 Pressure (bar)   Constr. rmsd
   -1.19957e+01    5.10366e-05

DD  step 499999  vol min/aver 0.671  load imb.: force 10.7%  pme mesh/force 0.815

           Step           Time         Lambda
         500000     1000.00000        0.00000

   Energies (kJ/mol)
          Angle    Proper Dih. Ryckaert-Bell.  Improper Dih.          LJ-14
    6.66725e+02    4.99634e+02    5.57495e+01    1.74982e+01    2.84220e+02
     Coulomb-14        LJ (SR)  Disper. corr.   Coulomb (SR)   Coul. recip.
    1.57857e+02    1.99815e+04   -2.25949e+03   -1.50380e+05    2.21938e+03
      Potential    Kinetic En.   Total Energy    Temperature Pres. DC (bar)
   -1.28757e+05    2.47036e+04   -1.04054e+05    3.05486e+02   -3.77907e+02
 Pressure (bar)   Constr. rmsd
   -3.49887e+01    3.48682e-05

DD  step 549999  vol min/aver 0.809  load imb.: force  4.4%  pme mesh/force 0.858

           Step           Time         Lambda
         550000     1100.00000        0.00000

   Energies (kJ/mol)
          Angle    Proper Dih. Ryckaert-Bell.  Improper Dih.          LJ-14
    6.71788e+02    5.22425e+02    5.67676e+01    2.53846e+01    3.06821e+02
     Coulomb-14        LJ (SR)  Disper. corr.   Coulomb (SR)   Coul. recip.
    1.87415e+02    1.98569e+04   -2.27061e+03   -1.50463e+05    2.27118e+03
      Potential    Kinetic En.   Total Energy    Temperature Pres. DC (bar)
   -1.28835e+05    2.51557e+04   -1.03679e+05    3.11077e+02   -3.81626e+02
 Pressure (bar)   Constr. rmsd
    6.88103e+01    6.27155e-05

DD  step 599999  vol min/aver 0.806  load imb.: force  5.3%  pme mesh/force 0.828

           Step           Time         Lambda
         600000     1200.00000        0.00000

   Energies (kJ/mol)
          Angle    Proper Dih. Ryckaert-Bell.  Improper Dih.          LJ-14
    6.34242e+02    5.34080e+02    7.44894e+01    3.66090e+01    2.89159e+02
     Coulomb-14        LJ (SR)  Disper. corr.   Coulomb (SR)   Coul. recip.
    1.72967e+02    2.01761e+04   -2.27045e+03   -1.50859e+05    2.14934e+03
      Potential    Kinetic En.   Total Energy    Temperature Pres. DC (bar)
   -1.29062e+05    2.51165e+04   -1.03946e+05    3.10592e+02   -3.81574e+02
 Pressure (bar)   Constr. rmsd
    7.91989e+01    5.49515e-05

DD  step 649999  vol min/aver 0.859  load imb.: force  4.7%  pme mesh/force 0.826

           Step           Time         Lambda
         650000     1300.00000        0.00000

   Energies (kJ/mol)
          Angle    Proper Dih. Ryckaert-Bell.  Improper Dih.          LJ-14
    6.34256e+02    5.13819e+02    5.99382e+01    3.03899e+01    2.94220e+02
     Coulomb-14        LJ (SR)  Disper. corr.   Coulomb (SR)   Coul. recip.
    1.64243e+02    2.08513e+04   -2.27229e+03   -1.51231e+05    2.19183e+03
      Potential    Kinetic En.   Total Energy    Temperature Pres. DC (bar)
   -1.28763e+05    2.48532e+04   -1.03910e+05    3.07337e+02   -3.82190e+02
 Pressure (bar)   Constr. rmsd
    4.38882e+02    4.18228e-05

DD  step 699999  vol min/aver 0.839  load imb.: force  6.8%  pme mesh/force 0.821

           Step           Time         Lambda
         700000     1400.00000        0.00000

   Energies (kJ/mol)
          Angle    Proper Dih. Ryckaert-Bell.  Improper Dih.          LJ-14
    6.56067e+02    5.37794e+02    8.54511e+01    4.04943e+01    2.93977e+02
     Coulomb-14        LJ (SR)  Disper. corr.   Coulomb (SR)   Coul. recip.
    2.34312e+02    1.95858e+04   -2.26572e+03   -1.50323e+05    2.24589e+03
      Potential    Kinetic En.   Total Energy    Temperature Pres. DC (bar)
   -1.28909e+05    2.46235e+04   -1.04286e+05    3.04496e+02   -3.79991e+02
 Pressure (bar)   Constr. rmsd
   -2.77977e+02    4.50892e-05

DD  step 749999  vol min/aver 0.779  load imb.: force  4.3%  pme mesh/force 0.857

           Step           Time         Lambda
         750000     1500.00000        0.00000

   Energies (kJ/mol)
          Angle    Proper Dih. Ryckaert-Bell.  Improper Dih.          LJ-14
    6.69443e+02    5.03586e+02    7.06880e+01    2.90251e+01    2.94364e+02
     Coulomb-14        LJ (SR)  Disper. corr.   Coulomb (SR)   Coul. recip.
    1.55451e+02    1.97320e+04   -2.27561e+03   -1.50495e+05    2.18324e+03
      Potential    Kinetic En.   Total Energy    Temperature Pres. DC (bar)
   -1.29133e+05    2.46810e+04   -1.04452e+05    3.05207e+02   -3.83305e+02
 Pressure (bar)   Constr. rmsd
   -2.46630e+02    4.10606e-05

DD  step 799999  vol min/aver 0.740  load imb.: force  6.0%  pme mesh/force 0.823

           Step           Time         Lambda
         800000     1600.00000        0.00000

   Energies (kJ/mol)
          Angle    Proper Dih. Ryckaert-Bell.  Improper Dih.          LJ-14
    6.04744e+02    4.92242e+02    8.23906e+01    1.73726e+01    2.98941e+02
     Coulomb-14        LJ (SR)  Disper. corr.   Coulomb (SR)   Coul. recip.
    2.26254e+02    1.95265e+04   -2.27559e+03   -1.49778e+05    2.20172e+03
      Potential    Kinetic En.   Total Energy    Temperature Pres. DC (bar)
   -1.28603e+05    2.55693e+04   -1.03034e+05    3.16191e+02   -3.83298e+02
 Pressure (bar)   Constr. rmsd
   -1.76194e+02    4.30089e-05

DD  step 849999  vol min/aver 0.847  load imb.: force  2.9%  pme mesh/force 0.833

           Step           Time         Lambda
         850000     1700.00000        0.00000

   Energies (kJ/mol)
          Angle    Proper Dih. Ryckaert-Bell.  Improper Dih.          LJ-14
    6.29171e+02    5.46404e+02    6.14527e+01    3.21251e+01    2.87184e+02
     Coulomb-14        LJ (SR)  Disper. corr.   Coulomb (SR)   Coul. recip.
    1.70063e+02    1.99593e+04   -2.29612e+03   -1.51539e+05    2.09645e+03
      Potential    Kinetic En.   Total Energy    Temperature Pres. DC (bar)
   -1.30053e+05    2.51744e+04   -1.04879e+05    3.11309e+02   -3.90229e+02
 Pressure (bar)   Constr. rmsd
   -2.46646e+02    6.10910e-05

DD  step 899999  vol min/aver 0.733  load imb.: force  2.8%  pme mesh/force 0.844

           Step           Time         Lambda
         900000     1800.00000        0.00000

   Energies (kJ/mol)
          Angle    Proper Dih. Ryckaert-Bell.  Improper Dih.          LJ-14
    6.52652e+02    5.31162e+02    4.44515e+01    2.16276e+01    2.90633e+02
     Coulomb-14        LJ (SR)  Disper. corr.   Coulomb (SR)   Coul. recip.
    1.92510e+02    2.03716e+04   -2.28600e+03   -1.51305e+05    2.12815e+03
      Potential    Kinetic En.   Total Energy    Temperature Pres. DC (bar)
   -1.29358e+05    2.51037e+04   -1.04255e+05    3.10434e+02   -3.86805e+02
 Pressure (bar)   Constr. rmsd
    2.32153e+02    5.03164e-05

DD  step 949999  vol min/aver 0.825  load imb.: force  2.6%  pme mesh/force 0.841

           Step           Time         Lambda
         950000     1900.00000        0.00000

   Energies (kJ/mol)
          Angle    Proper Dih. Ryckaert-Bell.  Improper Dih.          LJ-14
    6.14033e+02    5.01727e+02    8.49896e+01    2.82763e+01    2.91401e+02
     Coulomb-14        LJ (SR)  Disper. corr.   Coulomb (SR)   Coul. recip.
    1.43494e+02    2.06693e+04   -2.26500e+03   -1.50975e+05    2.20577e+03
      Potential    Kinetic En.   Total Energy    Temperature Pres. DC (bar)
   -1.28701e+05    2.50403e+04   -1.03661e+05    3.09650e+02   -3.79748e+02
 Pressure (bar)   Constr. rmsd
    2.37370e+02    5.04365e-05

DD  step 999999  vol min/aver 0.794  load imb.: force  4.0%  pme mesh/force 0.832

           Step           Time         Lambda
        1000000     2000.00000        0.00000

   Energies (kJ/mol)
          Angle    Proper Dih. Ryckaert-Bell.  Improper Dih.          LJ-14
    6.66347e+02    5.14822e+02    7.19390e+01    2.57961e+01    3.06587e+02
     Coulomb-14        LJ (SR)  Disper. corr.   Coulomb (SR)   Coul. recip.
    1.82599e+02    2.03945e+04   -2.28043e+03   -1.51123e+05    2.23576e+03
      Potential    Kinetic En.   Total Energy    Temperature Pres. DC (bar)
   -1.29005e+05    2.51926e+04   -1.03813e+05    3.11533e+02   -3.84928e+02
 Pressure (bar)   Constr. rmsd
    2.77113e+02    4.68493e-05

DD  step 1049999  vol min/aver 0.726  load imb.: force  2.7%  pme mesh/force 0.825

           Step           Time         Lambda
        1050000     2100.00000        0.00000

   Energies (kJ/mol)
          Angle    Proper Dih. Ryckaert-Bell.  Improper Dih.          LJ-14
    6.26787e+02    4.95712e+02    7.20214e+01    2.66579e+01    2.75449e+02
     Coulomb-14        LJ (SR)  Disper. corr.   Coulomb (SR)   Coul. recip.
    2.01039e+02    1.98908e+04   -2.27548e+03   -1.50707e+05    2.17812e+03
      Potential    Kinetic En.   Total Energy    Temperature Pres. DC (bar)
   -1.29216e+05    2.48275e+04   -1.04388e+05    3.07018e+02   -3.83263e+02
 Pressure (bar)   Constr. rmsd
   -2.41898e+02    6.04551e-05

DD  step 1099999  vol min/aver 0.817  load imb.: force  4.0%  pme mesh/force 0.824

           Step           Time         Lambda
        1100000     2200.00000        0.00000

   Energies (kJ/mol)
          Angle    Proper Dih. Ryckaert-Bell.  Improper Dih.          LJ-14
    5.72614e+02    5.02059e+02    6.30705e+01    3.72000e+01    2.77973e+02
     Coulomb-14        LJ (SR)  Disper. corr.   Coulomb (SR)   Coul. recip.
    1.47495e+02    2.02943e+04   -2.29167e+03   -1.51589e+05    2.15100e+03
      Potential    Kinetic En.   Total Energy    Temperature Pres. DC (bar)
   -1.29835e+05    2.46317e+04   -1.05203e+05    3.04598e+02   -3.88724e+02
 Pressure (bar)   Constr. rmsd
    1.72397e+02    3.28329e-05

DD  step 1149999  vol min/aver 0.821  load imb.: force  3.9%  pme mesh/force 0.830

           Step           Time         Lambda
        1150000     2300.00000        0.00000

   Energies (kJ/mol)
          Angle    Proper Dih. Ryckaert-Bell.  Improper Dih.          LJ-14
    6.77926e+02    4.95080e+02    4.61939e+01    3.46395e+01    3.04441e+02
     Coulomb-14        LJ (SR)  Disper. corr.   Coulomb (SR)   Coul. recip.
    1.40969e+02    2.00068e+04   -2.25945e+03   -1.50194e+05    2.21554e+03
      Potential    Kinetic En.   Total Energy    Temperature Pres. DC (bar)
   -1.28532e+05    2.50086e+04   -1.03524e+05    3.09258e+02   -3.77895e+02
 Pressure (bar)   Constr. rmsd
    1.35098e+02    4.40859e-05

DD  step 1199999  vol min/aver 0.809  load imb.: force  4.8%  pme mesh/force 0.837

           Step           Time         Lambda
        1200000     2400.00000        0.00000

   Energies (kJ/mol)
          Angle    Proper Dih. Ryckaert-Bell.  Improper Dih.          LJ-14
    6.72644e+02    5.60440e+02    5.47680e+01    4.03379e+01    2.99613e+02
     Coulomb-14        LJ (SR)  Disper. corr.   Coulomb (SR)   Coul. recip.
    1.35750e+02    2.00881e+04   -2.27293e+03   -1.50604e+05    2.12883e+03
      Potential    Kinetic En.   Total Energy    Temperature Pres. DC (bar)
   -1.28897e+05    2.55114e+04   -1.03385e+05    3.15475e+02   -3.82405e+02
 Pressure (bar)   Constr. rmsd
    3.13160e+02    2.93320e-05

DD  step 1249999  vol min/aver 0.748  load imb.: force  5.4%  pme mesh/force 0.854

           Step           Time         Lambda
        1250000     2500.00000        0.00000

   Energies (kJ/mol)
          Angle    Proper Dih. Ryckaert-Bell.  Improper Dih.          LJ-14
    6.10010e+02    5.02192e+02    5.18096e+01    3.15389e+01    3.02272e+02
     Coulomb-14        LJ (SR)  Disper. corr.   Coulomb (SR)   Coul. recip.
    1.82630e+02    2.01088e+04   -2.27016e+03   -1.51033e+05    2.12732e+03
      Potential    Kinetic En.   Total Energy    Temperature Pres. DC (bar)
   -1.29387e+05    2.54346e+04   -1.03952e+05    3.14526e+02   -3.81477e+02
 Pressure (bar)   Constr. rmsd
    5.88663e+01    3.87049e-05

DD  step 1299999  vol min/aver 0.745  load imb.: force  5.7%  pme mesh/force 0.835

           Step           Time         Lambda
        1300000     2600.00000        0.00000

   Energies (kJ/mol)
          Angle    Proper Dih. Ryckaert-Bell.  Improper Dih.          LJ-14
    6.32784e+02    5.48155e+02    4.80214e+01    5.14953e+01    2.97346e+02
     Coulomb-14        LJ (SR)  Disper. corr.   Coulomb (SR)   Coul. recip.
    2.01962e+02    1.94314e+04   -2.26039e+03   -1.49911e+05    2.20145e+03
      Potential    Kinetic En.   Total Energy    Temperature Pres. DC (bar)
   -1.28759e+05    2.48882e+04   -1.03871e+05    3.07769e+02   -3.78208e+02
 Pressure (bar)   Constr. rmsd
   -4.07154e+02    4.35196e-05

DD  step 1349999  vol min/aver 0.786  load imb.: force  3.4%  pme mesh/force 0.845

           Step           Time         Lambda
        1350000     2700.00000        0.00000

   Energies (kJ/mol)
          Angle    Proper Dih. Ryckaert-Bell.  Improper Dih.          LJ-14
    5.66051e+02    4.97435e+02    4.59940e+01    2.51870e+01    3.18309e+02
     Coulomb-14        LJ (SR)  Disper. corr.   Coulomb (SR)   Coul. recip.
    1.79955e+02    2.02374e+04   -2.27007e+03   -1.51709e+05    2.17673e+03
      Potential    Kinetic En.   Total Energy    Temperature Pres. DC (bar)
   -1.29932e+05    2.53899e+04   -1.04542e+05    3.13973e+02   -3.81445e+02
 Pressure (bar)   Constr. rmsd
    1.61942e+02    2.70238e-05

DD  step 1399999  vol min/aver 0.822  load imb.: force  2.7%  pme mesh/force 0.837

           Step           Time         Lambda
        1400000     2800.00000        0.00000

   Energies (kJ/mol)
          Angle    Proper Dih. Ryckaert-Bell.  Improper Dih.          LJ-14
    5.72412e+02    5.23975e+02    6.95225e+01    2.56120e+01    3.05171e+02
     Coulomb-14        LJ (SR)  Disper. corr.   Coulomb (SR)   Coul. recip.
    1.75357e+02    1.95648e+04   -2.26462e+03   -1.49854e+05    2.29117e+03
      Potential    Kinetic En.   Total Energy    Temperature Pres. DC (bar)
   -1.28591e+05    2.54749e+04   -1.03116e+05    3.15024e+02   -3.79621e+02
 Pressure (bar)   Constr. rmsd
   -6.32448e+01    4.45562e-05

DD  step 1449999  vol min/aver 0.720  load imb.: force  4.9%  pme mesh/force 0.848

           Step           Time         Lambda
        1450000     2900.00000        0.00000

   Energies (kJ/mol)
          Angle    Proper Dih. Ryckaert-Bell.  Improper Dih.          LJ-14
    6.95374e+02    5.12840e+02    5.34809e+01    3.64987e+01    2.91723e+02
     Coulomb-14        LJ (SR)  Disper. corr.   Coulomb (SR)   Coul. recip.
    1.28354e+02    1.95692e+04   -2.27010e+03   -1.49375e+05    2.24270e+03
      Potential    Kinetic En.   Total Energy    Temperature Pres. DC (bar)
   -1.28115e+05    2.49532e+04   -1.03162e+05    3.08573e+02   -3.81456e+02
 Pressure (bar)   Constr. rmsd
    3.62191e+01    3.50266e-05

DD  step 1499999  vol min/aver 0.850  load imb.: force  5.2%  pme mesh/force 0.833

           Step           Time         Lambda
        1500000     3000.00000        0.00000

   Energies (kJ/mol)
          Angle    Proper Dih. Ryckaert-Bell.  Improper Dih.          LJ-14
    7.16975e+02    5.14472e+02    5.25879e+01    3.58743e+01    2.97777e+02
     Coulomb-14        LJ (SR)  Disper. corr.   Coulomb (SR)   Coul. recip.
    1.61828e+02    1.95802e+04   -2.24493e+03   -1.49887e+05    2.18596e+03
      Potential    Kinetic En.   Total Energy    Temperature Pres. DC (bar)
   -1.28586e+05    2.52446e+04   -1.03341e+05    3.12176e+02   -3.73065e+02
 Pressure (bar)   Constr. rmsd
   -2.67887e+02    4.55341e-05

Writing checkpoint, step 1545240 at Wed Oct  7 18:39:27 2020


DD  step 1549999  vol min/aver 0.840  load imb.: force  4.7%  pme mesh/force 0.812

           Step           Time         Lambda
        1550000     3100.00000        0.00000

   Energies (kJ/mol)
          Angle    Proper Dih. Ryckaert-Bell.  Improper Dih.          LJ-14
    6.37272e+02    5.08745e+02    8.07138e+01    1.85553e+01    2.92489e+02
     Coulomb-14        LJ (SR)  Disper. corr.   Coulomb (SR)   Coul. recip.
    2.83828e+02    2.04220e+04   -2.28503e+03   -1.51497e+05    2.18596e+03
      Potential    Kinetic En.   Total Energy    Temperature Pres. DC (bar)
   -1.29353e+05    2.48342e+04   -1.04519e+05    3.07101e+02   -3.86477e+02
 Pressure (bar)   Constr. rmsd
    3.47087e+02    2.52915e-05

DD  step 1599999  vol min/aver 0.779  load imb.: force  5.7%  pme mesh/force 0.822

           Step           Time         Lambda
        1600000     3200.00000        0.00000

   Energies (kJ/mol)
          Angle    Proper Dih. Ryckaert-Bell.  Improper Dih.          LJ-14
    6.17110e+02    5.21548e+02    6.06806e+01    2.42828e+01    3.08819e+02
     Coulomb-14        LJ (SR)  Disper. corr.   Coulomb (SR)   Coul. recip.
    2.30993e+02    2.04809e+04   -2.26519e+03   -1.50802e+05    2.24057e+03
      Potential    Kinetic En.   Total Energy    Temperature Pres. DC (bar)
   -1.28583e+05    2.54880e+04   -1.03095e+05    3.15186e+02   -3.79813e+02
 Pressure (bar)   Constr. rmsd
    4.54861e+02    4.32422e-05

DD  step 1649999  vol min/aver 0.823  load imb.: force  3.5%  pme mesh/force 0.825

           Step           Time         Lambda
        1650000     3300.00000        0.00000

   Energies (kJ/mol)
          Angle    Proper Dih. Ryckaert-Bell.  Improper Dih.          LJ-14
    6.87757e+02    5.48065e+02    9.08309e+01    2.33196e+01    3.01514e+02
     Coulomb-14        LJ (SR)  Disper. corr.   Coulomb (SR)   Coul. recip.
    1.97425e+02    1.98775e+04   -2.25976e+03   -1.50430e+05    2.18375e+03
      Potential    Kinetic En.   Total Energy    Temperature Pres. DC (bar)
   -1.28780e+05    2.51587e+04   -1.03621e+05    3.11114e+02   -3.77998e+02
 Pressure (bar)   Constr. rmsd
    6.62076e+01    2.81292e-05

DD  step 1699999  vol min/aver 0.835  load imb.: force  3.9%  pme mesh/force 0.834

           Step           Time         Lambda
        1700000     3400.00000        0.00000

   Energies (kJ/mol)
          Angle    Proper Dih. Ryckaert-Bell.  Improper Dih.          LJ-14
    7.00608e+02    4.82208e+02    6.47313e+01    2.08413e+01    2.98105e+02
     Coulomb-14        LJ (SR)  Disper. corr.   Coulomb (SR)   Coul. recip.
    8.34625e+01    1.97661e+04   -2.25443e+03   -1.49954e+05    2.19177e+03
      Potential    Kinetic En.   Total Energy    Temperature Pres. DC (bar)
   -1.28601e+05    2.50159e+04   -1.03585e+05    3.09348e+02   -3.76221e+02
 Pressure (bar)   Constr. rmsd
   -3.61528e+01    3.85727e-05

DD  step 1749999  vol min/aver 0.776  load imb.: force  4.6%  pme mesh/force 0.851

           Step           Time         Lambda
        1750000     3500.00000        0.00000

   Energies (kJ/mol)
          Angle    Proper Dih. Ryckaert-Bell.  Improper Dih.          LJ-14
    6.39238e+02    5.38886e+02    5.40955e+01    2.16673e+01    2.94816e+02
     Coulomb-14        LJ (SR)  Disper. corr.   Coulomb (SR)   Coul. recip.
    1.73554e+02    1.95898e+04   -2.27118e+03   -1.50517e+05    2.20950e+03
      Potential    Kinetic En.   Total Energy    Temperature Pres. DC (bar)
   -1.29267e+05    2.52664e+04   -1.04000e+05    3.12445e+02   -3.81820e+02
 Pressure (bar)   Constr. rmsd
   -2.81306e+02    3.33691e-05

DD  step 1799999  vol min/aver 0.758  load imb.: force  3.6%  pme mesh/force 0.830

           Step           Time         Lambda
        1800000     3600.00000        0.00000

   Energies (kJ/mol)
          Angle    Proper Dih. Ryckaert-Bell.  Improper Dih.          LJ-14
    6.65823e+02    5.05373e+02    6.01858e+01    2.28783e+01    3.01758e+02
     Coulomb-14        LJ (SR)  Disper. corr.   Coulomb (SR)   Coul. recip.
    1.77347e+02    2.06087e+04   -2.28645e+03   -1.51048e+05    2.27087e+03
      Potential    Kinetic En.   Total Energy    Temperature Pres. DC (bar)
   -1.28721e+05    2.53109e+04   -1.03410e+05    3.12997e+02   -3.86959e+02
 Pressure (bar)   Constr. rmsd
    5.49345e+02    4.84624e-05

DD  step 1849999  vol min/aver 0.786  load imb.: force  6.0%  pme mesh/force 0.831

           Step           Time         Lambda
        1850000     3700.00000        0.00000

   Energies (kJ/mol)
          Angle    Proper Dih. Ryckaert-Bell.  Improper Dih.          LJ-14
    6.90871e+02    5.39674e+02    6.43091e+01    3.04283e+01    2.99292e+02
     Coulomb-14        LJ (SR)  Disper. corr.   Coulomb (SR)   Coul. recip.
    1.69363e+02    1.98316e+04   -2.25723e+03   -1.49912e+05    2.19549e+03
      Potential    Kinetic En.   Total Energy    Temperature Pres. DC (bar)
   -1.28348e+05    2.49174e+04   -1.03430e+05    3.08130e+02   -3.77152e+02
 Pressure (bar)   Constr. rmsd
   -1.63602e+02    7.57497e-05

DD  step 1899999  vol min/aver 0.687  load imb.: force  5.0%  pme mesh/force 0.823

           Step           Time         Lambda
        1900000     3800.00000        0.00000

   Energies (kJ/mol)
          Angle    Proper Dih. Ryckaert-Bell.  Improper Dih.          LJ-14
    6.64962e+02    5.16609e+02    4.82968e+01    3.07928e+01    2.95402e+02
     Coulomb-14        LJ (SR)  Disper. corr.   Coulomb (SR)   Coul. recip.
    1.35237e+02    1.95626e+04   -2.26805e+03   -1.49841e+05    2.24304e+03
      Potential    Kinetic En.   Total Energy    Temperature Pres. DC (bar)
   -1.28612e+05    2.50662e+04   -1.03546e+05    3.09970e+02   -3.80768e+02
 Pressure (bar)   Constr. rmsd
   -1.36053e+02    5.01512e-05

DD  step 1949999  vol min/aver 0.733  load imb.: force  3.0%  pme mesh/force 0.825

           Step           Time         Lambda
        1950000     3900.00000        0.00000

   Energies (kJ/mol)
          Angle    Proper Dih. Ryckaert-Bell.  Improper Dih.          LJ-14
    6.70609e+02    5.32050e+02    6.73015e+01    3.11144e+01    2.94305e+02
     Coulomb-14        LJ (SR)  Disper. corr.   Coulomb (SR)   Coul. recip.
    1.24127e+02    2.05215e+04   -2.27235e+03   -1.51124e+05    2.15571e+03
      Potential    Kinetic En.   Total Energy    Temperature Pres. DC (bar)
   -1.28999e+05    2.55987e+04   -1.03401e+05    3.16555e+02   -3.82210e+02
 Pressure (bar)   Constr. rmsd
    4.06984e+02    3.78518e-05

DD  step 1999999  vol min/aver 0.742  load imb.: force  4.8%  pme mesh/force 0.836

           Step           Time         Lambda
        2000000     4000.00000        0.00000

   Energies (kJ/mol)
          Angle    Proper Dih. Ryckaert-Bell.  Improper Dih.          LJ-14
    6.34484e+02    5.24736e+02    7.15799e+01    2.08753e+01    3.15653e+02
     Coulomb-14        LJ (SR)  Disper. corr.   Coulomb (SR)   Coul. recip.
    1.79490e+02    2.03228e+04   -2.27713e+03   -1.50686e+05    2.23929e+03
      Potential    Kinetic En.   Total Energy    Temperature Pres. DC (bar)
   -1.28654e+05    2.49575e+04   -1.03696e+05    3.08626e+02   -3.83818e+02
 Pressure (bar)   Constr. rmsd
    4.40258e+02    3.50704e-05

DD  step 2049999  vol min/aver 0.813  load imb.: force  3.8%  pme mesh/force 0.829

           Step           Time         Lambda
        2050000     4100.00000        0.00000

   Energies (kJ/mol)
          Angle    Proper Dih. Ryckaert-Bell.  Improper Dih.          LJ-14
    7.26339e+02    4.99208e+02    6.27770e+01    3.13311e+01    3.08596e+02
     Coulomb-14        LJ (SR)  Disper. corr.   Coulomb (SR)   Coul. recip.
    1.67927e+02    1.95314e+04   -2.25177e+03   -1.49269e+05    2.17891e+03
      Potential    Kinetic En.   Total Energy    Temperature Pres. DC (bar)
   -1.28014e+05    2.59399e+04   -1.02074e+05    3.20774e+02   -3.75334e+02
 Pressure (bar)   Constr. rmsd
   -2.57001e+01    3.89218e-05

DD  step 2099999  vol min/aver 0.784  load imb.: force  3.7%  pme mesh/force 0.844

           Step           Time         Lambda
        2100000     4200.00000        0.00000

   Energies (kJ/mol)
          Angle    Proper Dih. Ryckaert-Bell.  Improper Dih.          LJ-14
    6.52576e+02    5.06813e+02    6.75216e+01    3.04552e+01    3.11993e+02
     Coulomb-14        LJ (SR)  Disper. corr.   Coulomb (SR)   Coul. recip.
    1.64030e+02    1.97312e+04   -2.26406e+03   -1.50186e+05    2.22129e+03
      Potential    Kinetic En.   Total Energy    Temperature Pres. DC (bar)
   -1.28764e+05    2.49619e+04   -1.03802e+05    3.08681e+02   -3.79434e+02
 Pressure (bar)   Constr. rmsd
    9.51700e+00    3.43685e-05

DD  step 2149999  vol min/aver 0.750  load imb.: force  6.8%  pme mesh/force 0.829

           Step           Time         Lambda
        2150000     4300.00000        0.00000

   Energies (kJ/mol)
          Angle    Proper Dih. Ryckaert-Bell.  Improper Dih.          LJ-14
    6.25359e+02    4.91234e+02    6.23053e+01    2.75924e+01    2.90719e+02
     Coulomb-14        LJ (SR)  Disper. corr.   Coulomb (SR)   Coul. recip.
    1.66858e+02    1.99576e+04   -2.26626e+03   -1.50155e+05    2.25340e+03
      Potential    Kinetic En.   Total Energy    Temperature Pres. DC (bar)
   -1.28546e+05    2.55093e+04   -1.03037e+05    3.15450e+02   -3.80170e+02
 Pressure (bar)   Constr. rmsd
    8.10953e+01    3.92286e-05

DD  step 2199999  vol min/aver 0.768  load imb.: force  5.5%  pme mesh/force 0.818

           Step           Time         Lambda
        2200000     4400.00000        0.00000

   Energies (kJ/mol)
          Angle    Proper Dih. Ryckaert-Bell.  Improper Dih.          LJ-14
    6.49423e+02    5.00955e+02    7.56266e+01    4.57508e+01    2.88287e+02
     Coulomb-14        LJ (SR)  Disper. corr.   Coulomb (SR)   Coul. recip.
    1.65578e+02    2.02701e+04   -2.26801e+03   -1.50624e+05    2.16169e+03
      Potential    Kinetic En.   Total Energy    Temperature Pres. DC (bar)
   -1.28735e+05    2.49380e+04   -1.03797e+05    3.08385e+02   -3.80755e+02
 Pressure (bar)   Constr. rmsd
    1.16680e+02    4.00965e-05

DD  step 2249999  vol min/aver 0.768  load imb.: force  4.0%  pme mesh/force 0.831

           Step           Time         Lambda
        2250000     4500.00000        0.00000

   Energies (kJ/mol)
          Angle    Proper Dih. Ryckaert-Bell.  Improper Dih.          LJ-14
    5.95806e+02    5.35874e+02    9.09221e+01    3.86784e+01    3.15827e+02
     Coulomb-14        LJ (SR)  Disper. corr.   Coulomb (SR)   Coul. recip.
    1.77646e+02    2.00115e+04   -2.25476e+03   -1.51022e+05    2.15831e+03
      Potential    Kinetic En.   Total Energy    Temperature Pres. DC (bar)
   -1.29352e+05    2.49177e+04   -1.04434e+05    3.08133e+02   -3.76332e+02
 Pressure (bar)   Constr. rmsd
   -1.89849e+02    3.60658e-05

DD  step 2299999  vol min/aver 0.717  load imb.: force  3.7%  pme mesh/force 0.825

           Step           Time         Lambda
        2300000     4600.00000        0.00000

   Energies (kJ/mol)
          Angle    Proper Dih. Ryckaert-Bell.  Improper Dih.          LJ-14
    6.23995e+02    4.72315e+02    6.93903e+01    1.72912e+01    2.91018e+02
     Coulomb-14        LJ (SR)  Disper. corr.   Coulomb (SR)   Coul. recip.
    1.73923e+02    2.00886e+04   -2.27969e+03   -1.51220e+05    2.15515e+03
      Potential    Kinetic En.   Total Energy    Temperature Pres. DC (bar)
   -1.29608e+05    2.50340e+04   -1.04574e+05    3.09572e+02   -3.84677e+02
 Pressure (bar)   Constr. rmsd
    7.88062e+01    3.59573e-05

DD  step 2349999  vol min/aver 0.810  load imb.: force  5.9%  pme mesh/force 0.852

           Step           Time         Lambda
        2350000     4700.00000        0.00000

   Energies (kJ/mol)
          Angle    Proper Dih. Ryckaert-Bell.  Improper Dih.          LJ-14
    6.14993e+02    4.93495e+02    5.50338e+01    2.30650e+01    2.87600e+02
     Coulomb-14        LJ (SR)  Disper. corr.   Coulomb (SR)   Coul. recip.
    1.46088e+02    1.94590e+04   -2.23921e+03   -1.49419e+05    2.19401e+03
      Potential    Kinetic En.   Total Energy    Temperature Pres. DC (bar)
   -1.28385e+05    2.46305e+04   -1.03755e+05    3.04583e+02   -3.71171e+02
 Pressure (bar)   Constr. rmsd
   -4.20271e+02    6.01208e-05

DD  step 2399999  vol min/aver 0.701  load imb.: force  3.4%  pme mesh/force 0.850

           Step           Time         Lambda
        2400000     4800.00000        0.00000

   Energies (kJ/mol)
          Angle    Proper Dih. Ryckaert-Bell.  Improper Dih.          LJ-14
    5.88644e+02    5.00969e+02    7.68071e+01    2.09379e+01    2.85693e+02
     Coulomb-14        LJ (SR)  Disper. corr.   Coulomb (SR)   Coul. recip.
    2.01613e+02    1.97850e+04   -2.27763e+03   -1.50431e+05    2.19746e+03
      Potential    Kinetic En.   Total Energy    Temperature Pres. DC (bar)
   -1.29051e+05    2.45038e+04   -1.04547e+05    3.03016e+02   -3.83986e+02
 Pressure (bar)   Constr. rmsd
   -1.52424e+02    4.27713e-05

DD  step 2449999  vol min/aver 0.815  load imb.: force  4.4%  pme mesh/force 0.836

           Step           Time         Lambda
        2450000     4900.00000        0.00000

   Energies (kJ/mol)
          Angle    Proper Dih. Ryckaert-Bell.  Improper Dih.          LJ-14
    6.55237e+02    5.12458e+02    6.73652e+01    1.93194e+01    2.99845e+02
     Coulomb-14        LJ (SR)  Disper. corr.   Coulomb (SR)   Coul. recip.
    1.45161e+02    2.04630e+04   -2.28462e+03   -1.51367e+05    2.20157e+03
      Potential    Kinetic En.   Total Energy    Temperature Pres. DC (bar)
   -1.29288e+05    2.53716e+04   -1.03916e+05    3.13747e+02   -3.86341e+02
 Pressure (bar)   Constr. rmsd
    4.17803e+02    2.75876e-05

DD  step 2499999  vol min/aver 0.802  load imb.: force  6.1%  pme mesh/force 0.831

           Step           Time         Lambda
        2500000     5000.00000        0.00000

Writing checkpoint, step 2500000 at Wed Oct  7 18:48:44 2020


   Energies (kJ/mol)
          Angle    Proper Dih. Ryckaert-Bell.  Improper Dih.          LJ-14
    6.50219e+02    5.11976e+02    8.29753e+01    2.95494e+01    3.02284e+02
     Coulomb-14        LJ (SR)  Disper. corr.   Coulomb (SR)   Coul. recip.
    9.66715e+01    1.98327e+04   -2.24933e+03   -1.50413e+05    2.20566e+03
      Potential    Kinetic En.   Total Energy    Temperature Pres. DC (bar)
   -1.28950e+05    2.52932e+04   -1.03657e+05    3.12778e+02   -3.74523e+02
 Pressure (bar)   Constr. rmsd
   -8.68344e+01    3.49194e-05

	<======  ###############  ==>
	<====  A V E R A G E S  ====>
	<==  ###############  ======>

	Statistics over 2500001 steps using 25001 frames

   Energies (kJ/mol)
          Angle    Proper Dih. Ryckaert-Bell.  Improper Dih.          LJ-14
    6.34924e+02    5.17375e+02    6.25415e+01    2.76140e+01    2.97744e+02
     Coulomb-14        LJ (SR)  Disper. corr.   Coulomb (SR)   Coul. recip.
    1.69256e+02    1.99469e+04   -2.26710e+03   -1.50537e+05    2.19972e+03
      Potential    Kinetic En.   Total Energy    Temperature Pres. DC (bar)
   -1.28948e+05    2.50658e+04   -1.03882e+05    3.09965e+02   -3.80461e+02
 Pressure (bar)   Constr. rmsd
    1.32999e+00    0.00000e+00

          Box-X          Box-Y          Box-Z
    4.62900e+00    4.62900e+00    4.62900e+00

   Total Virial (kJ/mol)
    8.34433e+03   -2.75874e+00   -2.95251e+00
   -2.77401e+00    8.35988e+03    1.98500e+00
   -2.92388e+00    2.00436e+00    8.35370e+03

   Pressure (bar)
    4.20687e+00    1.18611e+00    1.34368e+00
    1.19122e+00   -5.57534e-01   -8.88000e-01
    1.33411e+00   -8.94526e-01    3.40628e-01

      T-Protein  T-non-Protein
    3.09868e+02    3.09968e+02


	M E G A - F L O P S   A C C O U N T I N G

 NB=Group-cutoff nonbonded kernels    NxN=N-by-N cluster Verlet kernels
 RF=Reaction-Field  VdW=Van der Waals  QSTab=quadratic-spline table
 W3=SPC/TIP3p  W4=TIP4p (single or pairs)
 V&F=Potential and force  V=Potential only  F=Force only

 Computing:                               M-Number         M-Flops  % Flops
-----------------------------------------------------------------------------
 Pair Search distance check          587519.823012     5287678.407     1.0
 NxN Ewald Elec. + LJ [F]           3982012.946976   262812854.500    49.5
 NxN Ewald Elec. + LJ [V&F]           40224.262128     4303996.048     0.8
 NxN Ewald Elec. [F]                3538811.513408   215867502.318    40.6
 NxN Ewald Elec. [V&F]                35745.302192     3002605.384     0.6
 1,4 nonbonded interactions            1785.000714      160650.064     0.0
 Calc Weights                         72967.529187     2626831.051     0.5
 Spread Q Bspline                   1556640.622656     3113281.245     0.6
 Gather F Bspline                   1556640.622656     9339843.736     1.8
 3D-FFT                             2457600.983040    19660807.864     3.7
 Solve PME                            10240.004096      655360.262     0.1
 Reset In Box                          2432.250000        7296.750     0.0
 CG-CoM                                2432.259729        7296.779     0.0
 Angles                                1267.500507      212940.085     0.0
 Propers                               1510.000604      345790.138     0.1
 Impropers                              125.000050       26000.010     0.0
 RB-Dihedrals                           302.500121       74717.530     0.0
 Virial                                2792.261169       50260.701     0.0
 Stop-CM                                243.234729        2432.347     0.0
 Calc-Ekin                             4864.519458      131342.025     0.0
 Lincs                                 2067.084788      124025.087     0.0
 Lincs-Mat                            43300.338984      173201.356     0.0
 Constraint-V                         32075.745808      256605.966     0.0
 Constraint-Vir                        3000.876965       72021.047     0.0
 Settle                                9313.858744     3008376.374     0.6
-----------------------------------------------------------------------------
 Total                                               531323717.078   100.0
-----------------------------------------------------------------------------


    D O M A I N   D E C O M P O S I T I O N   S T A T I S T I C S

 av. #atoms communicated per step for force:  2 x 26223.6
 av. #atoms communicated per step for LINCS:  2 x 2399.6

 Average load imbalance: 4.6 %
 Part of the total run time spent waiting due to load imbalance: 1.9 %
 Steps where the load balancing was limited by -rdd, -rcon and/or -dds: X 0 % Y 0 % Z 0 %
 Average PME mesh/force load: 0.831
 Part of the total run time spent waiting due to PP/PME imbalance: 3.1 %


     R E A L   C Y C L E   A N D   T I M E   A C C O U N T I N G

On 32 MPI ranks doing PP, and
on 16 MPI ranks doing PME

 Computing:          Num   Num      Call    Wall time         Giga-Cycles
                     Ranks Threads  Count      (s)         total sum    %
-----------------------------------------------------------------------------
 Domain decomp.        32    1     250000     150.943      14473.638   6.9
 DD comm. load         32    1     249902       1.602        153.632   0.1
 DD comm. bounds       32    1     249901       6.555        628.550   0.3
 Send X to PME         32    1    2500001      10.999       1054.631   0.5
 Neighbor search       32    1     250001     142.143      13629.785   6.5
 Comm. coord.          32    1    2250000      53.751       5154.038   2.5
 Force                 32    1    2500001     657.370      63033.949  30.1
 Wait + Comm. F        32    1    2500001     111.684      10709.170   5.1
 PME mesh *            16    1    2500001     652.240      31271.034  14.9
 PME wait for PP *                            804.083      38551.019  18.4
 Wait + Recv. PME F    32    1    2500001       3.705        355.290   0.2
 NB X/F buffer ops.    32    1    7000001      31.802       3049.411   1.5
 Write traj.           32    1         52       0.013          1.259   0.0
 Update                32    1    2500001      53.800       5158.802   2.5
 Constraints           32    1    2500001     207.189      19866.968   9.5
 Comm. energies        32    1     250001       8.409        806.371   0.4
 Rest                                          16.359       1568.615   0.7
-----------------------------------------------------------------------------
 Total                                       1456.323     209466.164 100.0
-----------------------------------------------------------------------------
(*) Note that with separate PME ranks, the walltime column actually sums to
    twice the total reported, but the cycle count total and % are correct.
-----------------------------------------------------------------------------
 Breakdown of PME mesh computation
-----------------------------------------------------------------------------
 PME redist. X/F       16    1    5000002     168.372       8072.427   3.9
 PME spread/gather     16    1    5000002     307.691      14751.974   7.0
 PME 3D-FFT            16    1    5000002     103.183       4946.989   2.4
 PME 3D-FFT Comm.      16    1   10000004      54.661       2620.652   1.3
 PME solve Elec        16    1    2500001      15.959        765.125   0.4
-----------------------------------------------------------------------------

               Core t (s)   Wall t (s)        (%)
       Time:    69904.720     1456.323     4800.1
                 (ns/day)    (hour/ns)
Performance:      296.638        0.081
Finished mdrun on rank 0 Wed Oct  7 18:48:44 2020
