Log file opened on Wed Oct  7 18:49:57 2020
Host: Server-BioTD-01  pid: 133463  rank ID: 0  number of ranks:  1
                   :-) GROMACS - gmx mdrun, VERSION 5.1.4 (-:

                            GROMACS is written by:
     Emile Apol      Rossen Apostolov  Herman J.C. Berendsen    Par Bjelkmar   
 Aldert van Buuren   Rudi van Drunen     Anton Feenstra   Sebastian Fritsch 
  Gerrit Groenhof   Christoph Junghans   Anca Hamuraru    Vincent Hindriksen
 Dimitrios Karkoulis    Peter Kasson        Jiri Kraus      Carsten Kutzner  
    Per Larsson      Justin A. Lemkul   Magnus Lundborg   Pieter Meulenhoff 
   Erik Marklund      Teemu Murtola       Szilard Pall       Sander Pronk   
   Roland Schulz     Alexey Shvetsov     Michael Shirts     Alfons Sijbers  
   Peter Tieleman    Teemu Virolainen  Christian Wennberg    Maarten Wolf   
                           and the project leaders:
        Mark Abraham, Berk Hess, Erik Lindahl, and David van der Spoel

Copyright (c) 1991-2000, University of Groningen, The Netherlands.
Copyright (c) 2001-2015, The GROMACS development team at
Uppsala University, Stockholm University and
the Royal Institute of Technology, Sweden.
check out http://www.gromacs.org for more information.

GROMACS is free software; you can redistribute it and/or modify it
under the terms of the GNU Lesser General Public License
as published by the Free Software Foundation; either version 2.1
of the License, or (at your option) any later version.

GROMACS:      gmx mdrun, VERSION 5.1.4
Executable:   /usr/local/gromacs/bin/gmx
Data prefix:  /usr/local/gromacs
Command line:
  gmx mdrun -deffnm design_output/drug_design/md-npt

GROMACS version:    VERSION 5.1.4
Precision:          single
Memory model:       64 bit
MPI library:        thread_mpi
OpenMP support:     enabled (GMX_OPENMP_MAX_THREADS = 32)
GPU support:        enabled
OpenCL support:     disabled
invsqrt routine:    gmx_software_invsqrt(x)
SIMD instructions:  AVX2_256
FFT library:        fftw-3.3.4-sse2-avx
RDTSCP usage:       enabled
C++11 compilation:  disabled
TNG support:        enabled
Tracing support:    disabled
Built on:           dom ago 26 22:32:30 -05 2018
Built by:           kpalacio@Server-BioTD-01 [CMAKE]
Build OS/arch:      Linux 4.4.0-134-generic x86_64
Build CPU vendor:   GenuineIntel
Build CPU brand:    Intel(R) Xeon(R) CPU E5-2687W v4 @ 3.00GHz
Build CPU family:   6   Model: 79   Stepping: 1
Build CPU features: aes apic avx avx2 clfsh cmov cx8 cx16 f16c fma htt lahf_lm mmx msr nonstop_tsc pcid pclmuldq pdcm pdpe1gb popcnt pse rdrnd rdtscp sse2 sse3 sse4.1 sse4.2 ssse3 tdt x2apic
C compiler:         /usr/local/bin/mpicc GNU 5.5.0
C compiler flags:    -march=core-avx2    -Wextra -Wno-missing-field-initializers -Wno-sign-compare -Wpointer-arith -Wall -Wno-unused -Wunused-value -Wunused-parameter  -O3 -DNDEBUG -funroll-all-loops -fexcess-precision=fast  -Wno-array-bounds 
C++ compiler:       /usr/local/bin/mpicxx GNU 5.5.0
C++ compiler flags:  -march=core-avx2    -Wextra -Wno-missing-field-initializers -Wpointer-arith -Wall -Wno-unused-function  -O3 -DNDEBUG -funroll-all-loops -fexcess-precision=fast  -Wno-array-bounds 
Boost version:      1.58.0 (external)
CUDA compiler:      /usr/local/cuda-8.0/bin/nvcc nvcc: NVIDIA (R) Cuda compiler driver;Copyright (c) 2005-2016 NVIDIA Corporation;Built on Tue_Jan_10_13:22:03_CST_2017;Cuda compilation tools, release 8.0, V8.0.61
CUDA compiler flags:-gencode;arch=compute_20,code=sm_20;-gencode;arch=compute_30,code=sm_30;-gencode;arch=compute_35,code=sm_35;-gencode;arch=compute_37,code=sm_37;-gencode;arch=compute_50,code=sm_50;-gencode;arch=compute_52,code=sm_52;-gencode;arch=compute_60,code=sm_60;-gencode;arch=compute_61,code=sm_61;-gencode;arch=compute_60,code=compute_60;-gencode;arch=compute_61,code=compute_61;-use_fast_math;-D_FORCE_INLINES; ;-march=core-avx2;-Wextra;-Wno-missing-field-initializers;-Wpointer-arith;-Wall;-Wno-unused-function;-O3;-DNDEBUG;-funroll-all-loops;-fexcess-precision=fast;-Wno-array-bounds;
CUDA driver:        9.20
CUDA runtime:       0.0


NOTE: Error occurred during GPU detection:
      unknown error
      Can not use GPU acceleration, will fall back to CPU kernels.


Running on 1 node with total 24 cores, 48 logical cores, 0 compatible GPUs
Hardware detected:
  CPU info:
    Vendor: GenuineIntel
    Brand:  Intel(R) Xeon(R) CPU E5-2687W v4 @ 3.00GHz
    Family:  6  model: 79  stepping:  1
    CPU features: aes apic avx avx2 clfsh cmov cx8 cx16 f16c fma htt lahf_lm mmx msr nonstop_tsc pcid pclmuldq pdcm pdpe1gb popcnt pse rdrnd rdtscp sse2 sse3 sse4.1 sse4.2 ssse3 tdt x2apic
    SIMD instructions most likely to fit this hardware: AVX2_256
    SIMD instructions selected at GROMACS compile time: AVX2_256


++++ PLEASE READ AND CITE THE FOLLOWING REFERENCE ++++
M. J. Abraham, T. Murtola, R. Schulz, S. Páll, J. C. Smith, B. Hess, E.
Lindahl
GROMACS: High performance molecular simulations through multi-level
parallelism from laptops to supercomputers
SoftwareX 1 (2015) pp. 19-25
-------- -------- --- Thank You --- -------- --------


++++ PLEASE READ AND CITE THE FOLLOWING REFERENCE ++++
S. Páll, M. J. Abraham, C. Kutzner, B. Hess, E. Lindahl
Tackling Exascale Software Challenges in Molecular Dynamics Simulations with
GROMACS
In S. Markidis & E. Laure (Eds.), Solving Software Challenges for Exascale 8759 (2015) pp. 3-27
-------- -------- --- Thank You --- -------- --------


++++ PLEASE READ AND CITE THE FOLLOWING REFERENCE ++++
S. Pronk, S. Páll, R. Schulz, P. Larsson, P. Bjelkmar, R. Apostolov, M. R.
Shirts, J. C. Smith, P. M. Kasson, D. van der Spoel, B. Hess, and E. Lindahl
GROMACS 4.5: a high-throughput and highly parallel open source molecular
simulation toolkit
Bioinformatics 29 (2013) pp. 845-54
-------- -------- --- Thank You --- -------- --------


++++ PLEASE READ AND CITE THE FOLLOWING REFERENCE ++++
B. Hess and C. Kutzner and D. van der Spoel and E. Lindahl
GROMACS 4: Algorithms for highly efficient, load-balanced, and scalable
molecular simulation
J. Chem. Theory Comput. 4 (2008) pp. 435-447
-------- -------- --- Thank You --- -------- --------


++++ PLEASE READ AND CITE THE FOLLOWING REFERENCE ++++
D. van der Spoel, E. Lindahl, B. Hess, G. Groenhof, A. E. Mark and H. J. C.
Berendsen
GROMACS: Fast, Flexible and Free
J. Comp. Chem. 26 (2005) pp. 1701-1719
-------- -------- --- Thank You --- -------- --------


++++ PLEASE READ AND CITE THE FOLLOWING REFERENCE ++++
E. Lindahl and B. Hess and D. van der Spoel
GROMACS 3.0: A package for molecular simulation and trajectory analysis
J. Mol. Mod. 7 (2001) pp. 306-317
-------- -------- --- Thank You --- -------- --------


++++ PLEASE READ AND CITE THE FOLLOWING REFERENCE ++++
H. J. C. Berendsen, D. van der Spoel and R. van Drunen
GROMACS: A message-passing parallel molecular dynamics implementation
Comp. Phys. Comm. 91 (1995) pp. 43-56
-------- -------- --- Thank You --- -------- --------

Input Parameters:
   integrator                     = md
   tinit                          = 0
   dt                             = 0.002
   nsteps                         = 2500000
   init-step                      = 0
   simulation-part                = 1
   comm-mode                      = Linear
   nstcomm                        = 100
   bd-fric                        = 0
   ld-seed                        = 939973652
   emtol                          = 10
   emstep                         = 0.01
   niter                          = 20
   fcstep                         = 0
   nstcgsteep                     = 1000
   nbfgscorr                      = 10
   rtpi                           = 0.05
   nstxout                        = 0
   nstvout                        = 0
   nstfout                        = 0
   nstlog                         = 50000
   nstcalcenergy                  = 100
   nstenergy                      = 50000
   nstxout-compressed             = 50000
   compressed-x-precision         = 1000
   cutoff-scheme                  = Verlet
   nstlist                        = 10
   ns-type                        = Grid
   pbc                            = xyz
   periodic-molecules             = FALSE
   verlet-buffer-tolerance        = 0.005
   rlist                          = 0.801
   rlistlong                      = 0.801
   nstcalclr                      = 10
   coulombtype                    = PME
   coulomb-modifier               = Potential-shift
   rcoulomb-switch                = 0
   rcoulomb                       = 0.8
   epsilon-r                      = 1
   epsilon-rf                     = inf
   vdw-type                       = Cut-off
   vdw-modifier                   = Potential-shift
   rvdw-switch                    = 0
   rvdw                           = 0.8
   DispCorr                       = EnerPres
   table-extension                = 1
   fourierspacing                 = 0.16
   fourier-nx                     = 32
   fourier-ny                     = 32
   fourier-nz                     = 32
   pme-order                      = 4
   ewald-rtol                     = 1e-05
   ewald-rtol-lj                  = 0.001
   lj-pme-comb-rule               = Geometric
   ewald-geometry                 = 0
   epsilon-surface                = 0
   implicit-solvent               = No
   gb-algorithm                   = Still
   nstgbradii                     = 1
   rgbradii                       = 1
   gb-epsilon-solvent             = 80
   gb-saltconc                    = 0
   gb-obc-alpha                   = 1
   gb-obc-beta                    = 0.8
   gb-obc-gamma                   = 4.85
   gb-dielectric-offset           = 0.009
   sa-algorithm                   = Ace-approximation
   sa-surface-tension             = 2.05016
   tcoupl                         = V-rescale
   nsttcouple                     = 10
   nh-chain-length                = 0
   print-nose-hoover-chain-variables = FALSE
   pcoupl                         = Parrinello-Rahman
   pcoupltype                     = Isotropic
   nstpcouple                     = 10
   tau-p                          = 2
   compressibility (3x3):
      compressibility[    0]={ 4.50000e-05,  0.00000e+00,  0.00000e+00}
      compressibility[    1]={ 0.00000e+00,  4.50000e-05,  0.00000e+00}
      compressibility[    2]={ 0.00000e+00,  0.00000e+00,  4.50000e-05}
   ref-p (3x3):
      ref-p[    0]={ 1.00000e+00,  0.00000e+00,  0.00000e+00}
      ref-p[    1]={ 0.00000e+00,  1.00000e+00,  0.00000e+00}
      ref-p[    2]={ 0.00000e+00,  0.00000e+00,  1.00000e+00}
   refcoord-scaling               = COM
   posres-com (3):
      posres-com[0]= 0.00000e+00
      posres-com[1]= 0.00000e+00
      posres-com[2]= 0.00000e+00
   posres-comB (3):
      posres-comB[0]= 0.00000e+00
      posres-comB[1]= 0.00000e+00
      posres-comB[2]= 0.00000e+00
   QMMM                           = FALSE
   QMconstraints                  = 0
   QMMMscheme                     = 0
   MMChargeScaleFactor            = 1
qm-opts:
   ngQM                           = 0
   constraint-algorithm           = Lincs
   continuation                   = TRUE
   Shake-SOR                      = FALSE
   shake-tol                      = 0.0001
   lincs-order                    = 4
   lincs-iter                     = 1
   lincs-warnangle                = 30
   nwall                          = 0
   wall-type                      = 9-3
   wall-r-linpot                  = -1
   wall-atomtype[0]               = -1
   wall-atomtype[1]               = -1
   wall-density[0]                = 0
   wall-density[1]                = 0
   wall-ewald-zfac                = 3
   pull                           = FALSE
   rotation                       = FALSE
   interactiveMD                  = FALSE
   disre                          = No
   disre-weighting                = Conservative
   disre-mixed                    = FALSE
   dr-fc                          = 1000
   dr-tau                         = 0
   nstdisreout                    = 100
   orire-fc                       = 0
   orire-tau                      = 0
   nstorireout                    = 100
   free-energy                    = no
   cos-acceleration               = 0
   deform (3x3):
      deform[    0]={ 0.00000e+00,  0.00000e+00,  0.00000e+00}
      deform[    1]={ 0.00000e+00,  0.00000e+00,  0.00000e+00}
      deform[    2]={ 0.00000e+00,  0.00000e+00,  0.00000e+00}
   simulated-tempering            = FALSE
   E-x:
      n = 0
   E-xt:
      n = 0
   E-y:
      n = 0
   E-yt:
      n = 0
   E-z:
      n = 0
   E-zt:
      n = 0
   swapcoords                     = no
   adress                         = FALSE
   userint1                       = 0
   userint2                       = 0
   userint3                       = 0
   userint4                       = 0
   userreal1                      = 0
   userreal2                      = 0
   userreal3                      = 0
   userreal4                      = 0
grpopts:
   nrdf:     469.928     18997.1
   ref-t:         310         310
   tau-t:         0.1         0.1
annealing:          No          No
annealing-npoints:           0           0
   acc:	           0           0           0
   nfreeze:           N           N           N
   energygrp-flags[  0]: 0


Initializing Domain Decomposition on 48 ranks
Dynamic load balancing: auto
Will sort the charge groups at every domain (re)decomposition
Initial maximum inter charge-group distances:
    two-body bonded interactions: 0.413 nm, LJ-14, atoms 50 59
  multi-body bonded interactions: 0.413 nm, Proper Dih., atoms 50 59
Minimum cell size due to bonded interactions: 0.454 nm
Maximum distance for 5 constraints, at 120 deg. angles, all-trans: 0.871 nm
Estimated maximum distance required for P-LINCS: 0.871 nm
This distance will limit the DD cell size, you can override this with -rcon
Guess for relative PME load: 0.33
Will use 32 particle-particle and 16 PME only ranks
This is a guess, check the performance at the end of the log file
Using 16 separate PME ranks, as guessed by mdrun
Scaling the initial minimum size with 1/0.8 (option -dds) = 1.25
Optimizing the DD grid for 32 cells with a minimum initial size of 1.089 nm
The maximum allowed number of cells is: X 4 Y 4 Z 4
Domain decomposition grid 4 x 4 x 2, separate PME ranks 16
PME domain decomposition: 4 x 4 x 1
Interleaving PP and PME ranks
This rank does only particle-particle work.

Domain decomposition rank 0, coordinates 0 0 0

Using 48 MPI threads
Using 1 OpenMP thread per tMPI thread

Will do PME sum in reciprocal space for electrostatic interactions.

++++ PLEASE READ AND CITE THE FOLLOWING REFERENCE ++++
U. Essmann, L. Perera, M. L. Berkowitz, T. Darden, H. Lee and L. G. Pedersen 
A smooth particle mesh Ewald method
J. Chem. Phys. 103 (1995) pp. 8577-8592
-------- -------- --- Thank You --- -------- --------

Will do ordinary reciprocal space Ewald sum.
Using a Gaussian width (1/beta) of 0.25613 nm for Ewald
Cut-off's:   NS: 0.801   Coulomb: 0.8   LJ: 0.8
Long Range LJ corr.: <C6> 2.9127e-04
System total charge: 0.000
Generated table with 900 data points for Ewald.
Tabscale = 500 points/nm
Generated table with 900 data points for LJ6.
Tabscale = 500 points/nm
Generated table with 900 data points for LJ12.
Tabscale = 500 points/nm
Generated table with 900 data points for 1-4 COUL.
Tabscale = 500 points/nm
Generated table with 900 data points for 1-4 LJ6.
Tabscale = 500 points/nm
Generated table with 900 data points for 1-4 LJ12.
Tabscale = 500 points/nm
Potential shift: LJ r^-12: -1.455e+01 r^-6: -3.815e+00, Ewald -1.000e-05
Initialized non-bonded Ewald correction tables, spacing: 8.35e-04 size: 960


Using AVX2_256 4x8 non-bonded kernels

Using Lorentz-Berthelot Lennard-Jones combination rule

Pinning threads with an auto-selected logical core stride of 1

Initializing Parallel LINear Constraint Solver

++++ PLEASE READ AND CITE THE FOLLOWING REFERENCE ++++
B. Hess
P-LINCS: A Parallel Linear Constraint Solver for molecular simulation
J. Chem. Theory Comput. 4 (2008) pp. 116-122
-------- -------- --- Thank You --- -------- --------

The number of constraints is 294
There are inter charge-group constraints,
will communicate selected coordinates each lincs iteration

++++ PLEASE READ AND CITE THE FOLLOWING REFERENCE ++++
S. Miyamoto and P. A. Kollman
SETTLE: An Analytical Version of the SHAKE and RATTLE Algorithms for Rigid
Water Models
J. Comp. Chem. 13 (1992) pp. 952-962
-------- -------- --- Thank You --- -------- --------


Linking all bonded interactions to atoms

The initial number of communication pulses is: X 1 Y 1 Z 1
The initial domain decomposition cell size is: X 1.16 nm Y 1.16 nm Z 2.32 nm

The maximum allowed distance for charge groups involved in interactions is:
                 non-bonded interactions           0.801 nm
(the following are initial values, they could change due to box deformation)
            two-body bonded interactions  (-rdd)   0.801 nm
          multi-body bonded interactions  (-rdd)   0.801 nm
  atoms separated by up to 5 constraints  (-rcon)  1.160 nm

When dynamic load balancing gets turned on, these settings will change to:
The maximum number of communication pulses is: X 1 Y 1 Z 1
The minimum size for domain decomposition cells is 0.871 nm
The requested allowed shrink of DD cells (option -dds) is: 0.80
The allowed shrink of domain decomposition cells is: X 0.75 Y 0.75 Z 0.38
The maximum allowed distance for charge groups involved in interactions is:
                 non-bonded interactions           0.801 nm
            two-body bonded interactions  (-rdd)   0.801 nm
          multi-body bonded interactions  (-rdd)   0.801 nm
  atoms separated by up to 5 constraints  (-rcon)  0.871 nm


Making 3D domain decomposition grid 4 x 4 x 2, home cell index 0 0 0

Center of mass motion removal mode is Linear
We have the following groups for center of mass motion removal:
  0:  rest

++++ PLEASE READ AND CITE THE FOLLOWING REFERENCE ++++
G. Bussi, D. Donadio and M. Parrinello
Canonical sampling through velocity rescaling
J. Chem. Phys. 126 (2007) pp. 014101
-------- -------- --- Thank You --- -------- --------

There are: 9737 Atoms
Atom distribution over 32 domains: av 304 stddev 15 min 285 max 331
Initial temperature: 318.623 K

Started mdrun on rank 0 Wed Oct  7 18:49:57 2020
           Step           Time         Lambda
              0        0.00000        0.00000

   Energies (kJ/mol)
          Angle    Proper Dih. Ryckaert-Bell.  Improper Dih.          LJ-14
    6.82618e+02    5.07957e+02    5.57133e+01    3.63562e+01    3.20443e+02
     Coulomb-14        LJ (SR)  Disper. corr.   Coulomb (SR)   Coul. recip.
    3.04211e+02    1.91720e+04   -2.25452e+03   -1.48071e+05    2.31194e+03
      Potential    Kinetic En.   Total Energy    Temperature Pres. DC (bar)
   -1.26935e+05    2.60752e+04   -1.00860e+05    3.22199e+02   -3.75385e+02
 Pressure (bar)   Constr. rmsd
    1.46274e+02    4.83012e-05

DD  step 9 load imb.: force 19.5%  pme mesh/force 0.849

At step 1000 the performance loss due to force load imbalance is 3.5 %

NOTE: Turning on dynamic load balancing

DD  step 49999  vol min/aver 0.848  load imb.: force  3.9%  pme mesh/force 0.834

           Step           Time         Lambda
          50000      100.00000        0.00000

   Energies (kJ/mol)
          Angle    Proper Dih. Ryckaert-Bell.  Improper Dih.          LJ-14
    6.76503e+02    5.15734e+02    4.94099e+01    1.99175e+01    3.02076e+02
     Coulomb-14        LJ (SR)  Disper. corr.   Coulomb (SR)   Coul. recip.
    3.47686e+02    2.06039e+04   -2.26143e+03   -1.51006e+05    2.23179e+03
      Potential    Kinetic En.   Total Energy    Temperature Pres. DC (bar)
   -1.28521e+05    2.52229e+04   -1.03298e+05    3.11668e+02   -3.77687e+02
 Pressure (bar)   Constr. rmsd
    4.10943e+02    3.21836e-05

DD  step 99999  vol min/aver 0.868  load imb.: force  5.7%  pme mesh/force 0.812

           Step           Time         Lambda
         100000      200.00000        0.00000

   Energies (kJ/mol)
          Angle    Proper Dih. Ryckaert-Bell.  Improper Dih.          LJ-14
    6.62206e+02    5.01008e+02    7.33193e+01    2.51446e+01    3.08045e+02
     Coulomb-14        LJ (SR)  Disper. corr.   Coulomb (SR)   Coul. recip.
    3.96561e+02    1.96411e+04   -2.27869e+03   -1.50183e+05    2.18118e+03
      Potential    Kinetic En.   Total Energy    Temperature Pres. DC (bar)
   -1.28673e+05    2.53627e+04   -1.03311e+05    3.13395e+02   -3.83459e+02
 Pressure (bar)   Constr. rmsd
   -1.60492e+02    3.69376e-05

DD  step 149999  vol min/aver 0.823  load imb.: force  4.8%  pme mesh/force 0.858

           Step           Time         Lambda
         150000      300.00000        0.00000

   Energies (kJ/mol)
          Angle    Proper Dih. Ryckaert-Bell.  Improper Dih.          LJ-14
    6.76798e+02    5.26524e+02    7.55083e+01    2.15478e+01    3.33153e+02
     Coulomb-14        LJ (SR)  Disper. corr.   Coulomb (SR)   Coul. recip.
    3.09033e+02    1.98011e+04   -2.25016e+03   -1.49988e+05    2.23171e+03
      Potential    Kinetic En.   Total Energy    Temperature Pres. DC (bar)
   -1.28262e+05    2.52980e+04   -1.02964e+05    3.12596e+02   -3.73941e+02
 Pressure (bar)   Constr. rmsd
    2.39709e+01    2.47080e-05

DD  step 199999  vol min/aver 0.810  load imb.: force  3.4%  pme mesh/force 0.859

           Step           Time         Lambda
         200000      400.00000        0.00000

   Energies (kJ/mol)
          Angle    Proper Dih. Ryckaert-Bell.  Improper Dih.          LJ-14
    6.20730e+02    5.21000e+02    8.66126e+01    2.77714e+01    3.31622e+02
     Coulomb-14        LJ (SR)  Disper. corr.   Coulomb (SR)   Coul. recip.
    2.99924e+02    2.02376e+04   -2.27066e+03   -1.50703e+05    2.16799e+03
      Potential    Kinetic En.   Total Energy    Temperature Pres. DC (bar)
   -1.28681e+05    2.52986e+04   -1.03382e+05    3.12603e+02   -3.80768e+02
 Pressure (bar)   Constr. rmsd
    3.36930e+02    4.41801e-05

DD  step 249999  vol min/aver 0.820  load imb.: force  6.1%  pme mesh/force 0.845

           Step           Time         Lambda
         250000      500.00000        0.00000

   Energies (kJ/mol)
          Angle    Proper Dih. Ryckaert-Bell.  Improper Dih.          LJ-14
    5.73683e+02    5.18828e+02    6.52192e+01    3.06673e+01    3.10097e+02
     Coulomb-14        LJ (SR)  Disper. corr.   Coulomb (SR)   Coul. recip.
    3.72710e+02    2.00311e+04   -2.27905e+03   -1.50709e+05    2.16554e+03
      Potential    Kinetic En.   Total Energy    Temperature Pres. DC (bar)
   -1.28920e+05    2.51654e+04   -1.03754e+05    3.10957e+02   -3.83581e+02
 Pressure (bar)   Constr. rmsd
    4.54106e+01    4.39368e-05

DD  step 299999  vol min/aver 0.791  load imb.: force  4.9%  pme mesh/force 0.835

           Step           Time         Lambda
         300000      600.00000        0.00000

   Energies (kJ/mol)
          Angle    Proper Dih. Ryckaert-Bell.  Improper Dih.          LJ-14
    6.27890e+02    4.91307e+02    5.95313e+01    3.31693e+01    3.20513e+02
     Coulomb-14        LJ (SR)  Disper. corr.   Coulomb (SR)   Coul. recip.
    2.60792e+02    2.00904e+04   -2.24928e+03   -1.50897e+05    2.22572e+03
      Potential    Kinetic En.   Total Energy    Temperature Pres. DC (bar)
   -1.29037e+05    2.52360e+04   -1.03801e+05    3.11830e+02   -3.73648e+02
 Pressure (bar)   Constr. rmsd
   -6.13190e+01    3.36246e-05

DD  step 349999  vol min/aver 0.838  load imb.: force  4.4%  pme mesh/force 0.824

           Step           Time         Lambda
         350000      700.00000        0.00000

   Energies (kJ/mol)
          Angle    Proper Dih. Ryckaert-Bell.  Improper Dih.          LJ-14
    6.62832e+02    5.25371e+02    7.04193e+01    1.89735e+01    3.15584e+02
     Coulomb-14        LJ (SR)  Disper. corr.   Coulomb (SR)   Coul. recip.
    4.28485e+02    2.00531e+04   -2.27392e+03   -1.50445e+05    2.22971e+03
      Potential    Kinetic En.   Total Energy    Temperature Pres. DC (bar)
   -1.28414e+05    2.53238e+04   -1.03090e+05    3.12914e+02   -3.81859e+02
 Pressure (bar)   Constr. rmsd
    2.05564e+02    4.18271e-05

DD  step 399999  vol min/aver 0.811  load imb.: force  4.8%  pme mesh/force 0.827

           Step           Time         Lambda
         400000      800.00000        0.00000

   Energies (kJ/mol)
          Angle    Proper Dih. Ryckaert-Bell.  Improper Dih.          LJ-14
    7.00839e+02    4.59132e+02    5.04058e+01    2.51102e+01    3.37357e+02
     Coulomb-14        LJ (SR)  Disper. corr.   Coulomb (SR)   Coul. recip.
    3.51029e+02    2.06356e+04   -2.28148e+03   -1.51062e+05    2.22692e+03
      Potential    Kinetic En.   Total Energy    Temperature Pres. DC (bar)
   -1.28558e+05    2.51351e+04   -1.03422e+05    3.10582e+02   -3.84397e+02
 Pressure (bar)   Constr. rmsd
    5.24056e+02    3.13334e-05

DD  step 449999  vol min/aver 0.663  load imb.: force  3.8%  pme mesh/force 0.833

           Step           Time         Lambda
         450000      900.00000        0.00000

   Energies (kJ/mol)
          Angle    Proper Dih. Ryckaert-Bell.  Improper Dih.          LJ-14
    6.36301e+02    4.98588e+02    5.39394e+01    2.88878e+01    3.21783e+02
     Coulomb-14        LJ (SR)  Disper. corr.   Coulomb (SR)   Coul. recip.
    2.66266e+02    1.99081e+04   -2.25767e+03   -1.50170e+05    2.27604e+03
      Potential    Kinetic En.   Total Energy    Temperature Pres. DC (bar)
   -1.28438e+05    2.51194e+04   -1.03319e+05    3.10389e+02   -3.76434e+02
 Pressure (bar)   Constr. rmsd
    4.40453e+01    3.70878e-05

DD  step 499999  vol min/aver 0.800  load imb.: force  4.0%  pme mesh/force 0.850

           Step           Time         Lambda
         500000     1000.00000        0.00000

   Energies (kJ/mol)
          Angle    Proper Dih. Ryckaert-Bell.  Improper Dih.          LJ-14
    6.32787e+02    4.94038e+02    6.96792e+01    2.49412e+01    3.19896e+02
     Coulomb-14        LJ (SR)  Disper. corr.   Coulomb (SR)   Coul. recip.
    3.35391e+02    1.98559e+04   -2.25127e+03   -1.50363e+05    2.21761e+03
      Potential    Kinetic En.   Total Energy    Temperature Pres. DC (bar)
   -1.28664e+05    2.52709e+04   -1.03393e+05    3.12261e+02   -3.74309e+02
 Pressure (bar)   Constr. rmsd
   -7.75581e+01    3.48163e-05

DD  step 549999  vol min/aver 0.834  load imb.: force  4.2%  pme mesh/force 0.833

           Step           Time         Lambda
         550000     1100.00000        0.00000

   Energies (kJ/mol)
          Angle    Proper Dih. Ryckaert-Bell.  Improper Dih.          LJ-14
    6.70107e+02    4.85864e+02    7.55332e+01    2.34074e+01    3.09071e+02
     Coulomb-14        LJ (SR)  Disper. corr.   Coulomb (SR)   Coul. recip.
    3.58446e+02    2.03687e+04   -2.28191e+03   -1.51952e+05    2.19613e+03
      Potential    Kinetic En.   Total Energy    Temperature Pres. DC (bar)
   -1.29746e+05    2.49908e+04   -1.04756e+05    3.08800e+02   -3.84542e+02
 Pressure (bar)   Constr. rmsd
   -9.69102e+01    6.12923e-05

DD  step 599999  vol min/aver 0.852  load imb.: force  4.5%  pme mesh/force 0.834

           Step           Time         Lambda
         600000     1200.00000        0.00000

   Energies (kJ/mol)
          Angle    Proper Dih. Ryckaert-Bell.  Improper Dih.          LJ-14
    6.04129e+02    4.96646e+02    6.67185e+01    2.26977e+01    3.34241e+02
     Coulomb-14        LJ (SR)  Disper. corr.   Coulomb (SR)   Coul. recip.
    3.81871e+02    2.01097e+04   -2.27425e+03   -1.51339e+05    2.14386e+03
      Potential    Kinetic En.   Total Energy    Temperature Pres. DC (bar)
   -1.29454e+05    2.53715e+04   -1.04082e+05    3.13504e+02   -3.81969e+02
 Pressure (bar)   Constr. rmsd
    3.46072e+01    3.53584e-05

DD  step 649999  vol min/aver 0.863  load imb.: force  5.0%  pme mesh/force 0.836

           Step           Time         Lambda
         650000     1300.00000        0.00000

   Energies (kJ/mol)
          Angle    Proper Dih. Ryckaert-Bell.  Improper Dih.          LJ-14
    7.04693e+02    5.14972e+02    6.99208e+01    2.71559e+01    3.34088e+02
     Coulomb-14        LJ (SR)  Disper. corr.   Coulomb (SR)   Coul. recip.
    2.75823e+02    2.01672e+04   -2.26107e+03   -1.50296e+05    2.20877e+03
      Potential    Kinetic En.   Total Energy    Temperature Pres. DC (bar)
   -1.28254e+05    2.50552e+04   -1.03199e+05    3.09596e+02   -3.77567e+02
 Pressure (bar)   Constr. rmsd
    1.50295e+02    3.74850e-05

DD  step 699999  vol min/aver 0.823  load imb.: force  4.5%  pme mesh/force 0.822

           Step           Time         Lambda
         700000     1400.00000        0.00000

   Energies (kJ/mol)
          Angle    Proper Dih. Ryckaert-Bell.  Improper Dih.          LJ-14
    6.86784e+02    4.89495e+02    5.77039e+01    2.03308e+01    3.15775e+02
     Coulomb-14        LJ (SR)  Disper. corr.   Coulomb (SR)   Coul. recip.
    3.46069e+02    2.04497e+04   -2.26864e+03   -1.50933e+05    2.24476e+03
      Potential    Kinetic En.   Total Energy    Temperature Pres. DC (bar)
   -1.28591e+05    2.53852e+04   -1.03206e+05    3.13673e+02   -3.80094e+02
 Pressure (bar)   Constr. rmsd
    2.27796e+02    4.14921e-05

DD  step 749999  vol min/aver 0.824  load imb.: force  4.1%  pme mesh/force 0.824

           Step           Time         Lambda
         750000     1500.00000        0.00000

   Energies (kJ/mol)
          Angle    Proper Dih. Ryckaert-Bell.  Improper Dih.          LJ-14
    6.36316e+02    4.95483e+02    6.71486e+01    2.18339e+01    3.26476e+02
     Coulomb-14        LJ (SR)  Disper. corr.   Coulomb (SR)   Coul. recip.
    3.25784e+02    2.00010e+04   -2.27348e+03   -1.50501e+05    2.15823e+03
      Potential    Kinetic En.   Total Energy    Temperature Pres. DC (bar)
   -1.28742e+05    2.48137e+04   -1.03929e+05    3.06612e+02   -3.81711e+02
 Pressure (bar)   Constr. rmsd
   -1.86743e+01    4.31931e-05

DD  step 799999  vol min/aver 0.771  load imb.: force  4.6%  pme mesh/force 0.826

           Step           Time         Lambda
         800000     1600.00000        0.00000

   Energies (kJ/mol)
          Angle    Proper Dih. Ryckaert-Bell.  Improper Dih.          LJ-14
    6.89510e+02    5.24035e+02    6.01498e+01    2.64437e+01    3.29025e+02
     Coulomb-14        LJ (SR)  Disper. corr.   Coulomb (SR)   Coul. recip.
    2.84619e+02    2.03810e+04   -2.28079e+03   -1.51078e+05    2.16312e+03
      Potential    Kinetic En.   Total Energy    Temperature Pres. DC (bar)
   -1.28901e+05    2.51860e+04   -1.03715e+05    3.11211e+02   -3.84165e+02
 Pressure (bar)   Constr. rmsd
    3.50813e+02    4.18732e-05

DD  step 849999  vol min/aver 0.834  load imb.: force  3.8%  pme mesh/force 0.840

           Step           Time         Lambda
         850000     1700.00000        0.00000

   Energies (kJ/mol)
          Angle    Proper Dih. Ryckaert-Bell.  Improper Dih.          LJ-14
    6.68627e+02    5.00313e+02    6.49920e+01    2.62692e+01    3.19409e+02
     Coulomb-14        LJ (SR)  Disper. corr.   Coulomb (SR)   Coul. recip.
    3.26647e+02    2.00241e+04   -2.26292e+03   -1.50672e+05    2.28355e+03
      Potential    Kinetic En.   Total Energy    Temperature Pres. DC (bar)
   -1.28721e+05    2.45183e+04   -1.04203e+05    3.02961e+02   -3.78182e+02
 Pressure (bar)   Constr. rmsd
   -1.41920e+02    4.84252e-05

DD  step 899999  vol min/aver 0.760  load imb.: force  3.1%  pme mesh/force 0.842

           Step           Time         Lambda
         900000     1800.00000        0.00000

   Energies (kJ/mol)
          Angle    Proper Dih. Ryckaert-Bell.  Improper Dih.          LJ-14
    6.47426e+02    5.07490e+02    5.99996e+01    3.90352e+01    3.20084e+02
     Coulomb-14        LJ (SR)  Disper. corr.   Coulomb (SR)   Coul. recip.
    3.13660e+02    1.92473e+04   -2.25981e+03   -1.49476e+05    2.18277e+03
      Potential    Kinetic En.   Total Energy    Temperature Pres. DC (bar)
   -1.28418e+05    2.46249e+04   -1.03793e+05    3.04279e+02   -3.77147e+02
 Pressure (bar)   Constr. rmsd
   -2.31077e+02    4.17373e-05

DD  step 949999  vol min/aver 0.770  load imb.: force  4.0%  pme mesh/force 0.854

           Step           Time         Lambda
         950000     1900.00000        0.00000

   Energies (kJ/mol)
          Angle    Proper Dih. Ryckaert-Bell.  Improper Dih.          LJ-14
    6.06013e+02    5.18765e+02    4.59888e+01    2.59717e+01    3.30160e+02
     Coulomb-14        LJ (SR)  Disper. corr.   Coulomb (SR)   Coul. recip.
    2.91131e+02    2.01596e+04   -2.26225e+03   -1.50766e+05    2.16371e+03
      Potential    Kinetic En.   Total Energy    Temperature Pres. DC (bar)
   -1.28887e+05    2.52081e+04   -1.03679e+05    3.11485e+02   -3.77958e+02
 Pressure (bar)   Constr. rmsd
    3.70858e+01    3.40872e-05

DD  step 999999  vol min/aver 0.674  load imb.: force  3.2%  pme mesh/force 0.832

           Step           Time         Lambda
        1000000     2000.00000        0.00000

   Energies (kJ/mol)
          Angle    Proper Dih. Ryckaert-Bell.  Improper Dih.          LJ-14
    7.34386e+02    5.05991e+02    5.36521e+01    3.01666e+01    3.06546e+02
     Coulomb-14        LJ (SR)  Disper. corr.   Coulomb (SR)   Coul. recip.
    2.75573e+02    2.03960e+04   -2.26763e+03   -1.50746e+05    2.21197e+03
      Potential    Kinetic En.   Total Energy    Temperature Pres. DC (bar)
   -1.28500e+05    2.49984e+04   -1.03501e+05    3.08894e+02   -3.79754e+02
 Pressure (bar)   Constr. rmsd
    1.87622e+02    4.85188e-05

DD  step 1049999  vol min/aver 0.681  load imb.: force  4.5%  pme mesh/force 0.844

           Step           Time         Lambda
        1050000     2100.00000        0.00000

   Energies (kJ/mol)
          Angle    Proper Dih. Ryckaert-Bell.  Improper Dih.          LJ-14
    6.42966e+02    5.13714e+02    4.98587e+01    2.72298e+01    3.14880e+02
     Coulomb-14        LJ (SR)  Disper. corr.   Coulomb (SR)   Coul. recip.
    2.65699e+02    2.02856e+04   -2.25581e+03   -1.50449e+05    2.19822e+03
      Potential    Kinetic En.   Total Energy    Temperature Pres. DC (bar)
   -1.28406e+05    2.55878e+04   -1.02819e+05    3.16177e+02   -3.75817e+02
 Pressure (bar)   Constr. rmsd
    2.26821e+02    4.14402e-05

DD  step 1099999  vol min/aver 0.626  load imb.: force  4.2%  pme mesh/force 0.842

           Step           Time         Lambda
        1100000     2200.00000        0.00000

   Energies (kJ/mol)
          Angle    Proper Dih. Ryckaert-Bell.  Improper Dih.          LJ-14
    6.55233e+02    5.12690e+02    6.50084e+01    2.67759e+01    3.16381e+02
     Coulomb-14        LJ (SR)  Disper. corr.   Coulomb (SR)   Coul. recip.
    3.37556e+02    1.95807e+04   -2.25796e+03   -1.50447e+05    2.22816e+03
      Potential    Kinetic En.   Total Energy    Temperature Pres. DC (bar)
   -1.28982e+05    2.47208e+04   -1.04261e+05    3.05464e+02   -3.76532e+02
 Pressure (bar)   Constr. rmsd
   -2.89056e+02    3.46643e-05

DD  step 1149999  vol min/aver 0.641  load imb.: force  3.4%  pme mesh/force 0.841

           Step           Time         Lambda
        1150000     2300.00000        0.00000

   Energies (kJ/mol)
          Angle    Proper Dih. Ryckaert-Bell.  Improper Dih.          LJ-14
    6.33931e+02    5.31326e+02    7.92726e+01    2.39711e+01    3.32512e+02
     Coulomb-14        LJ (SR)  Disper. corr.   Coulomb (SR)   Coul. recip.
    3.36612e+02    1.97435e+04   -2.28678e+03   -1.50279e+05    2.23112e+03
      Potential    Kinetic En.   Total Energy    Temperature Pres. DC (bar)
   -1.28653e+05    2.50038e+04   -1.03649e+05    3.08960e+02   -3.86181e+02
 Pressure (bar)   Constr. rmsd
    2.51952e+01    4.13867e-05

DD  step 1199999  vol min/aver 0.478  load imb.: force  4.5%  pme mesh/force 0.841

           Step           Time         Lambda
        1200000     2400.00000        0.00000

   Energies (kJ/mol)
          Angle    Proper Dih. Ryckaert-Bell.  Improper Dih.          LJ-14
    6.94008e+02    5.03401e+02    5.08434e+01    3.06076e+01    3.19141e+02
     Coulomb-14        LJ (SR)  Disper. corr.   Coulomb (SR)   Coul. recip.
    3.82156e+02    1.99848e+04   -2.25044e+03   -1.49587e+05    2.18695e+03
      Potential    Kinetic En.   Total Energy    Temperature Pres. DC (bar)
   -1.27685e+05    2.51772e+04   -1.02508e+05    3.11103e+02   -3.74033e+02
 Pressure (bar)   Constr. rmsd
    1.55655e+02    3.87782e-05

DD  step 1249999  vol min/aver 0.575  load imb.: force  3.6%  pme mesh/force 0.835

           Step           Time         Lambda
        1250000     2500.00000        0.00000

   Energies (kJ/mol)
          Angle    Proper Dih. Ryckaert-Bell.  Improper Dih.          LJ-14
    6.82583e+02    5.57734e+02    6.85997e+01    4.32737e+01    3.11936e+02
     Coulomb-14        LJ (SR)  Disper. corr.   Coulomb (SR)   Coul. recip.
    3.37952e+02    1.97400e+04   -2.28216e+03   -1.50807e+05    2.21245e+03
      Potential    Kinetic En.   Total Energy    Temperature Pres. DC (bar)
   -1.29135e+05    2.54917e+04   -1.03643e+05    3.14990e+02   -3.84625e+02
 Pressure (bar)   Constr. rmsd
   -1.54741e+02    5.16071e-05

DD  step 1299999  vol min/aver 0.529  load imb.: force  4.1%  pme mesh/force 0.860

           Step           Time         Lambda
        1300000     2600.00000        0.00000

   Energies (kJ/mol)
          Angle    Proper Dih. Ryckaert-Bell.  Improper Dih.          LJ-14
    6.39173e+02    4.65530e+02    6.38805e+01    1.98022e+01    3.29063e+02
     Coulomb-14        LJ (SR)  Disper. corr.   Coulomb (SR)   Coul. recip.
    3.12047e+02    2.01062e+04   -2.27664e+03   -1.51286e+05    2.22854e+03
      Potential    Kinetic En.   Total Energy    Temperature Pres. DC (bar)
   -1.29399e+05    2.47118e+04   -1.04687e+05    3.05352e+02   -3.82772e+02
 Pressure (bar)   Constr. rmsd
    4.70191e+01    3.64266e-05

DD  step 1349999  vol min/aver 0.533  load imb.: force  4.0%  pme mesh/force 0.854

           Step           Time         Lambda
        1350000     2700.00000        0.00000

   Energies (kJ/mol)
          Angle    Proper Dih. Ryckaert-Bell.  Improper Dih.          LJ-14
    6.96631e+02    4.96230e+02    5.69328e+01    2.20173e+01    3.07335e+02
     Coulomb-14        LJ (SR)  Disper. corr.   Coulomb (SR)   Coul. recip.
    3.54612e+02    1.98628e+04   -2.27343e+03   -1.50594e+05    2.10595e+03
      Potential    Kinetic En.   Total Energy    Temperature Pres. DC (bar)
   -1.28965e+05    2.58163e+04   -1.03148e+05    3.19000e+02   -3.81695e+02
 Pressure (bar)   Constr. rmsd
   -1.08061e+02    4.52998e-05

DD  step 1399999  vol min/aver 0.633  load imb.: force  3.3%  pme mesh/force 0.877

           Step           Time         Lambda
        1400000     2800.00000        0.00000

   Energies (kJ/mol)
          Angle    Proper Dih. Ryckaert-Bell.  Improper Dih.          LJ-14
    6.81262e+02    4.75343e+02    4.30840e+01    2.28029e+01    3.32853e+02
     Coulomb-14        LJ (SR)  Disper. corr.   Coulomb (SR)   Coul. recip.
    2.81191e+02    1.98990e+04   -2.27043e+03   -1.50262e+05    2.16246e+03
      Potential    Kinetic En.   Total Energy    Temperature Pres. DC (bar)
   -1.28635e+05    2.51169e+04   -1.03518e+05    3.10358e+02   -3.80692e+02
 Pressure (bar)   Constr. rmsd
    3.24315e+01    4.29941e-05

DD  step 1449999  vol min/aver 0.679  load imb.: force  7.3%  pme mesh/force 0.822

           Step           Time         Lambda
        1450000     2900.00000        0.00000

   Energies (kJ/mol)
          Angle    Proper Dih. Ryckaert-Bell.  Improper Dih.          LJ-14
    7.02858e+02    5.10414e+02    7.33059e+01    3.67291e+01    3.29270e+02
     Coulomb-14        LJ (SR)  Disper. corr.   Coulomb (SR)   Coul. recip.
    2.64500e+02    2.02902e+04   -2.27467e+03   -1.50646e+05    2.20798e+03
      Potential    Kinetic En.   Total Energy    Temperature Pres. DC (bar)
   -1.28505e+05    2.49042e+04   -1.03601e+05    3.07730e+02   -3.82112e+02
 Pressure (bar)   Constr. rmsd
    7.26133e+01    5.88279e-05

DD  step 1499999  vol min/aver 0.694  load imb.: force  4.3%  pme mesh/force 0.859

           Step           Time         Lambda
        1500000     3000.00000        0.00000

   Energies (kJ/mol)
          Angle    Proper Dih. Ryckaert-Bell.  Improper Dih.          LJ-14
    6.49954e+02    4.96090e+02    6.32424e+01    1.79826e+01    3.12602e+02
     Coulomb-14        LJ (SR)  Disper. corr.   Coulomb (SR)   Coul. recip.
    2.93212e+02    1.94655e+04   -2.25507e+03   -1.49513e+05    2.19150e+03
      Potential    Kinetic En.   Total Energy    Temperature Pres. DC (bar)
   -1.28278e+05    2.50233e+04   -1.03254e+05    3.09201e+02   -3.75568e+02
 Pressure (bar)   Constr. rmsd
   -8.83290e+01    3.15323e-05

Writing checkpoint, step 1532460 at Wed Oct  7 19:04:57 2020


DD  step 1549999  vol min/aver 0.578  load imb.: force  2.8%  pme mesh/force 0.837

           Step           Time         Lambda
        1550000     3100.00000        0.00000

   Energies (kJ/mol)
          Angle    Proper Dih. Ryckaert-Bell.  Improper Dih.          LJ-14
    6.12379e+02    5.01510e+02    6.00436e+01    2.30967e+01    3.00875e+02
     Coulomb-14        LJ (SR)  Disper. corr.   Coulomb (SR)   Coul. recip.
    2.67176e+02    2.04120e+04   -2.27802e+03   -1.51645e+05    2.17877e+03
      Potential    Kinetic En.   Total Energy    Temperature Pres. DC (bar)
   -1.29567e+05    2.51169e+04   -1.04450e+05    3.10358e+02   -3.83234e+02
 Pressure (bar)   Constr. rmsd
    8.39924e+01    4.51101e-05

DD  step 1599999  vol min/aver 0.577  load imb.: force  5.0%  pme mesh/force 0.831

           Step           Time         Lambda
        1600000     3200.00000        0.00000

   Energies (kJ/mol)
          Angle    Proper Dih. Ryckaert-Bell.  Improper Dih.          LJ-14
    7.11588e+02    5.17624e+02    7.13010e+01    2.43408e+01    3.29457e+02
     Coulomb-14        LJ (SR)  Disper. corr.   Coulomb (SR)   Coul. recip.
    3.15186e+02    2.01504e+04   -2.26883e+03   -1.50845e+05    2.23085e+03
      Potential    Kinetic En.   Total Energy    Temperature Pres. DC (bar)
   -1.28763e+05    2.54255e+04   -1.03338e+05    3.14172e+02   -3.80157e+02
 Pressure (bar)   Constr. rmsd
   -1.10569e+02    5.73862e-05

DD  step 1649999  vol min/aver 0.599  load imb.: force  5.7%  pme mesh/force 0.856

           Step           Time         Lambda
        1650000     3300.00000        0.00000

   Energies (kJ/mol)
          Angle    Proper Dih. Ryckaert-Bell.  Improper Dih.          LJ-14
    5.88732e+02    5.03419e+02    5.01141e+01    3.88219e+01    3.19164e+02
     Coulomb-14        LJ (SR)  Disper. corr.   Coulomb (SR)   Coul. recip.
    3.00312e+02    2.03955e+04   -2.28431e+03   -1.51063e+05    2.23051e+03
      Potential    Kinetic En.   Total Energy    Temperature Pres. DC (bar)
   -1.28920e+05    2.48062e+04   -1.04114e+05    3.06519e+02   -3.85348e+02
 Pressure (bar)   Constr. rmsd
    3.04726e+02    3.52885e-05

DD  step 1699999  vol min/aver 0.621  load imb.: force  6.0%  pme mesh/force 0.848

           Step           Time         Lambda
        1700000     3400.00000        0.00000

   Energies (kJ/mol)
          Angle    Proper Dih. Ryckaert-Bell.  Improper Dih.          LJ-14
    6.82741e+02    5.28914e+02    7.65234e+01    2.11300e+01    3.15033e+02
     Coulomb-14        LJ (SR)  Disper. corr.   Coulomb (SR)   Coul. recip.
    2.74259e+02    2.05434e+04   -2.27035e+03   -1.51226e+05    2.23621e+03
      Potential    Kinetic En.   Total Energy    Temperature Pres. DC (bar)
   -1.28819e+05    2.52055e+04   -1.03613e+05    3.11453e+02   -3.80666e+02
 Pressure (bar)   Constr. rmsd
    3.76044e+02    5.48444e-05

DD  step 1749999  vol min/aver 0.611  load imb.: force  3.6%  pme mesh/force 0.842

           Step           Time         Lambda
        1750000     3500.00000        0.00000

   Energies (kJ/mol)
          Angle    Proper Dih. Ryckaert-Bell.  Improper Dih.          LJ-14
    6.53416e+02    5.32038e+02    5.03322e+01    2.52045e+01    3.02388e+02
     Coulomb-14        LJ (SR)  Disper. corr.   Coulomb (SR)   Coul. recip.
    2.67239e+02    2.03515e+04   -2.26627e+03   -1.51467e+05    2.22997e+03
      Potential    Kinetic En.   Total Energy    Temperature Pres. DC (bar)
   -1.29322e+05    2.57760e+04   -1.03546e+05    3.18502e+02   -3.79300e+02
 Pressure (bar)   Constr. rmsd
   -6.82600e+01    4.90942e-05

DD  step 1799999  vol min/aver 0.625  load imb.: force  7.3%  pme mesh/force 0.837

           Step           Time         Lambda
        1800000     3600.00000        0.00000

   Energies (kJ/mol)
          Angle    Proper Dih. Ryckaert-Bell.  Improper Dih.          LJ-14
    6.26254e+02    4.94492e+02    6.54428e+01    2.68296e+01    3.16352e+02
     Coulomb-14        LJ (SR)  Disper. corr.   Coulomb (SR)   Coul. recip.
    3.01007e+02    2.03674e+04   -2.27554e+03   -1.50625e+05    2.12709e+03
      Potential    Kinetic En.   Total Energy    Temperature Pres. DC (bar)
   -1.28576e+05    2.51680e+04   -1.03408e+05    3.10989e+02   -3.82403e+02
 Pressure (bar)   Constr. rmsd
    3.03393e+02    4.52216e-05

DD  step 1849999  vol min/aver 0.627  load imb.: force  5.9%  pme mesh/force 0.831

           Step           Time         Lambda
        1850000     3700.00000        0.00000

   Energies (kJ/mol)
          Angle    Proper Dih. Ryckaert-Bell.  Improper Dih.          LJ-14
    6.00470e+02    5.27914e+02    5.60149e+01    2.18780e+01    3.10804e+02
     Coulomb-14        LJ (SR)  Disper. corr.   Coulomb (SR)   Coul. recip.
    2.73160e+02    1.96981e+04   -2.26818e+03   -1.50395e+05    2.08820e+03
      Potential    Kinetic En.   Total Energy    Temperature Pres. DC (bar)
   -1.29087e+05    2.50236e+04   -1.04063e+05    3.09205e+02   -3.79939e+02
 Pressure (bar)   Constr. rmsd
   -2.38245e+02    4.54954e-05

DD  load balancing is limited by minimum cell size in dimension Y
DD  step 1899999  vol min/aver 0.624! load imb.: force  5.6%  pme mesh/force 0.841

           Step           Time         Lambda
        1900000     3800.00000        0.00000

   Energies (kJ/mol)
          Angle    Proper Dih. Ryckaert-Bell.  Improper Dih.          LJ-14
    6.33154e+02    5.10907e+02    4.52554e+01    3.22575e+01    3.20704e+02
     Coulomb-14        LJ (SR)  Disper. corr.   Coulomb (SR)   Coul. recip.
    3.16398e+02    1.88666e+04   -2.25871e+03   -1.49321e+05    2.20935e+03
      Potential    Kinetic En.   Total Energy    Temperature Pres. DC (bar)
   -1.28645e+05    2.47382e+04   -1.03906e+05    3.05679e+02   -3.76781e+02
 Pressure (bar)   Constr. rmsd
   -7.49232e+02    4.87254e-05

DD  step 1949999  vol min/aver 0.624  load imb.: force  4.3%  pme mesh/force 0.849

           Step           Time         Lambda
        1950000     3900.00000        0.00000

   Energies (kJ/mol)
          Angle    Proper Dih. Ryckaert-Bell.  Improper Dih.          LJ-14
    7.05249e+02    5.08317e+02    5.68832e+01    2.44650e+01    3.20038e+02
     Coulomb-14        LJ (SR)  Disper. corr.   Coulomb (SR)   Coul. recip.
    2.65481e+02    2.02749e+04   -2.26527e+03   -1.50857e+05    2.16915e+03
      Potential    Kinetic En.   Total Energy    Temperature Pres. DC (bar)
   -1.28797e+05    2.52320e+04   -1.03565e+05    3.11780e+02   -3.78966e+02
 Pressure (bar)   Constr. rmsd
    5.66304e+01    5.19436e-05

DD  step 1999999  vol min/aver 0.644  load imb.: force  5.0%  pme mesh/force 0.856

           Step           Time         Lambda
        2000000     4000.00000        0.00000

   Energies (kJ/mol)
          Angle    Proper Dih. Ryckaert-Bell.  Improper Dih.          LJ-14
    6.92629e+02    5.04668e+02    7.58809e+01    2.28650e+01    3.10906e+02
     Coulomb-14        LJ (SR)  Disper. corr.   Coulomb (SR)   Coul. recip.
    2.83252e+02    2.00034e+04   -2.26952e+03   -1.50251e+05    2.20366e+03
      Potential    Kinetic En.   Total Energy    Temperature Pres. DC (bar)
   -1.28424e+05    2.52482e+04   -1.03175e+05    3.11980e+02   -3.80388e+02
 Pressure (bar)   Constr. rmsd
    1.01116e+02    4.29309e-05

DD  step 2049999  vol min/aver 0.627  load imb.: force  4.5%  pme mesh/force 0.855

           Step           Time         Lambda
        2050000     4100.00000        0.00000

   Energies (kJ/mol)
          Angle    Proper Dih. Ryckaert-Bell.  Improper Dih.          LJ-14
    6.82960e+02    5.18491e+02    6.76051e+01    2.82171e+01    3.15965e+02
     Coulomb-14        LJ (SR)  Disper. corr.   Coulomb (SR)   Coul. recip.
    3.02672e+02    2.03380e+04   -2.28878e+03   -1.51188e+05    2.17627e+03
      Potential    Kinetic En.   Total Energy    Temperature Pres. DC (bar)
   -1.29047e+05    2.52488e+04   -1.03798e+05    3.11987e+02   -3.86856e+02
 Pressure (bar)   Constr. rmsd
    3.22664e+02    3.89700e-05

DD  step 2099999  vol min/aver 0.563  load imb.: force  5.7%  pme mesh/force 0.866

           Step           Time         Lambda
        2100000     4200.00000        0.00000

   Energies (kJ/mol)
          Angle    Proper Dih. Ryckaert-Bell.  Improper Dih.          LJ-14
    6.63277e+02    4.93534e+02    7.11473e+01    2.70822e+01    3.15393e+02
     Coulomb-14        LJ (SR)  Disper. corr.   Coulomb (SR)   Coul. recip.
    2.44206e+02    1.95028e+04   -2.24700e+03   -1.49741e+05    2.16541e+03
      Potential    Kinetic En.   Total Energy    Temperature Pres. DC (bar)
   -1.28505e+05    2.46200e+04   -1.03885e+05    3.04217e+02   -3.72893e+02
 Pressure (bar)   Constr. rmsd
   -3.10099e+02    3.22796e-05

DD  step 2149999  vol min/aver 0.649  load imb.: force  4.1%  pme mesh/force 0.842

           Step           Time         Lambda
        2150000     4300.00000        0.00000

   Energies (kJ/mol)
          Angle    Proper Dih. Ryckaert-Bell.  Improper Dih.          LJ-14
    6.04469e+02    5.09933e+02    8.92153e+01    3.15911e+01    3.25309e+02
     Coulomb-14        LJ (SR)  Disper. corr.   Coulomb (SR)   Coul. recip.
    2.85073e+02    2.03897e+04   -2.24529e+03   -1.51067e+05    2.21338e+03
      Potential    Kinetic En.   Total Energy    Temperature Pres. DC (bar)
   -1.28863e+05    2.53580e+04   -1.03505e+05    3.13337e+02   -3.72326e+02
 Pressure (bar)   Constr. rmsd
    1.75105e+02    3.59983e-05

DD  step 2199999  vol min/aver 0.643  load imb.: force  3.6%  pme mesh/force 0.838

           Step           Time         Lambda
        2200000     4400.00000        0.00000

   Energies (kJ/mol)
          Angle    Proper Dih. Ryckaert-Bell.  Improper Dih.          LJ-14
    6.29339e+02    5.24343e+02    5.62122e+01    2.41191e+01    3.18765e+02
     Coulomb-14        LJ (SR)  Disper. corr.   Coulomb (SR)   Coul. recip.
    2.34504e+02    1.95947e+04   -2.27656e+03   -1.50266e+05    2.16061e+03
      Potential    Kinetic En.   Total Energy    Temperature Pres. DC (bar)
   -1.29000e+05    2.52974e+04   -1.03702e+05    3.12589e+02   -3.82746e+02
 Pressure (bar)   Constr. rmsd
   -7.31250e+01    4.65650e-05

DD  step 2249999  vol min/aver 0.628  load imb.: force  3.7%  pme mesh/force 0.885

           Step           Time         Lambda
        2250000     4500.00000        0.00000

   Energies (kJ/mol)
          Angle    Proper Dih. Ryckaert-Bell.  Improper Dih.          LJ-14
    7.59151e+02    4.73505e+02    8.75566e+01    2.05831e+01    3.36692e+02
     Coulomb-14        LJ (SR)  Disper. corr.   Coulomb (SR)   Coul. recip.
    2.79302e+02    1.98169e+04   -2.28186e+03   -1.50649e+05    2.19595e+03
      Potential    Kinetic En.   Total Energy    Temperature Pres. DC (bar)
   -1.28962e+05    2.51931e+04   -1.03768e+05    3.11300e+02   -3.84526e+02
 Pressure (bar)   Constr. rmsd
    1.36176e+02    2.34905e-05

DD  step 2299999  vol min/aver 0.796  load imb.: force  4.4%  pme mesh/force 0.830

           Step           Time         Lambda
        2300000     4600.00000        0.00000

   Energies (kJ/mol)
          Angle    Proper Dih. Ryckaert-Bell.  Improper Dih.          LJ-14
    6.14787e+02    4.79746e+02    8.18188e+01    1.94746e+01    3.14260e+02
     Coulomb-14        LJ (SR)  Disper. corr.   Coulomb (SR)   Coul. recip.
    3.07528e+02    2.00769e+04   -2.25984e+03   -1.50622e+05    2.29919e+03
      Potential    Kinetic En.   Total Energy    Temperature Pres. DC (bar)
   -1.28688e+05    2.50461e+04   -1.03642e+05    3.09483e+02   -3.77156e+02
 Pressure (bar)   Constr. rmsd
   -5.16474e+01    3.88515e-05

DD  step 2349999  vol min/aver 0.649  load imb.: force  4.3%  pme mesh/force 0.831

           Step           Time         Lambda
        2350000     4700.00000        0.00000

   Energies (kJ/mol)
          Angle    Proper Dih. Ryckaert-Bell.  Improper Dih.          LJ-14
    6.58712e+02    5.20813e+02    6.58534e+01    1.88552e+01    3.14437e+02
     Coulomb-14        LJ (SR)  Disper. corr.   Coulomb (SR)   Coul. recip.
    2.88809e+02    2.02350e+04   -2.27664e+03   -1.50606e+05    2.23749e+03
      Potential    Kinetic En.   Total Energy    Temperature Pres. DC (bar)
   -1.28542e+05    2.50571e+04   -1.03485e+05    3.09620e+02   -3.82772e+02
 Pressure (bar)   Constr. rmsd
    2.41950e+02    3.91300e-05

DD  step 2399999  vol min/aver 0.809  load imb.: force  4.2%  pme mesh/force 0.841

           Step           Time         Lambda
        2400000     4800.00000        0.00000

   Energies (kJ/mol)
          Angle    Proper Dih. Ryckaert-Bell.  Improper Dih.          LJ-14
    6.34559e+02    5.23141e+02    7.22521e+01    2.52204e+01    3.03808e+02
     Coulomb-14        LJ (SR)  Disper. corr.   Coulomb (SR)   Coul. recip.
    2.93084e+02    1.98594e+04   -2.27344e+03   -1.50536e+05    2.18642e+03
      Potential    Kinetic En.   Total Energy    Temperature Pres. DC (bar)
   -1.28912e+05    2.49918e+04   -1.03920e+05    3.08812e+02   -3.81697e+02
 Pressure (bar)   Constr. rmsd
   -2.28589e+02    4.29486e-05

DD  step 2449999  vol min/aver 0.647  load imb.: force  3.6%  pme mesh/force 0.844

           Step           Time         Lambda
        2450000     4900.00000        0.00000

   Energies (kJ/mol)
          Angle    Proper Dih. Ryckaert-Bell.  Improper Dih.          LJ-14
    6.40913e+02    5.08265e+02    7.74691e+01    2.68287e+01    3.19383e+02
     Coulomb-14        LJ (SR)  Disper. corr.   Coulomb (SR)   Coul. recip.
    3.43390e+02    1.94724e+04   -2.27492e+03   -1.50419e+05    2.21741e+03
      Potential    Kinetic En.   Total Energy    Temperature Pres. DC (bar)
   -1.29088e+05    2.48639e+04   -1.04224e+05    3.07232e+02   -3.82196e+02
 Pressure (bar)   Constr. rmsd
   -2.23561e+02    3.12919e-05

DD  step 2499999  vol min/aver 0.625  load imb.: force  9.3%  pme mesh/force 0.820

           Step           Time         Lambda
        2500000     5000.00000        0.00000

Writing checkpoint, step 2500000 at Wed Oct  7 19:14:20 2020


   Energies (kJ/mol)
          Angle    Proper Dih. Ryckaert-Bell.  Improper Dih.          LJ-14
    6.35491e+02    4.93729e+02    6.10793e+01    2.43962e+01    3.16652e+02
     Coulomb-14        LJ (SR)  Disper. corr.   Coulomb (SR)   Coul. recip.
    3.05413e+02    1.96272e+04   -2.27635e+03   -1.50642e+05    2.18893e+03
      Potential    Kinetic En.   Total Energy    Temperature Pres. DC (bar)
   -1.29265e+05    2.51442e+04   -1.04121e+05    3.10695e+02   -3.82673e+02
 Pressure (bar)   Constr. rmsd
   -1.86809e+02    4.40320e-05

	<======  ###############  ==>
	<====  A V E R A G E S  ====>
	<==  ###############  ======>

	Statistics over 2500001 steps using 25001 frames

   Energies (kJ/mol)
          Angle    Proper Dih. Ryckaert-Bell.  Improper Dih.          LJ-14
    6.44728e+02    5.11404e+02    6.54753e+01    2.79954e+01    3.17783e+02
     Coulomb-14        LJ (SR)  Disper. corr.   Coulomb (SR)   Coul. recip.
    3.13247e+02    1.99394e+04   -2.26996e+03   -1.50550e+05    2.20155e+03
      Potential    Kinetic En.   Total Energy    Temperature Pres. DC (bar)
   -1.28799e+05    2.50891e+04   -1.03710e+05    3.10014e+02   -3.80545e+02
 Pressure (bar)   Constr. rmsd
    3.91633e+00    0.00000e+00

          Box-X          Box-Y          Box-Z
    4.63061e+00    4.63061e+00    4.63061e+00

   Total Virial (kJ/mol)
    8.35777e+03    1.76143e+00    6.20063e+00
    1.70381e+00    8.34829e+03   -2.42313e+00
    6.17046e+00   -2.43313e+00    8.35205e+03

   Pressure (bar)
    2.02374e+00   -1.01584e+00   -1.92147e+00
   -9.96555e-01    6.41101e+00    1.22341e+00
   -1.91132e+00    1.22681e+00    3.31423e+00

      T-Protein  T-non-Protein
    3.10047e+02    3.10013e+02


	M E G A - F L O P S   A C C O U N T I N G

 NB=Group-cutoff nonbonded kernels    NxN=N-by-N cluster Verlet kernels
 RF=Reaction-Field  VdW=Van der Waals  QSTab=quadratic-spline table
 W3=SPC/TIP3p  W4=TIP4p (single or pairs)
 V&F=Potential and force  V=Potential only  F=Force only

 Computing:                               M-Number         M-Flops  % Flops
-----------------------------------------------------------------------------
 Pair Search distance check          587206.364720     5284857.282     1.0
 NxN Ewald Elec. + LJ [F]           3989930.208512   263335393.762    49.5
 NxN Ewald Elec. + LJ [V&F]           40302.788368     4312398.355     0.8
 NxN Ewald Elec. [F]                3539325.435392   215898851.559    40.6
 NxN Ewald Elec. [V&F]                35751.105072     3003092.826     0.6
 1,4 nonbonded interactions            1852.500741      166725.067     0.0
 Calc Weights                         73027.529211     2628991.052     0.5
 Spread Q Bspline                   1557920.623168     3115841.246     0.6
 Gather F Bspline                   1557920.623168     9347523.739     1.8
 3D-FFT                             2457600.983040    19660807.864     3.7
 Solve PME                            10240.004096      655360.262     0.1
 Reset In Box                          2434.250000        7302.750     0.0
 CG-CoM                                2434.259737        7302.779     0.0
 Angles                                1307.500523      219660.088     0.0
 Propers                               1577.500631      361247.644     0.1
 Impropers                              140.000056       29120.012     0.0
 RB-Dihedrals                           302.500121       74717.530     0.0
 Virial                                2794.261177       50296.701     0.0
 Stop-CM                                243.434737        2434.347     0.0
 Calc-Ekin                             4868.519474      131450.026     0.0
 Lincs                                 1956.545264      117392.716     0.0
 Lincs-Mat                            41048.212776      164192.851     0.0
 Constraint-V                         31863.322393      254906.579     0.0
 Constraint-Vir                        2990.688485       71776.524     0.0
 Settle                                9316.743955     3009308.297     0.6
-----------------------------------------------------------------------------
 Total                                               531910951.859   100.0
-----------------------------------------------------------------------------


    D O M A I N   D E C O M P O S I T I O N   S T A T I S T I C S

 av. #atoms communicated per step for force:  2 x 26309.4
 av. #atoms communicated per step for LINCS:  2 x 2355.4

 Average load imbalance: 4.6 %
 Part of the total run time spent waiting due to load imbalance: 1.9 %
 Steps where the load balancing was limited by -rdd, -rcon and/or -dds: X 0 % Y 0 % Z 0 %
 Average PME mesh/force load: 0.835
 Part of the total run time spent waiting due to PP/PME imbalance: 3.1 %


     R E A L   C Y C L E   A N D   T I M E   A C C O U N T I N G

On 32 MPI ranks doing PP, and
on 16 MPI ranks doing PME

 Computing:          Num   Num      Call    Wall time         Giga-Cycles
                     Ranks Threads  Count      (s)         total sum    %
-----------------------------------------------------------------------------
 Domain decomp.        32    1     250000     152.580      14630.596   7.0
 DD comm. load         32    1     249902       1.719        164.789   0.1
 DD comm. bounds       32    1     249901       6.424        615.938   0.3
 Send X to PME         32    1    2500001      11.073       1061.799   0.5
 Neighbor search       32    1     250001     142.311      13645.961   6.5
 Comm. coord.          32    1    2250000      54.309       5207.560   2.5
 Force                 32    1    2500001     657.648      63060.599  30.0
 Wait + Comm. F        32    1    2500001     111.793      10719.592   5.1
 PME mesh *            16    1    2500001     653.761      31343.974  14.9
 PME wait for PP *                            809.691      38819.893  18.4
 Wait + Recv. PME F    32    1    2500001       3.646        349.578   0.2
 NB X/F buffer ops.    32    1    7000001      31.971       3065.616   1.5
 Write traj.           32    1         52       0.013          1.236   0.0
 Update                32    1    2500001      53.946       5172.818   2.5
 Constraints           32    1    2500001     211.174      20249.064   9.6
 Comm. energies        32    1     250001       8.358        801.397   0.4
 Rest                                          16.490       1581.199   0.8
-----------------------------------------------------------------------------
 Total                                       1463.453     210491.610 100.0
-----------------------------------------------------------------------------
(*) Note that with separate PME ranks, the walltime column actually sums to
    twice the total reported, but the cycle count total and % are correct.
-----------------------------------------------------------------------------
 Breakdown of PME mesh computation
-----------------------------------------------------------------------------
 PME redist. X/F       16    1    5000002     167.884       8049.038   3.8
 PME spread/gather     16    1    5000002     308.491      14790.313   7.0
 PME 3D-FFT            16    1    5000002     102.623       4920.185   2.3
 PME 3D-FFT Comm.      16    1   10000004      56.059       2687.714   1.3
 PME solve Elec        16    1    2500001      16.282        780.629   0.4
-----------------------------------------------------------------------------

               Core t (s)   Wall t (s)        (%)
       Time:    70246.916     1463.453     4800.1
                 (ns/day)    (hour/ns)
Performance:      295.192        0.081
Finished mdrun on rank 0 Wed Oct  7 19:14:20 2020
